 COORDINATES OF NACA AIRFOILS
 Created by naca456, version 1.1 (7 November 2010) on 23:06 29Apr2025
 Ralph L. Carmichael, Public Domain Aeronautical Software
  
 NACA 63A613                                                                     
Six-series profile, family= 63A   t/c= 0.1300
  
                       THICKNESS          MEAN LINE
            x         y      dy/dx         y      dy/dx
     1  0.000000  0.000000  0.000000  0.000000  0.000000
     2  0.000050  0.001071 10.788200  0.000029  0.524822
     3  0.000100  0.001519  7.649500  0.000054  0.488802
     4  0.000200  0.002151  5.387631  0.000101  0.452778
     5  0.000300  0.002635  4.375466  0.000145  0.431703
     6  0.000400  0.003040  3.781545  0.000187  0.416748
     7  0.000500  0.003398  3.378632  0.000229  0.405147
     8  0.000600  0.003720  3.081868  0.000269  0.395667
     9  0.000800  0.004291  2.658961  0.000346  0.380707
    10  0.001000  0.004792  2.364776  0.000421  0.369100
    11  0.001200  0.005242  2.147931  0.000494  0.359614
    12  0.001400  0.005654  1.981233  0.000565  0.351593
    13  0.001600  0.006036  1.846969  0.000635  0.344642
    14  0.001800  0.006394  1.734441  0.000703  0.338510
    15  0.002000  0.006731  1.638359  0.000770  0.333024
    16  0.002500  0.007500  1.448084  0.000934  0.321400
    17  0.003000  0.008188  1.306785  0.001092  0.311897
    18  0.003500  0.008812  1.197713  0.001246  0.303857
    19  0.004000  0.009388  1.110146  0.001396  0.296890
    20  0.004500  0.009925  1.035803  0.001543  0.290740
    21  0.005000  0.010426  0.971987  0.001687  0.285236
    22  0.006000  0.011347  0.875915  0.001967  0.275704
    23  0.007000  0.012188  0.810038  0.002239  0.267635
    24  0.008000  0.012974  0.762960  0.002503  0.260638
    25  0.009000  0.013717  0.725397  0.002760  0.254459
    26  0.010000  0.014424  0.687685  0.003012  0.248926
    27  0.011000  0.015095  0.655961  0.003258  0.243914
    28  0.012000  0.015739  0.631419  0.003500  0.239334
    29  0.013000  0.016358  0.606140  0.003737  0.235116
    30  0.014000  0.016951  0.581964  0.003970  0.231207
    31  0.015000  0.017523  0.562791  0.004199  0.227562
    32  0.016000  0.018077  0.545774  0.004425  0.224150
    33  0.018000  0.019136  0.513302  0.004867  0.217911
    34  0.020000  0.020135  0.487222  0.005297  0.212318
    35  0.025000  0.022431  0.434347  0.006328  0.200425
    36  0.030000  0.024499  0.394484  0.007305  0.190652
    37  0.035000  0.026390  0.363141  0.008237  0.182341
    38  0.040000  0.028145  0.339177  0.009130  0.175100
    39  0.045000  0.029781  0.316893  0.009989  0.168675
    40  0.050000  0.031326  0.300225  0.010818  0.162894
    41  0.055000  0.032785  0.283996  0.011619  0.157634
    42  0.060000  0.034171  0.270530  0.012395  0.152802
    43  0.070000  0.036746  0.246156  0.013879  0.144167
    44  0.080000  0.039104  0.225866  0.015282  0.136595
    45  0.090000  0.041271  0.208959  0.016614  0.129834
    46  0.100000  0.043278  0.193888  0.017881  0.123710
    47  0.120000  0.046884  0.169093  0.020244  0.112914
    48  0.140000  0.050033  0.147754  0.022407  0.103546
    49  0.160000  0.052796  0.128401  0.024393  0.095213
    50  0.180000  0.055214  0.112683  0.026221  0.087660
    51  0.200000  0.057322  0.098073  0.027903  0.080712
    52  0.220000  0.059152  0.084127  0.029452  0.074242
    53  0.240000  0.060715  0.072667  0.030876  0.068158
    54  0.260000  0.062046  0.059695  0.032181  0.062387
    55  0.280000  0.063134  0.047398  0.033373  0.056872
    56  0.300000  0.063975  0.034424  0.034457  0.051568
    57  0.320000  0.064550  0.022421  0.035437  0.046435
    58  0.340000  0.064890  0.011010  0.036315  0.041443
    59  0.360000  0.065000 -0.000431  0.037095  0.036561
    60  0.380000  0.064883 -0.011612  0.037778  0.031767
    61  0.400000  0.064534 -0.022821  0.038366  0.027037
    62  0.420000  0.063960 -0.033421  0.038860  0.022350
    63  0.440000  0.063177 -0.044215  0.039260  0.017687
    64  0.460000  0.062199 -0.053521  0.039568  0.013028
    65  0.480000  0.061036 -0.062239  0.039781  0.008354
    66  0.500000  0.059702 -0.070593  0.039902  0.003645
    67  0.520000  0.058202 -0.078980  0.039927 -0.001119
    68  0.540000  0.056552 -0.086551  0.039856 -0.005961
    69  0.560000  0.054761 -0.093053  0.039688 -0.010906
    70  0.580000  0.052840 -0.098408  0.039419 -0.015982
    71  0.600000  0.050793 -0.104861  0.039047 -0.021222
    72  0.620000  0.048640 -0.110577  0.038569 -0.026664
    73  0.640000  0.046380 -0.116081  0.037979 -0.032358
    74  0.660000  0.044023 -0.119465  0.037273 -0.038363
    75  0.680000  0.041587 -0.123513  0.036442 -0.044759
    76  0.700000  0.039085 -0.126694  0.035479 -0.051655
    77  0.720000  0.036527 -0.129202  0.034371 -0.059209
    78  0.740000  0.033943 -0.130225  0.033105 -0.067664
    79  0.760000  0.031350 -0.129561  0.031656 -0.077446
    80  0.780000  0.028763 -0.129449  0.029992 -0.089478
    81  0.800000  0.026167 -0.129763  0.028040 -0.108207
    82  0.820000  0.023569 -0.129203  0.025667 -0.126382
    83  0.840000  0.020982 -0.129337  0.023029 -0.136744
    84  0.860000  0.018403 -0.128103  0.020220 -0.143707
    85  0.880000  0.015823 -0.129473  0.017655 -0.147126
    86  0.900000  0.013196 -0.133529  0.014713 -0.147126
    87  0.920000  0.010521 -0.132890  0.011770 -0.147126
    88  0.940000  0.007938 -0.123742  0.008828 -0.147126
    89  0.950000  0.006738 -0.115557  0.007356 -0.147126
    90  0.960000  0.005627 -0.107191  0.005885 -0.147126
    91  0.970000  0.004583 -0.102425  0.004414 -0.147126
    92  0.975000  0.004075 -0.102132  0.003678 -0.147126
    93  0.980000  0.003561 -0.104844  0.002943 -0.147126
    94  0.985000  0.003025 -0.110570  0.002207 -0.147126
    95  0.990000  0.002436 -0.126478  0.001471 -0.147126
    96  0.995000  0.001710 -0.172855  0.000736 -0.147126
    97  0.999000  0.000766 -0.380184  0.000147 -0.147126
    98  1.000000 -0.000000-12.072374 -0.000000 -0.147126

COORDINATES OF NACA AIRFOILS           23:06 29Apr2025
 NACA 63A613                                                                     
 COMBINED THICKNESS AND CAMBER
         xupper    yupper    xlower    ylower
     1  0.000000  0.000000  0.000000  0.000000
     2 -0.000448  0.000978  0.000548 -0.000920
     3 -0.000567  0.001419  0.000767 -0.001310
     4 -0.000687  0.002061  0.001087 -0.001859
     5 -0.000744  0.002564  0.001344 -0.002274
     6 -0.000770  0.002994  0.001570 -0.002619
     7 -0.000776  0.003378  0.001776 -0.002920
     8 -0.000769  0.003728  0.001969 -0.003190
     9 -0.000727  0.004356  0.002327 -0.003664
    10 -0.000659  0.004916  0.002659 -0.004074
    11 -0.000574  0.005427  0.002974 -0.004439
    12 -0.000475  0.005899  0.003275 -0.004769
    13 -0.000367  0.006341  0.003567 -0.005072
    14 -0.000250  0.006760  0.003850 -0.005354
    15 -0.000127  0.007156  0.004127 -0.005616
    16  0.000205  0.008074  0.004795 -0.006207
    17  0.000562  0.008908  0.005438 -0.006725
    18  0.000938  0.009677  0.006062 -0.007186
    19  0.001328  0.010396  0.006672 -0.007604
    20  0.001729  0.011073  0.007271 -0.007988
    21  0.002140  0.011713  0.007860 -0.008340
    22  0.002984  0.012906  0.009016 -0.008972
    23  0.003849  0.014012  0.010151 -0.009535
    24  0.004728  0.015057  0.011272 -0.010052
    25  0.005617  0.016054  0.012383 -0.010534
    26  0.006516  0.017009  0.013484 -0.010985
    27  0.007423  0.017923  0.014577 -0.011407
    28  0.008337  0.018806  0.015663 -0.011806
    29  0.009256  0.019660  0.016744 -0.012186
    30  0.010182  0.020485  0.017818 -0.012545
    31  0.011112  0.021286  0.018888 -0.012887
    32  0.012046  0.022065  0.019954 -0.013214
    33  0.013926  0.023564  0.022074 -0.013829
    34  0.015818  0.024994  0.024182 -0.014399
    35  0.020592  0.028322  0.029408 -0.015665
    36  0.025412  0.031370  0.034588 -0.016760
    37  0.030266  0.034199  0.039734 -0.017725
    38  0.035146  0.036853  0.044854 -0.018592
    39  0.040047  0.039356  0.049953 -0.019377
    40  0.044964  0.041736  0.055036 -0.020100
    41  0.049895  0.044004  0.060105 -0.020765
    42  0.054839  0.046174  0.065161 -0.021384
    43  0.064757  0.050249  0.075243 -0.022491
    44  0.074708  0.054027  0.085292 -0.023462
    45  0.084686  0.057541  0.095314 -0.024314
    46  0.094687  0.060832  0.105313 -0.025070
    47  0.114740  0.066832  0.125260 -0.026343
    48  0.134847  0.072174  0.145153 -0.027360
    49  0.154996  0.076951  0.165004 -0.028165
    50  0.175178  0.081224  0.184822 -0.028782
    51  0.195388  0.085040  0.204612 -0.029233
    52  0.215620  0.088442  0.224380 -0.029537
    53  0.235871  0.091450  0.244129 -0.029699
    54  0.256137  0.094107  0.263863 -0.029745
    55  0.276415  0.096405  0.283585 -0.029659
    56  0.296705  0.098347  0.303295 -0.029433
    57  0.317006  0.099918  0.322994 -0.029044
    58  0.337313  0.101150  0.342687 -0.028519
    59  0.357625  0.102051  0.362375 -0.027861
    60  0.377940  0.102629  0.382060 -0.027072
    61  0.398256  0.102877  0.401744 -0.026145
    62  0.418571  0.102804  0.421429 -0.025084
    63  0.438883  0.102428  0.441117 -0.023907
    64  0.459190  0.101761  0.460810 -0.022626
    65  0.479490  0.100816  0.480510 -0.021253
    66  0.499782  0.099603  0.500218 -0.019800
    67  0.520065  0.098129  0.519935 -0.018275
    68  0.540337  0.096407  0.539663 -0.016695
    69  0.560597  0.094446  0.559403 -0.015070
    70  0.580844  0.092253  0.579156 -0.013414
    71  0.601078  0.089829  0.598922 -0.011734
    72  0.621296  0.087191  0.618704 -0.010053
    73  0.641500  0.084335  0.638500 -0.008376
    74  0.661688  0.081263  0.658312 -0.006718
    75  0.681860  0.077988  0.678140 -0.005104
    76  0.702016  0.074511  0.697984 -0.003554
    77  0.722159  0.070834  0.717841 -0.002091
    78  0.742292  0.066970  0.737709 -0.000761
    79  0.762421  0.062912  0.757579  0.000400
    80  0.782563  0.058641  0.777437  0.001343
    81  0.802815  0.054055  0.797185  0.002025
    82  0.822955  0.049050  0.817045  0.002285
    83  0.842843  0.043818  0.837157  0.002241
    84  0.862618  0.038436  0.857382  0.002004
    85  0.882303  0.033310  0.877697  0.002001
    86  0.901921  0.027768  0.898079  0.001657
    87  0.921531  0.022179  0.918469  0.001361
    88  0.941155  0.016681  0.938845  0.000974
    89  0.950981  0.014022  0.949019  0.000691
    90  0.960819  0.011452  0.959181  0.000318
    91  0.970667  0.008948  0.969333 -0.000121
    92  0.975593  0.007710  0.974407 -0.000353
    93  0.980518  0.006465  0.979482 -0.000580
    94  0.985440  0.005200  0.984560 -0.000786
    95  0.990355  0.003881  0.989645 -0.000939
    96  0.995249  0.002428  0.994751 -0.000956
    97  0.999111  0.000905  0.998889 -0.000611
    98  1.000000 -0.000000  1.000000  0.000000

COORDINATES OF NACA AIRFOILS           23:06 29Apr2025
 NACA 63A613                                                                     
 INTERPOLATED COORDINATES
            x      yupper   ylower
     1  0.000000  0.000000  0.000000
     2  0.000050  0.007667 -0.000087
     3  0.000100  0.007802 -0.000172
     4  0.000200  0.008061 -0.000340
     5  0.000300  0.008308 -0.000504
     6  0.000400  0.008545 -0.000669
     7  0.000500  0.008772 -0.000838
     8  0.000600  0.008990 -0.001012
     9  0.000800  0.009405 -0.001369
    10  0.001000  0.009796 -0.001713
    11  0.001200  0.010168 -0.002044
    12  0.001400  0.010522 -0.002361
    13  0.001600  0.010862 -0.002664
    14  0.001800  0.011188 -0.002955
    15  0.002000  0.011501 -0.003233
    16  0.002500  0.012240 -0.003881
    17  0.003000  0.012927 -0.004468
    18  0.003500  0.013577 -0.005004
    19  0.004000  0.014197 -0.005497
    20  0.004500  0.014792 -0.005953
    21  0.005000  0.015368 -0.006377
    22  0.006000  0.016467 -0.007142
    23  0.007000  0.017502 -0.007818
    24  0.008000  0.018485 -0.008420
    25  0.009000  0.019426 -0.008964
    26  0.010000  0.020326 -0.009463
    27  0.011000  0.021191 -0.009929
    28  0.012000  0.022027 -0.010371
    29  0.013000  0.022836 -0.010790
    30  0.014000  0.023621 -0.011187
    31  0.015000  0.024384 -0.011564
    32  0.016000  0.025128 -0.011927
    33  0.018000  0.026559 -0.012604
    34  0.020000  0.027928 -0.013228
    35  0.025000  0.031120 -0.014610
    36  0.030000  0.034049 -0.015797
    37  0.035000  0.036777 -0.016841
    38  0.040000  0.039333 -0.017772
    39  0.045000  0.041753 -0.018616
    40  0.050000  0.044051 -0.019384
    41  0.055000  0.046243 -0.020095
    42  0.060000  0.048338 -0.020752
    43  0.070000  0.052275 -0.021934
    44  0.080000  0.055922 -0.022966
    45  0.090000  0.059317 -0.023876
    46  0.100000  0.062495 -0.024679
    47  0.120000  0.068290 -0.026035
    48  0.140000  0.073448 -0.027118
    49  0.160000  0.078056 -0.027980
    50  0.180000  0.082174 -0.028648
    51  0.200000  0.085851 -0.029141
    52  0.220000  0.089125 -0.029483
    53  0.240000  0.092020 -0.029675
    54  0.260000  0.094572 -0.029746
    55  0.280000  0.096774 -0.029684
    56  0.300000  0.098627 -0.029482
    57  0.320000  0.100120 -0.029113
    58  0.340000  0.101288 -0.028599
    59  0.360000  0.102136 -0.027947
    60  0.380000  0.102669 -0.027161
    61  0.400000  0.102883 -0.026232
    62  0.420000  0.102788 -0.025165
    63  0.440000  0.102399 -0.023977
    64  0.460000  0.101729 -0.022681
    65  0.480000  0.100788 -0.021289
    66  0.500000  0.099589 -0.019817
    67  0.520000  0.098134 -0.018270
    68  0.540000  0.096438 -0.016667
    69  0.560000  0.094507 -0.015021
    70  0.580000  0.092349 -0.013343
    71  0.600000  0.089963 -0.011642
    72  0.620000  0.087367 -0.009943
    73  0.640000  0.084554 -0.008250
    74  0.660000  0.081527 -0.006578
    75  0.680000  0.078298 -0.004955
    76  0.700000  0.074868 -0.003401
    77  0.720000  0.071238 -0.001940
    78  0.740000  0.067420 -0.000618
    79  0.760000  0.063411  0.000527
    80  0.780000  0.059197  0.001450
    81  0.800000  0.054719  0.002087
    82  0.820000  0.049806  0.002296
    83  0.840000  0.044585  0.002208
    84  0.860000  0.039133  0.001997
    85  0.880000  0.033924  0.001980
    86  0.900000  0.028321  0.001623
    87  0.920000  0.022613  0.001339
    88  0.940000  0.016999  0.000946
    89  0.950000  0.014283  0.000658
    90  0.960000  0.011663  0.000285
    91  0.970000  0.009116 -0.000151
    92  0.975000  0.007859 -0.000381
    93  0.980000  0.006598 -0.000602
    94  0.985000  0.005314 -0.000804
    95  0.990000  0.003984 -0.000941
    96  0.995000  0.002496 -0.000963
    97  0.999000  0.000987 -0.000567
    98  1.000000 -0.000000  0.000000
 End of output for cambered airfoil
