 COORDINATES OF NACA AIRFOILS
 Created by naca456, version 1.1 (7 November 2010) on 23:01 29Apr2025
 Ralph L. Carmichael, Public Domain Aeronautical Software
  
 NACA 63A414                                                                     
Six-series profile, family= 63A   t/c= 0.1400
  
                       THICKNESS          MEAN LINE
            x         y      dy/dx         y      dy/dx
     1  0.000000  0.000000  0.000000  0.000000  0.000000
     2  0.000050  0.001135 11.453989  0.000019  0.349882
     3  0.000100  0.001611  8.126418  0.000036  0.325868
     4  0.000200  0.002284  5.724862  0.000067  0.301852
     5  0.000300  0.002796  4.652169  0.000097  0.287802
     6  0.000400  0.003228  4.019597  0.000125  0.277832
     7  0.000500  0.003608  3.592326  0.000152  0.270098
     8  0.000600  0.003950  3.277099  0.000179  0.263778
     9  0.000800  0.004558  2.828784  0.000231  0.253805
    10  0.001000  0.005090  2.517289  0.000281  0.246067
    11  0.001200  0.005570  2.287376  0.000329  0.239743
    12  0.001400  0.006010  2.109917  0.000377  0.234395
    13  0.001600  0.006416  1.967604  0.000423  0.229762
    14  0.001800  0.006797  1.848665  0.000469  0.225674
    15  0.002000  0.007157  1.746673  0.000513  0.222016
    16  0.002500  0.007977  1.545274  0.000622  0.214266
    17  0.003000  0.008711  1.395318  0.000728  0.207931
    18  0.003500  0.009378  1.279605  0.000830  0.202572
    19  0.004000  0.009994  1.186904  0.000931  0.197926
    20  0.004500  0.010568  1.108292  0.001028  0.193827
    21  0.005000  0.011104  1.040341  0.001124  0.190157
    22  0.006000  0.012090  0.938332  0.001311  0.183802
    23  0.007000  0.012992  0.869206  0.001492  0.178423
    24  0.008000  0.013835  0.820460  0.001668  0.173759
    25  0.009000  0.014636  0.781736  0.001840  0.169639
    26  0.010000  0.015398  0.742101  0.002008  0.165950
    27  0.011000  0.016123  0.708065  0.002172  0.162610
    28  0.012000  0.016817  0.682139  0.002333  0.159556
    29  0.013000  0.017486  0.655402  0.002491  0.156744
    30  0.014000  0.018128  0.629221  0.002647  0.154138
    31  0.015000  0.018747  0.608446  0.002800  0.151708
    32  0.016000  0.019346  0.590292  0.002950  0.149433
    33  0.018000  0.020491  0.555317  0.003245  0.145274
    34  0.020000  0.021573  0.527208  0.003532  0.141545
    35  0.025000  0.024056  0.470054  0.004219  0.133617
    36  0.030000  0.026294  0.426878  0.004870  0.127102
    37  0.035000  0.028341  0.392908  0.005491  0.121561
    38  0.040000  0.030239  0.366929  0.006087  0.116733
    39  0.045000  0.032010  0.342752  0.006660  0.112450
    40  0.050000  0.033680  0.324676  0.007212  0.108596
    41  0.055000  0.035257  0.307092  0.007746  0.105089
    42  0.060000  0.036756  0.292471  0.008263  0.101868
    43  0.070000  0.039540  0.266074  0.009253  0.096111
    44  0.080000  0.042089  0.244036  0.010188  0.091064
    45  0.090000  0.044430  0.225641  0.011076  0.086556
    46  0.100000  0.046598  0.209338  0.011921  0.082474
    47  0.120000  0.050493  0.182663  0.013496  0.075276
    48  0.140000  0.053893  0.159675  0.014938  0.069031
    49  0.160000  0.056875  0.138538  0.016262  0.063476
    50  0.180000  0.059485  0.121643  0.017480  0.058440
    51  0.200000  0.061759  0.105894  0.018602  0.053808
    52  0.220000  0.063732  0.090722  0.019635  0.049495
    53  0.240000  0.065417  0.078567  0.020584  0.045439
    54  0.260000  0.066850  0.064105  0.021454  0.041591
    55  0.280000  0.068019  0.050899  0.022249  0.037915
    56  0.300000  0.068920  0.036701  0.022971  0.034378
    57  0.320000  0.069534  0.023941  0.023625  0.030957
    58  0.340000  0.069893  0.011821  0.024210  0.027628
    59  0.360000  0.070001 -0.001249  0.024730  0.024374
    60  0.380000  0.069865 -0.013443  0.025186  0.021178
    61  0.400000  0.069478 -0.025344  0.025578  0.018025
    62  0.420000  0.068847 -0.036297  0.025907  0.014900
    63  0.440000  0.067990 -0.048283  0.026174  0.011791
    64  0.460000  0.066923 -0.058223  0.026378  0.008685
    65  0.480000  0.065659 -0.067408  0.026521  0.005569
    66  0.500000  0.064209 -0.077189  0.026601  0.002430
    67  0.520000  0.062581 -0.085482  0.026618 -0.000746
    68  0.540000  0.060793 -0.093488  0.026571 -0.003974
    69  0.560000  0.058855 -0.100449  0.026459 -0.007271
    70  0.580000  0.056779 -0.106442  0.026279 -0.010655
    71  0.600000  0.054565 -0.113018  0.026032 -0.014148
    72  0.620000  0.052237 -0.119862  0.025713 -0.017776
    73  0.640000  0.049797 -0.125537  0.025319 -0.021572
    74  0.660000  0.047258 -0.128474  0.024848 -0.025575
    75  0.680000  0.044632 -0.133477  0.024295 -0.029839
    76  0.700000  0.041938 -0.136475  0.023653 -0.034437
    77  0.720000  0.039186 -0.138748  0.022914 -0.039473
    78  0.740000  0.036410 -0.139626  0.022070 -0.045109
    79  0.760000  0.033628 -0.138643  0.021104 -0.051631
    80  0.780000  0.030850 -0.139742  0.019995 -0.059652
    81  0.800000  0.028064 -0.139507  0.018694 -0.072138
    82  0.820000  0.025277 -0.138383  0.017112 -0.084255
    83  0.840000  0.022501 -0.138739  0.015353 -0.091163
    84  0.860000  0.019736 -0.137650  0.013480 -0.095805
    85  0.880000  0.016966 -0.139238  0.011770 -0.098084
    86  0.900000  0.014143 -0.143385  0.009808 -0.098084
    87  0.920000  0.011276 -0.142226  0.007847 -0.098084
    88  0.940000  0.008515 -0.132188  0.005885 -0.098084
    89  0.950000  0.007235 -0.123270  0.004904 -0.098084
    90  0.960000  0.006049 -0.114585  0.003923 -0.098084
    91  0.970000  0.004933 -0.109635  0.002943 -0.098084
    92  0.975000  0.004388 -0.109560  0.002452 -0.098084
    93  0.980000  0.003836 -0.112647  0.001962 -0.098084
    94  0.985000  0.003261 -0.118993  0.001471 -0.098084
    95  0.990000  0.002626 -0.136216  0.000981 -0.098084
    96  0.995000  0.001844 -0.186342  0.000490 -0.098084
    97  0.999000  0.000826 -0.410629  0.000098 -0.098084
    98  1.000000 -0.000000-15.372003 -0.000000 -0.098084

COORDINATES OF NACA AIRFOILS           23:01 29Apr2025
 NACA 63A414                                                                     
 COMBINED THICKNESS AND CAMBER
         xupper    yupper    xlower    ylower
     1  0.000000  0.000000  0.000000  0.000000
     2 -0.000325  0.001091  0.000425 -0.001052
     3 -0.000399  0.001567  0.000599 -0.001495
     4 -0.000460  0.002253  0.000860 -0.002119
     5 -0.000473  0.002784  0.001073 -0.002591
     6 -0.000464  0.003236  0.001264 -0.002986
     7 -0.000441  0.003635  0.001441 -0.003330
     8 -0.000408  0.003999  0.001608 -0.003641
     9 -0.000321  0.004648  0.001921 -0.004187
    10 -0.000216  0.005224  0.002216 -0.004662
    11 -0.000099  0.005746  0.002499 -0.005087
    12  0.000029  0.006228  0.002771 -0.005474
    13  0.000163  0.006677  0.003037 -0.005830
    14  0.000304  0.007099  0.003296 -0.006162
    15  0.000449  0.007500  0.003551 -0.006473
    16  0.000829  0.008422  0.004171 -0.007178
    17  0.001227  0.009257  0.004773 -0.007801
    18  0.001638  0.010022  0.005362 -0.008361
    19  0.002060  0.010735  0.005940 -0.008873
    20  0.002489  0.011403  0.006511 -0.009346
    21  0.002926  0.012033  0.007074 -0.009784
    22  0.003814  0.013202  0.008186 -0.010580
    23  0.004718  0.014282  0.009282 -0.011297
    24  0.005632  0.015299  0.010368 -0.011962
    25  0.006552  0.016270  0.011448 -0.012590
    26  0.007479  0.017198  0.012521 -0.013183
    27  0.008412  0.018086  0.013588 -0.013741
    28  0.009350  0.018941  0.014650 -0.014274
    29  0.010292  0.019767  0.015708 -0.014784
    30  0.011238  0.020563  0.016762 -0.015270
    31  0.012188  0.021335  0.017812 -0.015735
    32  0.013141  0.022084  0.018859 -0.016183
    33  0.015054  0.023523  0.020946 -0.017033
    34  0.016977  0.024891  0.023023 -0.017828
    35  0.021814  0.028063  0.028186 -0.019625
    36  0.026685  0.030954  0.033315 -0.021214
    37  0.031580  0.033626  0.038420 -0.022643
    38  0.036494  0.036122  0.043506 -0.023948
    39  0.041423  0.038469  0.048577 -0.025150
    40  0.046364  0.040695  0.053636 -0.026271
    41  0.051315  0.042810  0.058685 -0.027318
    42  0.056275  0.044830  0.063725 -0.028304
    43  0.066217  0.048612  0.073783 -0.030106
    44  0.076183  0.052103  0.083817 -0.031727
    45  0.086169  0.055340  0.093831 -0.033189
    46  0.096170  0.058361  0.103830 -0.034520
    47  0.116210  0.063846  0.123790 -0.036854
    48  0.136289  0.068703  0.143711 -0.038827
    49  0.156397  0.073023  0.163603 -0.040499
    50  0.176530  0.076864  0.183470 -0.041903
    51  0.196682  0.080272  0.203318 -0.043068
    52  0.216849  0.083289  0.223151 -0.044019
    53  0.237031  0.085934  0.242969 -0.044766
    54  0.257222  0.088246  0.262778 -0.045339
    55  0.277423  0.090219  0.282577 -0.045721
    56  0.297632  0.091851  0.302368 -0.045908
    57  0.317848  0.093125  0.322152 -0.045876
    58  0.338070  0.094076  0.341930 -0.045656
    59  0.358294  0.094710  0.361706 -0.045250
    60  0.378521  0.095035  0.381479 -0.044664
    61  0.398748  0.095044  0.401252 -0.043889
    62  0.418974  0.094746  0.421026 -0.042933
    63  0.439198  0.094158  0.440802 -0.041811
    64  0.459419  0.093299  0.460581 -0.040542
    65  0.479634  0.092179  0.480366 -0.039137
    66  0.499844  0.090810  0.500156 -0.037608
    67  0.520047  0.089199  0.519953 -0.035963
    68  0.540242  0.087363  0.539758 -0.034221
    69  0.560428  0.085312  0.559572 -0.032395
    70  0.580605  0.083055  0.579395 -0.030496
    71  0.600772  0.080591  0.599228 -0.028528
    72  0.620928  0.077942  0.619072 -0.026516
    73  0.641074  0.075105  0.638926 -0.024466
    74  0.661208  0.072091  0.658792 -0.022394
    75  0.681331  0.068907  0.678669 -0.020318
    76  0.701443  0.065565  0.698557 -0.018260
    77  0.721546  0.062070  0.718454 -0.016241
    78  0.741641  0.058442  0.738359 -0.014303
    79  0.761734  0.054687  0.758266 -0.012479
    80  0.781837  0.050790  0.778163 -0.010800
    81  0.802019  0.046684  0.797981 -0.009297
    82  0.822122  0.042300  0.817878 -0.008076
    83  0.842043  0.037761  0.837957 -0.007055
    84  0.861882  0.033126  0.858118 -0.006166
    85  0.881656  0.028655  0.878344 -0.005115
    86  0.901381  0.023884  0.898619 -0.004267
    87  0.921101  0.019069  0.918899 -0.003376
    88  0.940831  0.014360  0.939169 -0.002590
    89  0.950706  0.012104  0.949294 -0.002296
    90  0.960590  0.009943  0.959409 -0.002097
    91  0.970482  0.007851  0.969519 -0.001966
    92  0.975428  0.006819  0.974572 -0.001915
    93  0.980374  0.005779  0.979626 -0.001856
    94  0.985318  0.004716  0.984682 -0.001774
    95  0.990256  0.003595  0.989744 -0.001633
    96  0.995180  0.002326  0.994820 -0.001345
    97  0.999081  0.000920  0.998919 -0.000724
    98  1.000000 -0.000000  1.000000  0.000000

COORDINATES OF NACA AIRFOILS           23:01 29Apr2025
 NACA 63A414                                                                     
 INTERPOLATED COORDINATES
            x      yupper   ylower
     1  0.000000 -0.000000  0.000000
     2  0.000050  0.006303 -0.000131
     3  0.000100  0.006472 -0.000256
     4  0.000200  0.006791 -0.000503
     5  0.000300  0.007088 -0.000745
     6  0.000400  0.007369 -0.000991
     7  0.000500  0.007634 -0.001243
     8  0.000600  0.007886 -0.001495
     9  0.000800  0.008357 -0.001981
    10  0.001000  0.008795 -0.002432
    11  0.001200  0.009204 -0.002855
    12  0.001400  0.009589 -0.003253
    13  0.001600  0.009954 -0.003627
    14  0.001800  0.010303 -0.003981
    15  0.002000  0.010637 -0.004317
    16  0.002500  0.011419 -0.005089
    17  0.003000  0.012137 -0.005782
    18  0.003500  0.012803 -0.006412
    19  0.004000  0.013431 -0.006990
    20  0.004500  0.014029 -0.007525
    21  0.005000  0.014603 -0.008022
    22  0.006000  0.015694 -0.008924
    23  0.007000  0.016724 -0.009728
    24  0.008000  0.017698 -0.010452
    25  0.009000  0.018625 -0.011118
    26  0.010000  0.019514 -0.011741
    27  0.011000  0.020366 -0.012333
    28  0.012000  0.021184 -0.012898
    29  0.013000  0.021974 -0.013437
    30  0.014000  0.022740 -0.013951
    31  0.015000  0.023483 -0.014445
    32  0.016000  0.024205 -0.014921
    33  0.018000  0.025592 -0.015817
    34  0.020000  0.026914 -0.016655
    35  0.025000  0.029984 -0.018544
    36  0.030000  0.032786 -0.020207
    37  0.035000  0.035381 -0.021701
    38  0.040000  0.037805 -0.023060
    39  0.045000  0.040092 -0.024311
    40  0.050000  0.042259 -0.025472
    41  0.055000  0.044320 -0.026560
    42  0.060000  0.046286 -0.027581
    43  0.070000  0.049970 -0.029452
    44  0.080000  0.053369 -0.031130
    45  0.090000  0.056522 -0.032646
    46  0.100000  0.059465 -0.034024
    47  0.120000  0.064808 -0.036441
    48  0.140000  0.069539 -0.038484
    49  0.160000  0.073744 -0.040216
    50  0.180000  0.077480 -0.041676
    51  0.200000  0.080795 -0.042888
    52  0.220000  0.083725 -0.043882
    53  0.240000  0.086295 -0.044666
    54  0.260000  0.088538 -0.045269
    55  0.280000  0.090446 -0.045682
    56  0.300000  0.092018 -0.045897
    57  0.320000  0.093241 -0.045889
    58  0.340000  0.094150 -0.045685
    59  0.360000  0.094749 -0.045292
    60  0.380000  0.095047 -0.044714
    61  0.400000  0.095034 -0.043944
    62  0.420000  0.094723 -0.042987
    63  0.440000  0.094130 -0.041860
    64  0.460000  0.093271 -0.040582
    65  0.480000  0.092156 -0.039164
    66  0.500000  0.090798 -0.037620
    67  0.520000  0.089203 -0.035959
    68  0.540000  0.087386 -0.034200
    69  0.560000  0.085358 -0.032355
    70  0.580000  0.083126 -0.030437
    71  0.600000  0.080689 -0.028450
    72  0.620000  0.078068 -0.026421
    73  0.640000  0.075260 -0.024354
    74  0.660000  0.072277 -0.022268
    75  0.680000  0.069123 -0.020179
    76  0.700000  0.065811 -0.018112
    77  0.720000  0.062343 -0.016087
    78  0.740000  0.058743 -0.014148
    79  0.760000  0.055016 -0.012327
    80  0.780000  0.051152 -0.010652
    81  0.800000  0.047108 -0.009160
    82  0.820000  0.042773 -0.007959
    83  0.840000  0.038236 -0.006965
    84  0.860000  0.033558 -0.006072
    85  0.880000  0.029038 -0.005037
    86  0.900000  0.024224 -0.004210
    87  0.920000  0.019336 -0.003328
    88  0.940000  0.014554 -0.002562
    89  0.950000  0.012262 -0.002279
    90  0.960000  0.010070 -0.002088
    91  0.970000  0.007952 -0.001961
    92  0.975000  0.006908 -0.001910
    93  0.980000  0.005859 -0.001850
    94  0.985000  0.004785 -0.001768
    95  0.990000  0.003658 -0.001620
    96  0.995000  0.002368 -0.001339
    97  0.999000  0.000978 -0.000685
    98  1.000000 -0.000000  0.000000
 End of output for cambered airfoil
