 COORDINATES OF NACA AIRFOILS
 Created by naca456, version 1.1 (7 November 2010) on 23:05 29Apr2025
 Ralph L. Carmichael, Public Domain Aeronautical Software
  
 NACA 63A610                                                                     
Six-series profile, family= 63A   t/c= 0.1000
  
                       THICKNESS          MEAN LINE
            x         y      dy/dx         y      dy/dx
     1  0.000000  0.000000**********  0.000000  0.000000
     2  0.000050  0.000857  8.593316  0.000029  0.524822
     3  0.000100  0.001213  6.078223  0.000054  0.488802
     4  0.000200  0.001716  4.284889  0.000101  0.452778
     5  0.000300  0.002100  3.483960  0.000145  0.431703
     6  0.000400  0.002423  3.008791  0.000187  0.416748
     7  0.000500  0.002707  2.685637  0.000229  0.405147
     8  0.000600  0.002963  2.446115  0.000269  0.395667
     9  0.000800  0.003416  2.107201  0.000346  0.380707
    10  0.001000  0.003813  1.873314  0.000421  0.369100
    11  0.001200  0.004170  1.700356  0.000494  0.359614
    12  0.001400  0.004495  1.566534  0.000565  0.351593
    13  0.001600  0.004798  1.458108  0.000635  0.344642
    14  0.001800  0.005080  1.367939  0.000703  0.338510
    15  0.002000  0.005346  1.290911  0.000770  0.333024
    16  0.002500  0.005951  1.139408  0.000934  0.321400
    17  0.003000  0.006492  1.026600  0.001092  0.311897
    18  0.003500  0.006982  0.939290  0.001246  0.303857
    19  0.004000  0.007433  0.869138  0.001396  0.296890
    20  0.004500  0.007853  0.809758  0.001543  0.290740
    21  0.005000  0.008245  0.759115  0.001687  0.285236
    22  0.006000  0.008963  0.681930  0.001967  0.275704
    23  0.007000  0.009616  0.627587  0.002239  0.267635
    24  0.008000  0.010223  0.587874  0.002503  0.260638
    25  0.009000  0.010795  0.556107  0.002760  0.254459
    26  0.010000  0.011336  0.525712  0.003012  0.248926
    27  0.011000  0.011848  0.500816  0.003258  0.243914
    28  0.012000  0.012339  0.481156  0.003500  0.239334
    29  0.013000  0.012810  0.461292  0.003737  0.235116
    30  0.014000  0.013262  0.442882  0.003970  0.231207
    31  0.015000  0.013697  0.428129  0.004199  0.227562
    32  0.016000  0.014119  0.414849  0.004425  0.224150
    33  0.018000  0.014923  0.389983  0.004867  0.217911
    34  0.020000  0.015683  0.369996  0.005297  0.212318
    35  0.025000  0.017425  0.329738  0.006328  0.200425
    36  0.030000  0.018995  0.299558  0.007305  0.190652
    37  0.035000  0.020432  0.275879  0.008237  0.182341
    38  0.040000  0.021765  0.257767  0.009130  0.175100
    39  0.045000  0.023009  0.240885  0.009989  0.168675
    40  0.050000  0.024184  0.228396  0.010818  0.162894
    41  0.055000  0.025294  0.216084  0.011619  0.157634
    42  0.060000  0.026349  0.205949  0.012395  0.152802
    43  0.070000  0.028310  0.187461  0.013879  0.144167
    44  0.080000  0.030107  0.172225  0.015282  0.136595
    45  0.090000  0.031759  0.159586  0.016614  0.129834
    46  0.100000  0.033290  0.148172  0.017881  0.123710
    47  0.120000  0.036041  0.128867  0.020244  0.112914
    48  0.140000  0.038447  0.112371  0.022407  0.103546
    49  0.160000  0.040560  0.098377  0.024393  0.095213
    50  0.180000  0.042410  0.086172  0.026221  0.087660
    51  0.200000  0.044025  0.074972  0.027903  0.080712
    52  0.220000  0.045428  0.064651  0.029452  0.074242
    53  0.240000  0.046628  0.054858  0.030876  0.068158
    54  0.260000  0.047653  0.046884  0.032181  0.062387
    55  0.280000  0.048495  0.037329  0.033373  0.056872
    56  0.300000  0.049154  0.027882  0.034457  0.051568
    57  0.320000  0.049611  0.018038  0.035437  0.046435
    58  0.340000  0.049891  0.008888  0.036315  0.041443
    59  0.360000  0.049992  0.000910  0.037095  0.036561
    60  0.380000  0.049925 -0.007128  0.037778  0.031767
    61  0.400000  0.049683 -0.015815  0.038366  0.027037
    62  0.420000  0.049273 -0.025130  0.038860  0.022350
    63  0.440000  0.048700 -0.032898  0.039260  0.017687
    64  0.460000  0.047975 -0.039730  0.039568  0.013028
    65  0.480000  0.047111 -0.047109  0.039781  0.008354
    66  0.500000  0.046109 -0.053302  0.039902  0.003645
    67  0.520000  0.044982 -0.059111  0.039927 -0.001119
    68  0.540000  0.043741 -0.065285  0.039856 -0.005961
    69  0.560000  0.042384 -0.070244  0.039688 -0.010906
    70  0.580000  0.040925 -0.075703  0.039419 -0.015982
    71  0.600000  0.039371 -0.080533  0.039047 -0.021222
    72  0.620000  0.037729 -0.084392  0.038569 -0.026664
    73  0.640000  0.036000 -0.087416  0.037979 -0.032358
    74  0.660000  0.034199 -0.091814  0.037273 -0.038363
    75  0.680000  0.032330 -0.095403  0.036442 -0.044759
    76  0.700000  0.030403 -0.097007  0.035479 -0.051655
    77  0.720000  0.028432 -0.099504  0.034371 -0.059209
    78  0.740000  0.026433 -0.100538  0.033105 -0.067664
    79  0.760000  0.024418 -0.100768  0.031656 -0.077446
    80  0.780000  0.022403 -0.100492  0.029992 -0.089478
    81  0.800000  0.020387 -0.100559  0.028040 -0.108207
    82  0.820000  0.018367 -0.101097  0.025667 -0.126382
    83  0.840000  0.016353 -0.100666  0.023029 -0.136744
    84  0.860000  0.014342 -0.100033  0.020220 -0.143707
    85  0.880000  0.012338 -0.100758  0.017655 -0.147126
    86  0.900000  0.010302 -0.103252  0.014713 -0.147126
    87  0.920000  0.008215 -0.104415  0.011770 -0.147126
    88  0.940000  0.006182 -0.097693  0.008828 -0.147126
    89  0.950000  0.005233 -0.091570  0.007356 -0.147126
    90  0.960000  0.004355 -0.084372  0.005885 -0.147126
    91  0.970000  0.003535 -0.080205  0.004414 -0.147126
    92  0.975000  0.003138 -0.079401  0.003678 -0.147126
    93  0.980000  0.002738 -0.081132  0.002943 -0.147126
    94  0.985000  0.002323 -0.085324  0.002207 -0.147126
    95  0.990000  0.001868 -0.097361  0.001471 -0.147126
    96  0.995000  0.001311 -0.132540  0.000736 -0.147126
    97  0.999000  0.000587 -0.290481  0.000147 -0.147126
    98  1.000000 -0.000000 -6.108714 -0.000000 -0.147126

COORDINATES OF NACA AIRFOILS           23:05 29Apr2025
 NACA 63A610                                                                     
 COMBINED THICKNESS AND CAMBER
         xupper    yupper    xlower    ylower
     1  0.000000  0.000000  0.000000  0.000000
     2 -0.000348  0.000788  0.000448 -0.000730
     3 -0.000433  0.001144  0.000633 -0.001036
     4 -0.000508  0.001664  0.000908 -0.001462
     5 -0.000532  0.002073  0.001132 -0.001783
     6 -0.000532  0.002424  0.001332 -0.002049
     7 -0.000516  0.002737  0.001516 -0.002280
     8 -0.000490  0.003024  0.001690 -0.002486
     9 -0.000415  0.003538  0.002015 -0.002846
    10 -0.000320  0.003998  0.002320 -0.003156
    11 -0.000211  0.004418  0.002611 -0.003430
    12 -0.000091  0.004806  0.002891 -0.003676
    13  0.000037  0.005171  0.003163 -0.003902
    14  0.000171  0.005515  0.003429 -0.004109
    15  0.000311  0.005842  0.003689 -0.004302
    16  0.000679  0.006599  0.004321 -0.004732
    17  0.001067  0.007289  0.004933 -0.005105
    18  0.001470  0.007926  0.005530 -0.005435
    19  0.001884  0.008522  0.006116 -0.005730
    20  0.002308  0.009084  0.006692 -0.005998
    21  0.002738  0.009616  0.007262 -0.006242
    22  0.003618  0.010607  0.008382 -0.006673
    23  0.004514  0.011528  0.009486 -0.007050
    24  0.005422  0.012395  0.010578 -0.007390
    25  0.006338  0.013222  0.011662 -0.007701
    26  0.007262  0.014012  0.012738 -0.007988
    27  0.008192  0.014769  0.013808 -0.008253
    28  0.009128  0.015500  0.014872 -0.008500
    29  0.010068  0.016207  0.015932 -0.008733
    30  0.011013  0.016891  0.016987 -0.008951
    31  0.011961  0.017555  0.018039 -0.009156
    32  0.012912  0.018202  0.019088 -0.009351
    33  0.014823  0.019448  0.021177 -0.009713
    34  0.016743  0.020638  0.023257 -0.010043
    35  0.021576  0.023414  0.028424 -0.010757
    36  0.026443  0.025964  0.033557 -0.011354
    37  0.031335  0.028338  0.038665 -0.011864
    38  0.036246  0.030569  0.043754 -0.012308
    39  0.041173  0.032678  0.048827 -0.012700
    40  0.046112  0.034687  0.053888 -0.013051
    41  0.051062  0.036604  0.058938 -0.013366
    42  0.056020  0.038442  0.063980 -0.013651
    43  0.065960  0.041900  0.074040 -0.014142
    44  0.075925  0.045112  0.084075 -0.014548
    45  0.085911  0.048108  0.094089 -0.014881
    46  0.095913  0.050919  0.104087 -0.015157
    47  0.115956  0.056058  0.124044 -0.015569
    48  0.136040  0.060650  0.143960 -0.015836
    49  0.156156  0.064770  0.163844 -0.015984
    50  0.176297  0.068468  0.183703 -0.016027
    51  0.196458  0.071785  0.203542 -0.015979
    52  0.216637  0.074756  0.223363 -0.015851
    53  0.236829  0.077396  0.243171 -0.015644
    54  0.257033  0.079741  0.262967 -0.015380
    55  0.277246  0.081790  0.282754 -0.015044
    56  0.297469  0.083546  0.302531 -0.014632
    57  0.317699  0.084995  0.322301 -0.014121
    58  0.337934  0.086163  0.342066 -0.013533
    59  0.358173  0.087054  0.361827 -0.012864
    60  0.378415  0.087678  0.381585 -0.012121
    61  0.398657  0.088031  0.401343 -0.011299
    62  0.418899  0.088120  0.421101 -0.010400
    63  0.439139  0.087953  0.440861 -0.009432
    64  0.459375  0.087538  0.460625 -0.008403
    65  0.479606  0.086890  0.480394 -0.007328
    66  0.499832  0.086010  0.500168 -0.006207
    67  0.520050  0.084909  0.519950 -0.005055
    68  0.540261  0.083596  0.539739 -0.003884
    69  0.560462  0.082069  0.559538 -0.002693
    70  0.580654  0.080339  0.579346 -0.001501
    71  0.600835  0.078409  0.599165 -0.000315
    72  0.621006  0.076284  0.618994  0.000854
    73  0.641164  0.073961  0.638836  0.001998
    74  0.661311  0.071446  0.658689  0.003099
    75  0.681446  0.068740  0.678554  0.004144
    76  0.701568  0.065841  0.698432  0.005117
    77  0.721681  0.062754  0.718320  0.005989
    78  0.741784  0.059477  0.738216  0.006732
    79  0.761885  0.056001  0.758115  0.007312
    80  0.781997  0.052306  0.778003  0.007678
    81  0.802193  0.048309  0.797807  0.007772
    82  0.822303  0.043889  0.817697  0.007446
    83  0.842215  0.039231  0.837784  0.006827
    84  0.862040  0.034416  0.857960  0.006024
    85  0.881796  0.029861  0.878204  0.005449
    86  0.901499  0.024905  0.898501  0.004521
    87  0.921196  0.019898  0.918804  0.003642
    88  0.940900  0.014944  0.939100  0.002712
    89  0.950762  0.012533  0.949238  0.002179
    90  0.960634  0.010193  0.959366  0.001577
    91  0.970515  0.007911  0.969485  0.000916
    92  0.975457  0.006782  0.974543  0.000574
    93  0.980399  0.005651  0.979602  0.000234
    94  0.985338  0.004505  0.984662 -0.000091
    95  0.990272  0.003319  0.989728 -0.000377
    96  0.995191  0.002032  0.994809 -0.000561
    97  0.999085  0.000728  0.998915 -0.000433
    98  1.000000 -0.000000  1.000000  0.000000

COORDINATES OF NACA AIRFOILS           23:05 29Apr2025
 NACA 63A610                                                                     
 INTERPOLATED COORDINATES
            x      yupper   ylower
     1  0.000000  0.000000  0.000000
     2  0.000050  0.005207 -0.000086
     3  0.000100  0.005337 -0.000171
     4  0.000200  0.005584 -0.000333
     5  0.000300  0.005818 -0.000492
     6  0.000400  0.006037 -0.000652
     7  0.000500  0.006246 -0.000816
     8  0.000600  0.006446 -0.000982
     9  0.000800  0.006824 -0.001301
    10  0.001000  0.007176 -0.001596
    11  0.001200  0.007506 -0.001875
    12  0.001400  0.007819 -0.002136
    13  0.001600  0.008119 -0.002381
    14  0.001800  0.008404 -0.002612
    15  0.002000  0.008679 -0.002830
    16  0.002500  0.009325 -0.003328
    17  0.003000  0.009922 -0.003768
    18  0.003500  0.010480 -0.004162
    19  0.004000  0.011009 -0.004519
    20  0.004500  0.011514 -0.004845
    21  0.005000  0.011999 -0.005144
    22  0.006000  0.012922 -0.005674
    23  0.007000  0.013792 -0.006133
    24  0.008000  0.014615 -0.006533
    25  0.009000  0.015402 -0.006889
    26  0.010000  0.016157 -0.007214
    27  0.011000  0.016882 -0.007514
    28  0.012000  0.017582 -0.007794
    29  0.013000  0.018261 -0.008055
    30  0.014000  0.018920 -0.008298
    31  0.015000  0.019560 -0.008529
    32  0.016000  0.020184 -0.008748
    33  0.018000  0.021388 -0.009149
    34  0.020000  0.022539 -0.009514
    35  0.025000  0.025230 -0.010299
    36  0.030000  0.027707 -0.010951
    37  0.035000  0.030016 -0.011505
    38  0.040000  0.032187 -0.011986
    39  0.045000  0.034243 -0.012409
    40  0.050000  0.036201 -0.012784
    41  0.055000  0.038070 -0.013123
    42  0.060000  0.039860 -0.013428
    43  0.070000  0.043230 -0.013956
    44  0.080000  0.046359 -0.014392
    45  0.090000  0.049279 -0.014753
    46  0.100000  0.052018 -0.015050
    47  0.120000  0.057024 -0.015499
    48  0.140000  0.061497 -0.015793
    49  0.160000  0.065508 -0.015964
    50  0.180000  0.069105 -0.016027
    51  0.200000  0.072332 -0.015993
    52  0.220000  0.075218 -0.015879
    53  0.240000  0.077783 -0.015682
    54  0.260000  0.080060 -0.015424
    55  0.280000  0.082046 -0.015095
    56  0.300000  0.083743 -0.014690
    57  0.320000  0.085142 -0.014185
    58  0.340000  0.086267 -0.013598
    59  0.360000  0.087121 -0.012929
    60  0.380000  0.087715 -0.012184
    61  0.400000  0.088045 -0.011357
    62  0.420000  0.088118 -0.010452
    63  0.440000  0.087940 -0.009475
    64  0.460000  0.087522 -0.008436
    65  0.480000  0.086876 -0.007349
    66  0.500000  0.086002 -0.006217
    67  0.520000  0.084912 -0.005052
    68  0.540000  0.083614 -0.003868
    69  0.560000  0.082106 -0.002666
    70  0.580000  0.080398 -0.001462
    71  0.600000  0.078493 -0.000265
    72  0.620000  0.076395  0.000912
    73  0.640000  0.074100  0.002064
    74  0.660000  0.071616  0.003170
    75  0.680000  0.068941  0.004217
    76  0.700000  0.066074  0.005190
    77  0.720000  0.063019  0.006057
    78  0.740000  0.059776  0.006791
    79  0.760000  0.056336  0.007356
    80  0.780000  0.052683  0.007703
    81  0.800000  0.048764  0.007756
    82  0.820000  0.044412  0.007388
    83  0.840000  0.039765  0.006739
    84  0.860000  0.034899  0.005960
    85  0.880000  0.030287  0.005382
    86  0.900000  0.025289  0.004451
    87  0.920000  0.020201  0.003591
    88  0.940000  0.015167  0.002667
    89  0.950000  0.012717  0.002137
    90  0.960000  0.010341  0.001537
    91  0.970000  0.008029  0.000882
    92  0.975000  0.006886  0.000543
    93  0.980000  0.005743  0.000208
    94  0.985000  0.004583 -0.000113
    95  0.990000  0.003390 -0.000387
    96  0.995000  0.002078 -0.000573
    97  0.999000  0.000780 -0.000409
    98  1.000000 -0.000000  0.000000
 End of output for cambered airfoil
