 COORDINATES OF NACA AIRFOILS
 Created by naca456, version 1.1 (7 November 2010) on 08:18 30Apr2025
 Ralph L. Carmichael, Public Domain Aeronautical Software
  
 NACA 63A615                                                                     
Six-series profile, family= 63A   t/c= 0.1500
Six-series mean line (modified), cl= 0.6000  (a=0.8 always for 6M)
  
                       THICKNESS          MEAN LINE
            x         y      dy/dx         y      dy/dx
     1  0.000000  0.000000  0.000000  0.000000  0.000000
     2  0.000050  0.001198 12.073545  0.000029  0.524822
     3  0.000100  0.001699  8.573265  0.000054  0.488802
     4  0.000200  0.002408  6.045415  0.000101  0.452778
     5  0.000300  0.002951  4.910480  0.000145  0.431703
     6  0.000400  0.003405  4.246103  0.000187  0.416748
     7  0.000500  0.003806  3.795495  0.000229  0.405147
     8  0.000600  0.004169  3.463073  0.000269  0.395667
     9  0.000800  0.004811  2.991214  0.000346  0.380707
    10  0.001000  0.005374  2.662965  0.000421  0.369100
    11  0.001200  0.005882  2.420130  0.000494  0.359614
    12  0.001400  0.006346  2.233540  0.000565  0.351593
    13  0.001600  0.006778  2.083853  0.000635  0.344642
    14  0.001800  0.007182  1.958567  0.000703  0.338510
    15  0.002000  0.007563  1.851391  0.000770  0.333024
    16  0.002500  0.008432  1.639119  0.000934  0.321400
    17  0.003000  0.009211  1.480937  0.001092  0.311897
    18  0.003500  0.009919  1.358897  0.001246  0.303857
    19  0.004000  0.010573  1.261654  0.001396  0.296890
    20  0.004500  0.011183  1.178934  0.001543  0.290740
    21  0.005000  0.011754  1.107008  0.001687  0.285236
    22  0.006000  0.012803  0.999375  0.001967  0.275704
    23  0.007000  0.013765  0.927278  0.002239  0.267635
    24  0.008000  0.014665  0.877162  0.002503  0.260638
    25  0.009000  0.015523  0.837790  0.002760  0.254459
    26  0.010000  0.016340  0.796756  0.003012  0.248926
    27  0.011000  0.017118  0.760351  0.003258  0.243914
    28  0.012000  0.017864  0.733144  0.003500  0.239334
    29  0.013000  0.018583  0.705133  0.003737  0.235116
    30  0.014000  0.019274  0.676921  0.003970  0.231207
    31  0.015000  0.019939  0.654506  0.004199  0.227562
    32  0.016000  0.020584  0.635314  0.004425  0.224150
    33  0.018000  0.021817  0.597863  0.004867  0.217911
    34  0.020000  0.022982  0.567700  0.005297  0.212318
    35  0.025000  0.025657  0.506250  0.006328  0.200425
    36  0.030000  0.028066  0.459715  0.007305  0.190652
    37  0.035000  0.030271  0.423068  0.008237  0.182341
    38  0.040000  0.032314  0.395039  0.009130  0.175100
    39  0.045000  0.034220  0.368905  0.009989  0.168675
    40  0.050000  0.036018  0.349410  0.010818  0.162894
    41  0.055000  0.037715  0.330434  0.011619  0.157634
    42  0.060000  0.039328  0.314637  0.012395  0.152802
    43  0.070000  0.042323  0.286179  0.013879  0.144167
    44  0.080000  0.045063  0.262385  0.015282  0.136595
    45  0.090000  0.047581  0.242440  0.016614  0.129834
    46  0.100000  0.049911  0.224929  0.017881  0.123710
    47  0.120000  0.054097  0.196315  0.020244  0.112914
    48  0.140000  0.057751  0.171656  0.022407  0.103546
    49  0.160000  0.060953  0.148753  0.024393  0.095213
    50  0.180000  0.063756  0.130688  0.026221  0.087660
    51  0.200000  0.066197  0.113787  0.027903  0.080712
    52  0.220000  0.068313  0.097377  0.029452  0.074242
    53  0.240000  0.070123  0.084373  0.030876  0.068158
    54  0.260000  0.071657  0.068658  0.032181  0.062387
    55  0.280000  0.072907  0.054530  0.033373  0.056872
    56  0.300000  0.073867  0.039081  0.034457  0.051568
    57  0.320000  0.074518  0.025503  0.035437  0.046435
    58  0.340000  0.074896  0.012467  0.036315  0.041443
    59  0.360000  0.075001 -0.002045  0.037095  0.036561
    60  0.380000  0.074845 -0.015443  0.037778  0.031767
    61  0.400000  0.074417 -0.027899  0.038366  0.027037
    62  0.420000  0.073730 -0.039554  0.038860  0.022350
    63  0.440000  0.072795 -0.052462  0.039260  0.017687
    64  0.460000  0.071639 -0.062914  0.039568  0.013028
    65  0.480000  0.070272 -0.072993  0.039781  0.008354
    66  0.500000  0.068703 -0.083792  0.039902  0.003645
    67  0.520000  0.066947 -0.091770  0.039927 -0.001119
    68  0.540000  0.065020 -0.100455  0.039856 -0.005961
    69  0.560000  0.062934 -0.107898  0.039688 -0.010906
    70  0.580000  0.060701 -0.115027  0.039419 -0.015982
    71  0.600000  0.058320 -0.121421  0.039047 -0.021222
    72  0.620000  0.055815 -0.129219  0.038569 -0.026664
    73  0.640000  0.053194 -0.134444  0.037979 -0.032358
    74  0.660000  0.050475 -0.137890  0.037273 -0.038363
    75  0.680000  0.047657 -0.143421  0.036442 -0.044759
    76  0.700000  0.044772 -0.146039  0.035479 -0.051655
    77  0.720000  0.041827 -0.147890  0.034371 -0.059209
    78  0.740000  0.038859 -0.148866  0.033105 -0.067664
    79  0.760000  0.035890 -0.147956  0.031656 -0.077446
    80  0.780000  0.032921 -0.149668  0.029992 -0.089478
    81  0.800000  0.029946 -0.149102  0.028040 -0.108207
    82  0.820000  0.026974 -0.147691  0.025667 -0.126382
    83  0.840000  0.024009 -0.148057  0.023029 -0.136744
    84  0.860000  0.021059 -0.147210  0.020220 -0.143707
    85  0.880000  0.018099 -0.149176  0.017655 -0.147126
    86  0.900000  0.015083 -0.153104  0.014713 -0.147126
    87  0.920000  0.012025 -0.151525  0.011770 -0.147126
    88  0.940000  0.009090 -0.140492  0.008828 -0.147126
    89  0.950000  0.007730 -0.130874  0.007356 -0.147126
    90  0.960000  0.006470 -0.121888  0.005885 -0.147126
    91  0.970000  0.005282 -0.116718  0.004414 -0.147126
    92  0.975000  0.004701 -0.116915  0.003678 -0.147126
    93  0.980000  0.004111 -0.120398  0.002943 -0.147126
    94  0.985000  0.003496 -0.127447  0.002207 -0.147126
    95  0.990000  0.002817 -0.146013  0.001471 -0.147126
    96  0.995000  0.001978 -0.199855  0.000736 -0.147126
    97  0.999000  0.000886 -0.440848  0.000147 -0.147126
    98  1.000000 -0.000000-19.222134 -0.000000 -0.147126

COORDINATES OF NACA AIRFOILS           08:18 30Apr2025
 NACA 63A615                                                                     
 COMBINED THICKNESS AND CAMBER
         xupper    yupper    xlower    ylower
     1  0.000000  0.000000  0.000000  0.000000
     2 -0.000507  0.001089  0.000607 -0.001032
     3 -0.000646  0.001581  0.000846 -0.001472
     4 -0.000793  0.002295  0.001193 -0.002093
     5 -0.000870  0.002855  0.001470 -0.002564
     6 -0.000910  0.003331  0.001710 -0.002956
     7 -0.000929  0.003756  0.001929 -0.003299
     8 -0.000934  0.004145  0.002134 -0.003608
     9 -0.000912  0.004843  0.002512 -0.004150
    10 -0.000861  0.005463  0.002861 -0.004621
    11 -0.000790  0.006029  0.003190 -0.005041
    12 -0.000705  0.006552  0.003505 -0.005422
    13 -0.000608  0.007042  0.003808 -0.005773
    14 -0.000503  0.007506  0.004103 -0.006100
    15 -0.000390  0.007945  0.004390 -0.006405
    16 -0.000080  0.008961  0.005080 -0.007094
    17  0.000257  0.009885  0.005743 -0.007701
    18  0.000616  0.010737  0.006384 -0.008245
    19  0.000991  0.011532  0.007009 -0.008740
    20  0.001378  0.012282  0.007622 -0.009196
    21  0.001776  0.012990  0.008224 -0.009617
    22  0.002597  0.014310  0.009403 -0.010376
    23  0.003441  0.015535  0.010559 -0.011058
    24  0.004301  0.016694  0.011699 -0.011689
    25  0.005172  0.017804  0.012828 -0.012284
    26  0.006053  0.018868  0.013947 -0.012845
    27  0.006944  0.019888  0.015056 -0.013372
    28  0.007842  0.020873  0.016158 -0.013874
    29  0.008747  0.021827  0.017253 -0.014353
    30  0.009658  0.022749  0.018342 -0.014809
    31  0.010576  0.023642  0.019424 -0.015243
    32  0.011498  0.024511  0.020502 -0.015661
    33  0.013355  0.026184  0.022645 -0.016449
    34  0.015227  0.027778  0.024773 -0.017183
    35  0.019958  0.031485  0.030042 -0.018828
    36  0.024744  0.034875  0.035256 -0.020265
    37  0.029570  0.038017  0.040430 -0.021543
    38  0.034427  0.040960  0.045573 -0.022700
    39  0.039308  0.043733  0.050692 -0.023754
    40  0.044209  0.046367  0.055791 -0.024731
    41  0.049127  0.048874  0.060873 -0.025636
    42  0.054060  0.051272  0.065940 -0.026482
    43  0.063961  0.055769  0.076039 -0.028011
    44  0.073901  0.059931  0.086099 -0.029366
    45  0.083874  0.063798  0.096126 -0.030571
    46  0.093872  0.067415  0.106128 -0.031653
    47  0.113930  0.074000  0.126070 -0.033511
    48  0.134052  0.079851  0.145948 -0.035037
    49  0.154223  0.085072  0.165777 -0.036286
    50  0.174433  0.089733  0.185567 -0.037291
    51  0.194674  0.093886  0.205326 -0.038079
    52  0.214942  0.097578  0.225058 -0.038674
    53  0.235232  0.100836  0.244768 -0.039085
    54  0.255538  0.103698  0.264462 -0.039337
    55  0.275860  0.106162  0.284140 -0.039416
    56  0.296196  0.108226  0.303804 -0.039312
    57  0.316543  0.109875  0.323457 -0.039001
    58  0.336899  0.111147  0.343101 -0.038516
    59  0.357260  0.112046  0.362740 -0.037856
    60  0.377624  0.112585  0.382376 -0.037029
    61  0.397989  0.112756  0.402011 -0.036024
    62  0.418353  0.112571  0.421647 -0.034851
    63  0.438713  0.112044  0.441287 -0.033523
    64  0.459067  0.111201  0.460933 -0.032066
    65  0.479413  0.110051  0.480587 -0.030488
    66  0.499750  0.108604  0.500250 -0.028801
    67  0.520075  0.106874  0.519925 -0.027020
    68  0.540388  0.104875  0.539612 -0.025162
    69  0.560686  0.102618  0.559314 -0.023242
    70  0.580970  0.100112  0.579030 -0.021274
    71  0.601237  0.097354  0.598763 -0.019259
    72  0.621488  0.094364  0.618512 -0.017227
    73  0.641720  0.091146  0.638280 -0.015187
    74  0.661935  0.087710  0.658065 -0.013165
    75  0.682131  0.084051  0.677869 -0.011167
    76  0.702310  0.080191  0.697690 -0.009233
    77  0.722472  0.076125  0.717528 -0.007382
    78  0.742623  0.071875  0.737377 -0.005666
    79  0.762771  0.067439  0.757229 -0.004127
    80  0.782934  0.062782  0.777066 -0.002798
    81  0.803222  0.057813  0.796778 -0.001732
    82  0.823382  0.052429  0.816618 -0.001094
    83  0.843253  0.046817  0.836747 -0.000759
    84  0.862996  0.041064  0.857005 -0.000625
    85  0.882635  0.035562  0.877365 -0.000251
    86  0.902195  0.029635  0.897805 -0.000209
    87  0.921750  0.023667  0.918250 -0.000127
    88  0.941323  0.017820  0.938677 -0.000165
    89  0.951125  0.015004  0.948875 -0.000291
    90  0.960942  0.012286  0.959058 -0.000516
    91  0.970769  0.009639  0.969231 -0.000812
    92  0.975684  0.008329  0.974316 -0.000972
    93  0.980598  0.007010  0.979402 -0.001125
    94  0.985509  0.005666  0.984491 -0.001252
    95  0.990410  0.004258  0.989590 -0.001316
    96  0.995288  0.002693  0.994712 -0.001222
    97  0.999129  0.001024  0.998871 -0.000729
    98  1.000000 -0.000000  1.000000  0.000000

COORDINATES OF NACA AIRFOILS           08:18 30Apr2025
 NACA 63A615                                                                     
 INTERPOLATED COORDINATES
            x      yupper   ylower
     1  0.000000  0.000000  0.000000
     2  0.000050  0.009335 -0.000087
     3  0.000100  0.009472 -0.000173
     4  0.000200  0.009737 -0.000342
     5  0.000300  0.009992 -0.000509
     6  0.000400  0.010236 -0.000676
     7  0.000500  0.010472 -0.000845
     8  0.000600  0.010700 -0.001020
     9  0.000800  0.011137 -0.001387
    10  0.001000  0.011550 -0.001752
    11  0.001200  0.011945 -0.002104
    12  0.001400  0.012323 -0.002447
    13  0.001600  0.012684 -0.002779
    14  0.001800  0.013031 -0.003098
    15  0.002000  0.013366 -0.003407
    16  0.002500  0.014162 -0.004133
    17  0.003000  0.014908 -0.004801
    18  0.003500  0.015616 -0.005416
    19  0.004000  0.016296 -0.005987
    20  0.004500  0.016953 -0.006520
    21  0.005000  0.017589 -0.007017
    22  0.006000  0.018805 -0.007924
    23  0.007000  0.019951 -0.008733
    24  0.008000  0.021042 -0.009463
    25  0.009000  0.022088 -0.010125
    26  0.010000  0.023086 -0.010734
    27  0.011000  0.024045 -0.011306
    28  0.012000  0.024973 -0.011850
    29  0.013000  0.025872 -0.012372
    30  0.014000  0.026743 -0.012870
    31  0.015000  0.027589 -0.013346
    32  0.016000  0.028413 -0.013803
    33  0.018000  0.030000 -0.014668
    34  0.020000  0.031515 -0.015468
    35  0.025000  0.035048 -0.017259
    36  0.030000  0.038286 -0.018816
    37  0.035000  0.041295 -0.020198
    38  0.040000  0.044113 -0.021441
    39  0.045000  0.046780 -0.022576
    40  0.050000  0.049307 -0.023616
    41  0.055000  0.051717 -0.024584
    42  0.060000  0.054016 -0.025485
    43  0.070000  0.058336 -0.027120
    44  0.080000  0.062329 -0.028563
    45  0.090000  0.066043 -0.029851
    46  0.100000  0.069516 -0.031003
    47  0.120000  0.075838 -0.032984
    48  0.140000  0.081453 -0.034611
    49  0.160000  0.086460 -0.035948
    50  0.180000  0.090924 -0.037031
    51  0.200000  0.094900 -0.037887
    52  0.220000  0.098430 -0.038539
    53  0.240000  0.101544 -0.039000
    54  0.260000  0.104274 -0.039294
    55  0.280000  0.106616 -0.039414
    56  0.300000  0.108565 -0.039348
    57  0.320000  0.110117 -0.039069
    58  0.340000  0.111308 -0.038605
    59  0.360000  0.112140 -0.037958
    60  0.380000  0.112624 -0.037138
    61  0.400000  0.112754 -0.036135
    62  0.420000  0.112541 -0.034956
    63  0.440000  0.112000 -0.033614
    64  0.460000  0.111155 -0.032138
    65  0.480000  0.110013 -0.030536
    66  0.500000  0.108584 -0.028823
    67  0.520000  0.106881 -0.027014
    68  0.540000  0.104915 -0.025125
    69  0.560000  0.102698 -0.023175
    70  0.580000  0.100238 -0.021176
    71  0.600000  0.097529 -0.019132
    72  0.620000  0.094592 -0.017073
    73  0.640000  0.091428 -0.015011
    74  0.660000  0.088049 -0.012968
    75  0.680000  0.084447 -0.010955
    76  0.700000  0.080643 -0.009013
    77  0.720000  0.076634 -0.007160
    78  0.740000  0.072439 -0.005452
    79  0.760000  0.068062 -0.003928
    80  0.780000  0.063473 -0.002619
    81  0.800000  0.058631 -0.001600
    82  0.820000  0.053357 -0.001017
    83  0.840000  0.047757 -0.000737
    84  0.860000  0.041921 -0.000577
    85  0.880000  0.036317 -0.000226
    86  0.900000  0.030311 -0.000206
    87  0.920000  0.024198 -0.000122
    88  0.940000  0.018208 -0.000177
    89  0.950000  0.015322 -0.000311
    90  0.960000  0.012543 -0.000541
    91  0.970000  0.009845 -0.000836
    92  0.975000  0.008511 -0.000994
    93  0.980000  0.007172 -0.001141
    94  0.985000  0.005806 -0.001264
    95  0.990000  0.004385 -0.001310
    96  0.995000  0.002780 -0.001222
    97  0.999000  0.001129 -0.000670
    98  1.000000 -0.000000  0.000000
 End of output for cambered airfoil
