 COORDINATES OF NACA AIRFOILS
 Created by naca456, version 1.1 (7 November 2010) on 23:02 29Apr2025
 Ralph L. Carmichael, Public Domain Aeronautical Software
  
 NACA 63A420                                                                     
Six-series profile, family= 63A   t/c= 0.2000
  
                       THICKNESS          MEAN LINE
            x         y      dy/dx         y      dy/dx
     1  0.000000  0.000000**********  0.000000  0.000000
     2  0.000050  0.001443 14.659580  0.000019  0.349882
     3  0.000100  0.002055 10.464190  0.000036  0.325868
     4  0.000200  0.002921  7.390383  0.000067  0.301852
     5  0.000300  0.003584  5.995448  0.000097  0.287802
     6  0.000400  0.004140  5.180318  0.000125  0.277832
     7  0.000500  0.004629  4.636659  0.000152  0.270098
     8  0.000600  0.005072  4.240108  0.000179  0.263778
     9  0.000800  0.005860  3.678484  0.000231  0.253805
    10  0.001000  0.006554  3.282772  0.000281  0.246067
    11  0.001200  0.007179  2.985377  0.000329  0.239743
    12  0.001400  0.007753  2.758477  0.000377  0.234395
    13  0.001600  0.008286  2.579177  0.000423  0.229762
    14  0.001800  0.008787  2.431935  0.000469  0.225674
    15  0.002000  0.009260  2.305150  0.000513  0.222016
    16  0.002500  0.010346  2.050467  0.000622  0.214266
    17  0.003000  0.011321  1.859728  0.000728  0.207931
    18  0.003500  0.012213  1.711254  0.000830  0.202572
    19  0.004000  0.013038  1.594170  0.000931  0.197926
    20  0.004500  0.013811  1.497784  0.001028  0.193827
    21  0.005000  0.014538  1.412417  0.001124  0.190157
    22  0.006000  0.015877  1.276662  0.001311  0.183802
    23  0.007000  0.017107  1.191381  0.001492  0.178423
    24  0.008000  0.018271  1.139785  0.001668  0.173759
    25  0.009000  0.019392  1.103783  0.001840  0.169639
    26  0.010000  0.020479  1.067887  0.002008  0.165950
    27  0.011000  0.021524  1.022744  0.002172  0.162610
    28  0.012000  0.022528  0.987667  0.002333  0.159556
    29  0.013000  0.023502  0.959056  0.002491  0.156744
    30  0.014000  0.024444  0.924027  0.002647  0.154138
    31  0.015000  0.025351  0.891287  0.002800  0.151708
    32  0.016000  0.026230  0.866642  0.002950  0.149433
    33  0.018000  0.027916  0.819036  0.003245  0.145274
    34  0.020000  0.029511  0.778265  0.003532  0.141545
    35  0.025000  0.033183  0.695430  0.004219  0.133617
    36  0.030000  0.036495  0.631518  0.004870  0.127102
    37  0.035000  0.039523  0.580645  0.005491  0.121561
    38  0.040000  0.042325  0.541772  0.006087  0.116733
    39  0.045000  0.044938  0.504765  0.006660  0.112450
    40  0.050000  0.047398  0.478282  0.007212  0.108596
    41  0.055000  0.049720  0.451617  0.007746  0.105089
    42  0.060000  0.051924  0.429819  0.008263  0.101868
    43  0.070000  0.056011  0.390274  0.009253  0.096111
    44  0.080000  0.059745  0.357216  0.010188  0.091064
    45  0.090000  0.063171  0.329180  0.011076  0.086556
    46  0.100000  0.066340  0.305297  0.011921  0.082474
    47  0.120000  0.072024  0.266221  0.013496  0.075276
    48  0.140000  0.076978  0.232646  0.014938  0.069031
    49  0.160000  0.081308  0.201357  0.016262  0.063476
    50  0.180000  0.085099  0.177248  0.017480  0.058440
    51  0.200000  0.088394  0.153981  0.018602  0.053808
    52  0.220000  0.091241  0.132062  0.019635  0.049495
    53  0.240000  0.093678  0.111915  0.020584  0.045439
    54  0.260000  0.095727  0.093440  0.021454  0.041591
    55  0.280000  0.097388  0.074303  0.022249  0.037915
    56  0.300000  0.098634  0.052255  0.022971  0.034378
    57  0.320000  0.099469  0.033484  0.023625  0.030957
    58  0.340000  0.099920  0.012869  0.024210  0.027628
    59  0.360000  0.099997 -0.004255  0.024730  0.024374
    60  0.380000  0.099711 -0.023430  0.025186  0.021178
    61  0.400000  0.099063 -0.042355  0.025578  0.018025
    62  0.420000  0.098058 -0.059740  0.025907  0.014900
    63  0.440000  0.096724 -0.073956  0.026174  0.011791
    64  0.460000  0.095097 -0.089470  0.026378  0.008685
    65  0.480000  0.093182 -0.102444  0.026521  0.005569
    66  0.500000  0.091010 -0.114294  0.026601  0.002430
    67  0.520000  0.088600 -0.127259  0.026618 -0.000746
    68  0.540000  0.085956 -0.137421  0.026571 -0.003974
    69  0.560000  0.083102 -0.147962  0.026459 -0.007271
    70  0.580000  0.080057 -0.157412  0.026279 -0.010655
    71  0.600000  0.076840 -0.165170  0.026032 -0.014148
    72  0.620000  0.073458 -0.171179  0.025713 -0.017776
    73  0.640000  0.069928 -0.179668  0.025319 -0.021572
    74  0.660000  0.066277 -0.185671  0.024848 -0.025575
    75  0.680000  0.062519 -0.188941  0.024295 -0.029839
    76  0.700000  0.058681 -0.193800  0.023653 -0.034437
    77  0.720000  0.054795 -0.195572  0.022914 -0.039473
    78  0.740000  0.050883 -0.195345  0.022070 -0.045109
    79  0.760000  0.046980 -0.194853  0.021104 -0.051631
    80  0.780000  0.043078 -0.194449  0.019995 -0.059652
    81  0.800000  0.039176 -0.195158  0.018694 -0.072138
    82  0.820000  0.035285 -0.194787  0.017112 -0.084255
    83  0.840000  0.031400 -0.194171  0.015353 -0.091163
    84  0.860000  0.027535 -0.193736  0.013480 -0.095805
    85  0.880000  0.023636 -0.196507  0.011770 -0.098084
    86  0.900000  0.019670 -0.199812  0.009808 -0.098084
    87  0.920000  0.015691 -0.196058  0.007847 -0.098084
    88  0.940000  0.011920 -0.179811  0.005885 -0.098084
    89  0.950000  0.010185 -0.167113  0.004904 -0.098084
    90  0.960000  0.008569 -0.157051  0.003923 -0.098084
    91  0.970000  0.007031 -0.151138  0.002943 -0.098084
    92  0.975000  0.006271 -0.152552  0.002452 -0.098084
    93  0.980000  0.005495 -0.158257  0.001962 -0.098084
    94  0.985000  0.004683 -0.169953  0.001471 -0.098084
    95  0.990000  0.003779 -0.195449  0.000981 -0.098084
    96  0.995000  0.002656 -0.267675  0.000490 -0.098084
    97  0.999000  0.001190 -0.592332  0.000098 -0.098084
    98  1.000000 -0.000000-69.405838 -0.000000 -0.098084

COORDINATES OF NACA AIRFOILS           23:02 29Apr2025
 NACA 63A420                                                                     
 COMBINED THICKNESS AND CAMBER
         xupper    yupper    xlower    ylower
     1  0.000000  0.000000  0.000000  0.000000
     2 -0.000427  0.001382  0.000527 -0.001343
     3 -0.000537  0.001989  0.000737 -0.001917
     4 -0.000644  0.002864  0.001044 -0.002729
     5 -0.000691  0.003541  0.001291 -0.003348
     6 -0.000708  0.004114  0.001508 -0.003864
     7 -0.000707  0.004621  0.001707 -0.004316
     8 -0.000694  0.005083  0.001894 -0.004725
     9 -0.000642  0.005911  0.002242 -0.005449
    10 -0.000566  0.006645  0.002566 -0.006083
    11 -0.000474  0.007311  0.002874 -0.006652
    12 -0.000369  0.007925  0.003169 -0.007172
    13 -0.000255  0.008499  0.003455 -0.007653
    14 -0.000134  0.009040  0.003734 -0.008102
    15 -0.000007  0.009553  0.004007 -0.008526
    16  0.000332  0.010739  0.004668 -0.009494
    17  0.000695  0.011812  0.005305 -0.010356
    18  0.001075  0.012800  0.005925 -0.011139
    19  0.001469  0.013720  0.006531 -0.011859
    20  0.001872  0.014587  0.007128 -0.012530
    21  0.002284  0.015406  0.007716 -0.013157
    22  0.003130  0.016927  0.008870 -0.014304
    23  0.003995  0.018334  0.010005 -0.015349
    24  0.004872  0.019669  0.011128 -0.016333
    25  0.005757  0.020959  0.012243 -0.017279
    26  0.006647  0.022210  0.013353 -0.018195
    27  0.007545  0.023417  0.014455 -0.019073
    28  0.008450  0.024580  0.015550 -0.019914
    29  0.009361  0.025710  0.016639 -0.020728
    30  0.010276  0.026806  0.017724 -0.021512
    31  0.011198  0.027864  0.018802 -0.022265
    32  0.012123  0.028892  0.019877 -0.022991
    33  0.013987  0.030871  0.022013 -0.024381
    34  0.015864  0.032752  0.024136 -0.025688
    35  0.020605  0.037110  0.029395 -0.028672
    36  0.025398  0.041074  0.034602 -0.031334
    37  0.030231  0.044725  0.039769 -0.033743
    38  0.035093  0.048127  0.044907 -0.035953
    39  0.039978  0.051316  0.050022 -0.037997
    40  0.044883  0.054333  0.055117 -0.039909
    41  0.049804  0.057194  0.060196 -0.041702
    42  0.054738  0.059920  0.065262 -0.043393
    43  0.064641  0.065007  0.075359 -0.046501
    44  0.074582  0.069687  0.085418 -0.049311
    45  0.084553  0.074012  0.095448 -0.051860
    46  0.094547  0.078037  0.105453 -0.054195
    47  0.114594  0.085317  0.125406 -0.058325
    48  0.134699  0.091733  0.145301 -0.061857
    49  0.154849  0.097407  0.165151 -0.064883
    50  0.175035  0.102434  0.184965 -0.067473
    51  0.195251  0.106868  0.204749 -0.069664
    52  0.215490  0.110765  0.224510 -0.071495
    53  0.235748  0.114165  0.244252 -0.072997
    54  0.256022  0.117098  0.263978 -0.074190
    55  0.276310  0.119567  0.283690 -0.075069
    56  0.296611  0.121547  0.303389 -0.075604
    57  0.316922  0.123046  0.323078 -0.075797
    58  0.337240  0.124093  0.342760 -0.075672
    59  0.357563  0.124697  0.362437 -0.075237
    60  0.377889  0.124874  0.382111 -0.074503
    61  0.398215  0.124624  0.401785 -0.073469
    62  0.418539  0.123954  0.421461 -0.072141
    63  0.438860  0.122891  0.441140 -0.070544
    64  0.459174  0.121472  0.460826 -0.068715
    65  0.479481  0.119701  0.480519 -0.066659
    66  0.499779  0.117610  0.500221 -0.064408
    67  0.520066  0.115218  0.519934 -0.061982
    68  0.540342  0.112526  0.539658 -0.059384
    69  0.560604  0.109559  0.559396 -0.056642
    70  0.580853  0.106332  0.579147 -0.053773
    71  0.601087  0.102864  0.598913 -0.050801
    72  0.621306  0.099159  0.618694 -0.047734
    73  0.641508  0.095232  0.638492 -0.044593
    74  0.661695  0.091103  0.658306 -0.041407
    75  0.681865  0.086786  0.678135 -0.038197
    76  0.702020  0.082298  0.697980 -0.034993
    77  0.722161  0.077666  0.717839 -0.031838
    78  0.742293  0.072901  0.737707 -0.028762
    79  0.762422  0.068022  0.757578 -0.025814
    80  0.782565  0.062996  0.777435 -0.023007
    81  0.802819  0.057768  0.797181 -0.020381
    82  0.822962  0.052272  0.817038 -0.018049
    83  0.842851  0.046623  0.837149 -0.015917
    84  0.862626  0.040890  0.857374 -0.013930
    85  0.882307  0.035294  0.877693 -0.011753
    86  0.901920  0.029385  0.898080 -0.009768
    87  0.921532  0.023462  0.918468 -0.007769
    88  0.941164  0.017748  0.938836 -0.005978
    89  0.950994  0.015040  0.949006 -0.005232
    90  0.960836  0.012451  0.959164 -0.004604
    91  0.970686  0.009940  0.969314 -0.004055
    92  0.975612  0.008693  0.974388 -0.003789
    93  0.980536  0.007431  0.979464 -0.003507
    94  0.985457  0.006132  0.984543 -0.003189
    95  0.990369  0.004742  0.989631 -0.002780
    96  0.995259  0.003134  0.994741 -0.002153
    97  0.999116  0.001282  0.998884 -0.001086
    98  1.000000 -0.000000  1.000000  0.000000

COORDINATES OF NACA AIRFOILS           23:02 29Apr2025
 NACA 63A420                                                                     
 INTERPOLATED COORDINATES
            x      yupper   ylower
     1  0.000000  0.000000  0.000000
     2  0.000050  0.009769 -0.000131
     3  0.000100  0.009952 -0.000259
     4  0.000200  0.010302 -0.000512
     5  0.000300  0.010634 -0.000762
     6  0.000400  0.010952 -0.001015
     7  0.000500  0.011254 -0.001272
     8  0.000600  0.011544 -0.001541
     9  0.000800  0.012096 -0.002089
    10  0.001000  0.012613 -0.002616
    11  0.001200  0.013102 -0.003122
    12  0.001400  0.013566 -0.003609
    13  0.001600  0.014010 -0.004075
    14  0.001800  0.014437 -0.004522
    15  0.002000  0.014847 -0.004952
    16  0.002500  0.015812 -0.005958
    17  0.003000  0.016704 -0.006877
    18  0.003500  0.017543 -0.007726
    19  0.004000  0.018342 -0.008516
    20  0.004500  0.019111 -0.009256
    21  0.005000  0.019859 -0.009952
    22  0.006000  0.021306 -0.011231
    23  0.007000  0.022691 -0.012389
    24  0.008000  0.024008 -0.013449
    25  0.009000  0.025267 -0.014427
    26  0.010000  0.026480 -0.015345
    27  0.011000  0.027640 -0.016222
    28  0.012000  0.028756 -0.017075
    29  0.013000  0.029837 -0.017907
    30  0.014000  0.030885 -0.018714
    31  0.015000  0.031898 -0.019495
    32  0.016000  0.032884 -0.020252
    33  0.018000  0.034778 -0.021707
    34  0.020000  0.036580 -0.023074
    35  0.025000  0.040759 -0.026202
    36  0.030000  0.044558 -0.028995
    37  0.035000  0.048064 -0.031527
    38  0.040000  0.051330 -0.033846
    39  0.045000  0.054403 -0.035991
    40  0.050000  0.057305 -0.037989
    41  0.055000  0.060061 -0.039866
    42  0.060000  0.062682 -0.041634
    43  0.070000  0.067578 -0.044892
    44  0.080000  0.072079 -0.047831
    45  0.090000  0.076241 -0.050504
    46  0.100000  0.080116 -0.052947
    47  0.120000  0.087123 -0.057269
    48  0.140000  0.093295 -0.060968
    49  0.160000  0.098749 -0.064141
    50  0.180000  0.103576 -0.066863
    51  0.200000  0.107830 -0.069172
    52  0.220000  0.111564 -0.071107
    53  0.240000  0.114819 -0.072700
    54  0.260000  0.117619 -0.073974
    55  0.280000  0.119963 -0.074930
    56  0.300000  0.121830 -0.075537
    57  0.320000  0.123233 -0.075788
    58  0.340000  0.124200 -0.075708
    59  0.360000  0.124741 -0.075307
    60  0.380000  0.124868 -0.074596
    61  0.400000  0.124582 -0.073575
    62  0.420000  0.123890 -0.072249
    63  0.440000  0.122821 -0.070643
    64  0.460000  0.121407 -0.068796
    65  0.480000  0.119652 -0.066716
    66  0.500000  0.117586 -0.064435
    67  0.520000  0.115226 -0.061974
    68  0.540000  0.112574 -0.059338
    69  0.560000  0.109651 -0.056556
    70  0.580000  0.106473 -0.053646
    71  0.600000  0.103057 -0.050635
    72  0.620000  0.099405 -0.047528
    73  0.640000  0.095532 -0.044351
    74  0.660000  0.091457 -0.041133
    75  0.680000  0.087193 -0.037895
    76  0.700000  0.082755 -0.034670
    77  0.720000  0.078170 -0.031498
    78  0.740000  0.073449 -0.028414
    79  0.760000  0.068616 -0.025464
    80  0.780000  0.063644 -0.022653
    81  0.800000  0.058512 -0.020031
    82  0.820000  0.053096 -0.017721
    83  0.840000  0.047445 -0.015636
    84  0.860000  0.041642 -0.013655
    85  0.880000  0.035962 -0.011518
    86  0.900000  0.029971 -0.009581
    87  0.920000  0.023920 -0.007623
    88  0.940000  0.018077 -0.005887
    89  0.950000  0.015308 -0.005166
    90  0.960000  0.012667 -0.004557
    91  0.970000  0.010113 -0.004019
    92  0.975000  0.008848 -0.003756
    93  0.980000  0.007570 -0.003476
    94  0.985000  0.006254 -0.003159
    95  0.990000  0.004856 -0.002740
    96  0.995000  0.003218 -0.002123
    97  0.999000  0.001390 -0.001008
    98  1.000000 -0.000000  0.000000
 End of output for cambered airfoil
