 COORDINATES OF NACA AIRFOILS
 Created by naca456, version 1.1 (7 November 2010) on 23:12 29Apr2025
 Ralph L. Carmichael, Public Domain Aeronautical Software
  
 NACA 63A817                                                                     
Six-series profile, family= 63A   t/c= 0.1700
  
                       THICKNESS          MEAN LINE
            x         y      dy/dx         y      dy/dx
     1  0.000000  0.000000  0.000000  0.000000  0.000000
     2  0.000050  0.001307 13.229043  0.000038  0.699763
     3  0.000100  0.001858  9.413215  0.000072  0.651735
     4  0.000200  0.002636  6.639523  0.000135  0.603704
     5  0.000300  0.003232  5.388662  0.000193  0.575604
     6  0.000400  0.003731  4.657197  0.000250  0.555664
     7  0.000500  0.004171  4.165815  0.000305  0.540196
     8  0.000600  0.004569  3.805803  0.000358  0.527556
     9  0.000800  0.005276  3.291862  0.000462  0.507609
    10  0.001000  0.005896  2.933102  0.000561  0.492133
    11  0.001200  0.006454  2.666723  0.000659  0.479486
    12  0.001400  0.006967  2.462601  0.000753  0.468790
    13  0.001600  0.007442  2.299754  0.000846  0.459523
    14  0.001800  0.007888  2.164085  0.000937  0.451347
    15  0.002000  0.008309  2.047743  0.001027  0.444032
    16  0.002500  0.009272  1.815918  0.001245  0.428533
    17  0.003000  0.010135  1.643276  0.001456  0.415862
    18  0.003500  0.010922  1.509473  0.001661  0.405143
    19  0.004000  0.011649  1.403373  0.001861  0.395853
    20  0.004500  0.012328  1.313975  0.002057  0.387653
    21  0.005000  0.012965  1.235402  0.002249  0.380315
    22  0.006000  0.014137  1.116387  0.002623  0.367605
    23  0.007000  0.015211  1.038807  0.002985  0.356847
    24  0.008000  0.016223  0.987386  0.003337  0.347517
    25  0.009000  0.017190  0.948124  0.003680  0.339279
    26  0.010000  0.018118  0.906309  0.004016  0.331901
    27  0.011000  0.019003  0.865260  0.004344  0.325219
    28  0.012000  0.019852  0.835494  0.004666  0.319112
    29  0.013000  0.020673  0.805928  0.004983  0.313488
    30  0.014000  0.021463  0.773919  0.005293  0.308275
    31  0.015000  0.022224  0.747885  0.005599  0.303417
    32  0.016000  0.022961  0.726716  0.005900  0.298867
    33  0.018000  0.024371  0.684519  0.006490  0.290548
    34  0.020000  0.025705  0.650306  0.007063  0.283091
    35  0.025000  0.028770  0.580178  0.008438  0.267234
    36  0.030000  0.031533  0.526784  0.009740  0.254203
    37  0.035000  0.034058  0.484610  0.010983  0.243122
    38  0.040000  0.036398  0.452403  0.012174  0.233467
    39  0.045000  0.038581  0.422155  0.013319  0.224900
    40  0.050000  0.040638  0.399843  0.014424  0.217192
    41  0.055000  0.042580  0.377948  0.015492  0.210178
    42  0.060000  0.044424  0.359794  0.016527  0.203737
    43  0.070000  0.047848  0.327075  0.018505  0.192223
    44  0.080000  0.050978  0.299634  0.020376  0.182127
    45  0.090000  0.053854  0.276535  0.022152  0.173112
    46  0.100000  0.056514  0.256565  0.023841  0.164947
    47  0.120000  0.061290  0.223920  0.026992  0.150552
    48  0.140000  0.065457  0.195817  0.029876  0.138062
    49  0.160000  0.069104  0.169472  0.032524  0.126951
    50  0.180000  0.072297  0.149032  0.034961  0.116880
    51  0.200000  0.075076  0.129710  0.037205  0.107616
    52  0.220000  0.077482  0.110952  0.039270  0.098990
    53  0.240000  0.079541  0.095694  0.041168  0.090877
    54  0.260000  0.081278  0.078231  0.042908  0.083183
    55  0.280000  0.082691  0.062304  0.044497  0.075830
    56  0.300000  0.083767  0.044302  0.045943  0.068757
    57  0.320000  0.084493  0.028850  0.047249  0.061914
    58  0.340000  0.084905  0.013086  0.048420  0.055257
    59  0.360000  0.085000 -0.003288  0.049460  0.048749
    60  0.380000  0.084796 -0.019170  0.050371  0.042356
    61  0.400000  0.084286 -0.033239  0.051155  0.036049
    62  0.420000  0.083478 -0.047468  0.051813  0.029800
    63  0.440000  0.082385 -0.060911  0.052347  0.023583
    64  0.460000  0.081047 -0.072806  0.052757  0.017371
    65  0.480000  0.079466 -0.085376  0.053042  0.011139
    66  0.500000  0.077656 -0.096169  0.053202  0.004860
    67  0.520000  0.075645 -0.104833  0.053236 -0.001492
    68  0.540000  0.073433 -0.114665  0.053142 -0.007948
    69  0.560000  0.071046 -0.123719  0.052917 -0.014542
    70  0.580000  0.068491 -0.132800  0.052559 -0.021310
    71  0.600000  0.065778 -0.139111  0.052063 -0.028296
    72  0.620000  0.062917 -0.146296  0.051425 -0.035552
    73  0.640000  0.059938 -0.151706  0.050639 -0.043144
    74  0.660000  0.056850 -0.157864  0.049697 -0.051150
    75  0.680000  0.053650 -0.161928  0.048589 -0.059679
    76  0.700000  0.050386 -0.165051  0.047305 -0.068874
    77  0.720000  0.047061 -0.165718  0.045829 -0.078945
    78  0.740000  0.043713 -0.166961  0.044139 -0.090218
    79  0.760000  0.040369 -0.167438  0.042208 -0.103262
    80  0.780000  0.037020 -0.168009  0.039989 -0.119305
    81  0.800000  0.033673 -0.167694  0.037387 -0.144276
    82  0.820000  0.030331 -0.166851  0.034223 -0.168510
    83  0.840000  0.026994 -0.166535  0.030706 -0.182326
    84  0.860000  0.023675 -0.166069  0.026960 -0.191610
    85  0.880000  0.020338 -0.169170  0.023540 -0.196168
    86  0.900000  0.016938 -0.172013  0.019617 -0.196168
    87  0.920000  0.013507 -0.169955  0.015693 -0.196168
    88  0.940000  0.010229 -0.156655  0.011770 -0.196168
    89  0.950000  0.008716 -0.145712  0.009808 -0.196168
    90  0.960000  0.007311 -0.136204  0.007847 -0.196168
    91  0.970000  0.005980 -0.130587  0.005885 -0.196168
    92  0.975000  0.005327 -0.131383  0.004904 -0.196168
    93  0.980000  0.004663 -0.135726  0.003923 -0.196168
    94  0.985000  0.003969 -0.144403  0.002943 -0.196168
    95  0.990000  0.003200 -0.165669  0.001962 -0.196168
    96  0.995000  0.002248 -0.226890  0.000981 -0.196168
    97  0.999000  0.001007 -0.500930  0.000196 -0.196168
    98  1.000000 -0.000000-31.907995 -0.000000 -0.196168

COORDINATES OF NACA AIRFOILS           23:12 29Apr2025
 NACA 63A817                                                                     
 COMBINED THICKNESS AND CAMBER
         xupper    yupper    xlower    ylower
     1  0.000000  0.000000  0.000000  0.000000
     2 -0.000699  0.001109  0.000799 -0.001033
     3 -0.000914  0.001629  0.001114 -0.001484
     4 -0.001163  0.002392  0.001563 -0.002122
     5 -0.001312  0.002994  0.001912 -0.002607
     6 -0.001412  0.003512  0.002212 -0.003012
     7 -0.001482  0.003974  0.002482 -0.003365
     8 -0.001532  0.004399  0.002732 -0.003683
     9 -0.001588  0.005166  0.003188 -0.004243
    10 -0.001603  0.005851  0.003603 -0.004728
    11 -0.001591  0.006478  0.003991 -0.005161
    12 -0.001557  0.007061  0.004357 -0.005554
    13 -0.001508  0.007609  0.004708 -0.005916
    14 -0.001445  0.008127  0.005045 -0.006253
    15 -0.001372  0.008621  0.005372 -0.006567
    16 -0.001152  0.009767  0.006152 -0.007278
    17 -0.000892  0.010814  0.006892 -0.007902
    18 -0.000601  0.011784  0.007601 -0.008462
    19 -0.000288  0.012693  0.008288 -0.008970
    20  0.000044  0.013551  0.008956 -0.009437
    21  0.000391  0.014367  0.009609 -0.009869
    22  0.001122  0.015891  0.010878 -0.010646
    23  0.001888  0.017311  0.012112 -0.011342
    24  0.002675  0.018661  0.013325 -0.011987
    25  0.003477  0.019959  0.014523 -0.012599
    26  0.004293  0.021211  0.015707 -0.013180
    27  0.005123  0.022415  0.016877 -0.013727
    28  0.005965  0.023579  0.018035 -0.014246
    29  0.006816  0.024709  0.019184 -0.014744
    30  0.007677  0.025804  0.020323 -0.015217
    31  0.008547  0.026866  0.021453 -0.015667
    32  0.009425  0.027900  0.022575 -0.016099
    33  0.011200  0.029893  0.024800 -0.016914
    34  0.012998  0.031797  0.027002 -0.017670
    35  0.017572  0.036233  0.032428 -0.019357
    36  0.022231  0.040301  0.037769 -0.020820
    37  0.026954  0.044077  0.043046 -0.022112
    38  0.031725  0.047619  0.048275 -0.023271
    39  0.036535  0.050960  0.053465 -0.024321
    40  0.041375  0.054136  0.058625 -0.025288
    41  0.046242  0.057162  0.063758 -0.026177
    42  0.051131  0.060057  0.068869 -0.027003
    43  0.060968  0.065493  0.079032 -0.028482
    44  0.070866  0.070529  0.089134 -0.029777
    45  0.080814  0.075216  0.099186 -0.030913
    46  0.090802  0.079602  0.109198 -0.031919
    47  0.110875  0.087600  0.129125 -0.033615
    48  0.131048  0.094717  0.148952 -0.034966
    49  0.151297  0.101078  0.168703 -0.036030
    50  0.171607  0.106769  0.188393 -0.036847
    51  0.191967  0.111850  0.208033 -0.037441
    52  0.212367  0.116375  0.227633 -0.037835
    53  0.232801  0.120382  0.247199 -0.038046
    54  0.253262  0.123906  0.266738 -0.038090
    55  0.273748  0.126952  0.286252 -0.037958
    56  0.294254  0.129513  0.305746 -0.037627
    57  0.314779  0.131581  0.325221 -0.037083
    58  0.335316  0.133196  0.344684 -0.036355
    59  0.355861  0.134359  0.364139 -0.035438
    60  0.376412  0.135091  0.383588 -0.034349
    61  0.396964  0.135387  0.403036 -0.033076
    62  0.417513  0.135255  0.422487 -0.031628
    63  0.438058  0.134710  0.441942 -0.030015
    64  0.458592  0.133792  0.461408 -0.028278
    65  0.479115  0.132503  0.480885 -0.026419
    66  0.499623  0.130857  0.500377 -0.024453
    67  0.520113  0.128881  0.519887 -0.022409
    68  0.540584  0.126573  0.539416 -0.020289
    69  0.561033  0.123956  0.558967 -0.018122
    70  0.581459  0.121034  0.578541 -0.015917
    71  0.601861  0.117814  0.598140 -0.013688
    72  0.622235  0.114303  0.617765 -0.011452
    73  0.642584  0.110522  0.637416 -0.009244
    74  0.662904  0.106473  0.657096 -0.007079
    75  0.683196  0.102144  0.676804 -0.004965
    76  0.703462  0.097572  0.696538 -0.002961
    77  0.723704  0.092744  0.716296 -0.001087
    78  0.743928  0.087675  0.736072  0.000604
    79  0.764147  0.082364  0.755853  0.002053
    80  0.784385  0.076748  0.775615  0.003231
    81  0.804808  0.070715  0.795192  0.004059
    82  0.825040  0.064133  0.814960  0.004314
    83  0.844842  0.057262  0.835158  0.004149
    84  0.864455  0.050212  0.855545  0.003708
    85  0.883915  0.043498  0.876085  0.003582
    86  0.903261  0.036238  0.896739  0.002995
    87  0.922600  0.028947  0.917400  0.002439
    88  0.941969  0.021808  0.938031  0.001732
    89  0.951678  0.018361  0.948322  0.001256
    90  0.961407  0.015021  0.958593  0.000673
    91  0.971151  0.011754  0.968849  0.000016
    92  0.976026  0.010132  0.973975 -0.000324
    93  0.980898  0.008499  0.979102 -0.000653
    94  0.985764  0.006838  0.984236 -0.000953
    95  0.990616  0.005102  0.989384 -0.001179
    96  0.995433  0.003187  0.994567 -0.001225
    97  0.999194  0.001184  0.998806 -0.000792
    98  1.000000 -0.000000  1.000000  0.000000

COORDINATES OF NACA AIRFOILS           23:12 29Apr2025
 NACA 63A817                                                                     
 INTERPOLATED COORDINATES
            x      yupper   ylower
     1  0.000000 -0.000000  0.000000
     2  0.000050  0.013566 -0.000066
     3  0.000100  0.013688 -0.000131
     4  0.000200  0.013926 -0.000259
     5  0.000300  0.014159 -0.000385
     6  0.000400  0.014386 -0.000511
     7  0.000500  0.014608 -0.000638
     8  0.000600  0.014824 -0.000767
     9  0.000800  0.015245 -0.001033
    10  0.001000  0.015650 -0.001318
    11  0.001200  0.016042 -0.001608
    12  0.001400  0.016422 -0.001893
    13  0.001600  0.016793 -0.002175
    14  0.001800  0.017155 -0.002453
    15  0.002000  0.017510 -0.002727
    16  0.002500  0.018369 -0.003388
    17  0.003000  0.019196 -0.004015
    18  0.003500  0.019996 -0.004610
    19  0.004000  0.020770 -0.005171
    20  0.004500  0.021518 -0.005704
    21  0.005000  0.022241 -0.006208
    22  0.006000  0.023626 -0.007143
    23  0.007000  0.024947 -0.007990
    24  0.008000  0.026203 -0.008761
    25  0.009000  0.027402 -0.009467
    26  0.010000  0.028559 -0.010117
    27  0.011000  0.029675 -0.010717
    28  0.012000  0.030753 -0.011280
    29  0.013000  0.031798 -0.011817
    30  0.014000  0.032814 -0.012335
    31  0.015000  0.033802 -0.012836
    32  0.016000  0.034765 -0.013319
    33  0.018000  0.036623 -0.014231
    34  0.020000  0.038401 -0.015085
    35  0.025000  0.042551 -0.016985
    36  0.030000  0.046367 -0.018631
    37  0.035000  0.049916 -0.020084
    38  0.040000  0.053251 -0.021383
    39  0.045000  0.056404 -0.022558
    40  0.050000  0.059399 -0.023630
    41  0.055000  0.062252 -0.024616
    42  0.060000  0.064978 -0.025533
    43  0.070000  0.070105 -0.027178
    44  0.080000  0.074845 -0.028613
    45  0.090000  0.079260 -0.029881
    46  0.100000  0.083392 -0.030999
    47  0.120000  0.090923 -0.032885
    48  0.140000  0.097620 -0.034393
    49  0.160000  0.103597 -0.035593
    50  0.180000  0.108936 -0.036527
    51  0.200000  0.113697 -0.037223
    52  0.220000  0.117931 -0.037704
    53  0.240000  0.121676 -0.037989
    54  0.260000  0.124961 -0.038094
    55  0.280000  0.127785 -0.038020
    56  0.300000  0.130140 -0.037747
    57  0.320000  0.132034 -0.037248
    58  0.340000  0.133501 -0.036548
    59  0.360000  0.134541 -0.035648
    60  0.380000  0.135174 -0.034564
    61  0.400000  0.135394 -0.033287
    62  0.420000  0.135210 -0.031823
    63  0.440000  0.134638 -0.030182
    64  0.460000  0.133715 -0.028408
    65  0.480000  0.132439 -0.026506
    66  0.500000  0.130823 -0.024491
    67  0.520000  0.128893 -0.022397
    68  0.540000  0.126643 -0.020225
    69  0.560000  0.124095 -0.018006
    70  0.580000  0.121253 -0.015751
    71  0.600000  0.118121 -0.013476
    72  0.620000  0.114702 -0.011199
    73  0.640000  0.111017 -0.008957
    74  0.660000  0.107069 -0.006763
    75  0.680000  0.102843 -0.004632
    76  0.700000  0.098371 -0.002622
    77  0.720000  0.093646 -0.000754
    78  0.740000  0.088678  0.000912
    79  0.760000  0.083476  0.002322
    80  0.780000  0.077990  0.003455
    81  0.800000  0.072186  0.004172
    82  0.820000  0.065821  0.004311
    83  0.840000  0.058982  0.004042
    84  0.860000  0.051788  0.003671
    85  0.880000  0.044877  0.003506
    86  0.900000  0.037484  0.002899
    87  0.920000  0.029920  0.002365
    88  0.940000  0.022521  0.001649
    89  0.950000  0.018948  0.001168
    90  0.960000  0.015498  0.000586
    91  0.970000  0.012137 -0.000060
    92  0.975000  0.010473 -0.000391
    93  0.980000  0.008802 -0.000707
    94  0.985000  0.007100 -0.000995
    95  0.990000  0.005336 -0.001188
    96  0.995000  0.003353 -0.001237
    97  0.999000  0.001371 -0.000702
    98  1.000000 -0.000000  0.000000
 End of output for cambered airfoil
