 COORDINATES OF NACA AIRFOILS
 Created by naca456, version 1.1 (7 November 2010) on 23:01 29Apr2025
 Ralph L. Carmichael, Public Domain Aeronautical Software
  
 NACA 63A411                                                                     
Six-series profile, family= 63A   t/c= 0.1100
  
                       THICKNESS          MEAN LINE
            x         y      dy/dx         y      dy/dx
     1  0.000000  0.000000  0.000000  0.000000  0.000000
     2  0.000050  0.000931  9.358248  0.000019  0.349882
     3  0.000100  0.001319  6.625100  0.000036  0.325868
     4  0.000200  0.001867  4.668355  0.000067  0.301852
     5  0.000300  0.002286  3.793105  0.000097  0.287802
     6  0.000400  0.002637  3.277667  0.000125  0.277832
     7  0.000500  0.002946  2.926048  0.000152  0.270098
     8  0.000600  0.003225  2.665741  0.000179  0.263778
     9  0.000800  0.003719  2.297047  0.000231  0.253805
    10  0.001000  0.004152  2.042446  0.000281  0.246067
    11  0.001200  0.004541  1.854586  0.000329  0.239743
    12  0.001400  0.004896  1.709175  0.000377  0.234395
    13  0.001600  0.005226  1.591753  0.000423  0.229762
    14  0.001800  0.005534  1.493740  0.000469  0.225674
    15  0.002000  0.005824  1.409933  0.000513  0.222016
    16  0.002500  0.006486  1.244709  0.000622  0.214266
    17  0.003000  0.007077  1.122218  0.000728  0.207931
    18  0.003500  0.007613  1.027288  0.000830  0.202572
    19  0.004000  0.008106  0.951048  0.000931  0.197926
    20  0.004500  0.008566  0.886392  0.001028  0.193827
    21  0.005000  0.008995  0.831246  0.001124  0.190157
    22  0.006000  0.009781  0.747557  0.001311  0.183802
    23  0.007000  0.010498  0.689030  0.001492  0.178423
    24  0.008000  0.011165  0.646539  0.001668  0.173759
    25  0.009000  0.011794  0.612515  0.001840  0.169639
    26  0.010000  0.012390  0.579472  0.002008  0.165950
    27  0.011000  0.012955  0.552302  0.002172  0.162610
    28  0.012000  0.013497  0.530894  0.002333  0.159556
    29  0.013000  0.014017  0.509114  0.002491  0.156744
    30  0.014000  0.014516  0.488812  0.002647  0.154138
    31  0.015000  0.014996  0.472632  0.002800  0.151708
    32  0.016000  0.015461  0.458068  0.002950  0.149433
    33  0.018000  0.016349  0.430645  0.003245  0.145274
    34  0.020000  0.017188  0.408671  0.003532  0.141545
    35  0.025000  0.019113  0.364211  0.004219  0.133617
    36  0.030000  0.020847  0.330852  0.004870  0.127102
    37  0.035000  0.022434  0.304654  0.005491  0.121561
    38  0.040000  0.023906  0.284610  0.006087  0.116733
    39  0.045000  0.025280  0.265984  0.006660  0.112450
    40  0.050000  0.026576  0.252105  0.007212  0.108596
    41  0.055000  0.027801  0.238507  0.007746  0.105089
    42  0.060000  0.028966  0.227281  0.008263  0.101868
    43  0.070000  0.031130  0.206868  0.009253  0.096111
    44  0.080000  0.033112  0.189964  0.010188  0.091064
    45  0.090000  0.034935  0.175946  0.011076  0.086556
    46  0.100000  0.036623  0.163331  0.011921  0.082474
    47  0.120000  0.039657  0.142200  0.013496  0.075276
    48  0.140000  0.042309  0.124098  0.014938  0.069031
    49  0.160000  0.044638  0.108331  0.016262  0.063476
    50  0.180000  0.046676  0.094940  0.017480  0.058440
    51  0.200000  0.048455  0.082620  0.018602  0.053808
    52  0.220000  0.050000  0.071119  0.019635  0.049495
    53  0.240000  0.051320  0.060729  0.020584  0.045439
    54  0.260000  0.052447  0.051144  0.021454  0.041591
    55  0.280000  0.053372  0.040663  0.022249  0.037915
    56  0.300000  0.054092  0.030117  0.022971  0.034378
    57  0.320000  0.054589  0.019496  0.023625  0.030957
    58  0.340000  0.054889  0.009429  0.024210  0.027628
    59  0.360000  0.054995  0.000646  0.024730  0.024374
    60  0.380000  0.054913 -0.008461  0.025186  0.021178
    61  0.400000  0.054637 -0.017987  0.025578  0.018025
    62  0.420000  0.054173 -0.028020  0.025907  0.014900
    63  0.440000  0.053533 -0.036537  0.026174  0.011791
    64  0.460000  0.052725 -0.044240  0.026378  0.008685
    65  0.480000  0.051763 -0.052305  0.026521  0.005569
    66  0.500000  0.050652 -0.058732  0.026601  0.002430
    67  0.520000  0.049403 -0.065582  0.026618 -0.000746
    68  0.540000  0.048027 -0.072495  0.026571 -0.003974
    69  0.560000  0.046527 -0.077896  0.026459 -0.007271
    70  0.580000  0.044914 -0.083442  0.026279 -0.010655
    71  0.600000  0.043196 -0.088690  0.026032 -0.014148
    72  0.620000  0.041385 -0.092968  0.025713 -0.017776
    73  0.640000  0.039481 -0.096451  0.025319 -0.021572
    74  0.660000  0.037494 -0.101248  0.024848 -0.025575
    75  0.680000  0.035436 -0.104626  0.024295 -0.029839
    76  0.700000  0.033318 -0.106733  0.023653 -0.034437
    77  0.720000  0.031151 -0.109399  0.022914 -0.039473
    78  0.740000  0.028956 -0.110699  0.022070 -0.045109
    79  0.760000  0.026746 -0.110694  0.021104 -0.051631
    80  0.780000  0.024539 -0.109813  0.019995 -0.059652
    81  0.800000  0.022328 -0.110265  0.018694 -0.072138
    82  0.820000  0.020114 -0.110690  0.017112 -0.084255
    83  0.840000  0.017908 -0.110277  0.015353 -0.091163
    84  0.860000  0.015707 -0.109323  0.013480 -0.095805
    85  0.880000  0.013509 -0.110347  0.011770 -0.098084
    86  0.900000  0.011276 -0.113422  0.009808 -0.098084
    87  0.920000  0.008991 -0.114033  0.007847 -0.098084
    88  0.940000  0.006771 -0.106476  0.005885 -0.098084
    89  0.950000  0.005737 -0.099708  0.004904 -0.098084
    90  0.960000  0.004780 -0.092088  0.003923 -0.098084
    91  0.970000  0.003885 -0.087717  0.002943 -0.098084
    92  0.975000  0.003450 -0.087040  0.002452 -0.098084
    93  0.980000  0.003012 -0.089080  0.001962 -0.098084
    94  0.985000  0.002556 -0.093737  0.001471 -0.098084
    95  0.990000  0.002057 -0.107050  0.000981 -0.098084
    96  0.995000  0.001444 -0.145935  0.000490 -0.098084
    97  0.999000  0.000646 -0.320483  0.000098 -0.098084
    98  1.000000 -0.000000 -7.671679 -0.000000 -0.098084

COORDINATES OF NACA AIRFOILS           23:01 29Apr2025
 NACA 63A411                                                                     
 COMBINED THICKNESS AND CAMBER
         xupper    yupper    xlower    ylower
     1  0.000000  0.000000  0.000000  0.000000
     2 -0.000257  0.000898  0.000357 -0.000860
     3 -0.000309  0.001290  0.000509 -0.001218
     4 -0.000339  0.001854  0.000739 -0.001720
     5 -0.000332  0.002294  0.000932 -0.002100
     6 -0.000306  0.002666  0.001106 -0.002416
     7 -0.000268  0.002997  0.001268 -0.002692
     8 -0.000223  0.003298  0.001423 -0.002940
     9 -0.000115  0.003836  0.001715 -0.003374
    10  0.000008  0.004312  0.001992 -0.003751
    11  0.000141  0.004745  0.002259 -0.004086
    12  0.000283  0.005144  0.002517 -0.004390
    13  0.000430  0.005517  0.002770 -0.004670
    14  0.000582  0.005867  0.003018 -0.004930
    15  0.000738  0.006199  0.003262 -0.005173
    16  0.001141  0.006965  0.003859 -0.005720
    17  0.001559  0.007656  0.004441 -0.006201
    18  0.001989  0.008292  0.005011 -0.006631
    19  0.002426  0.008883  0.005574 -0.007021
    20  0.002870  0.009438  0.006130 -0.007381
    21  0.003320  0.009961  0.006680 -0.007712
    22  0.004232  0.010931  0.007768 -0.008309
    23  0.005156  0.011827  0.008844 -0.008843
    24  0.006089  0.012668  0.009911 -0.009332
    25  0.007027  0.013468  0.010973 -0.009788
    26  0.007972  0.014231  0.012028 -0.010215
    27  0.008921  0.014959  0.013079 -0.010615
    28  0.009873  0.015661  0.014127 -0.010995
    29  0.010829  0.016339  0.015171 -0.011356
    30  0.011789  0.016993  0.016211 -0.011699
    31  0.012751  0.017626  0.017249 -0.012027
    32  0.013715  0.018242  0.018285 -0.012341
    33  0.015650  0.019424  0.020350 -0.012934
    34  0.017591  0.020550  0.022409 -0.013487
    35  0.022469  0.023163  0.027531 -0.014726
    36  0.027371  0.025551  0.032629 -0.015810
    37  0.032293  0.027761  0.037707 -0.016778
    38  0.037228  0.029831  0.042772 -0.017658
    39  0.042175  0.031781  0.047825 -0.018462
    40  0.047131  0.033633  0.052869 -0.019209
    41  0.052094  0.035395  0.057906 -0.019903
    42  0.057065  0.037080  0.062935 -0.020553
    43  0.067022  0.040240  0.072978 -0.021734
    44  0.076997  0.043164  0.083003 -0.022788
    45  0.086987  0.045880  0.093013 -0.023729
    46  0.096990  0.048420  0.103010 -0.024579
    47  0.117023  0.053042  0.122977 -0.026049
    48  0.137086  0.057147  0.142914 -0.027271
    49  0.157172  0.060810  0.162828 -0.028286
    50  0.177277  0.064077  0.182723 -0.029116
    51  0.197397  0.066987  0.202603 -0.029782
    52  0.217528  0.069574  0.222472 -0.030304
    53  0.237670  0.071851  0.242329 -0.030683
    54  0.257821  0.073856  0.262179 -0.030948
    55  0.277978  0.075582  0.282022 -0.031085
    56  0.298142  0.077031  0.301859 -0.031089
    57  0.318311  0.078188  0.321689 -0.030939
    58  0.338484  0.079079  0.341516 -0.030658
    59  0.358660  0.079709  0.361340 -0.030249
    60  0.378837  0.080086  0.381163 -0.029715
    61  0.399015  0.080206  0.400985 -0.029051
    62  0.419193  0.080074  0.420807 -0.028260
    63  0.439369  0.079703  0.440631 -0.027355
    64  0.459542  0.079101  0.460458 -0.026345
    65  0.479712  0.078283  0.480288 -0.025241
    66  0.499877  0.077253  0.500123 -0.024051
    67  0.520037  0.076021  0.519963 -0.022785
    68  0.540191  0.074597  0.539809 -0.021455
    69  0.560338  0.072984  0.559662 -0.020067
    70  0.580478  0.071191  0.579521 -0.018632
    71  0.600611  0.069224  0.599389 -0.017161
    72  0.620736  0.067091  0.619264 -0.015666
    73  0.640851  0.064792  0.639148 -0.014153
    74  0.660959  0.062330  0.659041 -0.012633
    75  0.681057  0.059715  0.678943 -0.011126
    76  0.701147  0.056950  0.698853 -0.009645
    77  0.721229  0.054041  0.718771 -0.008212
    78  0.741305  0.050996  0.738695 -0.006857
    79  0.761379  0.047815  0.758621 -0.005606
    80  0.781461  0.044490  0.778539 -0.004501
    81  0.801607  0.040964  0.798393 -0.003577
    82  0.821689  0.037155  0.818311 -0.002932
    83  0.841626  0.033187  0.838374 -0.002481
    84  0.861498  0.029115  0.858502 -0.002155
    85  0.881319  0.025215  0.878681 -0.001675
    86  0.901101  0.021030  0.898899 -0.001413
    87  0.920878  0.016794  0.919122 -0.001101
    88  0.940661  0.012624  0.939339 -0.000854
    89  0.950560  0.010614  0.949440 -0.000805
    90  0.960467  0.008680  0.959533 -0.000834
    91  0.970379  0.006809  0.969621 -0.000924
    92  0.975337  0.005886  0.974663 -0.000981
    93  0.980294  0.004959  0.979706 -0.001036
    94  0.985250  0.004015  0.984750 -0.001073
    95  0.990201  0.003028  0.989799 -0.001066
    96  0.995141  0.001927  0.994859 -0.000946
    97  0.999063  0.000741  0.998937 -0.000545
    98  1.000000 -0.000000  1.000000  0.000000

COORDINATES OF NACA AIRFOILS           23:01 29Apr2025
 NACA 63A411                                                                     
 INTERPOLATED COORDINATES
            x      yupper   ylower
     1  0.000000  0.000000  0.000000
     2  0.000050  0.004456 -0.000129
     3  0.000100  0.004618 -0.000253
     4  0.000200  0.004916 -0.000491
     5  0.000300  0.005190 -0.000724
     6  0.000400  0.005444 -0.000961
     7  0.000500  0.005683 -0.001198
     8  0.000600  0.005907 -0.001424
     9  0.000800  0.006326 -0.001843
    10  0.001000  0.006711 -0.002226
    11  0.001200  0.007068 -0.002578
    12  0.001400  0.007402 -0.002904
    13  0.001600  0.007719 -0.003208
    14  0.001800  0.008020 -0.003493
    15  0.002000  0.008308 -0.003761
    16  0.002500  0.008978 -0.004370
    17  0.003000  0.009593 -0.004912
    18  0.003500  0.010161 -0.005398
    19  0.004000  0.010694 -0.005841
    20  0.004500  0.011199 -0.006247
    21  0.005000  0.011681 -0.006623
    22  0.006000  0.012591 -0.007299
    23  0.007000  0.013445 -0.007895
    24  0.008000  0.014253 -0.008428
    25  0.009000  0.015019 -0.008916
    26  0.010000  0.015752 -0.009371
    27  0.011000  0.016457 -0.009800
    28  0.012000  0.017134 -0.010204
    29  0.013000  0.017787 -0.010586
    30  0.014000  0.018420 -0.010950
    31  0.015000  0.019035 -0.011299
    32  0.016000  0.019632 -0.011631
    33  0.018000  0.020780 -0.012256
    34  0.020000  0.021875 -0.012837
    35  0.025000  0.024422 -0.014135
    36  0.030000  0.026752 -0.015267
    37  0.035000  0.028914 -0.016275
    38  0.040000  0.030937 -0.017186
    39  0.045000  0.032848 -0.018020
    40  0.050000  0.034662 -0.018790
    41  0.055000  0.036389 -0.019508
    42  0.060000  0.038040 -0.020178
    43  0.070000  0.041136 -0.021399
    44  0.080000  0.044001 -0.022484
    45  0.090000  0.046663 -0.023456
    46  0.100000  0.049152 -0.024331
    47  0.120000  0.053681 -0.025847
    48  0.140000  0.057705 -0.027106
    49  0.160000  0.061293 -0.028154
    50  0.180000  0.064491 -0.029013
    51  0.200000  0.067339 -0.029703
    52  0.220000  0.069869 -0.030247
    53  0.240000  0.072096 -0.030645
    54  0.260000  0.074056 -0.030925
    55  0.280000  0.075740 -0.031077
    56  0.300000  0.077150 -0.031095
    57  0.320000  0.078272 -0.030957
    58  0.340000  0.079135 -0.030684
    59  0.360000  0.079742 -0.030280
    60  0.380000  0.080100 -0.029750
    61  0.400000  0.080205 -0.029087
    62  0.420000  0.080064 -0.028295
    63  0.440000  0.079687 -0.027386
    64  0.460000  0.079085 -0.026369
    65  0.480000  0.078270 -0.025258
    66  0.500000  0.077246 -0.024058
    67  0.520000  0.076023 -0.022783
    68  0.540000  0.074611 -0.021442
    69  0.560000  0.073012 -0.020043
    70  0.580000  0.071235 -0.018597
    71  0.600000  0.069286 -0.017115
    72  0.620000  0.067172 -0.015610
    73  0.640000  0.064892 -0.014088
    74  0.660000  0.062451 -0.012560
    75  0.680000  0.059857 -0.011046
    76  0.700000  0.057112 -0.009561
    77  0.720000  0.054223 -0.008126
    78  0.740000  0.051198 -0.006771
    79  0.760000  0.048038 -0.005525
    80  0.780000  0.044737 -0.004426
    81  0.800000  0.041256 -0.003515
    82  0.820000  0.037483 -0.002886
    83  0.840000  0.033519 -0.002455
    84  0.860000  0.029415 -0.002122
    85  0.880000  0.025481 -0.001650
    86  0.900000  0.021267 -0.001399
    87  0.920000  0.016982 -0.001087
    88  0.940000  0.012761 -0.000849
    89  0.950000  0.010725 -0.000805
    90  0.960000  0.008770 -0.000837
    91  0.970000  0.006880 -0.000928
    92  0.975000  0.005948 -0.000985
    93  0.980000  0.005015 -0.001038
    94  0.985000  0.004063 -0.001075
    95  0.990000  0.003072 -0.001062
    96  0.995000  0.001955 -0.000947
    97  0.999000  0.000779 -0.000522
    98  1.000000 -0.000000  0.000000
 End of output for cambered airfoil
