 COORDINATES OF NACA AIRFOILS
 Created by naca456, version 1.1 (7 November 2010) on 23:05 29Apr2025
 Ralph L. Carmichael, Public Domain Aeronautical Software
  
 NACA 63A415                                                                     
Six-series profile, family= 63A   t/c= 0.1500
  
                       THICKNESS          MEAN LINE
            x         y      dy/dx         y      dy/dx
     1  0.000000  0.000000  0.000000  0.000000  0.000000
     2  0.000050  0.001198 12.073545  0.000019  0.349882
     3  0.000100  0.001699  8.573265  0.000036  0.325868
     4  0.000200  0.002408  6.045415  0.000067  0.301852
     5  0.000300  0.002951  4.910480  0.000097  0.287802
     6  0.000400  0.003405  4.246103  0.000125  0.277832
     7  0.000500  0.003806  3.795495  0.000152  0.270098
     8  0.000600  0.004169  3.463073  0.000179  0.263778
     9  0.000800  0.004811  2.991214  0.000231  0.253805
    10  0.001000  0.005374  2.662965  0.000281  0.246067
    11  0.001200  0.005882  2.420130  0.000329  0.239743
    12  0.001400  0.006346  2.233540  0.000377  0.234395
    13  0.001600  0.006778  2.083853  0.000423  0.229762
    14  0.001800  0.007182  1.958567  0.000469  0.225674
    15  0.002000  0.007563  1.851391  0.000513  0.222016
    16  0.002500  0.008432  1.639119  0.000622  0.214266
    17  0.003000  0.009211  1.480937  0.000728  0.207931
    18  0.003500  0.009919  1.358897  0.000830  0.202572
    19  0.004000  0.010573  1.261654  0.000931  0.197926
    20  0.004500  0.011183  1.178934  0.001028  0.193827
    21  0.005000  0.011754  1.107008  0.001124  0.190157
    22  0.006000  0.012803  0.999375  0.001311  0.183802
    23  0.007000  0.013765  0.927278  0.001492  0.178423
    24  0.008000  0.014665  0.877162  0.001668  0.173759
    25  0.009000  0.015523  0.837790  0.001840  0.169639
    26  0.010000  0.016340  0.796756  0.002008  0.165950
    27  0.011000  0.017118  0.760351  0.002172  0.162610
    28  0.012000  0.017864  0.733144  0.002333  0.159556
    29  0.013000  0.018583  0.705133  0.002491  0.156744
    30  0.014000  0.019274  0.676921  0.002647  0.154138
    31  0.015000  0.019939  0.654506  0.002800  0.151708
    32  0.016000  0.020584  0.635314  0.002950  0.149433
    33  0.018000  0.021817  0.597863  0.003245  0.145274
    34  0.020000  0.022982  0.567700  0.003532  0.141545
    35  0.025000  0.025657  0.506250  0.004219  0.133617
    36  0.030000  0.028066  0.459715  0.004870  0.127102
    37  0.035000  0.030271  0.423068  0.005491  0.121561
    38  0.040000  0.032314  0.395039  0.006087  0.116733
    39  0.045000  0.034220  0.368905  0.006660  0.112450
    40  0.050000  0.036018  0.349410  0.007212  0.108596
    41  0.055000  0.037715  0.330434  0.007746  0.105089
    42  0.060000  0.039328  0.314637  0.008263  0.101868
    43  0.070000  0.042323  0.286179  0.009253  0.096111
    44  0.080000  0.045063  0.262385  0.010188  0.091064
    45  0.090000  0.047581  0.242440  0.011076  0.086556
    46  0.100000  0.049911  0.224929  0.011921  0.082474
    47  0.120000  0.054097  0.196315  0.013496  0.075276
    48  0.140000  0.057751  0.171656  0.014938  0.069031
    49  0.160000  0.060953  0.148753  0.016262  0.063476
    50  0.180000  0.063756  0.130688  0.017480  0.058440
    51  0.200000  0.066197  0.113787  0.018602  0.053808
    52  0.220000  0.068313  0.097377  0.019635  0.049495
    53  0.240000  0.070123  0.084373  0.020584  0.045439
    54  0.260000  0.071657  0.068658  0.021454  0.041591
    55  0.280000  0.072907  0.054530  0.022249  0.037915
    56  0.300000  0.073867  0.039081  0.022971  0.034378
    57  0.320000  0.074518  0.025503  0.023625  0.030957
    58  0.340000  0.074896  0.012467  0.024210  0.027628
    59  0.360000  0.075001 -0.002045  0.024730  0.024374
    60  0.380000  0.074845 -0.015443  0.025186  0.021178
    61  0.400000  0.074417 -0.027899  0.025578  0.018025
    62  0.420000  0.073730 -0.039554  0.025907  0.014900
    63  0.440000  0.072795 -0.052462  0.026174  0.011791
    64  0.460000  0.071639 -0.062914  0.026378  0.008685
    65  0.480000  0.070272 -0.072993  0.026521  0.005569
    66  0.500000  0.068703 -0.083792  0.026601  0.002430
    67  0.520000  0.066947 -0.091770  0.026618 -0.000746
    68  0.540000  0.065020 -0.100455  0.026571 -0.003974
    69  0.560000  0.062934 -0.107898  0.026459 -0.007271
    70  0.580000  0.060701 -0.115027  0.026279 -0.010655
    71  0.600000  0.058320 -0.121421  0.026032 -0.014148
    72  0.620000  0.055815 -0.129219  0.025713 -0.017776
    73  0.640000  0.053194 -0.134444  0.025319 -0.021572
    74  0.660000  0.050475 -0.137890  0.024848 -0.025575
    75  0.680000  0.047657 -0.143421  0.024295 -0.029839
    76  0.700000  0.044772 -0.146039  0.023653 -0.034437
    77  0.720000  0.041827 -0.147890  0.022914 -0.039473
    78  0.740000  0.038859 -0.148866  0.022070 -0.045109
    79  0.760000  0.035890 -0.147956  0.021104 -0.051631
    80  0.780000  0.032921 -0.149668  0.019995 -0.059652
    81  0.800000  0.029946 -0.149102  0.018694 -0.072138
    82  0.820000  0.026974 -0.147691  0.017112 -0.084255
    83  0.840000  0.024009 -0.148057  0.015353 -0.091163
    84  0.860000  0.021059 -0.147210  0.013480 -0.095805
    85  0.880000  0.018099 -0.149176  0.011770 -0.098084
    86  0.900000  0.015083 -0.153104  0.009808 -0.098084
    87  0.920000  0.012025 -0.151525  0.007847 -0.098084
    88  0.940000  0.009090 -0.140492  0.005885 -0.098084
    89  0.950000  0.007730 -0.130874  0.004904 -0.098084
    90  0.960000  0.006470 -0.121888  0.003923 -0.098084
    91  0.970000  0.005282 -0.116718  0.002943 -0.098084
    92  0.975000  0.004701 -0.116915  0.002452 -0.098084
    93  0.980000  0.004111 -0.120398  0.001962 -0.098084
    94  0.985000  0.003496 -0.127447  0.001471 -0.098084
    95  0.990000  0.002817 -0.146013  0.000981 -0.098084
    96  0.995000  0.001978 -0.199855  0.000490 -0.098084
    97  0.999000  0.000886 -0.440848  0.000098 -0.098084
    98  1.000000 -0.000000-19.222134 -0.000000 -0.098084

COORDINATES OF NACA AIRFOILS           23:05 29Apr2025
 NACA 63A415                                                                     
 COMBINED THICKNESS AND CAMBER
         xupper    yupper    xlower    ylower
     1  0.000000  0.000000  0.000000  0.000000
     2 -0.000346  0.001150  0.000446 -0.001111
     3 -0.000426  0.001652  0.000626 -0.001579
     4 -0.000496  0.002373  0.000896 -0.002238
     5 -0.000516  0.002933  0.001116 -0.002739
     6 -0.000512  0.003406  0.001312 -0.003156
     7 -0.000492  0.003827  0.001492 -0.003522
     8 -0.000463  0.004210  0.001663 -0.003852
     9 -0.000384  0.004894  0.001984 -0.004433
    10 -0.000284  0.005499  0.002284 -0.004938
    11 -0.000171  0.006049  0.002571 -0.005391
    12 -0.000048  0.006556  0.002848 -0.005802
    13  0.000082  0.007029  0.003118 -0.006182
    14  0.000219  0.007474  0.003381 -0.006537
    15  0.000361  0.007896  0.003639 -0.006870
    16  0.000733  0.008867  0.004267 -0.007622
    17  0.001125  0.009746  0.004875 -0.008290
    18  0.001531  0.010552  0.005469 -0.008891
    19  0.001947  0.011303  0.006053 -0.009441
    20  0.002372  0.012008  0.006628 -0.009951
    21  0.002804  0.012672  0.007196 -0.010423
    22  0.003685  0.013904  0.008315 -0.011281
    23  0.004582  0.015043  0.009418 -0.012058
    24  0.005489  0.016117  0.010511 -0.012781
    25  0.006404  0.017145  0.011596 -0.013464
    26  0.007325  0.018128  0.012675 -0.014112
    27  0.008253  0.019068  0.013747 -0.014724
    28  0.009185  0.019974  0.014815 -0.015308
    29  0.010122  0.020851  0.015878 -0.015868
    30  0.011064  0.021696  0.016936 -0.016402
    31  0.012009  0.022514  0.017991 -0.016914
    32  0.012958  0.023308  0.019042 -0.017408
    33  0.014863  0.024835  0.021137 -0.018345
    34  0.016779  0.026286  0.023221 -0.019223
    35  0.021602  0.029649  0.028398 -0.021212
    36  0.026461  0.032712  0.033539 -0.022972
    37  0.031347  0.035541  0.038653 -0.024558
    38  0.036253  0.038183  0.043747 -0.026009
    39  0.041176  0.040665  0.048824 -0.027346
    40  0.046111  0.043019  0.053889 -0.028595
    41  0.051058  0.045255  0.058942 -0.029762
    42  0.056014  0.047389  0.063986 -0.030862
    43  0.065951  0.051381  0.074049 -0.032876
    44  0.075913  0.055065  0.084087 -0.034689
    45  0.085897  0.058479  0.094103 -0.036328
    46  0.095898  0.061663  0.104102 -0.037822
    47  0.115939  0.067441  0.124061 -0.040448
    48  0.136023  0.072552  0.143977 -0.042676
    49  0.156139  0.077093  0.163861 -0.044569
    50  0.176280  0.081127  0.183720 -0.046167
    51  0.196443  0.084704  0.203557 -0.047499
    52  0.216623  0.087865  0.223377 -0.048595
    53  0.236817  0.090634  0.243183 -0.049467
    54  0.257022  0.093049  0.262978 -0.050141
    55  0.277238  0.095103  0.282762 -0.050606
    56  0.297462  0.096795  0.302538 -0.050852
    57  0.317694  0.098107  0.322306 -0.050858
    58  0.337932  0.099078  0.342068 -0.050657
    59  0.358172  0.099709  0.361828 -0.050249
    60  0.378415  0.100013  0.381585 -0.049642
    61  0.398659  0.099983  0.401341 -0.048828
    62  0.418902  0.099628  0.421098 -0.047815
    63  0.439142  0.098963  0.440858 -0.046616
    64  0.459378  0.098015  0.460622 -0.045258
    65  0.479609  0.096792  0.480391 -0.043750
    66  0.499833  0.095304  0.500167 -0.042102
    67  0.520050  0.093565  0.519950 -0.040329
    68  0.540258  0.091590  0.539742 -0.038448
    69  0.560458  0.089391  0.559542 -0.036474
    70  0.580647  0.086977  0.579353 -0.034418
    71  0.600825  0.084346  0.599175 -0.032282
    72  0.620992  0.081519  0.619008 -0.030094
    73  0.641147  0.078502  0.638853 -0.027863
    74  0.661291  0.075307  0.658710 -0.025610
    75  0.681421  0.071930  0.678579 -0.023341
    76  0.701541  0.068398  0.698459 -0.021093
    77  0.721650  0.064709  0.718350 -0.018880
    78  0.741751  0.060890  0.738249 -0.016750
    79  0.761851  0.056947  0.758149 -0.014738
    80  0.781960  0.052857  0.778040 -0.012868
    81  0.802155  0.048562  0.797845 -0.011175
    82  0.822265  0.043990  0.817735 -0.009767
    83  0.842180  0.039263  0.837820 -0.008557
    84  0.862008  0.034443  0.857992 -0.007483
    85  0.881767  0.029783  0.878233 -0.006243
    86  0.901472  0.024819  0.898528 -0.005202
    87  0.921174  0.019815  0.918826 -0.004121
    88  0.940887  0.014931  0.939113 -0.003161
    89  0.950755  0.012597  0.949245 -0.002789
    90  0.960632  0.010363  0.959368 -0.002516
    91  0.970516  0.008199  0.969484 -0.002314
    92  0.975459  0.007130  0.974541 -0.002226
    93  0.980401  0.006053  0.979599 -0.002130
    94  0.985341  0.004951  0.984659 -0.002008
    95  0.990275  0.003784  0.989725 -0.001823
    96  0.995193  0.002459  0.994807 -0.001478
    97  0.999086  0.000980  0.998914 -0.000784
    98  1.000000 -0.000000  1.000000  0.000000

COORDINATES OF NACA AIRFOILS           23:05 29Apr2025
 NACA 63A415                                                                     
 INTERPOLATED COORDINATES
            x      yupper   ylower
     1  0.000000  0.000000  0.000000
     2  0.000050  0.006916 -0.000130
     3  0.000100  0.007089 -0.000257
     4  0.000200  0.007415 -0.000505
     5  0.000300  0.007720 -0.000749
     6  0.000400  0.008007 -0.000996
     7  0.000500  0.008279 -0.001251
     8  0.000600  0.008538 -0.001511
     9  0.000800  0.009025 -0.002010
    10  0.001000  0.009478 -0.002479
    11  0.001200  0.009903 -0.002921
    12  0.001400  0.010302 -0.003337
    13  0.001600  0.010682 -0.003731
    14  0.001800  0.011045 -0.004105
    15  0.002000  0.011393 -0.004462
    16  0.002500  0.012210 -0.005281
    17  0.003000  0.012958 -0.006018
    18  0.003500  0.013656 -0.006692
    19  0.004000  0.014314 -0.007311
    20  0.004500  0.014942 -0.007885
    21  0.005000  0.015546 -0.008421
    22  0.006000  0.016697 -0.009393
    23  0.007000  0.017787 -0.010263
    24  0.008000  0.018817 -0.011048
    25  0.009000  0.019797 -0.011770
    26  0.010000  0.020738 -0.012448
    27  0.011000  0.021639 -0.013093
    28  0.012000  0.022506 -0.013711
    29  0.013000  0.023343 -0.014301
    30  0.014000  0.024155 -0.014864
    31  0.015000  0.024941 -0.015407
    32  0.016000  0.025705 -0.015931
    33  0.018000  0.027174 -0.016919
    34  0.020000  0.028573 -0.017844
    35  0.025000  0.031820 -0.019935
    36  0.030000  0.034782 -0.021781
    37  0.035000  0.037526 -0.023441
    38  0.040000  0.040086 -0.024954
    39  0.045000  0.042500 -0.026349
    40  0.050000  0.044786 -0.027643
    41  0.055000  0.046960 -0.028858
    42  0.060000  0.049033 -0.029998
    43  0.070000  0.052914 -0.032092
    44  0.080000  0.056494 -0.033973
    45  0.090000  0.059812 -0.035675
    46  0.100000  0.062908 -0.037225
    47  0.120000  0.068525 -0.039949
    48  0.140000  0.073493 -0.042259
    49  0.160000  0.077904 -0.044225
    50  0.180000  0.081821 -0.045888
    51  0.200000  0.085291 -0.047278
    52  0.220000  0.088354 -0.048425
    53  0.240000  0.091038 -0.049340
    54  0.260000  0.093374 -0.050053
    55  0.280000  0.095356 -0.050554
    56  0.300000  0.096980 -0.050834
    57  0.320000  0.098235 -0.050869
    58  0.340000  0.099158 -0.050688
    59  0.360000  0.099750 -0.050295
    60  0.380000  0.100023 -0.049699
    61  0.400000  0.099969 -0.048889
    62  0.420000  0.099600 -0.047876
    63  0.440000  0.098929 -0.046672
    64  0.460000  0.097981 -0.045303
    65  0.480000  0.096765 -0.043781
    66  0.500000  0.095290 -0.042116
    67  0.520000  0.093570 -0.040325
    68  0.540000  0.091617 -0.038423
    69  0.560000  0.089443 -0.036427
    70  0.580000  0.087057 -0.034349
    71  0.600000  0.084457 -0.032192
    72  0.620000  0.081663 -0.029983
    73  0.640000  0.078678 -0.027733
    74  0.660000  0.075517 -0.025463
    75  0.680000  0.072174 -0.023179
    76  0.700000  0.068674 -0.020919
    77  0.720000  0.065017 -0.018700
    78  0.740000  0.061227 -0.016568
    79  0.760000  0.057315 -0.014558
    80  0.780000  0.053262 -0.012691
    81  0.800000  0.049034 -0.011009
    82  0.820000  0.044517 -0.009621
    83  0.840000  0.039790 -0.008440
    84  0.860000  0.034923 -0.007364
    85  0.880000  0.030209 -0.006144
    86  0.900000  0.025196 -0.005126
    87  0.920000  0.020111 -0.004060
    88  0.940000  0.015146 -0.003125
    89  0.950000  0.012772 -0.002765
    90  0.960000  0.010503 -0.002502
    91  0.970000  0.008311 -0.002305
    92  0.975000  0.007229 -0.002218
    93  0.980000  0.006142 -0.002121
    94  0.985000  0.005027 -0.002000
    95  0.990000  0.003856 -0.001806
    96  0.995000  0.002508 -0.001469
    97  0.999000  0.001045 -0.000739
    98  1.000000 -0.000000  0.000000
 End of output for cambered airfoil
