 COORDINATES OF NACA AIRFOILS
 Created by naca456, version 1.1 (7 November 2010) on 23:06 29Apr2025
 Ralph L. Carmichael, Public Domain Aeronautical Software
  
 NACA 63A617                                                                     
Six-series profile, family= 63A   t/c= 0.1700
  
                       THICKNESS          MEAN LINE
            x         y      dy/dx         y      dy/dx
     1  0.000000  0.000000  0.000000  0.000000  0.000000
     2  0.000050  0.001307 13.229043  0.000029  0.524822
     3  0.000100  0.001858  9.413215  0.000054  0.488802
     4  0.000200  0.002636  6.639523  0.000101  0.452778
     5  0.000300  0.003232  5.388662  0.000145  0.431703
     6  0.000400  0.003731  4.657197  0.000187  0.416748
     7  0.000500  0.004171  4.165815  0.000229  0.405147
     8  0.000600  0.004569  3.805803  0.000269  0.395667
     9  0.000800  0.005276  3.291862  0.000346  0.380707
    10  0.001000  0.005896  2.933102  0.000421  0.369100
    11  0.001200  0.006454  2.666723  0.000494  0.359614
    12  0.001400  0.006967  2.462601  0.000565  0.351593
    13  0.001600  0.007442  2.299754  0.000635  0.344642
    14  0.001800  0.007888  2.164085  0.000703  0.338510
    15  0.002000  0.008309  2.047743  0.000770  0.333024
    16  0.002500  0.009272  1.815918  0.000934  0.321400
    17  0.003000  0.010135  1.643276  0.001092  0.311897
    18  0.003500  0.010922  1.509473  0.001246  0.303857
    19  0.004000  0.011649  1.403373  0.001396  0.296890
    20  0.004500  0.012328  1.313975  0.001543  0.290740
    21  0.005000  0.012965  1.235402  0.001687  0.285236
    22  0.006000  0.014137  1.116387  0.001967  0.275704
    23  0.007000  0.015211  1.038807  0.002239  0.267635
    24  0.008000  0.016223  0.987386  0.002503  0.260638
    25  0.009000  0.017190  0.948124  0.002760  0.254459
    26  0.010000  0.018118  0.906309  0.003012  0.248926
    27  0.011000  0.019003  0.865260  0.003258  0.243914
    28  0.012000  0.019852  0.835494  0.003500  0.239334
    29  0.013000  0.020673  0.805928  0.003737  0.235116
    30  0.014000  0.021463  0.773919  0.003970  0.231207
    31  0.015000  0.022224  0.747885  0.004199  0.227562
    32  0.016000  0.022961  0.726716  0.004425  0.224150
    33  0.018000  0.024371  0.684519  0.004867  0.217911
    34  0.020000  0.025705  0.650306  0.005297  0.212318
    35  0.025000  0.028770  0.580178  0.006328  0.200425
    36  0.030000  0.031533  0.526784  0.007305  0.190652
    37  0.035000  0.034058  0.484610  0.008237  0.182341
    38  0.040000  0.036398  0.452403  0.009130  0.175100
    39  0.045000  0.038581  0.422155  0.009989  0.168675
    40  0.050000  0.040638  0.399843  0.010818  0.162894
    41  0.055000  0.042580  0.377948  0.011619  0.157634
    42  0.060000  0.044424  0.359794  0.012395  0.152802
    43  0.070000  0.047848  0.327075  0.013879  0.144167
    44  0.080000  0.050978  0.299634  0.015282  0.136595
    45  0.090000  0.053854  0.276535  0.016614  0.129834
    46  0.100000  0.056514  0.256565  0.017881  0.123710
    47  0.120000  0.061290  0.223920  0.020244  0.112914
    48  0.140000  0.065457  0.195817  0.022407  0.103546
    49  0.160000  0.069104  0.169472  0.024393  0.095213
    50  0.180000  0.072297  0.149032  0.026221  0.087660
    51  0.200000  0.075076  0.129710  0.027903  0.080712
    52  0.220000  0.077482  0.110952  0.029452  0.074242
    53  0.240000  0.079541  0.095694  0.030876  0.068158
    54  0.260000  0.081278  0.078231  0.032181  0.062387
    55  0.280000  0.082691  0.062304  0.033373  0.056872
    56  0.300000  0.083767  0.044302  0.034457  0.051568
    57  0.320000  0.084493  0.028850  0.035437  0.046435
    58  0.340000  0.084905  0.013086  0.036315  0.041443
    59  0.360000  0.085000 -0.003288  0.037095  0.036561
    60  0.380000  0.084796 -0.019170  0.037778  0.031767
    61  0.400000  0.084286 -0.033239  0.038366  0.027037
    62  0.420000  0.083478 -0.047468  0.038860  0.022350
    63  0.440000  0.082385 -0.060911  0.039260  0.017687
    64  0.460000  0.081047 -0.072806  0.039568  0.013028
    65  0.480000  0.079466 -0.085376  0.039781  0.008354
    66  0.500000  0.077656 -0.096169  0.039902  0.003645
    67  0.520000  0.075645 -0.104833  0.039927 -0.001119
    68  0.540000  0.073433 -0.114665  0.039856 -0.005961
    69  0.560000  0.071046 -0.123719  0.039688 -0.010906
    70  0.580000  0.068491 -0.132800  0.039419 -0.015982
    71  0.600000  0.065778 -0.139111  0.039047 -0.021222
    72  0.620000  0.062917 -0.146296  0.038569 -0.026664
    73  0.640000  0.059938 -0.151706  0.037979 -0.032358
    74  0.660000  0.056850 -0.157864  0.037273 -0.038363
    75  0.680000  0.053650 -0.161928  0.036442 -0.044759
    76  0.700000  0.050386 -0.165051  0.035479 -0.051655
    77  0.720000  0.047061 -0.165718  0.034371 -0.059209
    78  0.740000  0.043713 -0.166961  0.033105 -0.067664
    79  0.760000  0.040369 -0.167438  0.031656 -0.077446
    80  0.780000  0.037020 -0.168009  0.029992 -0.089478
    81  0.800000  0.033673 -0.167694  0.028040 -0.108207
    82  0.820000  0.030331 -0.166851  0.025667 -0.126382
    83  0.840000  0.026994 -0.166535  0.023029 -0.136744
    84  0.860000  0.023675 -0.166069  0.020220 -0.143707
    85  0.880000  0.020338 -0.169170  0.017655 -0.147126
    86  0.900000  0.016938 -0.172013  0.014713 -0.147126
    87  0.920000  0.013507 -0.169955  0.011770 -0.147126
    88  0.940000  0.010229 -0.156655  0.008828 -0.147126
    89  0.950000  0.008716 -0.145712  0.007356 -0.147126
    90  0.960000  0.007311 -0.136204  0.005885 -0.147126
    91  0.970000  0.005980 -0.130587  0.004414 -0.147126
    92  0.975000  0.005327 -0.131383  0.003678 -0.147126
    93  0.980000  0.004663 -0.135726  0.002943 -0.147126
    94  0.985000  0.003969 -0.144403  0.002207 -0.147126
    95  0.990000  0.003200 -0.165669  0.001471 -0.147126
    96  0.995000  0.002248 -0.226890  0.000736 -0.147126
    97  0.999000  0.001007 -0.500930  0.000147 -0.147126
    98  1.000000 -0.000000-31.907995 -0.000000 -0.147126

COORDINATES OF NACA AIRFOILS           23:06 29Apr2025
 NACA 63A617                                                                     
 COMBINED THICKNESS AND CAMBER
         xupper    yupper    xlower    ylower
     1  0.000000  0.000000  0.000000  0.000000
     2 -0.000557  0.001186  0.000657 -0.001129
     3 -0.000716  0.001723  0.000916 -0.001615
     4 -0.000887  0.002503  0.001287 -0.002301
     5 -0.000981  0.003112  0.001581 -0.002822
     6 -0.001035  0.003632  0.001835 -0.003257
     7 -0.001066  0.004094  0.002066 -0.003637
     8 -0.001081  0.004517  0.002281 -0.003980
     9 -0.001077  0.005277  0.002677 -0.004584
    10 -0.001041  0.005952  0.003041 -0.005110
    11 -0.000984  0.006567  0.003384 -0.005580
    12 -0.000911  0.007137  0.003711 -0.006007
    13 -0.000825  0.007671  0.004025 -0.006402
    14 -0.000729  0.008175  0.004329 -0.006769
    15 -0.000625  0.008653  0.004625 -0.007113
    16 -0.000337  0.009761  0.005337 -0.007894
    17 -0.000018  0.010767  0.006018 -0.008583
    18  0.000325  0.011696  0.006675 -0.009204
    19  0.000684  0.012563  0.007316 -0.009772
    20  0.001058  0.013381  0.007942 -0.010295
    21  0.001444  0.014154  0.008556 -0.010781
    22  0.002243  0.015595  0.009757 -0.011661
    23  0.003067  0.016933  0.010933 -0.012455
    24  0.003908  0.018201  0.012092 -0.013196
    25  0.004761  0.019420  0.013239 -0.013899
    26  0.005624  0.020593  0.014376 -0.014569
    27  0.006497  0.021720  0.015503 -0.015203
    28  0.007379  0.022807  0.016621 -0.015807
    29  0.008268  0.023862  0.017732 -0.016388
    30  0.009165  0.024882  0.018835 -0.016942
    31  0.010069  0.025869  0.019931 -0.017470
    32  0.010978  0.026830  0.021022 -0.017979
    33  0.012811  0.028680  0.023189 -0.018945
    34  0.014661  0.030442  0.025339 -0.019847
    35  0.019346  0.034538  0.030654 -0.021881
    36  0.024095  0.038280  0.035905 -0.023670
    37  0.028890  0.041743  0.041110 -0.025269
    38  0.033722  0.044983  0.046278 -0.026723
    39  0.038583  0.048033  0.051417 -0.028054
    40  0.043466  0.050927  0.056534 -0.029291
    41  0.048370  0.053680  0.061630 -0.030441
    42  0.053290  0.056310  0.066710 -0.031519
    43  0.063173  0.061237  0.076827 -0.033479
    44  0.073101  0.065791  0.086899 -0.035227
    45  0.083066  0.070019  0.096934 -0.036792
    46  0.093062  0.073967  0.106938 -0.038206
    47  0.113123  0.081148  0.126877 -0.040659
    48  0.133258  0.087515  0.146742 -0.042702
    49  0.153450  0.093186  0.166550 -0.044400
    50  0.173687  0.098241  0.186313 -0.045800
    51  0.193960  0.102736  0.206040 -0.046929
    52  0.214263  0.106722  0.225737 -0.047817
    53  0.234591  0.110232  0.245409 -0.048481
    54  0.254939  0.113301  0.265061 -0.048939
    55  0.275305  0.115931  0.284695 -0.049185
    56  0.295686  0.118113  0.304314 -0.049199
    57  0.316081  0.119839  0.323919 -0.048966
    58  0.336484  0.121148  0.343516 -0.048517
    59  0.356894  0.122038  0.363106 -0.047848
    60  0.377308  0.122532  0.382692 -0.046975
    61  0.397722  0.122622  0.402278 -0.045889
    62  0.418135  0.122318  0.421865 -0.044597
    63  0.438543  0.121633  0.441457 -0.043112
    64  0.458944  0.120608  0.461056 -0.041473
    65  0.479336  0.119244  0.480664 -0.039681
    66  0.499717  0.117557  0.500283 -0.037754
    67  0.520085  0.115572  0.519915 -0.035718
    68  0.540438  0.113288  0.539562 -0.033576
    69  0.560775  0.110730  0.559225 -0.031354
    70  0.581095  0.107901  0.578905 -0.029063
    71  0.601396  0.104810  0.598604 -0.026715
    72  0.621677  0.101464  0.618323 -0.024326
    73  0.641938  0.097886  0.638062 -0.021928
    74  0.662179  0.094081  0.657821 -0.019536
    75  0.682399  0.090038  0.677601 -0.017154
    76  0.702599  0.085797  0.697401 -0.014840
    77  0.722782  0.081351  0.717218 -0.012608
    78  0.742951  0.076717  0.737049 -0.010508
    79  0.763117  0.071905  0.756883 -0.008592
    80  0.783299  0.066864  0.776701 -0.006880
    81  0.803622  0.061518  0.796378 -0.005437
    82  0.823803  0.055759  0.816197 -0.004425
    83  0.843657  0.049775  0.836343 -0.003716
    84  0.863368  0.043655  0.856632 -0.003215
    85  0.882960  0.037777  0.877040 -0.002467
    86  0.902465  0.031470  0.897534 -0.002045
    87  0.921966  0.025133  0.918034 -0.001593
    88  0.941489  0.018948  0.938511 -0.001293
    89  0.951269  0.015979  0.948731 -0.001267
    90  0.961064  0.013118  0.958936 -0.001348
    91  0.970871  0.010330  0.969130 -0.001503
    92  0.975775  0.008949  0.974225 -0.001593
    93  0.980679  0.007556  0.979321 -0.001671
    94  0.985578  0.006134  0.984422 -0.001720
    95  0.990466  0.004637  0.989534 -0.001695
    96  0.995327  0.002960  0.994673 -0.001489
    97  0.999147  0.001144  0.998853 -0.000849
    98  1.000000 -0.000000  1.000000  0.000000

COORDINATES OF NACA AIRFOILS           23:06 29Apr2025
 NACA 63A617                                                                     
 INTERPOLATED COORDINATES
            x      yupper   ylower
     1  0.000000  0.000000  0.000000
     2  0.000050  0.010960 -0.000088
     3  0.000100  0.011100 -0.000174
     4  0.000200  0.011372 -0.000343
     5  0.000300  0.011633 -0.000512
     6  0.000400  0.011886 -0.000680
     7  0.000500  0.012130 -0.000850
     8  0.000600  0.012368 -0.001025
     9  0.000800  0.012824 -0.001395
    10  0.001000  0.013258 -0.001774
    11  0.001200  0.013672 -0.002142
    12  0.001400  0.014069 -0.002503
    13  0.001600  0.014451 -0.002855
    14  0.001800  0.014820 -0.003197
    15  0.002000  0.015176 -0.003529
    16  0.002500  0.016026 -0.004319
    17  0.003000  0.016827 -0.005052
    18  0.003500  0.017595 -0.005733
    19  0.004000  0.018335 -0.006371
    20  0.004500  0.019053 -0.006969
    21  0.005000  0.019751 -0.007532
    22  0.006000  0.021085 -0.008566
    23  0.007000  0.022345 -0.009497
    24  0.008000  0.023547 -0.010342
    25  0.009000  0.024697 -0.011115
    26  0.010000  0.025795 -0.011830
    27  0.011000  0.026853 -0.012500
    28  0.012000  0.027875 -0.013139
    29  0.013000  0.028865 -0.013755
    30  0.014000  0.029823 -0.014351
    31  0.015000  0.030755 -0.014924
    32  0.016000  0.031662 -0.015474
    33  0.018000  0.033407 -0.016525
    34  0.020000  0.035075 -0.017503
    35  0.025000  0.038955 -0.019709
    36  0.030000  0.042508 -0.021644
    37  0.035000  0.045804 -0.023375
    38  0.040000  0.048889 -0.024940
    39  0.045000  0.051804 -0.026375
    40  0.050000  0.054565 -0.027696
    41  0.055000  0.057195 -0.028929
    42  0.060000  0.059703 -0.030081
    43  0.070000  0.064408 -0.032182
    44  0.080000  0.068751 -0.034050
    45  0.090000  0.072787 -0.035728
    46  0.100000  0.076556 -0.037239
    47  0.120000  0.083409 -0.039863
    48  0.140000  0.089483 -0.042049
    49  0.160000  0.094888 -0.043873
    50  0.180000  0.099699 -0.045383
    51  0.200000  0.103974 -0.046610
    52  0.220000  0.107759 -0.047582
    53  0.240000  0.111091 -0.048319
    54  0.260000  0.113996 -0.048841
    55  0.280000  0.116474 -0.049147
    56  0.300000  0.118515 -0.049217
    57  0.320000  0.120123 -0.049030
    58  0.340000  0.121330 -0.048614
    59  0.360000  0.122139 -0.047968
    60  0.380000  0.122567 -0.047107
    61  0.400000  0.122607 -0.046026
    62  0.420000  0.122270 -0.044729
    63  0.440000  0.121571 -0.043228
    64  0.460000  0.120546 -0.041565
    65  0.480000  0.119194 -0.039744
    66  0.500000  0.117531 -0.037782
    67  0.520000  0.115581 -0.035709
    68  0.540000  0.113340 -0.033527
    69  0.560000  0.110832 -0.031265
    70  0.580000  0.108061 -0.028934
    71  0.600000  0.105031 -0.026547
    72  0.620000  0.101750 -0.024122
    73  0.640000  0.098238 -0.021693
    74  0.660000  0.094503 -0.019272
    75  0.680000  0.090529 -0.016869
    76  0.700000  0.086355 -0.014541
    77  0.720000  0.081975 -0.012304
    78  0.740000  0.077406 -0.010211
    79  0.760000  0.072663 -0.008310
    80  0.780000  0.067703 -0.006615
    81  0.800000  0.062502 -0.005220
    82  0.820000  0.056873 -0.004267
    83  0.840000  0.050901 -0.003626
    84  0.860000  0.044683 -0.003099
    85  0.880000  0.038684 -0.002385
    86  0.900000  0.032281 -0.001996
    87  0.920000  0.025766 -0.001553
    88  0.940000  0.019409 -0.001283
    89  0.950000  0.016358 -0.001271
    90  0.960000  0.013424 -0.001361
    91  0.970000  0.010576 -0.001518
    92  0.975000  0.009167 -0.001606
    93  0.980000  0.007750 -0.001679
    94  0.985000  0.006303 -0.001724
    95  0.990000  0.004791 -0.001680
    96  0.995000  0.003068 -0.001481
    97  0.999000  0.001275 -0.000773
    98  1.000000 -0.000000  0.000000
 End of output for cambered airfoil
