 COORDINATES OF NACA AIRFOILS
 Created by naca456, version 1.1 (7 November 2010) on 23:12 29Apr2025
 Ralph L. Carmichael, Public Domain Aeronautical Software
  
 NACA 63A816                                                                     
Six-series profile, family= 63A   t/c= 0.1600
  
                       THICKNESS          MEAN LINE
            x         y      dy/dx         y      dy/dx
     1  0.000000  0.000000**********  0.000000  0.000000
     2  0.000050  0.001254 12.674027  0.000038  0.699763
     3  0.000100  0.001780  9.006461  0.000072  0.651735
     4  0.000200  0.002526  6.351085  0.000135  0.603704
     5  0.000300  0.003096  5.157024  0.000193  0.575604
     6  0.000400  0.003574  4.457936  0.000250  0.555664
     7  0.000500  0.003995  3.986851  0.000305  0.540196
     8  0.000600  0.004374  3.640887  0.000358  0.527556
     9  0.000800  0.005051  3.145997  0.000462  0.507609
    10  0.001000  0.005643  2.801399  0.000561  0.492133
    11  0.001200  0.006176  2.546421  0.000659  0.479486
    12  0.001400  0.006666  2.350606  0.000753  0.468790
    13  0.001600  0.007120  2.194717  0.000846  0.459523
    14  0.001800  0.007546  2.064105  0.000937  0.451347
    15  0.002000  0.007947  1.952081  0.001027  0.444032
    16  0.002500  0.008864  1.729268  0.001245  0.428533
    17  0.003000  0.009685  1.563727  0.001456  0.415862
    18  0.003500  0.010434  1.435652  0.001661  0.405143
    19  0.004000  0.011125  1.333782  0.001861  0.395853
    20  0.004500  0.011770  1.247599  0.002057  0.387653
    21  0.005000  0.012375  1.172166  0.002249  0.380315
    22  0.006000  0.013486  1.058813  0.002623  0.367605
    23  0.007000  0.014505  0.983829  0.002985  0.356847
    24  0.008000  0.015462  0.932898  0.003337  0.347517
    25  0.009000  0.016375  0.893319  0.003680  0.339279
    26  0.010000  0.017248  0.851555  0.004016  0.331901
    27  0.011000  0.018079  0.812795  0.004344  0.325219
    28  0.012000  0.018877  0.784323  0.004666  0.319112
    29  0.013000  0.019647  0.755312  0.004983  0.313488
    30  0.014000  0.020387  0.725139  0.005293  0.308275
    31  0.015000  0.021099  0.700979  0.005599  0.303417
    32  0.016000  0.021790  0.680799  0.005900  0.298867
    33  0.018000  0.023111  0.640912  0.006490  0.290548
    34  0.020000  0.024360  0.608733  0.007063  0.283091
    35  0.025000  0.027228  0.542942  0.008438  0.267234
    36  0.030000  0.029813  0.493004  0.009740  0.254203
    37  0.035000  0.032177  0.453614  0.010983  0.243122
    38  0.040000  0.034368  0.423520  0.012174  0.233467
    39  0.045000  0.036411  0.395366  0.013319  0.224900
    40  0.050000  0.038338  0.374458  0.014424  0.217192
    41  0.055000  0.040157  0.354046  0.015492  0.210178
    42  0.060000  0.041885  0.337083  0.016527  0.203737
    43  0.070000  0.045092  0.306503  0.018505  0.192223
    44  0.080000  0.048027  0.280908  0.020376  0.182127
    45  0.090000  0.050722  0.259408  0.022152  0.173112
    46  0.100000  0.053217  0.240663  0.023841  0.164947
    47  0.120000  0.057697  0.210066  0.026992  0.150552
    48  0.140000  0.061606  0.183701  0.029876  0.138062
    49  0.160000  0.065030  0.159060  0.032524  0.126951
    50  0.180000  0.068027  0.139819  0.034961  0.116880
    51  0.200000  0.070636  0.121727  0.037205  0.107616
    52  0.220000  0.072897  0.104111  0.039270  0.098990
    53  0.240000  0.074831  0.090089  0.041168  0.090877
    54  0.260000  0.076466  0.073352  0.042908  0.083183
    55  0.280000  0.077798  0.058337  0.044497  0.075830
    56  0.300000  0.078816  0.041619  0.045943  0.068757
    57  0.320000  0.079505  0.027137  0.047249  0.061914
    58  0.340000  0.079900  0.012891  0.048420  0.055257
    59  0.360000  0.080001 -0.002735  0.049460  0.048749
    60  0.380000  0.079822 -0.017393  0.050371  0.042356
    61  0.400000  0.079354 -0.030515  0.051155  0.036049
    62  0.420000  0.078607 -0.043264  0.051813  0.029800
    63  0.440000  0.077593 -0.056670  0.052347  0.023583
    64  0.460000  0.076347 -0.067740  0.052757  0.017371
    65  0.480000  0.074874 -0.079034  0.053042  0.011139
    66  0.500000  0.073185 -0.090124  0.053202  0.004860
    67  0.520000  0.071302 -0.098114  0.053236 -0.001492
    68  0.540000  0.069233 -0.107516  0.053142 -0.007948
    69  0.560000  0.066997 -0.115652  0.052917 -0.014542
    70  0.580000  0.064604 -0.124015  0.052559 -0.021310
    71  0.600000  0.062057 -0.130152  0.052063 -0.028296
    72  0.620000  0.059375 -0.138082  0.051425 -0.035552
    73  0.640000  0.056575 -0.142945  0.050639 -0.043144
    74  0.660000  0.053672 -0.147724  0.049697 -0.051150
    75  0.680000  0.050662 -0.152944  0.048589 -0.059679
    76  0.700000  0.047587 -0.155538  0.047305 -0.068874
    77  0.720000  0.044452 -0.156677  0.045829 -0.078945
    78  0.740000  0.041293 -0.157944  0.044139 -0.090218
    79  0.760000  0.038137 -0.157557  0.042208 -0.103262
    80  0.780000  0.034977 -0.159113  0.039989 -0.119305
    81  0.800000  0.031816 -0.158502  0.037387 -0.144276
    82  0.820000  0.028659 -0.157205  0.034223 -0.168510
    83  0.840000  0.025507 -0.157308  0.030706 -0.182326
    84  0.860000  0.022372 -0.156686  0.026960 -0.191610
    85  0.880000  0.019224 -0.159288  0.023540 -0.196168
    86  0.900000  0.016014 -0.162633  0.019617 -0.196168
    87  0.920000  0.012769 -0.160781  0.015693 -0.196168
    88  0.940000  0.009661 -0.148662  0.011770 -0.196168
    89  0.950000  0.008223 -0.138355  0.009808 -0.196168
    90  0.960000  0.006891 -0.129091  0.007847 -0.196168
    91  0.970000  0.005631 -0.123694  0.005885 -0.196168
    92  0.975000  0.005014 -0.124196  0.004904 -0.196168
    93  0.980000  0.004387 -0.128091  0.003923 -0.196168
    94  0.985000  0.003733 -0.135919  0.002943 -0.196168
    95  0.990000  0.003008 -0.155848  0.001962 -0.196168
    96  0.995000  0.002113 -0.213285  0.000981 -0.196168
    97  0.999000  0.000946 -0.470904  0.000196 -0.196168
    98  1.000000 -0.000000-25.027403 -0.000000 -0.196168

COORDINATES OF NACA AIRFOILS           23:12 29Apr2025
 NACA 63A816                                                                     
 COMBINED THICKNESS AND CAMBER
         xupper    yupper    xlower    ylower
     1  0.000000  0.000000  0.000000  0.000000
     2 -0.000669  0.001066  0.000769 -0.000989
     3 -0.000872  0.001564  0.001072 -0.001420
     4 -0.001105  0.002297  0.001505 -0.002027
     5 -0.001244  0.002877  0.001844 -0.002490
     6 -0.001336  0.003374  0.002136 -0.002874
     7 -0.001399  0.003819  0.002399 -0.003210
     8 -0.001441  0.004227  0.002641 -0.003511
     9 -0.001486  0.004965  0.003086 -0.004042
    10 -0.001492  0.005624  0.003492 -0.004502
    11 -0.001470  0.006228  0.003870 -0.004911
    12 -0.001430  0.006789  0.004230 -0.005283
    13 -0.001373  0.007316  0.004573 -0.005623
    14 -0.001304  0.007815  0.004904 -0.005940
    15 -0.001225  0.008290  0.005225 -0.006236
    16 -0.000992  0.009393  0.005992 -0.006903
    17 -0.000719  0.010399  0.006719 -0.007487
    18 -0.000418  0.011331  0.007418 -0.008009
    19 -0.000095  0.012206  0.008095 -0.008483
    20  0.000246  0.013031  0.008754 -0.008917
    21  0.000601  0.013816  0.009399 -0.009318
    22  0.001347  0.015281  0.010653 -0.010035
    23  0.002125  0.016646  0.011875 -0.010676
    24  0.002924  0.017942  0.013076 -0.011268
    25  0.003739  0.019187  0.014261 -0.011826
    26  0.004567  0.020385  0.015433 -0.012354
    27  0.005409  0.021537  0.016591 -0.012848
    28  0.006261  0.022650  0.017739 -0.013317
    29  0.007123  0.023730  0.018877 -0.013765
    30  0.007994  0.024775  0.020006 -0.014188
    31  0.008874  0.025790  0.021126 -0.014591
    32  0.009760  0.026778  0.022240 -0.014977
    33  0.011552  0.028683  0.024448 -0.015704
    34  0.013365  0.030502  0.026635 -0.016376
    35  0.017970  0.034743  0.032030 -0.017868
    36  0.022655  0.038635  0.037345 -0.019154
    37  0.027398  0.042249  0.042602 -0.020284
    38  0.032186  0.045642  0.047814 -0.021294
    39  0.037011  0.048843  0.052989 -0.022204
    40  0.041863  0.051888  0.058137 -0.023040
    41  0.046740  0.054790  0.063260 -0.023806
    42  0.051638  0.057568  0.068362 -0.024515
    43  0.061488  0.062787  0.078512 -0.025776
    44  0.071395  0.067626  0.088605 -0.026874
    45  0.081348  0.072130  0.098652 -0.027827
    46  0.091339  0.076349  0.108661 -0.028666
    47  0.111410  0.084046  0.128590 -0.030061
    48  0.131575  0.090903  0.148425 -0.031151
    49  0.151810  0.097036  0.168190 -0.031988
    50  0.172103  0.102528  0.187897 -0.032606
    51  0.192442  0.107436  0.207558 -0.033026
    52  0.212819  0.111812  0.227181 -0.033273
    53  0.233227  0.115691  0.246772 -0.033356
    54  0.253661  0.119110  0.266339 -0.033295
    55  0.274117  0.122072  0.285883 -0.033078
    56  0.294594  0.124573  0.305406 -0.032688
    57  0.315087  0.126602  0.324913 -0.032104
    58  0.335592  0.128199  0.344408 -0.031358
    59  0.356105  0.129366  0.363895 -0.030445
    60  0.376622  0.130121  0.383378 -0.029379
    61  0.397141  0.130457  0.402859 -0.028147
    62  0.417659  0.130385  0.422341 -0.026758
    63  0.438171  0.129919  0.441829 -0.025224
    64  0.458674  0.129093  0.461326 -0.023579
    65  0.479166  0.127911  0.480834 -0.021827
    66  0.499644  0.126386  0.500356 -0.019982
    67  0.520106  0.124538  0.519894 -0.018066
    68  0.540550  0.122372  0.539450 -0.016089
    69  0.560974  0.119907  0.559026 -0.014073
    70  0.581376  0.117149  0.578624 -0.012031
    71  0.601755  0.114096  0.598245 -0.009969
    72  0.622110  0.110762  0.617890 -0.007912
    73  0.642439  0.107161  0.637561 -0.005883
    74  0.662742  0.103299  0.657258 -0.003905
    75  0.683018  0.099161  0.676982 -0.001983
    76  0.703270  0.094780  0.696730 -0.000170
    77  0.723498  0.090143  0.716502  0.001515
    78  0.743710  0.085266  0.736290  0.003013
    79  0.763917  0.080144  0.756083  0.004273
    80  0.784144  0.074720  0.775856  0.005259
    81  0.804543  0.068877  0.795457  0.005897
    82  0.824762  0.062483  0.815238  0.005963
    83  0.844575  0.055799  0.835425  0.005612
    84  0.864210  0.048932  0.855790  0.004988
    85  0.883700  0.042404  0.876300  0.004676
    86  0.903083  0.035331  0.896917  0.003902
    87  0.922458  0.028223  0.917542  0.003164
    88  0.941860  0.021250  0.938140  0.002290
    89  0.951583  0.017878  0.948417  0.001739
    90  0.961326  0.014609  0.958674  0.001085
    91  0.971084  0.011411  0.968916  0.000359
    92  0.975965  0.009824  0.974035 -0.000016
    93  0.980844  0.008228  0.979156 -0.000382
    94  0.985719  0.006605  0.984281 -0.000720
    95  0.990579  0.004914  0.989421 -0.000990
    96  0.995407  0.003054  0.994593 -0.001093
    97  0.999182  0.001125  0.998818 -0.000732
    98  1.000000 -0.000000  1.000000  0.000000

COORDINATES OF NACA AIRFOILS           23:12 29Apr2025
 NACA 63A816                                                                     
 INTERPOLATED COORDINATES
            x      yupper   ylower
     1  0.000000  0.000000  0.000000
     2  0.000050  0.012567 -0.000065
     3  0.000100  0.012689 -0.000130
     4  0.000200  0.012925 -0.000258
     5  0.000300  0.013155 -0.000384
     6  0.000400  0.013381 -0.000510
     7  0.000500  0.013599 -0.000636
     8  0.000600  0.013813 -0.000764
     9  0.000800  0.014227 -0.001031
    10  0.001000  0.014624 -0.001316
    11  0.001200  0.015007 -0.001602
    12  0.001400  0.015378 -0.001882
    13  0.001600  0.015739 -0.002158
    14  0.001800  0.016091 -0.002430
    15  0.002000  0.016435 -0.002697
    16  0.002500  0.017265 -0.003337
    17  0.003000  0.018061 -0.003941
    18  0.003500  0.018829 -0.004510
    19  0.004000  0.019572 -0.005047
    20  0.004500  0.020291 -0.005552
    21  0.005000  0.020985 -0.006030
    22  0.006000  0.022313 -0.006910
    23  0.007000  0.023579 -0.007702
    24  0.008000  0.024782 -0.008419
    25  0.009000  0.025932 -0.009073
    26  0.010000  0.027040 -0.009671
    27  0.011000  0.028108 -0.010222
    28  0.012000  0.029142 -0.010740
    29  0.013000  0.030144 -0.011232
    30  0.014000  0.031118 -0.011705
    31  0.015000  0.032064 -0.012162
    32  0.016000  0.032988 -0.012599
    33  0.018000  0.034769 -0.013421
    34  0.020000  0.036474 -0.014186
    35  0.025000  0.040457 -0.015877
    36  0.030000  0.044121 -0.017331
    37  0.035000  0.047532 -0.018606
    38  0.040000  0.050739 -0.019740
    39  0.045000  0.053772 -0.020761
    40  0.050000  0.056654 -0.021689
    41  0.055000  0.059401 -0.022539
    42  0.060000  0.062027 -0.023325
    43  0.070000  0.066967 -0.024731
    44  0.080000  0.071539 -0.025947
    45  0.090000  0.075800 -0.027014
    46  0.100000  0.079789 -0.027946
    47  0.120000  0.087065 -0.029501
    48  0.140000  0.093541 -0.030721
    49  0.160000  0.099328 -0.031669
    50  0.180000  0.104501 -0.032383
    51  0.200000  0.109120 -0.032886
    52  0.220000  0.113232 -0.033202
    53  0.240000  0.116875 -0.033344
    54  0.260000  0.120077 -0.033331
    55  0.280000  0.122839 -0.033161
    56  0.300000  0.125153 -0.032815
    57  0.320000  0.127024 -0.032267
    58  0.340000  0.128486 -0.031541
    59  0.360000  0.129541 -0.030640
    60  0.380000  0.130205 -0.029575
    61  0.400000  0.130471 -0.028338
    62  0.420000  0.130352 -0.026934
    63  0.440000  0.129859 -0.025373
    64  0.460000  0.129027 -0.023694
    65  0.480000  0.127856 -0.021904
    66  0.500000  0.126357 -0.020016
    67  0.520000  0.124549 -0.018056
    68  0.540000  0.122435 -0.016033
    69  0.560000  0.120032 -0.013972
    70  0.580000  0.117344 -0.011887
    71  0.600000  0.114370 -0.009785
    72  0.620000  0.111121 -0.007693
    73  0.640000  0.107607 -0.005636
    74  0.660000  0.103837 -0.003634
    75  0.680000  0.099794 -0.001698
    76  0.700000  0.095505  0.000119
    77  0.720000  0.090963  0.001795
    78  0.740000  0.086179  0.003269
    79  0.760000  0.081159  0.004490
    80  0.780000  0.075856  0.005431
    81  0.800000  0.070227  0.005961
    82  0.820000  0.064035  0.005917
    83  0.840000  0.057380  0.005470
    84  0.860000  0.050379  0.004914
    85  0.880000  0.043671  0.004572
    86  0.900000  0.036477  0.003783
    87  0.920000  0.029118  0.003072
    88  0.940000  0.021907  0.002197
    89  0.950000  0.018420  0.001644
    90  0.960000  0.015048  0.000994
    91  0.970000  0.011764  0.000280
    92  0.975000  0.010138 -0.000086
    93  0.980000  0.008506 -0.000439
    94  0.985000  0.006846 -0.000766
    95  0.990000  0.005128 -0.001005
    96  0.995000  0.003204 -0.001109
    97  0.999000  0.001293 -0.000653
    98  1.000000 -0.000000  0.000000
 End of output for cambered airfoil
