 COORDINATES OF NACA AIRFOILS
 Created by naca456, version 1.1 (7 November 2010) on 23:12 29Apr2025
 Ralph L. Carmichael, Public Domain Aeronautical Software
  
 NACA 63A813                                                                     
Six-series profile, family= 63A   t/c= 0.1300
  
                       THICKNESS          MEAN LINE
            x         y      dy/dx         y      dy/dx
     1  0.000000  0.000000  0.000000  0.000000  0.000000
     2  0.000050  0.001071 10.788200  0.000038  0.699763
     3  0.000100  0.001519  7.649500  0.000072  0.651735
     4  0.000200  0.002151  5.387631  0.000135  0.603704
     5  0.000300  0.002635  4.375466  0.000193  0.575604
     6  0.000400  0.003040  3.781545  0.000250  0.555664
     7  0.000500  0.003398  3.378632  0.000305  0.540196
     8  0.000600  0.003720  3.081868  0.000358  0.527556
     9  0.000800  0.004291  2.658961  0.000462  0.507609
    10  0.001000  0.004792  2.364776  0.000561  0.492133
    11  0.001200  0.005242  2.147931  0.000659  0.479486
    12  0.001400  0.005654  1.981233  0.000753  0.468790
    13  0.001600  0.006036  1.846969  0.000846  0.459523
    14  0.001800  0.006394  1.734441  0.000937  0.451347
    15  0.002000  0.006731  1.638359  0.001027  0.444032
    16  0.002500  0.007500  1.448084  0.001245  0.428533
    17  0.003000  0.008188  1.306785  0.001456  0.415862
    18  0.003500  0.008812  1.197713  0.001661  0.405143
    19  0.004000  0.009388  1.110146  0.001861  0.395853
    20  0.004500  0.009925  1.035803  0.002057  0.387653
    21  0.005000  0.010426  0.971987  0.002249  0.380315
    22  0.006000  0.011347  0.875915  0.002623  0.367605
    23  0.007000  0.012188  0.810038  0.002985  0.356847
    24  0.008000  0.012974  0.762960  0.003337  0.347517
    25  0.009000  0.013717  0.725397  0.003680  0.339279
    26  0.010000  0.014424  0.687685  0.004016  0.331901
    27  0.011000  0.015095  0.655961  0.004344  0.325219
    28  0.012000  0.015739  0.631419  0.004666  0.319112
    29  0.013000  0.016358  0.606140  0.004983  0.313488
    30  0.014000  0.016951  0.581964  0.005293  0.308275
    31  0.015000  0.017523  0.562791  0.005599  0.303417
    32  0.016000  0.018077  0.545774  0.005900  0.298867
    33  0.018000  0.019136  0.513302  0.006490  0.290548
    34  0.020000  0.020135  0.487222  0.007063  0.283091
    35  0.025000  0.022431  0.434347  0.008438  0.267234
    36  0.030000  0.024499  0.394484  0.009740  0.254203
    37  0.035000  0.026390  0.363141  0.010983  0.243122
    38  0.040000  0.028145  0.339177  0.012174  0.233467
    39  0.045000  0.029781  0.316893  0.013319  0.224900
    40  0.050000  0.031326  0.300225  0.014424  0.217192
    41  0.055000  0.032785  0.283996  0.015492  0.210178
    42  0.060000  0.034171  0.270530  0.016527  0.203737
    43  0.070000  0.036746  0.246156  0.018505  0.192223
    44  0.080000  0.039104  0.225866  0.020376  0.182127
    45  0.090000  0.041271  0.208959  0.022152  0.173112
    46  0.100000  0.043278  0.193888  0.023841  0.164947
    47  0.120000  0.046884  0.169093  0.026992  0.150552
    48  0.140000  0.050033  0.147754  0.029876  0.138062
    49  0.160000  0.052796  0.128401  0.032524  0.126951
    50  0.180000  0.055214  0.112683  0.034961  0.116880
    51  0.200000  0.057322  0.098073  0.037205  0.107616
    52  0.220000  0.059152  0.084127  0.039270  0.098990
    53  0.240000  0.060715  0.072667  0.041168  0.090877
    54  0.260000  0.062046  0.059695  0.042908  0.083183
    55  0.280000  0.063134  0.047398  0.044497  0.075830
    56  0.300000  0.063975  0.034424  0.045943  0.068757
    57  0.320000  0.064550  0.022421  0.047249  0.061914
    58  0.340000  0.064890  0.011010  0.048420  0.055257
    59  0.360000  0.065000 -0.000431  0.049460  0.048749
    60  0.380000  0.064883 -0.011612  0.050371  0.042356
    61  0.400000  0.064534 -0.022821  0.051155  0.036049
    62  0.420000  0.063960 -0.033421  0.051813  0.029800
    63  0.440000  0.063177 -0.044215  0.052347  0.023583
    64  0.460000  0.062199 -0.053521  0.052757  0.017371
    65  0.480000  0.061036 -0.062239  0.053042  0.011139
    66  0.500000  0.059702 -0.070593  0.053202  0.004860
    67  0.520000  0.058202 -0.078980  0.053236 -0.001492
    68  0.540000  0.056552 -0.086551  0.053142 -0.007948
    69  0.560000  0.054761 -0.093053  0.052917 -0.014542
    70  0.580000  0.052840 -0.098408  0.052559 -0.021310
    71  0.600000  0.050793 -0.104861  0.052063 -0.028296
    72  0.620000  0.048640 -0.110577  0.051425 -0.035552
    73  0.640000  0.046380 -0.116081  0.050639 -0.043144
    74  0.660000  0.044023 -0.119465  0.049697 -0.051150
    75  0.680000  0.041587 -0.123513  0.048589 -0.059679
    76  0.700000  0.039085 -0.126694  0.047305 -0.068874
    77  0.720000  0.036527 -0.129202  0.045829 -0.078945
    78  0.740000  0.033943 -0.130225  0.044139 -0.090218
    79  0.760000  0.031350 -0.129561  0.042208 -0.103262
    80  0.780000  0.028763 -0.129449  0.039989 -0.119305
    81  0.800000  0.026167 -0.129763  0.037387 -0.144276
    82  0.820000  0.023569 -0.129203  0.034223 -0.168510
    83  0.840000  0.020982 -0.129337  0.030706 -0.182326
    84  0.860000  0.018403 -0.128103  0.026960 -0.191610
    85  0.880000  0.015823 -0.129473  0.023540 -0.196168
    86  0.900000  0.013196 -0.133529  0.019617 -0.196168
    87  0.920000  0.010521 -0.132890  0.015693 -0.196168
    88  0.940000  0.007938 -0.123742  0.011770 -0.196168
    89  0.950000  0.006738 -0.115557  0.009808 -0.196168
    90  0.960000  0.005627 -0.107191  0.007847 -0.196168
    91  0.970000  0.004583 -0.102425  0.005885 -0.196168
    92  0.975000  0.004075 -0.102132  0.004904 -0.196168
    93  0.980000  0.003561 -0.104844  0.003923 -0.196168
    94  0.985000  0.003025 -0.110570  0.002943 -0.196168
    95  0.990000  0.002436 -0.126478  0.001962 -0.196168
    96  0.995000  0.001710 -0.172855  0.000981 -0.196168
    97  0.999000  0.000766 -0.380184  0.000196 -0.196168
    98  1.000000 -0.000000-12.072374 -0.000000 -0.196168

COORDINATES OF NACA AIRFOILS           23:12 29Apr2025
 NACA 63A813                                                                     
 COMBINED THICKNESS AND CAMBER
         xupper    yupper    xlower    ylower
     1  0.000000  0.000000  0.000000  0.000000
     2 -0.000564  0.000916  0.000664 -0.000839
     3 -0.000729  0.001344  0.000929 -0.001200
     4 -0.000912  0.001976  0.001312 -0.001707
     5 -0.001014  0.002477  0.001614 -0.002090
     6 -0.001077  0.002908  0.001877 -0.002408
     7 -0.001115  0.003294  0.002115 -0.002685
     8 -0.001136  0.003648  0.002336 -0.002932
     9 -0.001142  0.004288  0.002742 -0.003365
    10 -0.001116  0.004861  0.003116 -0.003738
    11 -0.001067  0.005386  0.003467 -0.004068
    12 -0.001000  0.005873  0.003800 -0.004366
    13 -0.000920  0.006331  0.004120 -0.004639
    14 -0.000831  0.006765  0.004431 -0.004891
    15 -0.000732  0.007178  0.004732 -0.005125
    16 -0.000454  0.008139  0.005454 -0.005649
    17 -0.000144  0.009016  0.006144 -0.006105
    18  0.000191  0.009828  0.006809 -0.006506
    19  0.000544  0.010591  0.007456 -0.006868
    20  0.000913  0.011311  0.008087 -0.007197
    21  0.001294  0.011994  0.008706 -0.007497
    22  0.002085  0.013273  0.009915 -0.008028
    23  0.002904  0.014464  0.011096 -0.008494
    24  0.003741  0.015592  0.012259 -0.008918
    25  0.004593  0.016670  0.013407 -0.009310
    26  0.005456  0.017705  0.014544 -0.009674
    27  0.006332  0.018699  0.015668 -0.010011
    28  0.007215  0.019660  0.016785 -0.010327
    29  0.008107  0.020591  0.017893 -0.010626
    30  0.009006  0.021492  0.018994 -0.010905
    31  0.009912  0.022368  0.020088 -0.011169
    32  0.010824  0.023221  0.021176 -0.011420
    33  0.012661  0.024865  0.023339 -0.011886
    34  0.014515  0.026437  0.025485 -0.012311
    35  0.019209  0.030108  0.030791 -0.013233
    36  0.023964  0.033484  0.036036 -0.014003
    37  0.028766  0.036626  0.041234 -0.014661
    38  0.033601  0.039581  0.046399 -0.015234
    39  0.038465  0.042375  0.051535 -0.015736
    40  0.043351  0.045036  0.056649 -0.016188
    41  0.048257  0.047576  0.061743 -0.016591
    42  0.053178  0.050010  0.066822 -0.016956
    43  0.063064  0.054591  0.076936 -0.017580
    44  0.072993  0.058848  0.087007 -0.018095
    45  0.082960  0.062818  0.097040 -0.018515
    46  0.092957  0.066543  0.107043 -0.018860
    47  0.113020  0.073354  0.126980 -0.019369
    48  0.133157  0.079439  0.146843 -0.019687
    49  0.153351  0.084899  0.166649 -0.019851
    50  0.173590  0.089801  0.186410 -0.019880
    51  0.193867  0.094198  0.206133 -0.019788
    52  0.214173  0.098134  0.225827 -0.019595
    53  0.234505  0.101633  0.245495 -0.019298
    54  0.254857  0.104740  0.265143 -0.018925
    55  0.275226  0.107450  0.284774 -0.018456
    56  0.295612  0.109767  0.304388 -0.017882
    57  0.316011  0.111676  0.323989 -0.017178
    58  0.336420  0.113212  0.343580 -0.016371
    59  0.356835  0.114383  0.363165 -0.015462
    60  0.377254  0.115196  0.382746 -0.014454
    61  0.397675  0.115648  0.402325 -0.013338
    62  0.418095  0.115745  0.421905 -0.012118
    63  0.438511  0.115507  0.441489 -0.010813
    64  0.458920  0.114947  0.461080 -0.009433
    65  0.479320  0.114074  0.480680 -0.007991
    66  0.499710  0.112904  0.500290 -0.006499
    67  0.520087  0.111438  0.519913 -0.004966
    68  0.540450  0.109692  0.539551 -0.003408
    69  0.560796  0.107673  0.559204 -0.001839
    70  0.581126  0.105387  0.578874 -0.000269
    71  0.601437  0.102836  0.598563  0.001291
    72  0.621728  0.100034  0.618272  0.002816
    73  0.641999  0.096975  0.638001  0.004302
    74  0.662249  0.093662  0.657751  0.005732
    75  0.682477  0.090103  0.677523  0.007076
    76  0.702686  0.086297  0.697314  0.008313
    77  0.722875  0.082242  0.717125  0.009415
    78  0.743050  0.077945  0.736950  0.010333
    79  0.763220  0.073392  0.756780  0.011024
    80  0.783407  0.068550  0.776593  0.011429
    81  0.803737  0.063286  0.796263  0.011488
    82  0.823916  0.057464  0.816084  0.010982
    83  0.843763  0.051347  0.836236  0.010064
    84  0.863463  0.045034  0.856537  0.008886
    85  0.883046  0.039067  0.876954  0.008013
    86  0.902540  0.032566  0.897460  0.006667
    87  0.922025  0.026017  0.917975  0.005369
    88  0.941528  0.019559  0.938472  0.003981
    89  0.951297  0.016420  0.948703  0.003197
    90  0.961083  0.013368  0.958917  0.002325
    91  0.970882  0.010383  0.969118  0.001387
    92  0.975784  0.008903  0.974216  0.000905
    93  0.980685  0.007418  0.979315  0.000429
    94  0.985582  0.005911  0.984418 -0.000026
    95  0.990469  0.004352  0.989531 -0.000429
    96  0.995329  0.002659  0.994671 -0.000697
    97  0.999147  0.000948  0.998853 -0.000555
    98  1.000000 -0.000000  1.000000  0.000000

COORDINATES OF NACA AIRFOILS           23:12 29Apr2025
 NACA 63A813                                                                     
 INTERPOLATED COORDINATES
            x      yupper   ylower
     1  0.000000  0.000000  0.000000
     2  0.000050  0.009499 -0.000066
     3  0.000100  0.009618 -0.000129
     4  0.000200  0.009849 -0.000256
     5  0.000300  0.010072 -0.000380
     6  0.000400  0.010289 -0.000504
     7  0.000500  0.010499 -0.000628
     8  0.000600  0.010703 -0.000756
     9  0.000800  0.011098 -0.001023
    10  0.001000  0.011473 -0.001296
    11  0.001200  0.011831 -0.001562
    12  0.001400  0.012176 -0.001820
    13  0.001600  0.012508 -0.002072
    14  0.001800  0.012830 -0.002316
    15  0.002000  0.013143 -0.002552
    16  0.002500  0.013890 -0.003110
    17  0.003000  0.014598 -0.003625
    18  0.003500  0.015275 -0.004099
    19  0.004000  0.015926 -0.004538
    20  0.004500  0.016556 -0.004945
    21  0.005000  0.017165 -0.005325
    22  0.006000  0.018328 -0.006013
    23  0.007000  0.019429 -0.006616
    24  0.008000  0.020481 -0.007153
    25  0.009000  0.021486 -0.007632
    26  0.010000  0.022451 -0.008063
    27  0.011000  0.023383 -0.008458
    28  0.012000  0.024284 -0.008826
    29  0.013000  0.025159 -0.009174
    30  0.014000  0.026008 -0.009503
    31  0.015000  0.026835 -0.009813
    32  0.016000  0.027642 -0.010106
    33  0.018000  0.029199 -0.010654
    34  0.020000  0.030691 -0.011148
    35  0.025000  0.034181 -0.012218
    36  0.030000  0.037399 -0.013106
    37  0.035000  0.040401 -0.013861
    38  0.040000  0.043226 -0.014512
    39  0.045000  0.045904 -0.015086
    40  0.050000  0.048451 -0.015592
    41  0.055000  0.050884 -0.016047
    42  0.060000  0.053212 -0.016458
    43  0.070000  0.057598 -0.017166
    44  0.080000  0.061667 -0.017747
    45  0.090000  0.065466 -0.018229
    46  0.100000  0.069029 -0.018624
    47  0.120000  0.075541 -0.019215
    48  0.140000  0.081357 -0.019596
    49  0.160000  0.086570 -0.019812
    50  0.180000  0.091244 -0.019885
    51  0.200000  0.095435 -0.019828
    52  0.220000  0.099180 -0.019663
    53  0.240000  0.102511 -0.019389
    54  0.260000  0.105462 -0.019031
    55  0.280000  0.108029 -0.018579
    56  0.300000  0.110212 -0.018021
    57  0.320000  0.112005 -0.017331
    58  0.340000  0.113443 -0.016526
    59  0.360000  0.114532 -0.015616
    60  0.380000  0.115278 -0.014602
    61  0.400000  0.115676 -0.013476
    62  0.420000  0.115737 -0.012241
    63  0.440000  0.115477 -0.010915
    64  0.460000  0.114908 -0.009511
    65  0.480000  0.114040 -0.008041
    66  0.500000  0.112885 -0.006522
    67  0.520000  0.111444 -0.004959
    68  0.540000  0.109733 -0.003372
    69  0.560000  0.107757 -0.001775
    70  0.580000  0.105521 -0.000180
    71  0.600000  0.103025  0.001403
    72  0.620000  0.100283  0.002948
    73  0.640000  0.097289  0.004450
    74  0.660000  0.094042  0.005889
    75  0.680000  0.090552  0.007237
    76  0.700000  0.086818  0.008471
    77  0.720000  0.082835  0.009561
    78  0.740000  0.078611  0.010456
    79  0.760000  0.074137  0.011110
    80  0.780000  0.069389  0.011470
    81  0.800000  0.064297  0.011435
    82  0.820000  0.058631  0.010834
    83  0.840000  0.052540  0.009844
    84  0.860000  0.046120  0.008729
    85  0.880000  0.040018  0.007844
    86  0.900000  0.033430  0.006498
    87  0.920000  0.026694  0.005241
    88  0.940000  0.020058  0.003869
    89  0.950000  0.016831  0.003091
    90  0.960000  0.013702  0.002228
    91  0.970000  0.010650  0.001304
    92  0.975000  0.009140  0.000831
    93  0.980000  0.007627  0.000367
    94  0.985000  0.006091 -0.000078
    95  0.990000  0.004511 -0.000454
    96  0.995000  0.002766 -0.000723
    97  0.999000  0.001066 -0.000506
    98  1.000000 -0.000000  0.000000
 End of output for cambered airfoil
