 COORDINATES OF NACA AIRFOILS
 Created by naca456, version 1.1 (7 November 2010) on 23:06 29Apr2025
 Ralph L. Carmichael, Public Domain Aeronautical Software
  
 NACA 63A619                                                                     
Six-series profile, family= 63A   t/c= 0.1900
  
                       THICKNESS          MEAN LINE
            x         y      dy/dx         y      dy/dx
     1  0.000000  0.000000**********  0.000000  0.000000
     2  0.000050  0.001403 14.218258  0.000029  0.524822
     3  0.000100  0.001994 10.138322  0.000054  0.488802
     4  0.000200  0.002834  7.155925  0.000101  0.452778
     5  0.000300  0.003475  5.808666  0.000145  0.431703
     6  0.000400  0.004014  5.019748  0.000187  0.416748
     7  0.000500  0.004488  4.492565  0.000229  0.405147
     8  0.000600  0.004917  4.106922  0.000269  0.395667
     9  0.000800  0.005681  3.558892  0.000346  0.380707
    10  0.001000  0.006352  3.173615  0.000421  0.369100
    11  0.001200  0.006956  2.885736  0.000494  0.359614
    12  0.001400  0.007510  2.666272  0.000565  0.351593
    13  0.001600  0.008026  2.492123  0.000635  0.344642
    14  0.001800  0.008510  2.348378  0.000703  0.338510
    15  0.002000  0.008966  2.224610  0.000770  0.333024
    16  0.002500  0.010014  1.976669  0.000934  0.321400
    17  0.003000  0.010953  1.791330  0.001092  0.311897
    18  0.003500  0.011811  1.647420  0.001246  0.303857
    19  0.004000  0.012606  1.533767  0.001396  0.296890
    20  0.004500  0.013349  1.439431  0.001543  0.290740
    21  0.005000  0.014047  1.355818  0.001687  0.285236
    22  0.006000  0.015333  1.225499  0.001967  0.275704
    23  0.007000  0.016514  1.142848  0.002239  0.267635
    24  0.008000  0.017629  1.091135  0.002503  0.260638
    25  0.009000  0.018701  1.053841  0.002760  0.254459
    26  0.010000  0.019736  1.014889  0.003012  0.248926
    27  0.011000  0.020728  0.970255  0.003258  0.243914
    28  0.012000  0.021681  0.937210  0.003500  0.239334
    29  0.013000  0.022604  0.907996  0.003737  0.235116
    30  0.014000  0.023495  0.873299  0.003970  0.231207
    31  0.015000  0.024352  0.843016  0.004199  0.227562
    32  0.016000  0.025183  0.819704  0.004425  0.224150
    33  0.018000  0.026777  0.773580  0.004867  0.217911
    34  0.020000  0.028283  0.735065  0.005297  0.212318
    35  0.025000  0.031750  0.656387  0.006328  0.200425
    36  0.030000  0.034876  0.595982  0.007305  0.190652
    37  0.035000  0.037734  0.548089  0.008237  0.182341
    38  0.040000  0.040379  0.511506  0.009130  0.175100
    39  0.045000  0.042846  0.476841  0.009989  0.168675
    40  0.050000  0.045170  0.451720  0.010818  0.162894
    41  0.055000  0.047364  0.426707  0.011619  0.157634
    42  0.060000  0.049446  0.406143  0.012395  0.152802
    43  0.070000  0.053309  0.368925  0.013879  0.144167
    44  0.080000  0.056839  0.337761  0.015282  0.136595
    45  0.090000  0.060079  0.311402  0.016614  0.129834
    46  0.100000  0.063077  0.288862  0.017881  0.123710
    47  0.120000  0.068455  0.251993  0.020244  0.112914
    48  0.140000  0.073144  0.220278  0.022407  0.103546
    49  0.160000  0.077244  0.190617  0.024393  0.095213
    50  0.180000  0.080834  0.167751  0.026221  0.087660
    51  0.200000  0.083955  0.145829  0.027903  0.080712
    52  0.220000  0.086655  0.124917  0.029452  0.074242
    53  0.240000  0.088965  0.106525  0.030876  0.068158
    54  0.260000  0.090908  0.088381  0.032181  0.062387
    55  0.280000  0.092487  0.070369  0.033373  0.056872
    56  0.300000  0.093676  0.049733  0.034457  0.051568
    57  0.320000  0.094476  0.032154  0.035437  0.046435
    58  0.340000  0.094915  0.012921  0.036315  0.041443
    59  0.360000  0.094997 -0.003918  0.037095  0.036561
    60  0.380000  0.094740 -0.022183  0.037778  0.031767
    61  0.400000  0.094141 -0.039154  0.038366  0.027037
    62  0.420000  0.093204 -0.055841  0.038860  0.022350
    63  0.440000  0.091950 -0.069514  0.039260  0.017687
    64  0.460000  0.090422 -0.083790  0.039568  0.013028
    65  0.480000  0.088618 -0.097165  0.039781  0.008354
    66  0.500000  0.086568 -0.107940  0.039902  0.003645
    67  0.520000  0.084294 -0.119628  0.039927 -0.001119
    68  0.540000  0.081794 -0.129591  0.039856 -0.005961
    69  0.560000  0.079098 -0.140240  0.039688 -0.010906
    70  0.580000  0.076216 -0.149421  0.039419 -0.015982
    71  0.600000  0.073168 -0.156656  0.039047 -0.021222
    72  0.620000  0.069959 -0.162096  0.038569 -0.026664
    73  0.640000  0.066615 -0.170286  0.037979 -0.032358
    74  0.660000  0.063151 -0.176940  0.037273 -0.038363
    75  0.680000  0.059578 -0.179522  0.036442 -0.044759
    76  0.700000  0.055932 -0.184173  0.035479 -0.051655
    77  0.720000  0.052233 -0.185304  0.034371 -0.059209
    78  0.740000  0.048507 -0.185640  0.033105 -0.067664
    79  0.760000  0.044789 -0.186211  0.031656 -0.077446
    80  0.780000  0.041070 -0.185510  0.029992 -0.089478
    81  0.800000  0.037353 -0.185974  0.028040 -0.108207
    82  0.820000  0.033644 -0.185691  0.025667 -0.126382
    83  0.840000  0.029940 -0.184974  0.023029 -0.136744
    84  0.860000  0.026257 -0.184550  0.020220 -0.143707
    85  0.880000  0.022544 -0.187822  0.017655 -0.147126
    86  0.900000  0.018766 -0.190604  0.014713 -0.147126
    87  0.920000  0.014967 -0.187610  0.011770 -0.147126
    88  0.940000  0.011359 -0.172241  0.008828 -0.147126
    89  0.950000  0.009696 -0.160083  0.007356 -0.147126
    90  0.960000  0.008150 -0.150178  0.005885 -0.147126
    91  0.970000  0.006680 -0.144281  0.004414 -0.147126
    92  0.975000  0.005956 -0.145548  0.003678 -0.147126
    93  0.980000  0.005217 -0.150815  0.002943 -0.147126
    94  0.985000  0.004444 -0.161444  0.002207 -0.147126
    95  0.990000  0.003586 -0.185473  0.001471 -0.147126
    96  0.995000  0.002520 -0.254110  0.000736 -0.147126
    97  0.999000  0.001129 -0.561605  0.000147 -0.147126
    98  1.000000 -0.000000-54.516945 -0.000000 -0.147126

COORDINATES OF NACA AIRFOILS           23:06 29Apr2025
 NACA 63A619                                                                     
 COMBINED THICKNESS AND CAMBER
         xupper    yupper    xlower    ylower
     1  0.000000  0.000000  0.000000  0.000000
     2 -0.000602  0.001271  0.000702 -0.001213
     3 -0.000776  0.001846  0.000976 -0.001738
     4 -0.000969  0.002682  0.001369 -0.002481
     5 -0.001077  0.003336  0.001677 -0.003046
     6 -0.001144  0.003893  0.001944 -0.003518
     7 -0.001185  0.004388  0.002185 -0.003931
     8 -0.001209  0.004841  0.002409 -0.004304
     9 -0.001221  0.005655  0.002821 -0.004963
    10 -0.001199  0.006380  0.003199 -0.005538
    11 -0.001154  0.007040  0.003554 -0.006052
    12 -0.001091  0.007650  0.003891 -0.006520
    13 -0.001015  0.008222  0.004215 -0.006953
    14 -0.000928  0.008763  0.004528 -0.007357
    15 -0.000833  0.009277  0.004833 -0.007737
    16 -0.000564  0.010467  0.005564 -0.008600
    17 -0.000261  0.011549  0.006261 -0.009365
    18  0.000066  0.012547  0.006934 -0.010055
    19  0.000412  0.013480  0.007588 -0.010689
    20  0.000773  0.014361  0.008227 -0.011275
    21  0.001147  0.015195  0.008853 -0.011822
    22  0.001925  0.016748  0.010075 -0.012814
    23  0.002731  0.018191  0.011269 -0.013714
    24  0.003554  0.019562  0.012446 -0.014556
    25  0.004388  0.020884  0.013612 -0.015363
    26  0.005233  0.022163  0.014767 -0.016139
    27  0.006088  0.023396  0.015912 -0.016880
    28  0.006954  0.024585  0.017046 -0.017585
    29  0.007827  0.025741  0.018173 -0.018267
    30  0.008707  0.026861  0.019293 -0.018921
    31  0.009597  0.027944  0.020403 -0.019545
    32  0.010492  0.028999  0.021508 -0.020148
    33  0.012299  0.031030  0.023701 -0.021295
    34  0.014126  0.032964  0.025874 -0.022369
    35  0.018760  0.037460  0.031240 -0.024803
    36  0.023468  0.041564  0.036532 -0.026954
    37  0.028231  0.045359  0.041769 -0.028885
    38  0.033036  0.048905  0.046964 -0.030644
    39  0.037874  0.052239  0.052126 -0.032260
    40  0.042738  0.055401  0.057262 -0.033764
    41  0.047625  0.058405  0.062375 -0.035167
    42  0.052531  0.061274  0.067469 -0.036484
    43  0.062393  0.066642  0.077607 -0.038884
    44  0.072307  0.071598  0.087693 -0.041034
    45  0.082265  0.076193  0.097735 -0.042966
    46  0.092256  0.080481  0.107744 -0.044719
    47  0.112319  0.088267  0.127681 -0.047779
    48  0.132467  0.095161  0.147533 -0.050348
    49  0.152678  0.101289  0.167322 -0.052503
    50  0.172941  0.106745  0.187059 -0.054304
    51  0.193246  0.111587  0.206754 -0.055780
    52  0.213584  0.115869  0.226416 -0.056964
    53  0.233950  0.119634  0.246050 -0.057883
    54  0.254340  0.122913  0.265660 -0.058551
    55  0.274749  0.125710  0.285251 -0.058965
    56  0.295176  0.128009  0.304824 -0.059095
    57  0.315618  0.129811  0.324382 -0.058937
    58  0.336070  0.131149  0.343930 -0.058519
    59  0.356529  0.132029  0.363471 -0.057839
    60  0.376992  0.132471  0.383008 -0.056914
    61  0.397456  0.132473  0.402544 -0.055740
    62  0.417917  0.132040  0.422083 -0.054320
    63  0.438374  0.131196  0.441626 -0.052676
    64  0.458822  0.129982  0.461178 -0.050847
    65  0.479260  0.128397  0.480740 -0.048834
    66  0.499684  0.126469  0.500316 -0.046666
    67  0.520094  0.124221  0.519906 -0.044367
    68  0.540488  0.121649  0.539512 -0.041937
    69  0.560863  0.118781  0.559137 -0.039405
    70  0.581218  0.115625  0.578782 -0.036787
    71  0.601552  0.112199  0.598448 -0.034104
    72  0.621865  0.108503  0.618135 -0.031365
    73  0.642154  0.104560  0.637846 -0.028601
    74  0.662421  0.100377  0.657579 -0.025832
    75  0.682664  0.095961  0.677336 -0.023077
    76  0.702885  0.091336  0.697115 -0.020378
    77  0.723087  0.086513  0.716913 -0.017770
    78  0.743275  0.081501  0.736725 -0.015292
    79  0.763458  0.076312  0.756542 -0.012999
    80  0.783660  0.070898  0.776340 -0.010914
    81  0.804018  0.065176  0.795982 -0.009096
    82  0.824218  0.059046  0.815782 -0.007711
    83  0.844056  0.052694  0.835944 -0.006635
    84  0.863735  0.046210  0.856265 -0.005770
    85  0.883282  0.039959  0.876718 -0.004649
    86  0.902732  0.033279  0.897268 -0.003854
    87  0.922179  0.026578  0.917821 -0.003038
    88  0.941653  0.020065  0.938347 -0.002410
    89  0.951411  0.016949  0.948589 -0.002237
    90  0.961186  0.013948  0.958814 -0.002178
    91  0.970972  0.011023  0.969028 -0.002195
    92  0.975867  0.009570  0.974133 -0.002214
    93  0.980759  0.008104  0.979241 -0.002219
    94  0.985647  0.006604  0.984353 -0.002190
    95  0.990522  0.005019  0.989478 -0.002076
    96  0.995367  0.003229  0.994633 -0.001757
    97  0.999164  0.001264  0.998836 -0.000969
    98  1.000000 -0.000000  1.000000  0.000000

COORDINATES OF NACA AIRFOILS           23:06 29Apr2025
 NACA 63A619                                                                     
 INTERPOLATED COORDINATES
            x      yupper   ylower
     1  0.000000  0.000000  0.000000
     2  0.000050  0.012501 -0.000088
     3  0.000100  0.012643 -0.000174
     4  0.000200  0.012920 -0.000345
     5  0.000300  0.013189 -0.000513
     6  0.000400  0.013449 -0.000683
     7  0.000500  0.013702 -0.000854
     8  0.000600  0.013949 -0.001029
     9  0.000800  0.014423 -0.001398
    10  0.001000  0.014876 -0.001784
    11  0.001200  0.015308 -0.002165
    12  0.001400  0.015724 -0.002538
    13  0.001600  0.016125 -0.002906
    14  0.001800  0.016512 -0.003265
    15  0.002000  0.016889 -0.003615
    16  0.002500  0.017791 -0.004453
    17  0.003000  0.018649 -0.005238
    18  0.003500  0.019475 -0.005975
    19  0.004000  0.020276 -0.006667
    20  0.004500  0.021056 -0.007321
    21  0.005000  0.021816 -0.007940
    22  0.006000  0.023272 -0.009084
    23  0.007000  0.024647 -0.010121
    24  0.008000  0.025965 -0.011070
    25  0.009000  0.027223 -0.011946
    26  0.010000  0.028424 -0.012756
    27  0.011000  0.029583 -0.013516
    28  0.012000  0.030703 -0.014241
    29  0.013000  0.031785 -0.014943
    30  0.014000  0.032834 -0.015627
    31  0.015000  0.033853 -0.016292
    32  0.016000  0.034846 -0.016935
    33  0.018000  0.036756 -0.018163
    34  0.020000  0.038580 -0.019321
    35  0.025000  0.042819 -0.021944
    36  0.030000  0.046694 -0.024266
    37  0.035000  0.050284 -0.026354
    38  0.040000  0.053643 -0.028252
    39  0.045000  0.056811 -0.029995
    40  0.050000  0.059811 -0.031608
    41  0.055000  0.062665 -0.033114
    42  0.060000  0.065383 -0.034526
    43  0.070000  0.070481 -0.037109
    44  0.080000  0.075178 -0.039414
    45  0.090000  0.079538 -0.041495
    46  0.100000  0.083608 -0.043376
    47  0.120000  0.090996 -0.046662
    48  0.140000  0.097531 -0.049424
    49  0.160000  0.103336 -0.051749
    50  0.180000  0.108496 -0.053698
    51  0.200000  0.113069 -0.055308
    52  0.220000  0.117110 -0.056608
    53  0.240000  0.120657 -0.057627
    54  0.260000  0.123738 -0.058384
    55  0.280000  0.126350 -0.058880
    56  0.300000  0.128478 -0.059090
    57  0.320000  0.130136 -0.058996
    58  0.340000  0.131353 -0.058624
    59  0.360000  0.132135 -0.057978
    60  0.380000  0.132499 -0.057072
    61  0.400000  0.132442 -0.055907
    62  0.420000  0.131973 -0.054483
    63  0.440000  0.131113 -0.052820
    64  0.460000  0.129901 -0.050962
    65  0.480000  0.128333 -0.048913
    66  0.500000  0.126437 -0.046702
    67  0.520000  0.124232 -0.044356
    68  0.540000  0.121714 -0.041875
    69  0.560000  0.118908 -0.039292
    70  0.580000  0.115822 -0.036622
    71  0.600000  0.112470 -0.033890
    72  0.620000  0.108853 -0.031104
    73  0.640000  0.104990 -0.028299
    74  0.660000  0.100889 -0.025492
    75  0.680000  0.096555 -0.022709
    76  0.700000  0.092009 -0.019992
    77  0.720000  0.087263 -0.017374
    78  0.740000  0.082326 -0.014899
    79  0.760000  0.077216 -0.012621
    80  0.780000  0.071895 -0.010550
    81  0.800000  0.066339 -0.008779
    82  0.820000  0.060358 -0.007459
    83  0.840000  0.054019 -0.006463
    84  0.860000  0.047423 -0.005574
    85  0.880000  0.041030 -0.004499
    86  0.900000  0.034232 -0.003750
    87  0.920000  0.027321 -0.002957
    88  0.940000  0.020605 -0.002375
    89  0.950000  0.017392 -0.002222
    90  0.960000  0.014307 -0.002177
    91  0.970000  0.011311 -0.002199
    92  0.975000  0.009828 -0.002217
    93  0.980000  0.008334 -0.002217
    94  0.985000  0.006804 -0.002184
    95  0.990000  0.005201 -0.002049
    96  0.995000  0.003361 -0.001739
    97  0.999000  0.001422 -0.000874
    98  1.000000 -0.000000  0.000000
 End of output for cambered airfoil
