 COORDINATES OF NACA AIRFOILS
 Created by naca456, version 1.1 (7 November 2010) on 23:02 29Apr2025
 Ralph L. Carmichael, Public Domain Aeronautical Software
  
 NACA 63A419                                                                     
Six-series profile, family= 63A   t/c= 0.1900
  
                       THICKNESS          MEAN LINE
            x         y      dy/dx         y      dy/dx
     1  0.000000  0.000000**********  0.000000  0.000000
     2  0.000050  0.001403 14.218258  0.000019  0.349882
     3  0.000100  0.001994 10.138322  0.000036  0.325868
     4  0.000200  0.002834  7.155925  0.000067  0.301852
     5  0.000300  0.003475  5.808666  0.000097  0.287802
     6  0.000400  0.004014  5.019748  0.000125  0.277832
     7  0.000500  0.004488  4.492565  0.000152  0.270098
     8  0.000600  0.004917  4.106922  0.000179  0.263778
     9  0.000800  0.005681  3.558892  0.000231  0.253805
    10  0.001000  0.006352  3.173615  0.000281  0.246067
    11  0.001200  0.006956  2.885736  0.000329  0.239743
    12  0.001400  0.007510  2.666272  0.000377  0.234395
    13  0.001600  0.008026  2.492123  0.000423  0.229762
    14  0.001800  0.008510  2.348378  0.000469  0.225674
    15  0.002000  0.008966  2.224610  0.000513  0.222016
    16  0.002500  0.010014  1.976669  0.000622  0.214266
    17  0.003000  0.010953  1.791330  0.000728  0.207931
    18  0.003500  0.011811  1.647420  0.000830  0.202572
    19  0.004000  0.012606  1.533767  0.000931  0.197926
    20  0.004500  0.013349  1.439431  0.001028  0.193827
    21  0.005000  0.014047  1.355818  0.001124  0.190157
    22  0.006000  0.015333  1.225499  0.001311  0.183802
    23  0.007000  0.016514  1.142848  0.001492  0.178423
    24  0.008000  0.017629  1.091135  0.001668  0.173759
    25  0.009000  0.018701  1.053841  0.001840  0.169639
    26  0.010000  0.019736  1.014889  0.002008  0.165950
    27  0.011000  0.020728  0.970255  0.002172  0.162610
    28  0.012000  0.021681  0.937210  0.002333  0.159556
    29  0.013000  0.022604  0.907996  0.002491  0.156744
    30  0.014000  0.023495  0.873299  0.002647  0.154138
    31  0.015000  0.024352  0.843016  0.002800  0.151708
    32  0.016000  0.025183  0.819704  0.002950  0.149433
    33  0.018000  0.026777  0.773580  0.003245  0.145274
    34  0.020000  0.028283  0.735065  0.003532  0.141545
    35  0.025000  0.031750  0.656387  0.004219  0.133617
    36  0.030000  0.034876  0.595982  0.004870  0.127102
    37  0.035000  0.037734  0.548089  0.005491  0.121561
    38  0.040000  0.040379  0.511506  0.006087  0.116733
    39  0.045000  0.042846  0.476841  0.006660  0.112450
    40  0.050000  0.045170  0.451720  0.007212  0.108596
    41  0.055000  0.047364  0.426707  0.007746  0.105089
    42  0.060000  0.049446  0.406143  0.008263  0.101868
    43  0.070000  0.053309  0.368925  0.009253  0.096111
    44  0.080000  0.056839  0.337761  0.010188  0.091064
    45  0.090000  0.060079  0.311402  0.011076  0.086556
    46  0.100000  0.063077  0.288862  0.011921  0.082474
    47  0.120000  0.068455  0.251993  0.013496  0.075276
    48  0.140000  0.073144  0.220278  0.014938  0.069031
    49  0.160000  0.077244  0.190617  0.016262  0.063476
    50  0.180000  0.080834  0.167751  0.017480  0.058440
    51  0.200000  0.083955  0.145829  0.018602  0.053808
    52  0.220000  0.086655  0.124917  0.019635  0.049495
    53  0.240000  0.088965  0.106525  0.020584  0.045439
    54  0.260000  0.090908  0.088381  0.021454  0.041591
    55  0.280000  0.092487  0.070369  0.022249  0.037915
    56  0.300000  0.093676  0.049733  0.022971  0.034378
    57  0.320000  0.094476  0.032154  0.023625  0.030957
    58  0.340000  0.094915  0.012921  0.024210  0.027628
    59  0.360000  0.094997 -0.003918  0.024730  0.024374
    60  0.380000  0.094740 -0.022183  0.025186  0.021178
    61  0.400000  0.094141 -0.039154  0.025578  0.018025
    62  0.420000  0.093204 -0.055841  0.025907  0.014900
    63  0.440000  0.091950 -0.069514  0.026174  0.011791
    64  0.460000  0.090422 -0.083790  0.026378  0.008685
    65  0.480000  0.088618 -0.097165  0.026521  0.005569
    66  0.500000  0.086568 -0.107940  0.026601  0.002430
    67  0.520000  0.084294 -0.119628  0.026618 -0.000746
    68  0.540000  0.081794 -0.129591  0.026571 -0.003974
    69  0.560000  0.079098 -0.140240  0.026459 -0.007271
    70  0.580000  0.076216 -0.149421  0.026279 -0.010655
    71  0.600000  0.073168 -0.156656  0.026032 -0.014148
    72  0.620000  0.069959 -0.162096  0.025713 -0.017776
    73  0.640000  0.066615 -0.170286  0.025319 -0.021572
    74  0.660000  0.063151 -0.176940  0.024848 -0.025575
    75  0.680000  0.059578 -0.179522  0.024295 -0.029839
    76  0.700000  0.055932 -0.184173  0.023653 -0.034437
    77  0.720000  0.052233 -0.185304  0.022914 -0.039473
    78  0.740000  0.048507 -0.185640  0.022070 -0.045109
    79  0.760000  0.044789 -0.186211  0.021104 -0.051631
    80  0.780000  0.041070 -0.185510  0.019995 -0.059652
    81  0.800000  0.037353 -0.185974  0.018694 -0.072138
    82  0.820000  0.033644 -0.185691  0.017112 -0.084255
    83  0.840000  0.029940 -0.184974  0.015353 -0.091163
    84  0.860000  0.026257 -0.184550  0.013480 -0.095805
    85  0.880000  0.022544 -0.187822  0.011770 -0.098084
    86  0.900000  0.018766 -0.190604  0.009808 -0.098084
    87  0.920000  0.014967 -0.187610  0.007847 -0.098084
    88  0.940000  0.011359 -0.172241  0.005885 -0.098084
    89  0.950000  0.009696 -0.160083  0.004904 -0.098084
    90  0.960000  0.008150 -0.150178  0.003923 -0.098084
    91  0.970000  0.006680 -0.144281  0.002943 -0.098084
    92  0.975000  0.005956 -0.145548  0.002452 -0.098084
    93  0.980000  0.005217 -0.150815  0.001962 -0.098084
    94  0.985000  0.004444 -0.161444  0.001471 -0.098084
    95  0.990000  0.003586 -0.185473  0.000981 -0.098084
    96  0.995000  0.002520 -0.254110  0.000490 -0.098084
    97  0.999000  0.001129 -0.561605  0.000098 -0.098084
    98  1.000000 -0.000000-54.516945 -0.000000 -0.098084

COORDINATES OF NACA AIRFOILS           23:02 29Apr2025
 NACA 63A419                                                                     
 COMBINED THICKNESS AND CAMBER
         xupper    yupper    xlower    ylower
     1  0.000000  0.000000  0.000000  0.000000
     2 -0.000413  0.001343  0.000513 -0.001305
     3 -0.000518  0.001932  0.000718 -0.001860
     4 -0.000619  0.002780  0.001019 -0.002646
     5 -0.000661  0.003436  0.001261 -0.003243
     6 -0.000675  0.003993  0.001475 -0.003743
     7 -0.000670  0.004485  0.001670 -0.004180
     8 -0.000654  0.004934  0.001854 -0.004576
     9 -0.000597  0.005737  0.002197 -0.005275
    10 -0.000518  0.006448  0.002518 -0.005887
    11 -0.000422  0.007094  0.002822 -0.006435
    12 -0.000314  0.007689  0.003114 -0.006935
    13 -0.000197  0.008245  0.003397 -0.007399
    14 -0.000073  0.008769  0.003673 -0.007832
    15  0.000057  0.009267  0.003943 -0.008240
    16  0.000402  0.010414  0.004598 -0.009169
    17  0.000770  0.011452  0.005230 -0.009996
    18  0.001155  0.012407  0.005845 -0.010746
    19  0.001552  0.013297  0.006448 -0.011435
    20  0.001960  0.014133  0.007040 -0.012076
    21  0.002376  0.014924  0.007624 -0.012676
    22  0.003228  0.016392  0.008772 -0.013769
    23  0.004099  0.017750  0.009901 -0.014765
    24  0.004982  0.019037  0.011018 -0.015700
    25  0.005872  0.020278  0.012128 -0.016597
    26  0.006769  0.021477  0.013231 -0.017461
    27  0.007673  0.022632  0.014327 -0.018287
    28  0.008584  0.023743  0.015416 -0.019077
    29  0.009500  0.024822  0.016500 -0.019840
    30  0.010421  0.025868  0.017579 -0.020574
    31  0.011347  0.026876  0.018653 -0.021277
    32  0.012278  0.027857  0.019722 -0.021957
    33  0.014150  0.029743  0.021850 -0.023254
    34  0.016036  0.031536  0.023964 -0.024473
    35  0.020795  0.035690  0.029205 -0.027252
    36  0.025603  0.039468  0.034397 -0.029728
    37  0.030447  0.042949  0.039553 -0.031967
    38  0.035318  0.046194  0.044682 -0.034020
    39  0.040212  0.049238  0.049788 -0.035918
    40  0.045123  0.052118  0.054877 -0.037694
    41  0.050050  0.054850  0.059950 -0.039358
    42  0.054989  0.057455  0.065011 -0.040928
    43  0.064900  0.062317  0.075100 -0.043812
    44  0.074845  0.066793  0.085155 -0.046417
    45  0.084819  0.070931  0.095181 -0.048780
    46  0.094815  0.074784  0.105185 -0.050943
    47  0.114862  0.081758  0.125138 -0.054766
    48  0.134963  0.087908  0.145037 -0.058032
    49  0.155107  0.093351  0.164893 -0.060827
    50  0.175284  0.098176  0.184716 -0.063215
    51  0.195489  0.102436  0.204511 -0.065232
    52  0.215716  0.106183  0.224284 -0.066914
    53  0.235962  0.109457  0.244038 -0.068289
    54  0.256222  0.112284  0.263778 -0.069376
    55  0.276496  0.114669  0.283504 -0.070172
    56  0.296781  0.116592  0.303219 -0.070650
    57  0.317077  0.118055  0.322923 -0.070806
    58  0.337379  0.119089  0.342621 -0.070669
    59  0.357685  0.119699  0.362315 -0.070239
    60  0.377994  0.119904  0.382006 -0.069533
    61  0.398303  0.119703  0.401697 -0.068548
    62  0.418611  0.119100  0.421389 -0.067287
    63  0.438916  0.118118  0.441084 -0.065770
    64  0.459215  0.116797  0.460785 -0.064040
    65  0.479506  0.115138  0.480494 -0.062096
    66  0.499790  0.113169  0.500210 -0.059967
    67  0.520063  0.110912  0.519937 -0.057676
    68  0.540325  0.108365  0.539675 -0.055223
    69  0.560575  0.105554  0.559425 -0.052637
    70  0.580812  0.102491  0.579188 -0.049932
    71  0.601035  0.099192  0.598965 -0.047129
    72  0.621243  0.095660  0.618757 -0.044235
    73  0.641437  0.091919  0.638563 -0.041281
    74  0.661615  0.087978  0.658385 -0.038282
    75  0.681777  0.083846  0.678223 -0.035257
    76  0.701925  0.079551  0.698075 -0.032246
    77  0.722060  0.075107  0.717940 -0.029278
    78  0.742186  0.070527  0.737814 -0.026388
    79  0.762309  0.065834  0.757691 -0.023626
    80  0.782445  0.060991  0.777554 -0.021002
    81  0.802688  0.055949  0.797312 -0.018562
    82  0.822825  0.050637  0.817175 -0.016414
    83  0.842718  0.045170  0.837282 -0.014464
    84  0.862504  0.039617  0.857496 -0.012657
    85  0.882201  0.034207  0.877799 -0.010667
    86  0.901832  0.028485  0.898168 -0.008868
    87  0.921461  0.022742  0.918539 -0.007049
    88  0.941109  0.017189  0.938891 -0.005419
    89  0.950947  0.014554  0.949053 -0.004746
    90  0.960796  0.012034  0.959204 -0.004187
    91  0.970652  0.009591  0.969348 -0.003706
    92  0.975581  0.008379  0.974419 -0.003475
    93  0.980509  0.007154  0.979491 -0.003231
    94  0.985434  0.005894  0.984566 -0.002952
    95  0.990350  0.004549  0.989650 -0.002588
    96  0.995246  0.002998  0.994754 -0.002017
    97  0.999110  0.001221  0.998890 -0.001025
    98  1.000000 -0.000000  1.000000  0.000000

COORDINATES OF NACA AIRFOILS           23:02 29Apr2025
 NACA 63A419                                                                     
 INTERPOLATED COORDINATES
            x      yupper   ylower
     1  0.000000  0.000000  0.000000
     2  0.000050  0.009243 -0.000131
     3  0.000100  0.009423 -0.000259
     4  0.000200  0.009769 -0.000512
     5  0.000300  0.010096 -0.000761
     6  0.000400  0.010407 -0.001012
     7  0.000500  0.010705 -0.001270
     8  0.000600  0.010991 -0.001539
     9  0.000800  0.011530 -0.002080
    10  0.001000  0.012035 -0.002597
    11  0.001200  0.012512 -0.003095
    12  0.001400  0.012965 -0.003570
    13  0.001600  0.013398 -0.004025
    14  0.001800  0.013813 -0.004461
    15  0.002000  0.014212 -0.004879
    16  0.002500  0.015149 -0.005854
    17  0.003000  0.016015 -0.006743
    18  0.003500  0.016828 -0.007562
    19  0.004000  0.017600 -0.008323
    20  0.004500  0.018343 -0.009035
    21  0.005000  0.019063 -0.009702
    22  0.006000  0.020451 -0.010927
    23  0.007000  0.021777 -0.012034
    24  0.008000  0.023035 -0.013045
    25  0.009000  0.024238 -0.013976
    26  0.010000  0.025395 -0.014850
    27  0.011000  0.026503 -0.015686
    28  0.012000  0.027567 -0.016496
    29  0.013000  0.028598 -0.017283
    30  0.014000  0.029596 -0.018044
    31  0.015000  0.030563 -0.018778
    32  0.016000  0.031502 -0.019491
    33  0.018000  0.033308 -0.020853
    34  0.020000  0.035028 -0.022131
    35  0.025000  0.039014 -0.025048
    36  0.030000  0.042640 -0.027647
    37  0.035000  0.045989 -0.030000
    38  0.040000  0.049109 -0.032152
    39  0.045000  0.052048 -0.034142
    40  0.050000  0.054824 -0.035994
    41  0.055000  0.057461 -0.037736
    42  0.060000  0.059969 -0.039374
    43  0.070000  0.064659 -0.042392
    44  0.080000  0.068972 -0.045112
    45  0.090000  0.072962 -0.047586
    46  0.100000  0.076679 -0.049844
    47  0.120000  0.083404 -0.053838
    48  0.140000  0.089332 -0.057252
    49  0.160000  0.094576 -0.060177
    50  0.180000  0.099220 -0.062682
    51  0.200000  0.103315 -0.064803
    52  0.220000  0.106915 -0.066576
    53  0.240000  0.110055 -0.068032
    54  0.260000  0.112762 -0.069190
    55  0.280000  0.115035 -0.070053
    56  0.300000  0.116854 -0.070594
    57  0.320000  0.118230 -0.070802
    58  0.340000  0.119192 -0.070704
    59  0.360000  0.119743 -0.070304
    60  0.380000  0.119903 -0.069618
    61  0.400000  0.119668 -0.068644
    62  0.420000  0.119044 -0.067384
    63  0.440000  0.118056 -0.065860
    64  0.460000  0.116739 -0.064113
    65  0.480000  0.115094 -0.062147
    66  0.500000  0.113147 -0.059990
    67  0.520000  0.110920 -0.057669
    68  0.540000  0.108408 -0.055181
    69  0.560000  0.105638 -0.052560
    70  0.580000  0.102619 -0.049819
    71  0.600000  0.099367 -0.046980
    72  0.620000  0.095884 -0.044051
    73  0.640000  0.092192 -0.041065
    74  0.660000  0.088301 -0.038036
    75  0.680000  0.084218 -0.034986
    76  0.700000  0.079968 -0.031956
    77  0.720000  0.075568 -0.028974
    78  0.740000  0.071030 -0.026077
    79  0.760000  0.066379 -0.023314
    80  0.780000  0.061587 -0.020688
    81  0.800000  0.056635 -0.018254
    82  0.820000  0.051397 -0.016127
    83  0.840000  0.045929 -0.014220
    84  0.860000  0.040311 -0.012418
    85  0.880000  0.034823 -0.010462
    86  0.900000  0.029026 -0.008706
    87  0.920000  0.023165 -0.006922
    88  0.940000  0.017494 -0.005341
    89  0.950000  0.014802 -0.004689
    90  0.960000  0.012234 -0.004147
    91  0.970000  0.009751 -0.003676
    92  0.975000  0.008523 -0.003448
    93  0.980000  0.007282 -0.003204
    94  0.985000  0.006007 -0.002927
    95  0.990000  0.004654 -0.002553
    96  0.995000  0.003074 -0.001992
    97  0.999000  0.001320 -0.000955
    98  1.000000 -0.000000  0.000000
 End of output for cambered airfoil
