 COORDINATES OF NACA AIRFOILS
 Created by naca456, version 1.1 (7 November 2010) on 23:06 29Apr2025
 Ralph L. Carmichael, Public Domain Aeronautical Software
  
 NACA 63A620                                                                     
Six-series profile, family= 63A   t/c= 0.2000
  
                       THICKNESS          MEAN LINE
            x         y      dy/dx         y      dy/dx
     1  0.000000  0.000000**********  0.000000  0.000000
     2  0.000050  0.001443 14.659580  0.000029  0.524822
     3  0.000100  0.002055 10.464190  0.000054  0.488802
     4  0.000200  0.002921  7.390383  0.000101  0.452778
     5  0.000300  0.003584  5.995448  0.000145  0.431703
     6  0.000400  0.004140  5.180318  0.000187  0.416748
     7  0.000500  0.004629  4.636659  0.000229  0.405147
     8  0.000600  0.005072  4.240108  0.000269  0.395667
     9  0.000800  0.005860  3.678484  0.000346  0.380707
    10  0.001000  0.006554  3.282772  0.000421  0.369100
    11  0.001200  0.007179  2.985377  0.000494  0.359614
    12  0.001400  0.007753  2.758477  0.000565  0.351593
    13  0.001600  0.008286  2.579177  0.000635  0.344642
    14  0.001800  0.008787  2.431935  0.000703  0.338510
    15  0.002000  0.009260  2.305150  0.000770  0.333024
    16  0.002500  0.010346  2.050467  0.000934  0.321400
    17  0.003000  0.011321  1.859728  0.001092  0.311897
    18  0.003500  0.012213  1.711254  0.001246  0.303857
    19  0.004000  0.013038  1.594170  0.001396  0.296890
    20  0.004500  0.013811  1.497784  0.001543  0.290740
    21  0.005000  0.014538  1.412417  0.001687  0.285236
    22  0.006000  0.015877  1.276662  0.001967  0.275704
    23  0.007000  0.017107  1.191381  0.002239  0.267635
    24  0.008000  0.018271  1.139785  0.002503  0.260638
    25  0.009000  0.019392  1.103783  0.002760  0.254459
    26  0.010000  0.020479  1.067887  0.003012  0.248926
    27  0.011000  0.021524  1.022744  0.003258  0.243914
    28  0.012000  0.022528  0.987667  0.003500  0.239334
    29  0.013000  0.023502  0.959056  0.003737  0.235116
    30  0.014000  0.024444  0.924027  0.003970  0.231207
    31  0.015000  0.025351  0.891287  0.004199  0.227562
    32  0.016000  0.026230  0.866642  0.004425  0.224150
    33  0.018000  0.027916  0.819036  0.004867  0.217911
    34  0.020000  0.029511  0.778265  0.005297  0.212318
    35  0.025000  0.033183  0.695430  0.006328  0.200425
    36  0.030000  0.036495  0.631518  0.007305  0.190652
    37  0.035000  0.039523  0.580645  0.008237  0.182341
    38  0.040000  0.042325  0.541772  0.009130  0.175100
    39  0.045000  0.044938  0.504765  0.009989  0.168675
    40  0.050000  0.047398  0.478282  0.010818  0.162894
    41  0.055000  0.049720  0.451617  0.011619  0.157634
    42  0.060000  0.051924  0.429819  0.012395  0.152802
    43  0.070000  0.056011  0.390274  0.013879  0.144167
    44  0.080000  0.059745  0.357216  0.015282  0.136595
    45  0.090000  0.063171  0.329180  0.016614  0.129834
    46  0.100000  0.066340  0.305297  0.017881  0.123710
    47  0.120000  0.072024  0.266221  0.020244  0.112914
    48  0.140000  0.076978  0.232646  0.022407  0.103546
    49  0.160000  0.081308  0.201357  0.024393  0.095213
    50  0.180000  0.085099  0.177248  0.026221  0.087660
    51  0.200000  0.088394  0.153981  0.027903  0.080712
    52  0.220000  0.091241  0.132062  0.029452  0.074242
    53  0.240000  0.093678  0.111915  0.030876  0.068158
    54  0.260000  0.095727  0.093440  0.032181  0.062387
    55  0.280000  0.097388  0.074303  0.033373  0.056872
    56  0.300000  0.098634  0.052255  0.034457  0.051568
    57  0.320000  0.099469  0.033484  0.035437  0.046435
    58  0.340000  0.099920  0.012869  0.036315  0.041443
    59  0.360000  0.099997 -0.004255  0.037095  0.036561
    60  0.380000  0.099711 -0.023430  0.037778  0.031767
    61  0.400000  0.099063 -0.042355  0.038366  0.027037
    62  0.420000  0.098058 -0.059740  0.038860  0.022350
    63  0.440000  0.096724 -0.073956  0.039260  0.017687
    64  0.460000  0.095097 -0.089470  0.039568  0.013028
    65  0.480000  0.093182 -0.102444  0.039781  0.008354
    66  0.500000  0.091010 -0.114294  0.039902  0.003645
    67  0.520000  0.088600 -0.127259  0.039927 -0.001119
    68  0.540000  0.085956 -0.137421  0.039856 -0.005961
    69  0.560000  0.083102 -0.147962  0.039688 -0.010906
    70  0.580000  0.080057 -0.157412  0.039419 -0.015982
    71  0.600000  0.076840 -0.165170  0.039047 -0.021222
    72  0.620000  0.073458 -0.171179  0.038569 -0.026664
    73  0.640000  0.069928 -0.179668  0.037979 -0.032358
    74  0.660000  0.066277 -0.185671  0.037273 -0.038363
    75  0.680000  0.062519 -0.188941  0.036442 -0.044759
    76  0.700000  0.058681 -0.193800  0.035479 -0.051655
    77  0.720000  0.054795 -0.195572  0.034371 -0.059209
    78  0.740000  0.050883 -0.195345  0.033105 -0.067664
    79  0.760000  0.046980 -0.194853  0.031656 -0.077446
    80  0.780000  0.043078 -0.194449  0.029992 -0.089478
    81  0.800000  0.039176 -0.195158  0.028040 -0.108207
    82  0.820000  0.035285 -0.194787  0.025667 -0.126382
    83  0.840000  0.031400 -0.194171  0.023029 -0.136744
    84  0.860000  0.027535 -0.193736  0.020220 -0.143707
    85  0.880000  0.023636 -0.196507  0.017655 -0.147126
    86  0.900000  0.019670 -0.199812  0.014713 -0.147126
    87  0.920000  0.015691 -0.196058  0.011770 -0.147126
    88  0.940000  0.011920 -0.179811  0.008828 -0.147126
    89  0.950000  0.010185 -0.167113  0.007356 -0.147126
    90  0.960000  0.008569 -0.157051  0.005885 -0.147126
    91  0.970000  0.007031 -0.151138  0.004414 -0.147126
    92  0.975000  0.006271 -0.152552  0.003678 -0.147126
    93  0.980000  0.005495 -0.158257  0.002943 -0.147126
    94  0.985000  0.004683 -0.169953  0.002207 -0.147126
    95  0.990000  0.003779 -0.195449  0.001471 -0.147126
    96  0.995000  0.002656 -0.267675  0.000736 -0.147126
    97  0.999000  0.001190 -0.592332  0.000147 -0.147126
    98  1.000000 -0.000000-69.405838 -0.000000 -0.147126

COORDINATES OF NACA AIRFOILS           23:06 29Apr2025
 NACA 63A620                                                                     
 COMBINED THICKNESS AND CAMBER
         xupper    yupper    xlower    ylower
     1  0.000000  0.000000  0.000000  0.000000
     2 -0.000621  0.001307  0.000721 -0.001249
     3 -0.000802  0.001900  0.001002 -0.001792
     4 -0.001005  0.002762  0.001405 -0.002560
     5 -0.001121  0.003436  0.001721 -0.003145
     6 -0.001192  0.004009  0.001992 -0.003634
     7 -0.001238  0.004518  0.002238 -0.004061
     8 -0.001266  0.004985  0.002466 -0.004447
     9 -0.001285  0.005823  0.002885 -0.005131
    10 -0.001269  0.006569  0.003269 -0.005727
    11 -0.001229  0.007250  0.003629 -0.006262
    12 -0.001172  0.007879  0.003972 -0.006749
    13 -0.001100  0.008469  0.004300 -0.007199
    14 -0.001017  0.009026  0.004617 -0.007620
    15 -0.000926  0.009556  0.004926 -0.008016
    16 -0.000666  0.010783  0.005666 -0.008916
    17 -0.000371  0.011900  0.006371 -0.009716
    18 -0.000051  0.012931  0.007051 -0.010440
    19  0.000289  0.013894  0.007711 -0.011103
    20  0.000644  0.014804  0.008356 -0.011719
    21  0.001012  0.015667  0.008988 -0.012293
    22  0.001780  0.017273  0.010220 -0.013339
    23  0.002577  0.018764  0.011423 -0.014287
    24  0.003392  0.020183  0.012608 -0.015177
    25  0.004218  0.021553  0.013782 -0.016033
    26  0.005053  0.022884  0.014947 -0.016861
    27  0.005899  0.024169  0.016101 -0.017653
    28  0.006756  0.025409  0.017244 -0.018410
    29  0.007621  0.026615  0.018379 -0.019142
    30  0.008494  0.027786  0.019506 -0.019846
    31  0.009375  0.028919  0.020625 -0.020520
    32  0.010263  0.030020  0.021737 -0.021169
    33  0.012056  0.032143  0.023944 -0.022408
    34  0.013871  0.034165  0.026129 -0.023570
    35  0.018479  0.038864  0.031521 -0.026208
    36  0.023165  0.043155  0.036835 -0.028544
    37  0.027910  0.047119  0.042090 -0.030645
    38  0.032700  0.050821  0.047300 -0.032561
    39  0.037526  0.054302  0.052474 -0.034323
    40  0.042380  0.057600  0.057620 -0.035964
    41  0.047258  0.060733  0.062742 -0.037495
    42  0.052157  0.063724  0.067843 -0.038933
    43  0.062008  0.069317  0.077992 -0.041559
    44  0.071914  0.074478  0.088086 -0.043914
    45  0.081866  0.079259  0.098134 -0.046032
    46  0.091855  0.083719  0.108145 -0.047958
    47  0.111919  0.091814  0.128081 -0.051325
    48  0.132072  0.098976  0.147928 -0.054162
    49  0.152293  0.105335  0.167707 -0.056549
    50  0.172569  0.110994  0.187431 -0.058553
    51  0.192889  0.116011  0.207111 -0.060204
    52  0.213245  0.120443  0.226755 -0.061539
    53  0.233630  0.124337  0.246370 -0.062585
    54  0.254039  0.127722  0.265960 -0.063360
    55  0.274470  0.130604  0.285530 -0.063858
    56  0.294920  0.132960  0.305080 -0.064046
    57  0.315386  0.134799  0.324614 -0.063925
    58  0.335863  0.136150  0.344137 -0.063519
    59  0.356346  0.137025  0.363654 -0.062835
    60  0.376834  0.137439  0.383166 -0.061882
    61  0.397323  0.137393  0.402677 -0.060660
    62  0.417809  0.136894  0.422191 -0.059174
    63  0.438290  0.135969  0.441710 -0.057448
    64  0.458761  0.134657  0.461239 -0.055521
    65  0.479222  0.132960  0.480778 -0.053397
    66  0.499668  0.130911  0.500332 -0.051108
    67  0.520099  0.128527  0.519901 -0.048673
    68  0.540512  0.125810  0.539488 -0.046098
    69  0.560906  0.122785  0.559094 -0.043410
    70  0.581279  0.119466  0.578721 -0.040627
    71  0.601630  0.115870  0.598370 -0.037776
    72  0.621958  0.112001  0.618042 -0.034863
    73  0.642262  0.107871  0.637738 -0.031913
    74  0.662541  0.103500  0.657459 -0.028955
    75  0.682796  0.098899  0.677204 -0.026015
    76  0.703027  0.094081  0.696973 -0.023124
    77  0.723239  0.089070  0.716761 -0.020327
    78  0.743435  0.083871  0.736565 -0.017662
    79  0.763628  0.078496  0.756372 -0.015184
    80  0.783839  0.072898  0.776161 -0.012914
    81  0.804215  0.066989  0.795785 -0.010908
    82  0.824424  0.060674  0.815576 -0.009339
    83  0.844254  0.054139  0.835746 -0.008081
    84  0.863917  0.047475  0.856083 -0.007035
    85  0.883440  0.041040  0.876559 -0.005730
    86  0.902863  0.034174  0.897137 -0.004748
    87  0.922284  0.027294  0.917716 -0.003753
    88  0.941735  0.020621  0.938265 -0.002965
    89  0.951482  0.017433  0.948518 -0.002720
    90  0.961247  0.014363  0.958753 -0.002592
    91  0.971023  0.011370  0.968977 -0.002542
    92  0.975913  0.009882  0.974087 -0.002526
    93  0.980800  0.008379  0.979200 -0.002494
    94  0.985682  0.006840  0.984318 -0.002426
    95  0.990550  0.005210  0.989450 -0.002268
    96  0.995387  0.003363  0.994613 -0.001892
    97  0.999173  0.001324  0.998827 -0.001030
    98  1.000000 -0.000000  1.000000  0.000000

COORDINATES OF NACA AIRFOILS           23:06 29Apr2025
 NACA 63A620                                                                     
 INTERPOLATED COORDINATES
            x      yupper   ylower
     1  0.000000  0.000000  0.000000
     2  0.000050  0.013228 -0.000088
     3  0.000100  0.013371 -0.000174
     4  0.000200  0.013652 -0.000345
     5  0.000300  0.013923 -0.000515
     6  0.000400  0.014187 -0.000685
     7  0.000500  0.014445 -0.000856
     8  0.000600  0.014695 -0.001031
     9  0.000800  0.015178 -0.001399
    10  0.001000  0.015639 -0.001787
    11  0.001200  0.016080 -0.002173
    12  0.001400  0.016505 -0.002551
    13  0.001600  0.016915 -0.002924
    14  0.001800  0.017312 -0.003290
    15  0.002000  0.017698 -0.003647
    16  0.002500  0.018626 -0.004504
    17  0.003000  0.019511 -0.005312
    18  0.003500  0.020366 -0.006072
    19  0.004000  0.021197 -0.006789
    20  0.004500  0.022009 -0.007466
    21  0.005000  0.022801 -0.008109
    22  0.006000  0.024318 -0.009302
    23  0.007000  0.025754 -0.010387
    24  0.008000  0.027130 -0.011383
    25  0.009000  0.028442 -0.012304
    26  0.010000  0.029698 -0.013159
    27  0.011000  0.030909 -0.013960
    28  0.012000  0.032079 -0.014725
    29  0.013000  0.033209 -0.015466
    30  0.014000  0.034305 -0.016189
    31  0.015000  0.035370 -0.016898
    32  0.016000  0.036406 -0.017585
    33  0.018000  0.038401 -0.018899
    34  0.020000  0.040304 -0.020146
    35  0.025000  0.044727 -0.022978
    36  0.030000  0.048768 -0.025494
    37  0.035000  0.052508 -0.027764
    38  0.040000  0.056007 -0.029831
    39  0.045000  0.059304 -0.031734
    40  0.050000  0.062425 -0.033496
    41  0.055000  0.065392 -0.035141
    42  0.060000  0.068218 -0.036687
    43  0.070000  0.073513 -0.039516
    44  0.080000  0.078390 -0.042046
    45  0.090000  0.082915 -0.044333
    46  0.100000  0.087135 -0.046404
    47  0.120000  0.094792 -0.050029
    48  0.140000  0.101561 -0.053085
    49  0.160000  0.107566 -0.055667
    50  0.180000  0.112901 -0.057840
    51  0.200000  0.117624 -0.059645
    52  0.220000  0.121792 -0.061113
    53  0.240000  0.125447 -0.062276
    54  0.260000  0.128616 -0.063153
    55  0.280000  0.131293 -0.063747
    56  0.300000  0.133464 -0.064028
    57  0.320000  0.135145 -0.063980
    58  0.340000  0.136365 -0.063629
    59  0.360000  0.137132 -0.062983
    60  0.380000  0.137462 -0.062055
    61  0.400000  0.137353 -0.060844
    62  0.420000  0.136815 -0.059353
    63  0.440000  0.135874 -0.057608
    64  0.460000  0.134565 -0.055650
    65  0.480000  0.132888 -0.053485
    66  0.500000  0.130875 -0.051148
    67  0.520000  0.128539 -0.048660
    68  0.540000  0.125882 -0.046029
    69  0.560000  0.122926 -0.043283
    70  0.580000  0.119682 -0.040443
    71  0.600000  0.116169 -0.037536
    72  0.620000  0.112385 -0.034571
    73  0.640000  0.108343 -0.031573
    74  0.660000  0.104061 -0.028575
    75  0.680000  0.099548 -0.025602
    76  0.700000  0.094815 -0.022689
    77  0.720000  0.089887 -0.019881
    78  0.740000  0.084768 -0.017218
    79  0.760000  0.079477 -0.014753
    80  0.780000  0.073978 -0.012496
    81  0.800000  0.068245 -0.010537
    82  0.820000  0.062090 -0.009035
    83  0.840000  0.055569 -0.007863
    84  0.860000  0.048786 -0.006795
    85  0.880000  0.042196 -0.005542
    86  0.900000  0.035201 -0.004614
    87  0.920000  0.028094 -0.003650
    88  0.940000  0.021201 -0.002916
    89  0.950000  0.017909 -0.002695
    90  0.960000  0.014749 -0.002583
    91  0.970000  0.011681 -0.002539
    92  0.975000  0.010160 -0.002522
    93  0.980000  0.008628 -0.002486
    94  0.985000  0.007057 -0.002415
    95  0.990000  0.005408 -0.002234
    96  0.995000  0.003509 -0.001867
    97  0.999000  0.001498 -0.000924
    98  1.000000 -0.000000  0.000000
 End of output for cambered airfoil
