 COORDINATES OF NACA AIRFOILS
 Created by naca456, version 1.1 (7 November 2010) on 23:29 29Apr2025
 Ralph L. Carmichael, Public Domain Aeronautical Software
  
 NACA 63A210                                                                     
Six-series profile, family= 63A   t/c= 0.1000
  
                       THICKNESS          MEAN LINE
            x         y      dy/dx         y      dy/dx
     1  0.000000  0.000000**********  0.000000  0.000000
     2  0.000050  0.000857  8.593316  0.000010  0.174941
     3  0.000100  0.001213  6.078223  0.000018  0.162934
     4  0.000200  0.001716  4.284889  0.000034  0.150926
     5  0.000300  0.002100  3.483960  0.000048  0.143901
     6  0.000400  0.002423  3.008791  0.000062  0.138916
     7  0.000500  0.002707  2.685637  0.000076  0.135049
     8  0.000600  0.002963  2.446115  0.000090  0.131889
     9  0.000800  0.003416  2.107201  0.000115  0.126902
    10  0.001000  0.003813  1.873314  0.000140  0.123033
    11  0.001200  0.004170  1.700356  0.000165  0.119871
    12  0.001400  0.004495  1.566534  0.000188  0.117198
    13  0.001600  0.004798  1.458108  0.000212  0.114881
    14  0.001800  0.005080  1.367939  0.000234  0.112837
    15  0.002000  0.005346  1.290911  0.000257  0.111008
    16  0.002500  0.005951  1.139408  0.000311  0.107133
    17  0.003000  0.006492  1.026600  0.000364  0.103966
    18  0.003500  0.006982  0.939290  0.000415  0.101286
    19  0.004000  0.007433  0.869138  0.000465  0.098963
    20  0.004500  0.007853  0.809758  0.000514  0.096913
    21  0.005000  0.008245  0.759115  0.000562  0.095079
    22  0.006000  0.008963  0.681930  0.000656  0.091901
    23  0.007000  0.009616  0.627587  0.000746  0.089212
    24  0.008000  0.010223  0.587874  0.000834  0.086879
    25  0.009000  0.010795  0.556107  0.000920  0.084820
    26  0.010000  0.011336  0.525712  0.001004  0.082975
    27  0.011000  0.011848  0.500816  0.001086  0.081305
    28  0.012000  0.012339  0.481156  0.001167  0.079778
    29  0.013000  0.012810  0.461292  0.001246  0.078372
    30  0.014000  0.013262  0.442882  0.001323  0.077069
    31  0.015000  0.013697  0.428129  0.001400  0.075854
    32  0.016000  0.014119  0.414849  0.001475  0.074717
    33  0.018000  0.014923  0.389983  0.001622  0.072637
    34  0.020000  0.015683  0.369996  0.001766  0.070773
    35  0.025000  0.017425  0.329738  0.002109  0.066808
    36  0.030000  0.018995  0.299558  0.002435  0.063551
    37  0.035000  0.020432  0.275879  0.002746  0.060780
    38  0.040000  0.021765  0.257767  0.003043  0.058367
    39  0.045000  0.023009  0.240885  0.003330  0.056225
    40  0.050000  0.024184  0.228396  0.003606  0.054298
    41  0.055000  0.025294  0.216084  0.003873  0.052545
    42  0.060000  0.026349  0.205949  0.004132  0.050934
    43  0.070000  0.028310  0.187461  0.004626  0.048056
    44  0.080000  0.030107  0.172225  0.005094  0.045532
    45  0.090000  0.031759  0.159586  0.005538  0.043278
    46  0.100000  0.033290  0.148172  0.005960  0.041237
    47  0.120000  0.036041  0.128867  0.006748  0.037638
    48  0.140000  0.038447  0.112371  0.007469  0.034515
    49  0.160000  0.040560  0.098377  0.008131  0.031738
    50  0.180000  0.042410  0.086172  0.008740  0.029220
    51  0.200000  0.044025  0.074972  0.009301  0.026904
    52  0.220000  0.045428  0.064651  0.009817  0.024747
    53  0.240000  0.046628  0.054858  0.010292  0.022719
    54  0.260000  0.047653  0.046884  0.010727  0.020796
    55  0.280000  0.048495  0.037329  0.011124  0.018957
    56  0.300000  0.049154  0.027882  0.011486  0.017189
    57  0.320000  0.049611  0.018038  0.011812  0.015478
    58  0.340000  0.049891  0.008888  0.012105  0.013814
    59  0.360000  0.049992  0.000910  0.012365  0.012187
    60  0.380000  0.049925 -0.007128  0.012593  0.010589
    61  0.400000  0.049683 -0.015815  0.012789  0.009012
    62  0.420000  0.049273 -0.025130  0.012953  0.007450
    63  0.440000  0.048700 -0.032898  0.013087  0.005896
    64  0.460000  0.047975 -0.039730  0.013189  0.004343
    65  0.480000  0.047111 -0.047109  0.013260  0.002785
    66  0.500000  0.046109 -0.053302  0.013301  0.001215
    67  0.520000  0.044982 -0.059111  0.013309 -0.000373
    68  0.540000  0.043741 -0.065285  0.013285 -0.001987
    69  0.560000  0.042384 -0.070244  0.013229 -0.003635
    70  0.580000  0.040925 -0.075703  0.013140 -0.005327
    71  0.600000  0.039371 -0.080533  0.013016 -0.007074
    72  0.620000  0.037729 -0.084392  0.012856 -0.008888
    73  0.640000  0.036000 -0.087416  0.012660 -0.010786
    74  0.660000  0.034199 -0.091814  0.012424 -0.012788
    75  0.680000  0.032330 -0.095403  0.012147 -0.014920
    76  0.700000  0.030403 -0.097007  0.011826 -0.017218
    77  0.720000  0.028432 -0.099504  0.011457 -0.019736
    78  0.740000  0.026433 -0.100538  0.011035 -0.022555
    79  0.760000  0.024418 -0.100768  0.010552 -0.025815
    80  0.780000  0.022403 -0.100492  0.009997 -0.029826
    81  0.800000  0.020387 -0.100559  0.009347 -0.036069
    82  0.820000  0.018367 -0.101097  0.008556 -0.042127
    83  0.840000  0.016353 -0.100666  0.007676 -0.045582
    84  0.860000  0.014342 -0.100033  0.006740 -0.047902
    85  0.880000  0.012338 -0.100758  0.005885 -0.049042
    86  0.900000  0.010302 -0.103252  0.004904 -0.049042
    87  0.920000  0.008215 -0.104415  0.003923 -0.049042
    88  0.940000  0.006182 -0.097693  0.002943 -0.049042
    89  0.950000  0.005233 -0.091570  0.002452 -0.049042
    90  0.960000  0.004355 -0.084372  0.001962 -0.049042
    91  0.970000  0.003535 -0.080205  0.001471 -0.049042
    92  0.975000  0.003138 -0.079401  0.001226 -0.049042
    93  0.980000  0.002738 -0.081132  0.000981 -0.049042
    94  0.985000  0.002323 -0.085324  0.000736 -0.049042
    95  0.990000  0.001868 -0.097361  0.000490 -0.049042
    96  0.995000  0.001311 -0.132540  0.000245 -0.049042
    97  0.999000  0.000587 -0.290481  0.000049 -0.049042
    98  1.000000 -0.000000 -6.108714 -0.000000 -0.049042

COORDINATES OF NACA AIRFOILS           23:29 29Apr2025
 NACA 63A210                                                                     
 COMBINED THICKNESS AND CAMBER
         xupper    yupper    xlower    ylower
     1  0.000000  0.000000  0.000000  0.000000
     2 -0.000098  0.000854  0.000198 -0.000835
     3 -0.000095  0.001215  0.000295 -0.001179
     4 -0.000056  0.001730  0.000456 -0.001663
     5  0.000001  0.002127  0.000599 -0.002030
     6  0.000067  0.002463  0.000733 -0.002338
     7  0.000138  0.002759  0.000862 -0.002606
     8  0.000213  0.003027  0.000987 -0.002848
     9  0.000370  0.003504  0.001230 -0.003273
    10  0.000534  0.003924  0.001466 -0.003644
    11  0.000704  0.004305  0.001696 -0.003975
    12  0.000877  0.004653  0.001923 -0.004276
    13  0.001052  0.004978  0.002148 -0.004555
    14  0.001230  0.005282  0.002370 -0.004813
    15  0.001410  0.005570  0.002590 -0.005056
    16  0.001866  0.006228  0.003134 -0.005606
    17  0.002329  0.006821  0.003671 -0.006093
    18  0.002796  0.007362  0.004204 -0.006531
    19  0.003268  0.007863  0.004732 -0.006932
    20  0.003742  0.008331  0.005258 -0.007302
    21  0.004220  0.008770  0.005780 -0.007646
    22  0.005180  0.009581  0.006820 -0.008269
    23  0.006146  0.010324  0.007854 -0.008832
    24  0.007115  0.011019  0.008885 -0.009351
    25  0.008088  0.011676  0.009912 -0.009836
    26  0.009063  0.012301  0.010937 -0.010293
    27  0.010040  0.012895  0.011960 -0.010723
    28  0.011019  0.013467  0.012981 -0.011133
    29  0.011999  0.014017  0.014001 -0.011525
    30  0.012981  0.014546  0.015019 -0.011899
    31  0.013964  0.015058  0.016036 -0.012258
    32  0.014948  0.015554  0.017052 -0.012604
    33  0.016919  0.016506  0.019081 -0.013261
    34  0.018893  0.017409  0.021107 -0.013878
    35  0.023838  0.019496  0.026162 -0.015277
    36  0.028795  0.021392  0.031205 -0.016522
    37  0.033760  0.023140  0.036240 -0.017649
    38  0.038732  0.024771  0.041268 -0.018684
    39  0.043708  0.026303  0.046292 -0.019643
    40  0.048689  0.027754  0.051311 -0.020542
    41  0.053673  0.029132  0.056327 -0.021386
    42  0.058660  0.030446  0.061340 -0.022183
    43  0.068641  0.032904  0.071359 -0.023651
    44  0.078631  0.035170  0.081369 -0.024982
    45  0.088627  0.037267  0.091373 -0.026191
    46  0.098628  0.039222  0.101372 -0.027301
    47  0.118644  0.042764  0.121356 -0.029268
    48  0.138674  0.045893  0.141326 -0.030955
    49  0.158713  0.048671  0.161287 -0.032409
    50  0.178761  0.051132  0.181239 -0.033651
    51  0.198816  0.053310  0.201184 -0.034708
    52  0.218876  0.055232  0.221124 -0.035597
    53  0.238941  0.056908  0.241059 -0.036324
    54  0.259009  0.058369  0.260991 -0.036916
    55  0.279081  0.059611  0.280919 -0.037362
    56  0.299155  0.060632  0.300845 -0.037661
    57  0.319232  0.061418  0.320768 -0.037793
    58  0.339311  0.061991  0.340689 -0.037781
    59  0.359391  0.062354  0.360609 -0.037623
    60  0.379471  0.062515  0.380529 -0.037329
    61  0.399552  0.062470  0.400448 -0.036892
    62  0.419633  0.062225  0.420367 -0.036318
    63  0.439713  0.061786  0.440287 -0.035612
    64  0.459792  0.061164  0.460208 -0.034785
    65  0.479869  0.060371  0.480131 -0.033850
    66  0.499944  0.059409  0.500056 -0.032808
    67  0.520017  0.058291  0.519983 -0.031673
    68  0.540087  0.057026  0.539913 -0.030455
    69  0.560154  0.055613  0.559846 -0.029154
    70  0.580218  0.054064  0.579782 -0.027785
    71  0.600278  0.052386  0.599722 -0.026354
    72  0.620335  0.050584  0.619665 -0.024871
    73  0.640388  0.048658  0.639612 -0.023338
    74  0.660437  0.046620  0.659563 -0.021772
    75  0.680482  0.044474  0.679518 -0.020180
    76  0.700523  0.042224  0.699477 -0.018572
    77  0.720561  0.039884  0.719439 -0.016970
    78  0.740596  0.037461  0.739404 -0.015391
    79  0.760630  0.034961  0.759370 -0.013857
    80  0.780668  0.032390  0.779332 -0.012396
    81  0.800735  0.029720  0.799265 -0.011027
    82  0.820773  0.026906  0.819227 -0.009795
    83  0.840745  0.024012  0.839255 -0.008659
    84  0.860686  0.021066  0.859314 -0.007586
    85  0.880604  0.018208  0.879396 -0.006438
    86  0.900505  0.015193  0.899495 -0.005385
    87  0.920402  0.012129  0.919598 -0.004282
    88  0.940303  0.009117  0.939697 -0.003232
    89  0.950256  0.007678  0.949744 -0.002774
    90  0.960213  0.006311  0.959787 -0.002388
    91  0.970173  0.005002  0.969827 -0.002059
    92  0.975154  0.004360  0.974846 -0.001908
    93  0.980134  0.003715  0.979866 -0.001754
    94  0.985114  0.003055  0.984886 -0.001584
    95  0.990092  0.002356  0.989909 -0.001375
    96  0.995064  0.001554  0.994936 -0.001064
    97  0.999029  0.000635  0.998971 -0.000537
    98  1.000000 -0.000000  1.000000  0.000000

COORDINATES OF NACA AIRFOILS           23:29 29Apr2025
 NACA 63A210                                                                     
 INTERPOLATED COORDINATES
            x      yupper   ylower
     1  0.000000  0.002127  0.000000
     2  0.000050  0.002386 -0.000243
     3  0.000100  0.002609 -0.000458
     4  0.000200  0.002984 -0.000843
     5  0.000300  0.003303 -0.001195
     6  0.000400  0.003586 -0.001504
     7  0.000500  0.003841 -0.001781
     8  0.000600  0.004077 -0.002030
     9  0.000800  0.004503 -0.002479
    10  0.001000  0.004884 -0.002871
    11  0.001200  0.005232 -0.003223
    12  0.001400  0.005554 -0.003544
    13  0.001600  0.005855 -0.003840
    14  0.001800  0.006138 -0.004116
    15  0.002000  0.006407 -0.004374
    16  0.002500  0.007025 -0.004959
    17  0.003000  0.007583 -0.005476
    18  0.003500  0.008096 -0.005943
    19  0.004000  0.008571 -0.006368
    20  0.004500  0.009016 -0.006760
    21  0.005000  0.009436 -0.007124
    22  0.006000  0.010216 -0.007784
    23  0.007000  0.010939 -0.008371
    24  0.008000  0.011618 -0.008908
    25  0.009000  0.012262 -0.009406
    26  0.010000  0.012872 -0.009876
    27  0.011000  0.013456 -0.010320
    28  0.012000  0.014017 -0.010740
    29  0.013000  0.014556 -0.011141
    30  0.014000  0.015076 -0.011525
    31  0.015000  0.015580 -0.011892
    32  0.016000  0.016069 -0.012246
    33  0.018000  0.017006 -0.012917
    34  0.020000  0.017897 -0.013545
    35  0.025000  0.019956 -0.014971
    36  0.030000  0.021829 -0.016237
    37  0.035000  0.023557 -0.017380
    38  0.040000  0.025171 -0.018431
    39  0.045000  0.026687 -0.019403
    40  0.050000  0.028123 -0.020313
    41  0.055000  0.029488 -0.021167
    42  0.060000  0.030789 -0.021974
    43  0.070000  0.033223 -0.023461
    44  0.080000  0.035467 -0.024807
    45  0.090000  0.037543 -0.026032
    46  0.100000  0.039480 -0.027154
    47  0.120000  0.042988 -0.029144
    48  0.140000  0.046087 -0.030851
    49  0.160000  0.048838 -0.032321
    50  0.180000  0.051274 -0.033580
    51  0.200000  0.053430 -0.034650
    52  0.220000  0.055332 -0.035551
    53  0.240000  0.056990 -0.036289
    54  0.260000  0.058436 -0.036890
    55  0.280000  0.059662 -0.037345
    56  0.300000  0.060670 -0.037652
    57  0.320000  0.061444 -0.037791
    58  0.340000  0.062007 -0.037784
    59  0.360000  0.062361 -0.037630
    60  0.380000  0.062516 -0.037339
    61  0.400000  0.062466 -0.036904
    62  0.420000  0.062218 -0.036330
    63  0.440000  0.061778 -0.035623
    64  0.460000  0.061156 -0.034794
    65  0.480000  0.060365 -0.033856
    66  0.500000  0.059407 -0.032812
    67  0.520000  0.058292 -0.031672
    68  0.540000  0.057032 -0.030450
    69  0.560000  0.055624 -0.029144
    70  0.580000  0.054082 -0.027770
    71  0.600000  0.052410 -0.026334
    72  0.620000  0.050615 -0.024846
    73  0.640000  0.048696 -0.023308
    74  0.660000  0.046666 -0.021737
    75  0.680000  0.044527 -0.020141
    76  0.700000  0.042284 -0.018530
    77  0.720000  0.039951 -0.016925
    78  0.740000  0.037534 -0.015345
    79  0.760000  0.035041 -0.013810
    80  0.780000  0.032477 -0.012348
    81  0.800000  0.029821 -0.010979
    82  0.820000  0.027017 -0.009749
    83  0.840000  0.024122 -0.008619
    84  0.860000  0.021165 -0.007547
    85  0.880000  0.018296 -0.006405
    86  0.900000  0.015271 -0.005358
    87  0.920000  0.012191 -0.004260
    88  0.940000  0.009162 -0.003217
    89  0.950000  0.007715 -0.002763
    90  0.960000  0.006340 -0.002380
    91  0.970000  0.005024 -0.002054
    92  0.975000  0.004380 -0.001903
    93  0.980000  0.003733 -0.001749
    94  0.985000  0.003071 -0.001580
    95  0.990000  0.002371 -0.001370
    96  0.995000  0.001563 -0.001062
    97  0.999000  0.000649 -0.000526
    98  1.000000 -0.000000  0.000000
 End of output for cambered airfoil
