 COORDINATES OF NACA AIRFOILS
 Created by naca456, version 1.1 (7 November 2010) on 23:13 29Apr2025
 Ralph L. Carmichael, Public Domain Aeronautical Software
  
 NACA 63A812                                                                     
Six-series profile, family= 63A   t/c= 0.1200
  
                       THICKNESS          MEAN LINE
            x         y      dy/dx         y      dy/dx
     1  0.000000  0.000000**********  0.000000  0.000000
     2  0.000050  0.001003 10.086572  0.000038  0.699763
     3  0.000100  0.001421  7.145228  0.000072  0.651735
     4  0.000200  0.002013  5.034343  0.000135  0.603704
     5  0.000300  0.002464  4.092798  0.000193  0.575604
     6  0.000400  0.002844  3.535284  0.000250  0.555664
     7  0.000500  0.003177  3.157338  0.000305  0.540196
     8  0.000600  0.003478  2.878123  0.000358  0.527556
     9  0.000800  0.004012  2.480880  0.000462  0.507609
    10  0.001000  0.004479  2.206306  0.000561  0.492133
    11  0.001200  0.004898  2.004354  0.000659  0.479486
    12  0.001400  0.005283  1.847488  0.000753  0.468790
    13  0.001600  0.005640  1.721079  0.000846  0.459523
    14  0.001800  0.005973  1.615755  0.000937  0.451347
    15  0.002000  0.006287  1.525526  0.001027  0.444032
    16  0.002500  0.007003  1.347823  0.001245  0.428533
    17  0.003000  0.007642  1.215720  0.001456  0.415862
    18  0.003500  0.008224  1.113345  0.001661  0.405143
    19  0.004000  0.008759  1.031411  0.001861  0.395853
    20  0.004500  0.009257  0.961945  0.002057  0.387653
    21  0.005000  0.009723  0.902242  0.002249  0.380315
    22  0.006000  0.010577  0.812263  0.002623  0.367605
    23  0.007000  0.011356  0.749930  0.002985  0.356847
    24  0.008000  0.012082  0.704957  0.003337  0.347517
    25  0.009000  0.012769  0.669006  0.003680  0.339279
    26  0.010000  0.013420  0.633444  0.004016  0.331901
    27  0.011000  0.014038  0.603977  0.004344  0.325219
    28  0.012000  0.014631  0.580983  0.004666  0.319112
    29  0.013000  0.015200  0.557405  0.004983  0.313488
    30  0.014000  0.015746  0.535188  0.005293  0.308275
    31  0.015000  0.016272  0.517515  0.005599  0.303417
    32  0.016000  0.016782  0.501682  0.005900  0.298867
    33  0.018000  0.017754  0.471753  0.006490  0.290548
    34  0.020000  0.018673  0.447722  0.007063  0.283091
    35  0.025000  0.020782  0.399073  0.008438  0.267234
    36  0.030000  0.022682  0.362474  0.009740  0.254203
    37  0.035000  0.024421  0.333739  0.010983  0.243122
    38  0.040000  0.026033  0.311745  0.012174  0.233467
    39  0.045000  0.027537  0.291312  0.013319  0.224900
    40  0.050000  0.028957  0.276040  0.014424  0.217192
    41  0.055000  0.030298  0.261146  0.015492  0.210178
    42  0.060000  0.031574  0.248792  0.016527  0.203737
    43  0.070000  0.033942  0.226423  0.018505  0.192223
    44  0.080000  0.036112  0.207850  0.020376  0.182127
    45  0.090000  0.038106  0.192397  0.022152  0.173112
    46  0.100000  0.039953  0.178557  0.023841  0.164947
    47  0.120000  0.043272  0.155605  0.026992  0.150552
    48  0.140000  0.046172  0.135899  0.029876  0.138062
    49  0.160000  0.048717  0.118331  0.032524  0.126951
    50  0.180000  0.050944  0.103781  0.034961  0.116880
    51  0.200000  0.052887  0.090314  0.037205  0.107616
    52  0.220000  0.054575  0.077600  0.039270  0.098990
    53  0.240000  0.056016  0.066710  0.041168  0.090877
    54  0.260000  0.057245  0.055388  0.042908  0.083183
    55  0.280000  0.058251  0.043986  0.044497  0.075830
    56  0.300000  0.059032  0.032248  0.045943  0.068757
    57  0.320000  0.059569  0.020947  0.047249  0.061914
    58  0.340000  0.059889  0.010140  0.048420  0.055257
    59  0.360000  0.059998  0.000208  0.049460  0.048749
    60  0.380000  0.059899 -0.009937  0.050371  0.042356
    61  0.400000  0.059588 -0.020370  0.051155  0.036049
    62  0.420000  0.059069 -0.030799  0.051813  0.029800
    63  0.440000  0.058358 -0.040313  0.052347  0.023583
    64  0.460000  0.057466 -0.048853  0.052757  0.017371
    65  0.480000  0.056404 -0.057340  0.053042  0.011139
    66  0.500000  0.055183 -0.064456  0.053202  0.004860
    67  0.520000  0.053809 -0.072307  0.053236 -0.001492
    68  0.540000  0.052297 -0.079615  0.053142 -0.007948
    69  0.560000  0.050652 -0.085520  0.052917 -0.014542
    70  0.580000  0.048885 -0.090861  0.052559 -0.021310
    71  0.600000  0.047004 -0.096808  0.052063 -0.028296
    72  0.620000  0.045022 -0.101612  0.051425 -0.035552
    73  0.640000  0.042941 -0.106172  0.050639 -0.043144
    74  0.660000  0.040768 -0.110477  0.049697 -0.051150
    75  0.680000  0.038522 -0.113927  0.048589 -0.059679
    76  0.700000  0.036212 -0.116742  0.047305 -0.068874
    77  0.720000  0.033849 -0.119327  0.045829 -0.078945
    78  0.740000  0.031459 -0.120609  0.044139 -0.090218
    79  0.760000  0.029056 -0.120307  0.042208 -0.103262
    80  0.780000  0.026659 -0.119435  0.039989 -0.119305
    81  0.800000  0.024255 -0.119996  0.037387 -0.144276
    82  0.820000  0.021848 -0.120052  0.034223 -0.168510
    83  0.840000  0.019451 -0.119840  0.030706 -0.182326
    84  0.860000  0.017060 -0.118678  0.026960 -0.191610
    85  0.880000  0.014671 -0.119857  0.023540 -0.196168
    86  0.900000  0.012240 -0.123519  0.019617 -0.196168
    87  0.920000  0.009759 -0.123502  0.015693 -0.196168
    88  0.940000  0.007356 -0.115158  0.011770 -0.196168
    89  0.950000  0.006238 -0.107699  0.009808 -0.196168
    90  0.960000  0.005204 -0.099692  0.007847 -0.196168
    91  0.970000  0.004234 -0.095113  0.005885 -0.196168
    92  0.975000  0.003763 -0.094620  0.004904 -0.196168
    93  0.980000  0.003286 -0.096981  0.003923 -0.196168
    94  0.985000  0.002791 -0.102151  0.002943 -0.196168
    95  0.990000  0.002246 -0.116751  0.001962 -0.196168
    96  0.995000  0.001577 -0.159354  0.000981 -0.196168
    97  0.999000  0.000706 -0.350567  0.000196 -0.196168
    98  1.000000 -0.000000 -9.486685 -0.000000 -0.196168

COORDINATES OF NACA AIRFOILS           23:13 29Apr2025
 NACA 63A812                                                                     
 COMBINED THICKNESS AND CAMBER
         xupper    yupper    xlower    ylower
     1  0.000000  0.000000  0.000000  0.000000
     2 -0.000525  0.000860  0.000625 -0.000783
     3 -0.000676  0.001263  0.000876 -0.001119
     4 -0.000840  0.001858  0.001240 -0.001589
     5 -0.000929  0.002329  0.001529 -0.001942
     6 -0.000981  0.002736  0.001781 -0.002236
     7 -0.001010  0.003100  0.002010 -0.002490
     8 -0.001023  0.003434  0.002223 -0.002718
     9 -0.001016  0.004039  0.002616 -0.003116
    10 -0.000978  0.004580  0.002978 -0.003457
    11 -0.000918  0.005075  0.003318 -0.003758
    12 -0.000843  0.005537  0.003643 -0.004030
    13 -0.000755  0.005971  0.003955 -0.004279
    14 -0.000657  0.006381  0.004257 -0.004507
    15 -0.000551  0.006773  0.004551 -0.004719
    16 -0.000258  0.007681  0.005258 -0.005192
    17  0.000066  0.008512  0.005934 -0.005600
    18  0.000412  0.009283  0.006588 -0.005961
    19  0.000776  0.010006  0.007224 -0.006283
    20  0.001154  0.010688  0.007846 -0.006574
    21  0.001544  0.011337  0.008456 -0.006839
    22  0.002351  0.012550  0.009649 -0.007305
    23  0.003183  0.013680  0.010817 -0.007711
    24  0.004034  0.014750  0.011966 -0.008076
    25  0.004897  0.015773  0.013103 -0.008412
    26  0.005773  0.016753  0.014227 -0.008721
    27  0.006658  0.017694  0.015342 -0.009006
    28  0.007552  0.018605  0.016448 -0.009272
    29  0.008453  0.019487  0.017547 -0.009522
    30  0.009361  0.020341  0.018639 -0.009754
    31  0.010276  0.021170  0.019724 -0.009972
    32  0.011195  0.021979  0.020805 -0.010179
    33  0.013046  0.023539  0.022954 -0.010559
    34  0.014914  0.025030  0.025086 -0.010904
    35  0.019635  0.028515  0.030365 -0.011640
    36  0.024412  0.031723  0.035588 -0.012243
    37  0.029231  0.034712  0.040769 -0.012747
    38  0.034081  0.037525  0.045919 -0.013177
    39  0.038958  0.040186  0.051042 -0.013547
    40  0.043854  0.042722  0.056146 -0.013873
    41  0.048768  0.045143  0.061232 -0.014158
    42  0.053697  0.047465  0.066303 -0.014411
    43  0.063593  0.051838  0.076407 -0.014827
    44  0.073530  0.055903  0.086470 -0.015151
    45  0.083500  0.059699  0.096500 -0.015396
    46  0.093498  0.063261  0.106502 -0.015579
    47  0.113558  0.069782  0.126442 -0.015797
    48  0.133685  0.075614  0.146315 -0.015862
    49  0.153865  0.080853  0.166135 -0.015805
    50  0.174086  0.085561  0.185914 -0.015639
    51  0.194341  0.089788  0.205659 -0.015379
    52  0.214624  0.093579  0.225376 -0.015039
    53  0.234930  0.096953  0.245070 -0.014618
    54  0.255255  0.099956  0.264745 -0.014141
    55  0.275595  0.102582  0.284405 -0.013587
    56  0.295951  0.104836  0.304049 -0.012951
    57  0.316319  0.106704  0.323681 -0.012206
    58  0.336696  0.108218  0.343304 -0.011378
    59  0.357079  0.109387  0.362921 -0.010466
    60  0.377465  0.110217  0.382535 -0.009474
    61  0.397853  0.110704  0.402147 -0.008394
    62  0.418241  0.110856  0.421759 -0.007229
    63  0.438624  0.110690  0.441376 -0.005995
    64  0.459002  0.110215  0.460998 -0.004701
    65  0.479372  0.109443  0.480628 -0.003359
    66  0.499732  0.108384  0.500268 -0.001980
    67  0.520080  0.107045  0.519920 -0.000573
    68  0.540416  0.105437  0.539584  0.000847
    69  0.560736  0.103564  0.559264  0.002270
    70  0.581041  0.101433  0.578959  0.003685
    71  0.601330  0.099048  0.598671  0.005078
    72  0.621600  0.096419  0.618400  0.006432
    73  0.641851  0.093540  0.638149  0.007737
    74  0.662083  0.090412  0.657917  0.008982
    75  0.682295  0.087043  0.677705  0.010136
    76  0.702488  0.083431  0.697512  0.011179
    77  0.722664  0.079573  0.717336  0.012085
    78  0.742827  0.075471  0.737173  0.012808
    79  0.762985  0.071111  0.757015  0.013306
    80  0.783158  0.066461  0.776842  0.013518
    81  0.803464  0.061394  0.796536  0.013380
    82  0.823630  0.055767  0.816370  0.012679
    83  0.843489  0.049841  0.836511  0.011570
    84  0.863210  0.043715  0.856790  0.010205
    85  0.882824  0.037937  0.877176  0.009144
    86  0.902356  0.031628  0.897644  0.007605
    87  0.921879  0.025270  0.918121  0.006117
    88  0.941416  0.018989  0.938584  0.004551
    89  0.951201  0.015930  0.948799  0.003687
    90  0.961002  0.012953  0.958998  0.002740
    91  0.970815  0.010040  0.969185  0.001730
    92  0.975724  0.008596  0.974276  0.001212
    93  0.980633  0.007148  0.979367  0.000699
    94  0.985537  0.005681  0.984463  0.000204
    95  0.990432  0.004166  0.989568 -0.000243
    96  0.995304  0.002528  0.994696 -0.000566
    97  0.999136  0.000889  0.998864 -0.000496
    98  1.000000 -0.000000  1.000000  0.000000

COORDINATES OF NACA AIRFOILS           23:13 29Apr2025
 NACA 63A812                                                                     
 INTERPOLATED COORDINATES
            x      yupper   ylower
     1  0.000000  0.000000  0.000000
     2  0.000050  0.008475 -0.000065
     3  0.000100  0.008593 -0.000130
     4  0.000200  0.008823 -0.000255
     5  0.000300  0.009044 -0.000377
     6  0.000400  0.009258 -0.000500
     7  0.000500  0.009465 -0.000624
     8  0.000600  0.009666 -0.000751
     9  0.000800  0.010051 -0.001016
    10  0.001000  0.010417 -0.001282
    11  0.001200  0.010767 -0.001538
    12  0.001400  0.011103 -0.001786
    13  0.001600  0.011426 -0.002026
    14  0.001800  0.011739 -0.002257
    15  0.002000  0.012040 -0.002479
    16  0.002500  0.012760 -0.003001
    17  0.003000  0.013439 -0.003478
    18  0.003500  0.014087 -0.003913
    19  0.004000  0.014708 -0.004313
    20  0.004500  0.015309 -0.004683
    21  0.005000  0.015891 -0.005025
    22  0.006000  0.016999 -0.005638
    23  0.007000  0.018047 -0.006173
    24  0.008000  0.019048 -0.006643
    25  0.009000  0.020005 -0.007059
    26  0.010000  0.020923 -0.007431
    27  0.011000  0.021810 -0.007771
    28  0.012000  0.022669 -0.008086
    29  0.013000  0.023501 -0.008383
    30  0.014000  0.024310 -0.008661
    31  0.015000  0.025097 -0.008921
    32  0.016000  0.025866 -0.009166
    33  0.018000  0.027350 -0.009620
    34  0.020000  0.028771 -0.010025
    35  0.025000  0.032100 -0.010890
    36  0.030000  0.035170 -0.011594
    37  0.035000  0.038038 -0.012180
    38  0.040000  0.040737 -0.012677
    39  0.045000  0.043297 -0.013105
    40  0.050000  0.045733 -0.013476
    41  0.055000  0.048062 -0.013804
    42  0.060000  0.050291 -0.014092
    43  0.070000  0.054493 -0.014576
    44  0.080000  0.058396 -0.014952
    45  0.090000  0.062041 -0.015245
    46  0.100000  0.065461 -0.015466
    47  0.120000  0.071720 -0.015746
    48  0.140000  0.077315 -0.015855
    49  0.160000  0.082336 -0.015834
    50  0.180000  0.086843 -0.015699
    51  0.200000  0.090889 -0.015462
    52  0.220000  0.094511 -0.015140
    53  0.240000  0.097737 -0.014733
    54  0.260000  0.100602 -0.014262
    55  0.280000  0.103101 -0.013718
    56  0.300000  0.105238 -0.013090
    57  0.320000  0.107003 -0.012353
    58  0.340000  0.108431 -0.011523
    59  0.360000  0.109526 -0.010607
    60  0.380000  0.110296 -0.009607
    61  0.400000  0.110736 -0.008516
    62  0.420000  0.110854 -0.007337
    63  0.440000  0.110667 -0.006084
    64  0.460000  0.110184 -0.004768
    65  0.480000  0.109414 -0.003402
    66  0.500000  0.108368 -0.001999
    67  0.520000  0.107051 -0.000568
    68  0.540000  0.105472  0.000877
    69  0.560000  0.103636  0.002323
    70  0.580000  0.101548  0.003759
    71  0.600000  0.099212  0.005171
    72  0.620000  0.096635  0.006539
    73  0.640000  0.093814  0.007857
    74  0.660000  0.090745  0.009108
    75  0.680000  0.087438  0.010263
    76  0.700000  0.083890  0.011301
    77  0.720000  0.080096  0.012193
    78  0.740000  0.076061  0.012894
    79  0.760000  0.071774  0.013356
    80  0.780000  0.067209  0.013525
    81  0.800000  0.062299  0.013297
    82  0.820000  0.056814  0.012507
    83  0.840000  0.050913  0.011334
    84  0.860000  0.044689  0.010029
    85  0.880000  0.038790  0.008961
    86  0.900000  0.032405  0.007425
    87  0.920000  0.025879  0.005981
    88  0.940000  0.019438  0.004436
    89  0.950000  0.016301  0.003580
    90  0.960000  0.013254  0.002643
    91  0.970000  0.010280  0.001647
    92  0.975000  0.008809  0.001138
    93  0.980000  0.007336  0.000636
    94  0.985000  0.005842  0.000152
    95  0.990000  0.004308 -0.000270
    96  0.995000  0.002623 -0.000593
    97  0.999000  0.000992 -0.000455
    98  1.000000 -0.000000  0.000000
 End of output for cambered airfoil
