 COORDINATES OF NACA AIRFOILS
 Created by naca456, version 1.1 (7 November 2010) on 23:06 29Apr2025
 Ralph L. Carmichael, Public Domain Aeronautical Software
  
 NACA 63A616                                                                     
Six-series profile, family= 63A   t/c= 0.1600
  
                       THICKNESS          MEAN LINE
            x         y      dy/dx         y      dy/dx
     1  0.000000  0.000000**********  0.000000  0.000000
     2  0.000050  0.001254 12.674027  0.000029  0.524822
     3  0.000100  0.001780  9.006461  0.000054  0.488802
     4  0.000200  0.002526  6.351085  0.000101  0.452778
     5  0.000300  0.003096  5.157024  0.000145  0.431703
     6  0.000400  0.003574  4.457936  0.000187  0.416748
     7  0.000500  0.003995  3.986851  0.000229  0.405147
     8  0.000600  0.004374  3.640887  0.000269  0.395667
     9  0.000800  0.005051  3.145997  0.000346  0.380707
    10  0.001000  0.005643  2.801399  0.000421  0.369100
    11  0.001200  0.006176  2.546421  0.000494  0.359614
    12  0.001400  0.006666  2.350606  0.000565  0.351593
    13  0.001600  0.007120  2.194717  0.000635  0.344642
    14  0.001800  0.007546  2.064105  0.000703  0.338510
    15  0.002000  0.007947  1.952081  0.000770  0.333024
    16  0.002500  0.008864  1.729268  0.000934  0.321400
    17  0.003000  0.009685  1.563727  0.001092  0.311897
    18  0.003500  0.010434  1.435652  0.001246  0.303857
    19  0.004000  0.011125  1.333782  0.001396  0.296890
    20  0.004500  0.011770  1.247599  0.001543  0.290740
    21  0.005000  0.012375  1.172166  0.001687  0.285236
    22  0.006000  0.013486  1.058813  0.001967  0.275704
    23  0.007000  0.014505  0.983829  0.002239  0.267635
    24  0.008000  0.015462  0.932898  0.002503  0.260638
    25  0.009000  0.016375  0.893319  0.002760  0.254459
    26  0.010000  0.017248  0.851555  0.003012  0.248926
    27  0.011000  0.018079  0.812795  0.003258  0.243914
    28  0.012000  0.018877  0.784323  0.003500  0.239334
    29  0.013000  0.019647  0.755312  0.003737  0.235116
    30  0.014000  0.020387  0.725139  0.003970  0.231207
    31  0.015000  0.021099  0.700979  0.004199  0.227562
    32  0.016000  0.021790  0.680799  0.004425  0.224150
    33  0.018000  0.023111  0.640912  0.004867  0.217911
    34  0.020000  0.024360  0.608733  0.005297  0.212318
    35  0.025000  0.027228  0.542942  0.006328  0.200425
    36  0.030000  0.029813  0.493004  0.007305  0.190652
    37  0.035000  0.032177  0.453614  0.008237  0.182341
    38  0.040000  0.034368  0.423520  0.009130  0.175100
    39  0.045000  0.036411  0.395366  0.009989  0.168675
    40  0.050000  0.038338  0.374458  0.010818  0.162894
    41  0.055000  0.040157  0.354046  0.011619  0.157634
    42  0.060000  0.041885  0.337083  0.012395  0.152802
    43  0.070000  0.045092  0.306503  0.013879  0.144167
    44  0.080000  0.048027  0.280908  0.015282  0.136595
    45  0.090000  0.050722  0.259408  0.016614  0.129834
    46  0.100000  0.053217  0.240663  0.017881  0.123710
    47  0.120000  0.057697  0.210066  0.020244  0.112914
    48  0.140000  0.061606  0.183701  0.022407  0.103546
    49  0.160000  0.065030  0.159060  0.024393  0.095213
    50  0.180000  0.068027  0.139819  0.026221  0.087660
    51  0.200000  0.070636  0.121727  0.027903  0.080712
    52  0.220000  0.072897  0.104111  0.029452  0.074242
    53  0.240000  0.074831  0.090089  0.030876  0.068158
    54  0.260000  0.076466  0.073352  0.032181  0.062387
    55  0.280000  0.077798  0.058337  0.033373  0.056872
    56  0.300000  0.078816  0.041619  0.034457  0.051568
    57  0.320000  0.079505  0.027137  0.035437  0.046435
    58  0.340000  0.079900  0.012891  0.036315  0.041443
    59  0.360000  0.080001 -0.002735  0.037095  0.036561
    60  0.380000  0.079822 -0.017393  0.037778  0.031767
    61  0.400000  0.079354 -0.030515  0.038366  0.027037
    62  0.420000  0.078607 -0.043264  0.038860  0.022350
    63  0.440000  0.077593 -0.056670  0.039260  0.017687
    64  0.460000  0.076347 -0.067740  0.039568  0.013028
    65  0.480000  0.074874 -0.079034  0.039781  0.008354
    66  0.500000  0.073185 -0.090124  0.039902  0.003645
    67  0.520000  0.071302 -0.098114  0.039927 -0.001119
    68  0.540000  0.069233 -0.107516  0.039856 -0.005961
    69  0.560000  0.066997 -0.115652  0.039688 -0.010906
    70  0.580000  0.064604 -0.124015  0.039419 -0.015982
    71  0.600000  0.062057 -0.130152  0.039047 -0.021222
    72  0.620000  0.059375 -0.138082  0.038569 -0.026664
    73  0.640000  0.056575 -0.142945  0.037979 -0.032358
    74  0.660000  0.053672 -0.147724  0.037273 -0.038363
    75  0.680000  0.050662 -0.152944  0.036442 -0.044759
    76  0.700000  0.047587 -0.155538  0.035479 -0.051655
    77  0.720000  0.044452 -0.156677  0.034371 -0.059209
    78  0.740000  0.041293 -0.157944  0.033105 -0.067664
    79  0.760000  0.038137 -0.157557  0.031656 -0.077446
    80  0.780000  0.034977 -0.159113  0.029992 -0.089478
    81  0.800000  0.031816 -0.158502  0.028040 -0.108207
    82  0.820000  0.028659 -0.157205  0.025667 -0.126382
    83  0.840000  0.025507 -0.157308  0.023029 -0.136744
    84  0.860000  0.022372 -0.156686  0.020220 -0.143707
    85  0.880000  0.019224 -0.159288  0.017655 -0.147126
    86  0.900000  0.016014 -0.162633  0.014713 -0.147126
    87  0.920000  0.012769 -0.160781  0.011770 -0.147126
    88  0.940000  0.009661 -0.148662  0.008828 -0.147126
    89  0.950000  0.008223 -0.138355  0.007356 -0.147126
    90  0.960000  0.006891 -0.129091  0.005885 -0.147126
    91  0.970000  0.005631 -0.123694  0.004414 -0.147126
    92  0.975000  0.005014 -0.124196  0.003678 -0.147126
    93  0.980000  0.004387 -0.128091  0.002943 -0.147126
    94  0.985000  0.003733 -0.135919  0.002207 -0.147126
    95  0.990000  0.003008 -0.155848  0.001471 -0.147126
    96  0.995000  0.002113 -0.213285  0.000736 -0.147126
    97  0.999000  0.000946 -0.470904  0.000147 -0.147126
    98  1.000000 -0.000000-25.027403 -0.000000 -0.147126

COORDINATES OF NACA AIRFOILS           23:06 29Apr2025
 NACA 63A616                                                                     
 COMBINED THICKNESS AND CAMBER
         xupper    yupper    xlower    ylower
     1  0.000000  0.000000  0.000000  0.000000
     2 -0.000533  0.001139  0.000633 -0.001081
     3 -0.000682  0.001654  0.000882 -0.001546
     4 -0.000842  0.002402  0.001242 -0.002200
     5 -0.000927  0.002987  0.001527 -0.002697
     6 -0.000975  0.003487  0.001775 -0.003112
     7 -0.001000  0.003931  0.002000 -0.003474
     8 -0.001009  0.004336  0.002209 -0.003799
     9 -0.000997  0.005066  0.002597 -0.004374
    10 -0.000954  0.005715  0.002954 -0.004873
    11 -0.000890  0.006306  0.003290 -0.005318
    12 -0.000811  0.006854  0.003611 -0.005724
    13 -0.000720  0.007366  0.003920 -0.006097
    14 -0.000619  0.007850  0.004219 -0.006444
    15 -0.000511  0.008310  0.004511 -0.006770
    16 -0.000212  0.009373  0.005212 -0.007506
    17  0.000116  0.010338  0.005884 -0.008154
    18  0.000467  0.011229  0.006533 -0.008737
    19  0.000834  0.012061  0.007166 -0.009269
    20  0.001214  0.012845  0.007786 -0.009759
    21  0.001606  0.013587  0.008394 -0.010213
    22  0.002416  0.014968  0.009584 -0.011034
    23  0.003250  0.016251  0.010750 -0.011773
    24  0.004100  0.017465  0.011900 -0.012460
    25  0.004962  0.018629  0.013038 -0.013109
    26  0.005834  0.019749  0.014166 -0.013725
    27  0.006716  0.020822  0.015284 -0.014306
    28  0.007606  0.021858  0.016394 -0.014858
    29  0.008503  0.022863  0.017497 -0.015389
    30  0.009408  0.023833  0.018592 -0.015893
    31  0.010318  0.024773  0.019682 -0.016374
    32  0.011234  0.025688  0.020766 -0.016837
    33  0.013079  0.027448  0.022921 -0.017714
    34  0.014941  0.029126  0.025059 -0.018531
    35  0.019649  0.033026  0.030351 -0.020369
    36  0.024417  0.036591  0.035583 -0.021981
    37  0.029228  0.039892  0.040772 -0.023418
    38  0.034072  0.042983  0.045928 -0.024723
    39  0.038944  0.045893  0.051056 -0.025914
    40  0.043836  0.048657  0.056164 -0.027021
    41  0.048747  0.051286  0.061253 -0.028048
    42  0.053673  0.053799  0.066327 -0.029009
    43  0.063566  0.058510  0.076434 -0.030752
    44  0.073500  0.062867  0.086500 -0.032303
    45  0.083469  0.066914  0.096531 -0.033686
    46  0.093466  0.070695  0.106534 -0.034934
    47  0.113526  0.077577  0.126474 -0.037088
    48  0.133655  0.083685  0.146345 -0.038871
    49  0.153836  0.089130  0.166164 -0.040344
    50  0.174060  0.093987  0.185940 -0.041546
    51  0.194317  0.098311  0.205683 -0.042504
    52  0.214603  0.102149  0.225397 -0.043245
    53  0.234911  0.105533  0.245089 -0.043782
    54  0.255239  0.108498  0.264761 -0.044137
    55  0.275583  0.111045  0.284417 -0.044299
    56  0.295941  0.113168  0.304059 -0.044254
    57  0.316312  0.114856  0.323688 -0.043983
    58  0.336692  0.116147  0.343308 -0.043516
    59  0.357077  0.117042  0.362923 -0.042852
    60  0.377466  0.117560  0.382534 -0.042003
    61  0.397855  0.117691  0.402145 -0.040958
    62  0.418244  0.117447  0.421756 -0.039727
    63  0.438628  0.116842  0.441372 -0.038321
    64  0.459005  0.115908  0.460995 -0.036773
    65  0.479374  0.114653  0.480625 -0.035090
    66  0.499733  0.113086  0.500267 -0.033283
    67  0.520080  0.111229  0.519920 -0.031375
    68  0.540413  0.109088  0.539587 -0.029375
    69  0.560731  0.106681  0.559269 -0.027306
    70  0.581032  0.104015  0.578968 -0.025177
    71  0.601317  0.101091  0.598683 -0.022996
    72  0.621583  0.097923  0.618417 -0.020785
    73  0.641830  0.094525  0.638170 -0.018566
    74  0.662058  0.090905  0.657943 -0.016360
    75  0.682265  0.087053  0.677735 -0.014169
    76  0.702455  0.083003  0.697545 -0.012045
    77  0.722627  0.078746  0.717373 -0.010003
    78  0.742788  0.074304  0.737212 -0.008095
    79  0.762945  0.069680  0.757055 -0.006367
    80  0.783117  0.064830  0.776883 -0.004846
    81  0.803423  0.059671  0.796577 -0.003591
    82  0.823593  0.054100  0.816407 -0.002765
    83  0.843456  0.048301  0.836544 -0.002242
    84  0.863182  0.042364  0.856818 -0.001924
    85  0.882798  0.036674  0.877202 -0.001364
    86  0.902331  0.030556  0.897669 -0.001131
    87  0.921859  0.024403  0.918141 -0.000863
    88  0.941406  0.018386  0.938594 -0.000730
    89  0.951197  0.015492  0.948803 -0.000780
    90  0.961003  0.012702  0.958997 -0.000932
    91  0.970820  0.009985  0.969180 -0.001157
    92  0.975730  0.008638  0.974270 -0.001282
    93  0.980639  0.007283  0.979361 -0.001398
    94  0.985543  0.005900  0.984457 -0.001486
    95  0.990438  0.004448  0.989562 -0.001505
    96  0.995308  0.002826  0.994692 -0.001355
    97  0.999138  0.001083  0.998862 -0.000789
    98  1.000000 -0.000000  1.000000  0.000000

COORDINATES OF NACA AIRFOILS           23:06 29Apr2025
 NACA 63A616                                                                     
 INTERPOLATED COORDINATES
            x      yupper   ylower
     1  0.000000  0.000000  0.000000
     2  0.000050  0.010155 -0.000087
     3  0.000100  0.010294 -0.000174
     4  0.000200  0.010562 -0.000343
     5  0.000300  0.010819 -0.000510
     6  0.000400  0.011068 -0.000678
     7  0.000500  0.011308 -0.000849
     8  0.000600  0.011542 -0.001023
     9  0.000800  0.011989 -0.001392
    10  0.001000  0.012413 -0.001764
    11  0.001200  0.012818 -0.002126
    12  0.001400  0.013204 -0.002478
    13  0.001600  0.013577 -0.002821
    14  0.001800  0.013935 -0.003153
    15  0.002000  0.014281 -0.003474
    16  0.002500  0.015103 -0.004234
    17  0.003000  0.015878 -0.004935
    18  0.003500  0.016616 -0.005585
    19  0.004000  0.017325 -0.006191
    20  0.004500  0.018012 -0.006758
    21  0.005000  0.018679 -0.007290
    22  0.006000  0.019955 -0.008261
    23  0.007000  0.021157 -0.009133
    24  0.008000  0.022304 -0.009922
    25  0.009000  0.023400 -0.010641
    26  0.010000  0.024448 -0.011304
    27  0.011000  0.025457 -0.011926
    28  0.012000  0.026431 -0.012518
    29  0.013000  0.027375 -0.013088
    30  0.014000  0.028289 -0.013636
    31  0.015000  0.029178 -0.014161
    32  0.016000  0.030043 -0.014664
    33  0.018000  0.031709 -0.015623
    34  0.020000  0.033300 -0.016511
    35  0.025000  0.037006 -0.018509
    36  0.030000  0.040399 -0.020255
    37  0.035000  0.043551 -0.021810
    38  0.040000  0.046503 -0.023213
    39  0.045000  0.049293 -0.024497
    40  0.050000  0.051936 -0.025676
    41  0.055000  0.054456 -0.026776
    42  0.060000  0.056859 -0.027801
    43  0.070000  0.061372 -0.029667
    44  0.080000  0.065539 -0.031321
    45  0.090000  0.069413 -0.032803
    46  0.100000  0.073034 -0.034133
    47  0.120000  0.079621 -0.036433
    48  0.140000  0.085466 -0.038337
    49  0.160000  0.090671 -0.039916
    50  0.180000  0.095309 -0.041212
    51  0.200000  0.099434 -0.042251
    52  0.220000  0.103092 -0.043063
    53  0.240000  0.106315 -0.043661
    54  0.260000  0.109132 -0.044068
    55  0.280000  0.111543 -0.044280
    56  0.300000  0.113539 -0.044282
    57  0.320000  0.115119 -0.044049
    58  0.340000  0.116319 -0.043609
    59  0.360000  0.117140 -0.042963
    60  0.380000  0.117597 -0.042124
    61  0.400000  0.117683 -0.041082
    62  0.420000  0.117409 -0.039845
    63  0.440000  0.116789 -0.038424
    64  0.460000  0.115855 -0.036855
    65  0.480000  0.114609 -0.035146
    66  0.500000  0.113063 -0.033308
    67  0.520000  0.111237 -0.031367
    68  0.540000  0.109134 -0.029333
    69  0.560000  0.106772 -0.027228
    70  0.580000  0.104157 -0.025064
    71  0.600000  0.101288 -0.022849
    72  0.620000  0.098179 -0.020607
    73  0.640000  0.094841 -0.018361
    74  0.660000  0.091284 -0.016131
    75  0.680000  0.087496 -0.013922
    76  0.700000  0.083507 -0.011787
    77  0.720000  0.079311 -0.009741
    78  0.740000  0.074928 -0.007840
    79  0.760000  0.070368 -0.006128
    80  0.780000  0.065594 -0.004625
    81  0.800000  0.060571 -0.003418
    82  0.820000  0.055119 -0.002650
    83  0.840000  0.049333 -0.002188
    84  0.860000  0.043305 -0.001845
    85  0.880000  0.037504 -0.001311
    86  0.900000  0.031299 -0.001106
    87  0.920000  0.024984 -0.000841
    88  0.940000  0.018809 -0.000732
    89  0.950000  0.015840 -0.000792
    90  0.960000  0.012984 -0.000952
    91  0.970000  0.010210 -0.001177
    92  0.975000  0.008839 -0.001300
    93  0.980000  0.007461 -0.001410
    94  0.985000  0.006054 -0.001494
    95  0.990000  0.004587 -0.001495
    96  0.995000  0.002923 -0.001352
    97  0.999000  0.001201 -0.000721
    98  1.000000 -0.000000  0.000000
 End of output for cambered airfoil
