 COORDINATES OF NACA AIRFOILS
 Created by naca456, version 1.1 (7 November 2010) on 23:13 29Apr2025
 Ralph L. Carmichael, Public Domain Aeronautical Software
  
 NACA 63A810                                                                     
Six-series profile, family= 63A   t/c= 0.1000
  
                       THICKNESS          MEAN LINE
            x         y      dy/dx         y      dy/dx
     1  0.000000  0.000000**********  0.000000  0.000000
     2  0.000050  0.000857  8.593316  0.000038  0.699763
     3  0.000100  0.001213  6.078223  0.000072  0.651735
     4  0.000200  0.001716  4.284889  0.000135  0.603704
     5  0.000300  0.002100  3.483960  0.000193  0.575604
     6  0.000400  0.002423  3.008791  0.000250  0.555664
     7  0.000500  0.002707  2.685637  0.000305  0.540196
     8  0.000600  0.002963  2.446115  0.000358  0.527556
     9  0.000800  0.003416  2.107201  0.000462  0.507609
    10  0.001000  0.003813  1.873314  0.000561  0.492133
    11  0.001200  0.004170  1.700356  0.000659  0.479486
    12  0.001400  0.004495  1.566534  0.000753  0.468790
    13  0.001600  0.004798  1.458108  0.000846  0.459523
    14  0.001800  0.005080  1.367939  0.000937  0.451347
    15  0.002000  0.005346  1.290911  0.001027  0.444032
    16  0.002500  0.005951  1.139408  0.001245  0.428533
    17  0.003000  0.006492  1.026600  0.001456  0.415862
    18  0.003500  0.006982  0.939290  0.001661  0.405143
    19  0.004000  0.007433  0.869138  0.001861  0.395853
    20  0.004500  0.007853  0.809758  0.002057  0.387653
    21  0.005000  0.008245  0.759115  0.002249  0.380315
    22  0.006000  0.008963  0.681930  0.002623  0.367605
    23  0.007000  0.009616  0.627587  0.002985  0.356847
    24  0.008000  0.010223  0.587874  0.003337  0.347517
    25  0.009000  0.010795  0.556107  0.003680  0.339279
    26  0.010000  0.011336  0.525712  0.004016  0.331901
    27  0.011000  0.011848  0.500816  0.004344  0.325219
    28  0.012000  0.012339  0.481156  0.004666  0.319112
    29  0.013000  0.012810  0.461292  0.004983  0.313488
    30  0.014000  0.013262  0.442882  0.005293  0.308275
    31  0.015000  0.013697  0.428129  0.005599  0.303417
    32  0.016000  0.014119  0.414849  0.005900  0.298867
    33  0.018000  0.014923  0.389983  0.006490  0.290548
    34  0.020000  0.015683  0.369996  0.007063  0.283091
    35  0.025000  0.017425  0.329738  0.008438  0.267234
    36  0.030000  0.018995  0.299558  0.009740  0.254203
    37  0.035000  0.020432  0.275879  0.010983  0.243122
    38  0.040000  0.021765  0.257767  0.012174  0.233467
    39  0.045000  0.023009  0.240885  0.013319  0.224900
    40  0.050000  0.024184  0.228396  0.014424  0.217192
    41  0.055000  0.025294  0.216084  0.015492  0.210178
    42  0.060000  0.026349  0.205949  0.016527  0.203737
    43  0.070000  0.028310  0.187461  0.018505  0.192223
    44  0.080000  0.030107  0.172225  0.020376  0.182127
    45  0.090000  0.031759  0.159586  0.022152  0.173112
    46  0.100000  0.033290  0.148172  0.023841  0.164947
    47  0.120000  0.036041  0.128867  0.026992  0.150552
    48  0.140000  0.038447  0.112371  0.029876  0.138062
    49  0.160000  0.040560  0.098377  0.032524  0.126951
    50  0.180000  0.042410  0.086172  0.034961  0.116880
    51  0.200000  0.044025  0.074972  0.037205  0.107616
    52  0.220000  0.045428  0.064651  0.039270  0.098990
    53  0.240000  0.046628  0.054858  0.041168  0.090877
    54  0.260000  0.047653  0.046884  0.042908  0.083183
    55  0.280000  0.048495  0.037329  0.044497  0.075830
    56  0.300000  0.049154  0.027882  0.045943  0.068757
    57  0.320000  0.049611  0.018038  0.047249  0.061914
    58  0.340000  0.049891  0.008888  0.048420  0.055257
    59  0.360000  0.049992  0.000910  0.049460  0.048749
    60  0.380000  0.049925 -0.007128  0.050371  0.042356
    61  0.400000  0.049683 -0.015815  0.051155  0.036049
    62  0.420000  0.049273 -0.025130  0.051813  0.029800
    63  0.440000  0.048700 -0.032898  0.052347  0.023583
    64  0.460000  0.047975 -0.039730  0.052757  0.017371
    65  0.480000  0.047111 -0.047109  0.053042  0.011139
    66  0.500000  0.046109 -0.053302  0.053202  0.004860
    67  0.520000  0.044982 -0.059111  0.053236 -0.001492
    68  0.540000  0.043741 -0.065285  0.053142 -0.007948
    69  0.560000  0.042384 -0.070244  0.052917 -0.014542
    70  0.580000  0.040925 -0.075703  0.052559 -0.021310
    71  0.600000  0.039371 -0.080533  0.052063 -0.028296
    72  0.620000  0.037729 -0.084392  0.051425 -0.035552
    73  0.640000  0.036000 -0.087416  0.050639 -0.043144
    74  0.660000  0.034199 -0.091814  0.049697 -0.051150
    75  0.680000  0.032330 -0.095403  0.048589 -0.059679
    76  0.700000  0.030403 -0.097007  0.047305 -0.068874
    77  0.720000  0.028432 -0.099504  0.045829 -0.078945
    78  0.740000  0.026433 -0.100538  0.044139 -0.090218
    79  0.760000  0.024418 -0.100768  0.042208 -0.103262
    80  0.780000  0.022403 -0.100492  0.039989 -0.119305
    81  0.800000  0.020387 -0.100559  0.037387 -0.144276
    82  0.820000  0.018367 -0.101097  0.034223 -0.168510
    83  0.840000  0.016353 -0.100666  0.030706 -0.182326
    84  0.860000  0.014342 -0.100033  0.026960 -0.191610
    85  0.880000  0.012338 -0.100758  0.023540 -0.196168
    86  0.900000  0.010302 -0.103252  0.019617 -0.196168
    87  0.920000  0.008215 -0.104415  0.015693 -0.196168
    88  0.940000  0.006182 -0.097693  0.011770 -0.196168
    89  0.950000  0.005233 -0.091570  0.009808 -0.196168
    90  0.960000  0.004355 -0.084372  0.007847 -0.196168
    91  0.970000  0.003535 -0.080205  0.005885 -0.196168
    92  0.975000  0.003138 -0.079401  0.004904 -0.196168
    93  0.980000  0.002738 -0.081132  0.003923 -0.196168
    94  0.985000  0.002323 -0.085324  0.002943 -0.196168
    95  0.990000  0.001868 -0.097361  0.001962 -0.196168
    96  0.995000  0.001311 -0.132540  0.000981 -0.196168
    97  0.999000  0.000587 -0.290481  0.000196 -0.196168
    98  1.000000 -0.000000 -6.108714 -0.000000 -0.196168

COORDINATES OF NACA AIRFOILS           23:13 29Apr2025
 NACA 63A810                                                                     
 COMBINED THICKNESS AND CAMBER
         xupper    yupper    xlower    ylower
     1  0.000000  0.000000  0.000000  0.000000
     2 -0.000441  0.000741  0.000541 -0.000664
     3 -0.000562  0.001088  0.000762 -0.000944
     4 -0.000687  0.001604  0.001087 -0.001334
     5 -0.000748  0.002014  0.001348 -0.001627
     6 -0.000777  0.002368  0.001577 -0.001868
     7 -0.000787  0.002686  0.001787 -0.002077
     8 -0.000782  0.002979  0.001982 -0.002262
     9 -0.000746  0.003507  0.002346 -0.002584
    10 -0.000683  0.003982  0.002683 -0.002859
    11 -0.000603  0.004418  0.003003 -0.003101
    12 -0.000508  0.004824  0.003308 -0.003317
    13 -0.000403  0.005206  0.003603 -0.003514
    14 -0.000290  0.005567  0.003890 -0.003693
    15 -0.000169  0.005913  0.004169 -0.003859
    16  0.000156  0.006715  0.004844 -0.004225
    17  0.000507  0.007450  0.005493 -0.004538
    18  0.000878  0.008132  0.006122 -0.004810
    19  0.001264  0.008773  0.006736 -0.005050
    20  0.001662  0.009379  0.007338 -0.005265
    21  0.002069  0.009956  0.007931 -0.005458
    22  0.002908  0.011035  0.009092 -0.005789
    23  0.003768  0.012042  0.010232 -0.006072
    24  0.004644  0.012994  0.011356 -0.006320
    25  0.005532  0.013903  0.012468 -0.006542
    26  0.006429  0.014774  0.013571 -0.006743
    27  0.007336  0.015612  0.014664 -0.006923
    28  0.008249  0.016421  0.015751 -0.007089
    29  0.009168  0.017206  0.016832 -0.007241
    30  0.010093  0.017967  0.017907 -0.007380
    31  0.011023  0.018706  0.018977 -0.007508
    32  0.011957  0.019428  0.020043 -0.007627
    33  0.013836  0.020820  0.022164 -0.007841
    34  0.015728  0.022153  0.024272 -0.008026
    35  0.020501  0.025272  0.029499 -0.008397
    36  0.025320  0.028150  0.034680 -0.008670
    37  0.030173  0.030837  0.039827 -0.008871
    38  0.035052  0.033369  0.044948 -0.009021
    39  0.039951  0.035768  0.050049 -0.009129
    40  0.044867  0.038057  0.055133 -0.009208
    41  0.049797  0.040245  0.060203 -0.009260
    42  0.054740  0.042345  0.065260 -0.009291
    43  0.064656  0.046307  0.075344 -0.009296
    44  0.074605  0.049996  0.085395 -0.009243
    45  0.084583  0.053445  0.095417 -0.009142
    46  0.094582  0.056687  0.105418 -0.009005
    47  0.114634  0.062632  0.125366 -0.008647
    48  0.134742  0.067962  0.145258 -0.008210
    49  0.154892  0.072761  0.165108 -0.007713
    50  0.175077  0.077084  0.184923 -0.007162
    51  0.195289  0.080977  0.204711 -0.006567
    52  0.215525  0.084477  0.224475 -0.005938
    53  0.235780  0.087604  0.244220 -0.005269
    54  0.256050  0.090396  0.263950 -0.004581
    55  0.276333  0.092854  0.283667 -0.003859
    56  0.296628  0.094981  0.303372 -0.003095
    57  0.316934  0.096766  0.323066 -0.002268
    58  0.337247  0.098235  0.342753 -0.001394
    59  0.357566  0.099393  0.362434 -0.000473
    60  0.377887  0.100251  0.382113  0.000491
    61  0.398210  0.100806  0.401790  0.001504
    62  0.418532  0.101064  0.421468  0.002563
    63  0.438852  0.101034  0.441148  0.003661
    64  0.459167  0.100724  0.460833  0.004789
    65  0.479475  0.100150  0.480525  0.005934
    66  0.499776  0.099311  0.500224  0.007094
    67  0.520067  0.098218  0.519933  0.008254
    68  0.540348  0.096881  0.539652  0.009402
    69  0.560616  0.095296  0.559384  0.010538
    70  0.580872  0.093475  0.579128  0.011643
    71  0.601114  0.091418  0.598886  0.012708
    72  0.621341  0.089130  0.618659  0.013720
    73  0.641552  0.086606  0.638448  0.014672
    74  0.661747  0.083851  0.658253  0.015543
    75  0.681926  0.080862  0.678074  0.016316
    76  0.702089  0.077636  0.697911  0.016974
    77  0.722238  0.074173  0.717762  0.017484
    78  0.742375  0.070465  0.737625  0.017813
    79  0.762508  0.066497  0.757492  0.017920
    80  0.782654  0.062235  0.777346  0.017744
    81  0.802911  0.057565  0.797089  0.017209
    82  0.823052  0.052335  0.816948  0.016112
    83  0.842933  0.046793  0.837067  0.014618
    84  0.862699  0.041046  0.857301  0.012874
    85  0.882375  0.035647  0.877625  0.011433
    86  0.901983  0.029726  0.898017  0.009508
    87  0.921582  0.023755  0.918419  0.007632
    88  0.941190  0.017836  0.938810  0.005704
    89  0.951007  0.014943  0.948993  0.004674
    90  0.960838  0.012120  0.959162  0.003574
    91  0.970680  0.009354  0.969320  0.002416
    92  0.975604  0.007983  0.974396  0.001825
    93  0.980527  0.006610  0.979473  0.001237
    94  0.985447  0.005222  0.984553  0.000663
    95  0.990360  0.003795  0.989640  0.000129
    96  0.995252  0.002267  0.994748 -0.000305
    97  0.999113  0.000772  0.998887 -0.000380
    98  1.000000 -0.000000  1.000000  0.000000

COORDINATES OF NACA AIRFOILS           23:13 29Apr2025
 NACA 63A810                                                                     
 INTERPOLATED COORDINATES
            x      yupper   ylower
     1  0.000000  0.000000  0.000000
     2  0.000050  0.006469 -0.000065
     3  0.000100  0.006587 -0.000128
     4  0.000200  0.006813 -0.000252
     5  0.000300  0.007029 -0.000372
     6  0.000400  0.007236 -0.000491
     7  0.000500  0.007436 -0.000612
     8  0.000600  0.007627 -0.000737
     9  0.000800  0.007994 -0.000991
    10  0.001000  0.008340 -0.001233
    11  0.001200  0.008670 -0.001463
    12  0.001400  0.008985 -0.001683
    13  0.001600  0.009288 -0.001891
    14  0.001800  0.009580 -0.002090
    15  0.002000  0.009861 -0.002278
    16  0.002500  0.010525 -0.002712
    17  0.003000  0.011147 -0.003099
    18  0.003500  0.011737 -0.003446
    19  0.004000  0.012300 -0.003759
    20  0.004500  0.012841 -0.004044
    21  0.005000  0.013364 -0.004304
    22  0.006000  0.014363 -0.004760
    23  0.007000  0.015306 -0.005147
    24  0.008000  0.016204 -0.005479
    25  0.009000  0.017065 -0.005765
    26  0.010000  0.017892 -0.006017
    27  0.011000  0.018689 -0.006244
    28  0.012000  0.019460 -0.006451
    29  0.013000  0.020209 -0.006641
    30  0.014000  0.020938 -0.006816
    31  0.015000  0.021647 -0.006976
    32  0.016000  0.022339 -0.007125
    33  0.018000  0.023677 -0.007391
    34  0.020000  0.024958 -0.007622
    35  0.025000  0.027966 -0.008085
    36  0.030000  0.030744 -0.008427
    37  0.035000  0.033343 -0.008684
    38  0.040000  0.035791 -0.008877
    39  0.045000  0.038117 -0.009022
    40  0.050000  0.040333 -0.009129
    41  0.055000  0.042453 -0.009207
    42  0.060000  0.044486 -0.009259
    43  0.070000  0.048321 -0.009302
    44  0.080000  0.051890 -0.009278
    45  0.090000  0.055226 -0.009202
    46  0.100000  0.058363 -0.009083
    47  0.120000  0.064112 -0.008753
    48  0.140000  0.069264 -0.008332
    49  0.160000  0.073899 -0.007846
    50  0.180000  0.078070 -0.007304
    51  0.200000  0.081826 -0.006712
    52  0.220000  0.085199 -0.006084
    53  0.240000  0.088213 -0.005414
    54  0.260000  0.090901 -0.004721
    55  0.280000  0.093263 -0.003996
    56  0.300000  0.095300 -0.003230
    57  0.320000  0.097007 -0.002400
    58  0.340000  0.098410 -0.001519
    59  0.360000  0.099512 -0.000589
    60  0.380000  0.100323  0.000386
    61  0.400000  0.100840  0.001410
    62  0.420000  0.101072  0.002482
    63  0.440000  0.101024  0.003596
    64  0.460000  0.100706  0.004741
    65  0.480000  0.100131  0.005904
    66  0.500000  0.099300  0.007080
    67  0.520000  0.098222  0.008258
    68  0.540000  0.096906  0.009423
    69  0.560000  0.095348  0.010573
    70  0.580000  0.093558  0.011691
    71  0.600000  0.091538  0.012767
    72  0.620000  0.089289  0.013787
    73  0.640000  0.086808  0.014743
    74  0.660000  0.084098  0.015615
    75  0.680000  0.081158  0.016386
    76  0.700000  0.077981  0.017036
    77  0.720000  0.074569  0.017531
    78  0.740000  0.070916  0.017839
    79  0.760000  0.067006  0.017914
    80  0.780000  0.062814  0.017698
    81  0.800000  0.058271  0.017082
    82  0.820000  0.053156  0.015908
    83  0.840000  0.047637  0.014365
    84  0.860000  0.041810  0.012674
    85  0.880000  0.036317  0.011235
    86  0.900000  0.030337  0.009317
    87  0.920000  0.024235  0.007487
    88  0.940000  0.018192  0.005586
    89  0.950000  0.015237  0.004568
    90  0.960000  0.012358  0.003480
    91  0.970000  0.009544  0.002337
    92  0.975000  0.008151  0.001755
    93  0.980000  0.006758  0.001177
    94  0.985000  0.005348  0.000613
    95  0.990000  0.003906  0.000098
    96  0.995000  0.002340 -0.000334
    97  0.999000  0.000848 -0.000354
    98  1.000000 -0.000000  0.000000
 End of output for cambered airfoil
