 COORDINATES OF NACA AIRFOILS
 Created by naca456, version 1.1 (7 November 2010) on 23:05 29Apr2025
 Ralph L. Carmichael, Public Domain Aeronautical Software
  
 NACA 63A611                                                                     
Six-series profile, family= 63A   t/c= 0.1100
  
                       THICKNESS          MEAN LINE
            x         y      dy/dx         y      dy/dx
     1  0.000000  0.000000  0.000000  0.000000  0.000000
     2  0.000050  0.000931  9.358248  0.000029  0.524822
     3  0.000100  0.001319  6.625100  0.000054  0.488802
     4  0.000200  0.001867  4.668355  0.000101  0.452778
     5  0.000300  0.002286  3.793105  0.000145  0.431703
     6  0.000400  0.002637  3.277667  0.000187  0.416748
     7  0.000500  0.002946  2.926048  0.000229  0.405147
     8  0.000600  0.003225  2.665741  0.000269  0.395667
     9  0.000800  0.003719  2.297047  0.000346  0.380707
    10  0.001000  0.004152  2.042446  0.000421  0.369100
    11  0.001200  0.004541  1.854586  0.000494  0.359614
    12  0.001400  0.004896  1.709175  0.000565  0.351593
    13  0.001600  0.005226  1.591753  0.000635  0.344642
    14  0.001800  0.005534  1.493740  0.000703  0.338510
    15  0.002000  0.005824  1.409933  0.000770  0.333024
    16  0.002500  0.006486  1.244709  0.000934  0.321400
    17  0.003000  0.007077  1.122218  0.001092  0.311897
    18  0.003500  0.007613  1.027288  0.001246  0.303857
    19  0.004000  0.008106  0.951048  0.001396  0.296890
    20  0.004500  0.008566  0.886392  0.001543  0.290740
    21  0.005000  0.008995  0.831246  0.001687  0.285236
    22  0.006000  0.009781  0.747557  0.001967  0.275704
    23  0.007000  0.010498  0.689030  0.002239  0.267635
    24  0.008000  0.011165  0.646539  0.002503  0.260638
    25  0.009000  0.011794  0.612515  0.002760  0.254459
    26  0.010000  0.012390  0.579472  0.003012  0.248926
    27  0.011000  0.012955  0.552302  0.003258  0.243914
    28  0.012000  0.013497  0.530894  0.003500  0.239334
    29  0.013000  0.014017  0.509114  0.003737  0.235116
    30  0.014000  0.014516  0.488812  0.003970  0.231207
    31  0.015000  0.014996  0.472632  0.004199  0.227562
    32  0.016000  0.015461  0.458068  0.004425  0.224150
    33  0.018000  0.016349  0.430645  0.004867  0.217911
    34  0.020000  0.017188  0.408671  0.005297  0.212318
    35  0.025000  0.019113  0.364211  0.006328  0.200425
    36  0.030000  0.020847  0.330852  0.007305  0.190652
    37  0.035000  0.022434  0.304654  0.008237  0.182341
    38  0.040000  0.023906  0.284610  0.009130  0.175100
    39  0.045000  0.025280  0.265984  0.009989  0.168675
    40  0.050000  0.026576  0.252105  0.010818  0.162894
    41  0.055000  0.027801  0.238507  0.011619  0.157634
    42  0.060000  0.028966  0.227281  0.012395  0.152802
    43  0.070000  0.031130  0.206868  0.013879  0.144167
    44  0.080000  0.033112  0.189964  0.015282  0.136595
    45  0.090000  0.034935  0.175946  0.016614  0.129834
    46  0.100000  0.036623  0.163331  0.017881  0.123710
    47  0.120000  0.039657  0.142200  0.020244  0.112914
    48  0.140000  0.042309  0.124098  0.022407  0.103546
    49  0.160000  0.044638  0.108331  0.024393  0.095213
    50  0.180000  0.046676  0.094940  0.026221  0.087660
    51  0.200000  0.048455  0.082620  0.027903  0.080712
    52  0.220000  0.050000  0.071119  0.029452  0.074242
    53  0.240000  0.051320  0.060729  0.030876  0.068158
    54  0.260000  0.052447  0.051144  0.032181  0.062387
    55  0.280000  0.053372  0.040663  0.033373  0.056872
    56  0.300000  0.054092  0.030117  0.034457  0.051568
    57  0.320000  0.054589  0.019496  0.035437  0.046435
    58  0.340000  0.054889  0.009429  0.036315  0.041443
    59  0.360000  0.054995  0.000646  0.037095  0.036561
    60  0.380000  0.054913 -0.008461  0.037778  0.031767
    61  0.400000  0.054637 -0.017987  0.038366  0.027037
    62  0.420000  0.054173 -0.028020  0.038860  0.022350
    63  0.440000  0.053533 -0.036537  0.039260  0.017687
    64  0.460000  0.052725 -0.044240  0.039568  0.013028
    65  0.480000  0.051763 -0.052305  0.039781  0.008354
    66  0.500000  0.050652 -0.058732  0.039902  0.003645
    67  0.520000  0.049403 -0.065582  0.039927 -0.001119
    68  0.540000  0.048027 -0.072495  0.039856 -0.005961
    69  0.560000  0.046527 -0.077896  0.039688 -0.010906
    70  0.580000  0.044914 -0.083442  0.039419 -0.015982
    71  0.600000  0.043196 -0.088690  0.039047 -0.021222
    72  0.620000  0.041385 -0.092968  0.038569 -0.026664
    73  0.640000  0.039481 -0.096451  0.037979 -0.032358
    74  0.660000  0.037494 -0.101248  0.037273 -0.038363
    75  0.680000  0.035436 -0.104626  0.036442 -0.044759
    76  0.700000  0.033318 -0.106733  0.035479 -0.051655
    77  0.720000  0.031151 -0.109399  0.034371 -0.059209
    78  0.740000  0.028956 -0.110699  0.033105 -0.067664
    79  0.760000  0.026746 -0.110694  0.031656 -0.077446
    80  0.780000  0.024539 -0.109813  0.029992 -0.089478
    81  0.800000  0.022328 -0.110265  0.028040 -0.108207
    82  0.820000  0.020114 -0.110690  0.025667 -0.126382
    83  0.840000  0.017908 -0.110277  0.023029 -0.136744
    84  0.860000  0.015707 -0.109323  0.020220 -0.143707
    85  0.880000  0.013509 -0.110347  0.017655 -0.147126
    86  0.900000  0.011276 -0.113422  0.014713 -0.147126
    87  0.920000  0.008991 -0.114033  0.011770 -0.147126
    88  0.940000  0.006771 -0.106476  0.008828 -0.147126
    89  0.950000  0.005737 -0.099708  0.007356 -0.147126
    90  0.960000  0.004780 -0.092088  0.005885 -0.147126
    91  0.970000  0.003885 -0.087717  0.004414 -0.147126
    92  0.975000  0.003450 -0.087040  0.003678 -0.147126
    93  0.980000  0.003012 -0.089080  0.002943 -0.147126
    94  0.985000  0.002556 -0.093737  0.002207 -0.147126
    95  0.990000  0.002057 -0.107050  0.001471 -0.147126
    96  0.995000  0.001444 -0.145935  0.000736 -0.147126
    97  0.999000  0.000646 -0.320483  0.000147 -0.147126
    98  1.000000 -0.000000 -7.671679 -0.000000 -0.147126

COORDINATES OF NACA AIRFOILS           23:05 29Apr2025
 NACA 63A611                                                                     
 COMBINED THICKNESS AND CAMBER
         xupper    yupper    xlower    ylower
     1  0.000000  0.000000  0.000000  0.000000
     2 -0.000383  0.000853  0.000483 -0.000796
     3 -0.000479  0.001239  0.000679 -0.001131
     4 -0.000570  0.001801  0.000970 -0.001599
     5 -0.000606  0.002244  0.001206 -0.001954
     6 -0.000614  0.002622  0.001414 -0.002247
     7 -0.000606  0.002959  0.001606 -0.002502
     8 -0.000587  0.003268  0.001787 -0.002730
     9 -0.000523  0.003822  0.002123 -0.003130
    10 -0.000438  0.004316  0.002438 -0.003474
    11 -0.000337  0.004767  0.002737 -0.003779
    12 -0.000224  0.005184  0.003024 -0.004054
    13 -0.000103  0.005576  0.003303 -0.004306
    14  0.000026  0.005945  0.003574 -0.004539
    15  0.000160  0.006296  0.003840 -0.004756
    16  0.000515  0.007109  0.004485 -0.005242
    17  0.000893  0.007848  0.005107 -0.005664
    18  0.001287  0.008530  0.005713 -0.006038
    19  0.001693  0.009167  0.006307 -0.006375
    20  0.002109  0.009768  0.006891 -0.006683
    21  0.002533  0.010337  0.007467 -0.006963
    22  0.003400  0.011396  0.008600 -0.007462
    23  0.004286  0.012380  0.009714 -0.007903
    24  0.005184  0.013307  0.010816 -0.008301
    25  0.006092  0.014190  0.011908 -0.008670
    26  0.007007  0.015035  0.012993 -0.009011
    27  0.007930  0.015844  0.014070 -0.009328
    28  0.008858  0.016626  0.015142 -0.009626
    29  0.009792  0.017382  0.016208 -0.009908
    30  0.010730  0.018113  0.017270 -0.010172
    31  0.011673  0.018822  0.018327 -0.010423
    32  0.012618  0.019512  0.019382 -0.010661
    33  0.014519  0.020841  0.021481 -0.011107
    34  0.016430  0.022110  0.023570 -0.011516
    35  0.021244  0.025068  0.028756 -0.012412
    36  0.026096  0.027783  0.033904 -0.013173
    37  0.030976  0.030307  0.039024 -0.013833
    38  0.035877  0.032678  0.044123 -0.014417
    39  0.040795  0.034917  0.049205 -0.014938
    40  0.045727  0.037048  0.054273 -0.015412
    41  0.050671  0.039081  0.059329 -0.015843
    42  0.055625  0.041028  0.064375 -0.016238
    43  0.065558  0.044690  0.074442 -0.016932
    44  0.075519  0.048090  0.084481 -0.017525
    45  0.085502  0.051257  0.094498 -0.018030
    46  0.095504  0.054227  0.104496 -0.018465
    47  0.115550  0.059651  0.124450 -0.019163
    48  0.135642  0.064491  0.144358 -0.019677
    49  0.155769  0.068830  0.164231 -0.020044
    50  0.175924  0.072718  0.184076 -0.020277
    51  0.196102  0.076201  0.203898 -0.020394
    52  0.216298  0.079315  0.223702 -0.020410
    53  0.236510  0.082077  0.243490 -0.020325
    54  0.256734  0.084526  0.263266 -0.020165
    55  0.276970  0.086658  0.283030 -0.019913
    56  0.297214  0.088477  0.302786 -0.019563
    57  0.317468  0.089967  0.322532 -0.019094
    58  0.337727  0.091158  0.342273 -0.018527
    59  0.357991  0.092054  0.362009 -0.017863
    60  0.378256  0.092663  0.381744 -0.017107
    61  0.398523  0.092983  0.401477 -0.016251
    62  0.418790  0.093020  0.421210 -0.015300
    63  0.439053  0.092785  0.440947 -0.014264
    64  0.459313  0.092288  0.460687 -0.013153
    65  0.479568  0.091542  0.480432 -0.011979
    66  0.499815  0.090553  0.500185 -0.010750
    67  0.520055  0.089330  0.519945 -0.009476
    68  0.540286  0.087882  0.539714 -0.008169
    69  0.560507  0.086212  0.559493 -0.006836
    70  0.580718  0.084327  0.579282 -0.005489
    71  0.600917  0.082234  0.599084 -0.004139
    72  0.621103  0.079939  0.618897 -0.002801
    73  0.641277  0.077440  0.638723 -0.001482
    74  0.661437  0.074739  0.658563 -0.000194
    75  0.681585  0.071843  0.678415  0.001041
    76  0.701719  0.068752  0.698281  0.002206
    77  0.721841  0.065468  0.718159  0.003275
    78  0.741955  0.061994  0.738045  0.004215
    79  0.762065  0.058322  0.757935  0.004990
    80  0.782187  0.054433  0.777813  0.005551
    81  0.802402  0.050239  0.797598  0.005841
    82  0.822522  0.045623  0.817478  0.005712
    83  0.842426  0.040772  0.837574  0.005286
    84  0.862234  0.035767  0.857766  0.004673
    85  0.881966  0.031020  0.878034  0.004290
    86  0.901641  0.025868  0.898359  0.003557
    87  0.921309  0.020665  0.918691  0.002875
    88  0.940986  0.015527  0.939014  0.002129
    89  0.950835  0.013032  0.949165  0.001681
    90  0.960696  0.010614  0.959304  0.001156
    91  0.970565  0.008257  0.969435  0.000570
    92  0.975502  0.007091  0.974498  0.000265
    93  0.980438  0.005922  0.979562 -0.000037
    94  0.985372  0.004736  0.984628 -0.000322
    95  0.990299  0.003506  0.989701 -0.000564
    96  0.995210  0.002164  0.994790 -0.000693
    97  0.999094  0.000786  0.998906 -0.000492
    98  1.000000 -0.000000  1.000000  0.000000

COORDINATES OF NACA AIRFOILS           23:05 29Apr2025
 NACA 63A611                                                                     
 INTERPOLATED COORDINATES
            x      yupper   ylower
     1  0.000000  0.000000  0.000000
     2  0.000050  0.006011 -0.000087
     3  0.000100  0.006144 -0.000171
     4  0.000200  0.006396 -0.000335
     5  0.000300  0.006635 -0.000497
     6  0.000400  0.006861 -0.000659
     7  0.000500  0.007077 -0.000825
     8  0.000600  0.007284 -0.000996
     9  0.000800  0.007675 -0.001331
    10  0.001000  0.008041 -0.001646
    11  0.001200  0.008385 -0.001945
    12  0.001400  0.008713 -0.002227
    13  0.001600  0.009026 -0.002494
    14  0.001800  0.009327 -0.002747
    15  0.002000  0.009616 -0.002987
    16  0.002500  0.010294 -0.003539
    17  0.003000  0.010922 -0.004032
    18  0.003500  0.011512 -0.004476
    19  0.004000  0.012072 -0.004882
    20  0.004500  0.012606 -0.005253
    21  0.005000  0.013122 -0.005594
    22  0.006000  0.014103 -0.006204
    23  0.007000  0.015028 -0.006737
    24  0.008000  0.015905 -0.007206
    25  0.009000  0.016742 -0.007625
    26  0.010000  0.017546 -0.008009
    27  0.011000  0.018318 -0.008365
    28  0.012000  0.019063 -0.008700
    29  0.013000  0.019785 -0.009014
    30  0.014000  0.020485 -0.009308
    31  0.015000  0.021167 -0.009588
    32  0.016000  0.021830 -0.009854
    33  0.018000  0.023109 -0.010346
    34  0.020000  0.024332 -0.010797
    35  0.025000  0.027190 -0.011778
    36  0.030000  0.029817 -0.012606
    37  0.035000  0.032265 -0.013321
    38  0.040000  0.034563 -0.013950
    39  0.045000  0.036741 -0.014511
    40  0.050000  0.038811 -0.015015
    41  0.055000  0.040788 -0.015476
    42  0.060000  0.042679 -0.015897
    43  0.070000  0.046238 -0.016640
    44  0.080000  0.049539 -0.017272
    45  0.090000  0.052616 -0.017813
    46  0.100000  0.055502 -0.018277
    47  0.120000  0.060771 -0.019024
    48  0.140000  0.065472 -0.019578
    49  0.160000  0.069682 -0.019977
    50  0.180000  0.073453 -0.020239
    51  0.200000  0.076830 -0.020379
    52  0.220000  0.079846 -0.020415
    53  0.240000  0.082522 -0.020346
    54  0.260000  0.084892 -0.020197
    55  0.280000  0.086951 -0.019957
    56  0.300000  0.088701 -0.019620
    57  0.320000  0.090132 -0.019160
    58  0.340000  0.091273 -0.018597
    59  0.360000  0.092127 -0.017935
    60  0.380000  0.092702 -0.017178
    61  0.400000  0.092995 -0.016318
    62  0.420000  0.093013 -0.015360
    63  0.440000  0.092767 -0.014315
    64  0.460000  0.092267 -0.013193
    65  0.480000  0.091524 -0.012006
    66  0.500000  0.090543 -0.010762
    67  0.520000  0.089333 -0.009472
    68  0.540000  0.087904 -0.008150
    69  0.560000  0.086256 -0.006802
    70  0.580000  0.084398 -0.005440
    71  0.600000  0.082334 -0.004077
    72  0.620000  0.080070 -0.002727
    73  0.640000  0.077604 -0.001398
    74  0.660000  0.074938 -0.000102
    75  0.680000  0.072078  0.001137
    76  0.700000  0.069024  0.002302
    77  0.720000  0.065776  0.003368
    78  0.740000  0.062341  0.004299
    79  0.760000  0.058709  0.005059
    80  0.780000  0.054867  0.005599
    81  0.800000  0.050760  0.005847
    82  0.820000  0.046220  0.005674
    83  0.840000  0.041380  0.005213
    84  0.860000  0.036318  0.004625
    85  0.880000  0.031506  0.004235
    86  0.900000  0.026306  0.003497
    87  0.920000  0.021010  0.002832
    88  0.940000  0.015780  0.002088
    89  0.950000  0.013240  0.001640
    90  0.960000  0.010782  0.001118
    91  0.970000  0.008391  0.000537
    92  0.975000  0.007210  0.000234
    93  0.980000  0.006027 -0.000062
    94  0.985000  0.004826 -0.000343
    95  0.990000  0.003587 -0.000572
    96  0.995000  0.002216 -0.000703
    97  0.999000  0.000848 -0.000462
    98  1.000000 -0.000000  0.000000
 End of output for cambered airfoil
