 COORDINATES OF NACA AIRFOILS
 Created by naca456, version 1.1 (7 November 2010) on 23:01 29Apr2025
 Ralph L. Carmichael, Public Domain Aeronautical Software
  
 NACA 63A413                                                                     
Six-series profile, family= 63A   t/c= 0.1300
  
                       THICKNESS          MEAN LINE
            x         y      dy/dx         y      dy/dx
     1  0.000000  0.000000  0.000000  0.000000  0.000000
     2  0.000050  0.001071 10.788200  0.000019  0.349882
     3  0.000100  0.001519  7.649500  0.000036  0.325868
     4  0.000200  0.002151  5.387631  0.000067  0.301852
     5  0.000300  0.002635  4.375466  0.000097  0.287802
     6  0.000400  0.003040  3.781545  0.000125  0.277832
     7  0.000500  0.003398  3.378632  0.000152  0.270098
     8  0.000600  0.003720  3.081868  0.000179  0.263778
     9  0.000800  0.004291  2.658961  0.000231  0.253805
    10  0.001000  0.004792  2.364776  0.000281  0.246067
    11  0.001200  0.005242  2.147931  0.000329  0.239743
    12  0.001400  0.005654  1.981233  0.000377  0.234395
    13  0.001600  0.006036  1.846969  0.000423  0.229762
    14  0.001800  0.006394  1.734441  0.000469  0.225674
    15  0.002000  0.006731  1.638359  0.000513  0.222016
    16  0.002500  0.007500  1.448084  0.000622  0.214266
    17  0.003000  0.008188  1.306785  0.000728  0.207931
    18  0.003500  0.008812  1.197713  0.000830  0.202572
    19  0.004000  0.009388  1.110146  0.000931  0.197926
    20  0.004500  0.009925  1.035803  0.001028  0.193827
    21  0.005000  0.010426  0.971987  0.001124  0.190157
    22  0.006000  0.011347  0.875915  0.001311  0.183802
    23  0.007000  0.012188  0.810038  0.001492  0.178423
    24  0.008000  0.012974  0.762960  0.001668  0.173759
    25  0.009000  0.013717  0.725397  0.001840  0.169639
    26  0.010000  0.014424  0.687685  0.002008  0.165950
    27  0.011000  0.015095  0.655961  0.002172  0.162610
    28  0.012000  0.015739  0.631419  0.002333  0.159556
    29  0.013000  0.016358  0.606140  0.002491  0.156744
    30  0.014000  0.016951  0.581964  0.002647  0.154138
    31  0.015000  0.017523  0.562791  0.002800  0.151708
    32  0.016000  0.018077  0.545774  0.002950  0.149433
    33  0.018000  0.019136  0.513302  0.003245  0.145274
    34  0.020000  0.020135  0.487222  0.003532  0.141545
    35  0.025000  0.022431  0.434347  0.004219  0.133617
    36  0.030000  0.024499  0.394484  0.004870  0.127102
    37  0.035000  0.026390  0.363141  0.005491  0.121561
    38  0.040000  0.028145  0.339177  0.006087  0.116733
    39  0.045000  0.029781  0.316893  0.006660  0.112450
    40  0.050000  0.031326  0.300225  0.007212  0.108596
    41  0.055000  0.032785  0.283996  0.007746  0.105089
    42  0.060000  0.034171  0.270530  0.008263  0.101868
    43  0.070000  0.036746  0.246156  0.009253  0.096111
    44  0.080000  0.039104  0.225866  0.010188  0.091064
    45  0.090000  0.041271  0.208959  0.011076  0.086556
    46  0.100000  0.043278  0.193888  0.011921  0.082474
    47  0.120000  0.046884  0.169093  0.013496  0.075276
    48  0.140000  0.050033  0.147754  0.014938  0.069031
    49  0.160000  0.052796  0.128401  0.016262  0.063476
    50  0.180000  0.055214  0.112683  0.017480  0.058440
    51  0.200000  0.057322  0.098073  0.018602  0.053808
    52  0.220000  0.059152  0.084127  0.019635  0.049495
    53  0.240000  0.060715  0.072667  0.020584  0.045439
    54  0.260000  0.062046  0.059695  0.021454  0.041591
    55  0.280000  0.063134  0.047398  0.022249  0.037915
    56  0.300000  0.063975  0.034424  0.022971  0.034378
    57  0.320000  0.064550  0.022421  0.023625  0.030957
    58  0.340000  0.064890  0.011010  0.024210  0.027628
    59  0.360000  0.065000 -0.000431  0.024730  0.024374
    60  0.380000  0.064883 -0.011612  0.025186  0.021178
    61  0.400000  0.064534 -0.022821  0.025578  0.018025
    62  0.420000  0.063960 -0.033421  0.025907  0.014900
    63  0.440000  0.063177 -0.044215  0.026174  0.011791
    64  0.460000  0.062199 -0.053521  0.026378  0.008685
    65  0.480000  0.061036 -0.062239  0.026521  0.005569
    66  0.500000  0.059702 -0.070593  0.026601  0.002430
    67  0.520000  0.058202 -0.078980  0.026618 -0.000746
    68  0.540000  0.056552 -0.086551  0.026571 -0.003974
    69  0.560000  0.054761 -0.093053  0.026459 -0.007271
    70  0.580000  0.052840 -0.098408  0.026279 -0.010655
    71  0.600000  0.050793 -0.104861  0.026032 -0.014148
    72  0.620000  0.048640 -0.110577  0.025713 -0.017776
    73  0.640000  0.046380 -0.116081  0.025319 -0.021572
    74  0.660000  0.044023 -0.119465  0.024848 -0.025575
    75  0.680000  0.041587 -0.123513  0.024295 -0.029839
    76  0.700000  0.039085 -0.126694  0.023653 -0.034437
    77  0.720000  0.036527 -0.129202  0.022914 -0.039473
    78  0.740000  0.033943 -0.130225  0.022070 -0.045109
    79  0.760000  0.031350 -0.129561  0.021104 -0.051631
    80  0.780000  0.028763 -0.129449  0.019995 -0.059652
    81  0.800000  0.026167 -0.129763  0.018694 -0.072138
    82  0.820000  0.023569 -0.129203  0.017112 -0.084255
    83  0.840000  0.020982 -0.129337  0.015353 -0.091163
    84  0.860000  0.018403 -0.128103  0.013480 -0.095805
    85  0.880000  0.015823 -0.129473  0.011770 -0.098084
    86  0.900000  0.013196 -0.133529  0.009808 -0.098084
    87  0.920000  0.010521 -0.132890  0.007847 -0.098084
    88  0.940000  0.007938 -0.123742  0.005885 -0.098084
    89  0.950000  0.006738 -0.115557  0.004904 -0.098084
    90  0.960000  0.005627 -0.107191  0.003923 -0.098084
    91  0.970000  0.004583 -0.102425  0.002943 -0.098084
    92  0.975000  0.004075 -0.102132  0.002452 -0.098084
    93  0.980000  0.003561 -0.104844  0.001962 -0.098084
    94  0.985000  0.003025 -0.110570  0.001471 -0.098084
    95  0.990000  0.002436 -0.126478  0.000981 -0.098084
    96  0.995000  0.001710 -0.172855  0.000490 -0.098084
    97  0.999000  0.000766 -0.380184  0.000098 -0.098084
    98  1.000000 -0.000000-12.072374 -0.000000 -0.098084

COORDINATES OF NACA AIRFOILS           23:01 29Apr2025
 NACA 63A413                                                                     
 COMBINED THICKNESS AND CAMBER
         xupper    yupper    xlower    ylower
     1  0.000000  0.000000  0.000000  0.000000
     2 -0.000304  0.001031  0.000404 -0.000992
     3 -0.000371  0.001480  0.000571 -0.001408
     4 -0.000422  0.002127  0.000822 -0.001992
     5 -0.000429  0.002629  0.001029 -0.002435
     6 -0.000414  0.003054  0.001214 -0.002804
     7 -0.000386  0.003433  0.001386 -0.003128
     8 -0.000349  0.003776  0.001549 -0.003418
     9 -0.000256  0.004390  0.001856 -0.003928
    10 -0.000145  0.004934  0.002145 -0.004372
    11 -0.000022  0.005427  0.002422 -0.004769
    12  0.000110  0.005881  0.002690 -0.005128
    13  0.000248  0.006306  0.002952 -0.005460
    14  0.000392  0.006706  0.003208 -0.005769
    15  0.000541  0.007084  0.003459 -0.006057
    16  0.000929  0.007956  0.004071 -0.006711
    17  0.001333  0.008744  0.004667 -0.007289
    18  0.001750  0.009467  0.005250 -0.007806
    19  0.002177  0.010140  0.005823 -0.008279
    20  0.002611  0.010772  0.006389 -0.008715
    21  0.003052  0.011367  0.006948 -0.009118
    22  0.003949  0.012472  0.008051 -0.009849
    23  0.004859  0.013491  0.009141 -0.010506
    24  0.005779  0.014451  0.010221 -0.011114
    25  0.006706  0.015364  0.011294 -0.011684
    26  0.007639  0.016237  0.012361 -0.012221
    27  0.008577  0.017071  0.013423 -0.012727
    28  0.009520  0.017875  0.014480 -0.013209
    29  0.010467  0.018652  0.015533 -0.013669
    30  0.011418  0.019400  0.016582 -0.014106
    31  0.012372  0.020124  0.017628 -0.014525
    32  0.013328  0.020829  0.018672 -0.014929
    33  0.015249  0.022182  0.020751 -0.015692
    34  0.017178  0.023468  0.022822 -0.016405
    35  0.022029  0.026452  0.027971 -0.018014
    36  0.026911  0.029173  0.033089 -0.019433
    37  0.031815  0.031689  0.038185 -0.020706
    38  0.036737  0.034042  0.043263 -0.021868
    39  0.041672  0.036254  0.048328 -0.022935
    40  0.046618  0.038355  0.053382 -0.023931
    41  0.051574  0.040351  0.058426 -0.024859
    42  0.056537  0.042258  0.063463 -0.025732
    43  0.066484  0.045831  0.073516 -0.027325
    44  0.076454  0.049131  0.083546 -0.028755
    45  0.086441  0.052193  0.093559 -0.030042
    46  0.096443  0.055053  0.103557 -0.031211
    47  0.116481  0.060248  0.123519 -0.033255
    48  0.136554  0.064852  0.143446 -0.034976
    49  0.156655  0.068952  0.163345 -0.036428
    50  0.176779  0.072600  0.183221 -0.037639
    51  0.196920  0.075842  0.203080 -0.038637
    52  0.217076  0.078714  0.222924 -0.039445
    53  0.237244  0.081236  0.242756 -0.040069
    54  0.257422  0.083446  0.262578 -0.040539
    55  0.277608  0.085337  0.282392 -0.040840
    56  0.297802  0.086909  0.302198 -0.040966
    57  0.318003  0.088144  0.321997 -0.040895
    58  0.338208  0.089076  0.341792 -0.040655
    59  0.358416  0.089710  0.361584 -0.040250
    60  0.378626  0.090054  0.381374 -0.039683
    61  0.398837  0.090102  0.401163 -0.038946
    62  0.419047  0.089860  0.420953 -0.038046
    63  0.439255  0.089347  0.440745 -0.036999
    64  0.459460  0.088575  0.460540 -0.035818
    65  0.479660  0.087556  0.480340 -0.034514
    66  0.499855  0.086303  0.500145 -0.033101
    67  0.520043  0.084820  0.519957 -0.031584
    68  0.540225  0.083122  0.539775 -0.029981
    69  0.560398  0.081219  0.559602 -0.028302
    70  0.580563  0.079117  0.579437 -0.026558
    71  0.600719  0.076819  0.599281 -0.024756
    72  0.620865  0.074345  0.619135 -0.022919
    73  0.641000  0.071688  0.639000 -0.021049
    74  0.661126  0.068857  0.658875 -0.019160
    75  0.681240  0.065863  0.678760 -0.017274
    76  0.701345  0.062714  0.698655 -0.015409
    77  0.721441  0.059413  0.718559 -0.013584
    78  0.741530  0.055978  0.738470 -0.011839
    79  0.761616  0.052412  0.758384 -0.010204
    80  0.781713  0.048707  0.778287 -0.008717
    81  0.801883  0.044792  0.798117 -0.007405
    82  0.821979  0.040597  0.818021 -0.006374
    83  0.841905  0.036248  0.838095 -0.005543
    84  0.861755  0.031799  0.858245 -0.004839
    85  0.881545  0.027518  0.878455 -0.003977
    86  0.901288  0.022942  0.898712 -0.003325
    87  0.921027  0.018317  0.918973 -0.002624
    88  0.940775  0.013785  0.939225 -0.002015
    89  0.950658  0.011610  0.949342 -0.001801
    90  0.960549  0.009523  0.959451 -0.001677
    91  0.970447  0.007504  0.969553 -0.001619
    92  0.975398  0.006508  0.974602 -0.001603
    93  0.980348  0.005506  0.979652 -0.001582
    94  0.985295  0.004482  0.984705 -0.001540
    95  0.990238  0.003405  0.989762 -0.001443
    96  0.995167  0.002192  0.994833 -0.001212
    97  0.999075  0.000860  0.998925 -0.000664
    98  1.000000 -0.000000  1.000000  0.000000

COORDINATES OF NACA AIRFOILS           23:01 29Apr2025
 NACA 63A413                                                                     
 INTERPOLATED COORDINATES
            x      yupper   ylower
     1  0.000000  0.000000  0.000000
     2  0.000050  0.005683 -0.000130
     3  0.000100  0.005850 -0.000255
     4  0.000200  0.006163 -0.000499
     5  0.000300  0.006454 -0.000740
     6  0.000400  0.006726 -0.000982
     7  0.000500  0.006983 -0.001232
     8  0.000600  0.007226 -0.001479
     9  0.000800  0.007682 -0.001944
    10  0.001000  0.008103 -0.002376
    11  0.001200  0.008496 -0.002778
    12  0.001400  0.008866 -0.003153
    13  0.001600  0.009215 -0.003507
    14  0.001800  0.009548 -0.003839
    15  0.002000  0.009868 -0.004154
    16  0.002500  0.010615 -0.004875
    17  0.003000  0.011299 -0.005519
    18  0.003500  0.011934 -0.006104
    19  0.004000  0.012531 -0.006638
    20  0.004500  0.013098 -0.007132
    21  0.005000  0.013642 -0.007590
    22  0.006000  0.014673 -0.008419
    23  0.007000  0.015645 -0.009155
    24  0.008000  0.016563 -0.009816
    25  0.009000  0.017435 -0.010424
    26  0.010000  0.018273 -0.010993
    27  0.011000  0.019075 -0.011531
    28  0.012000  0.019845 -0.012043
    29  0.013000  0.020590 -0.012529
    30  0.014000  0.021311 -0.012993
    31  0.015000  0.022011 -0.013439
    32  0.016000  0.022690 -0.013866
    33  0.018000  0.023997 -0.014670
    34  0.020000  0.025243 -0.015422
    35  0.025000  0.028137 -0.017112
    36  0.030000  0.030779 -0.018596
    37  0.035000  0.033229 -0.019925
    38  0.040000  0.035519 -0.021133
    39  0.045000  0.037680 -0.022243
    40  0.050000  0.039728 -0.023272
    41  0.055000  0.041677 -0.024235
    42  0.060000  0.043538 -0.025137
    43  0.070000  0.047024 -0.026788
    44  0.080000  0.050245 -0.028267
    45  0.090000  0.053233 -0.029599
    46  0.100000  0.056025 -0.030807
    47  0.120000  0.061095 -0.032920
    48  0.140000  0.065589 -0.034699
    49  0.160000  0.069588 -0.036201
    50  0.180000  0.073145 -0.037458
    51  0.200000  0.076304 -0.038495
    52  0.220000  0.079101 -0.039338
    53  0.240000  0.081556 -0.039991
    54  0.260000  0.083706 -0.040487
    55  0.280000  0.085540 -0.040812
    56  0.300000  0.087059 -0.040962
    57  0.320000  0.088249 -0.040910
    58  0.340000  0.089144 -0.040684
    59  0.360000  0.089748 -0.040288
    60  0.380000  0.090067 -0.039728
    61  0.400000  0.090095 -0.038994
    62  0.420000  0.089842 -0.038093
    63  0.440000  0.089323 -0.037041
    64  0.460000  0.088551 -0.035852
    65  0.480000  0.087537 -0.034538
    66  0.500000  0.086293 -0.033112
    67  0.520000  0.084823 -0.031580
    68  0.540000  0.083142 -0.029962
    69  0.560000  0.081258 -0.028267
    70  0.580000  0.079178 -0.026507
    71  0.600000  0.076904 -0.024690
    72  0.620000  0.074455 -0.022839
    73  0.640000  0.071825 -0.020955
    74  0.660000  0.069019 -0.019053
    75  0.680000  0.066053 -0.017157
    76  0.700000  0.062930 -0.015284
    77  0.720000  0.059654 -0.013455
    78  0.740000  0.056244 -0.011709
    79  0.760000  0.052704 -0.010078
    80  0.780000  0.049028 -0.008596
    81  0.800000  0.045170 -0.007296
    82  0.820000  0.041020 -0.006283
    83  0.840000  0.036673 -0.005475
    84  0.860000  0.032185 -0.004768
    85  0.880000  0.027859 -0.003920
    86  0.900000  0.023245 -0.003283
    87  0.920000  0.018556 -0.002589
    88  0.940000  0.013959 -0.001996
    89  0.950000  0.011751 -0.001790
    90  0.960000  0.009637 -0.001672
    91  0.970000  0.007594 -0.001617
    92  0.975000  0.006588 -0.001602
    93  0.980000  0.005577 -0.001580
    94  0.985000  0.004543 -0.001537
    95  0.990000  0.003462 -0.001433
    96  0.995000  0.002230 -0.001208
    97  0.999000  0.000911 -0.000631
    98  1.000000 -0.000000  0.000000
 End of output for cambered airfoil
