 COORDINATES OF NACA AIRFOILS
 Created by naca456, version 1.1 (7 November 2010) on 23:01 29Apr2025
 Ralph L. Carmichael, Public Domain Aeronautical Software
  
 NACA 63A410                                                                     
Six-series profile, family= 63A   t/c= 0.1000
  
                       THICKNESS          MEAN LINE
            x         y      dy/dx         y      dy/dx
     1  0.000000  0.000000**********  0.000000  0.000000
     2  0.000050  0.000857  8.593316  0.000019  0.349882
     3  0.000100  0.001213  6.078223  0.000036  0.325868
     4  0.000200  0.001716  4.284889  0.000067  0.301852
     5  0.000300  0.002100  3.483960  0.000097  0.287802
     6  0.000400  0.002423  3.008791  0.000125  0.277832
     7  0.000500  0.002707  2.685637  0.000152  0.270098
     8  0.000600  0.002963  2.446115  0.000179  0.263778
     9  0.000800  0.003416  2.107201  0.000231  0.253805
    10  0.001000  0.003813  1.873314  0.000281  0.246067
    11  0.001200  0.004170  1.700356  0.000329  0.239743
    12  0.001400  0.004495  1.566534  0.000377  0.234395
    13  0.001600  0.004798  1.458108  0.000423  0.229762
    14  0.001800  0.005080  1.367939  0.000469  0.225674
    15  0.002000  0.005346  1.290911  0.000513  0.222016
    16  0.002500  0.005951  1.139408  0.000622  0.214266
    17  0.003000  0.006492  1.026600  0.000728  0.207931
    18  0.003500  0.006982  0.939290  0.000830  0.202572
    19  0.004000  0.007433  0.869138  0.000931  0.197926
    20  0.004500  0.007853  0.809758  0.001028  0.193827
    21  0.005000  0.008245  0.759115  0.001124  0.190157
    22  0.006000  0.008963  0.681930  0.001311  0.183802
    23  0.007000  0.009616  0.627587  0.001492  0.178423
    24  0.008000  0.010223  0.587874  0.001668  0.173759
    25  0.009000  0.010795  0.556107  0.001840  0.169639
    26  0.010000  0.011336  0.525712  0.002008  0.165950
    27  0.011000  0.011848  0.500816  0.002172  0.162610
    28  0.012000  0.012339  0.481156  0.002333  0.159556
    29  0.013000  0.012810  0.461292  0.002491  0.156744
    30  0.014000  0.013262  0.442882  0.002647  0.154138
    31  0.015000  0.013697  0.428129  0.002800  0.151708
    32  0.016000  0.014119  0.414849  0.002950  0.149433
    33  0.018000  0.014923  0.389983  0.003245  0.145274
    34  0.020000  0.015683  0.369996  0.003532  0.141545
    35  0.025000  0.017425  0.329738  0.004219  0.133617
    36  0.030000  0.018995  0.299558  0.004870  0.127102
    37  0.035000  0.020432  0.275879  0.005491  0.121561
    38  0.040000  0.021765  0.257767  0.006087  0.116733
    39  0.045000  0.023009  0.240885  0.006660  0.112450
    40  0.050000  0.024184  0.228396  0.007212  0.108596
    41  0.055000  0.025294  0.216084  0.007746  0.105089
    42  0.060000  0.026349  0.205949  0.008263  0.101868
    43  0.070000  0.028310  0.187461  0.009253  0.096111
    44  0.080000  0.030107  0.172225  0.010188  0.091064
    45  0.090000  0.031759  0.159586  0.011076  0.086556
    46  0.100000  0.033290  0.148172  0.011921  0.082474
    47  0.120000  0.036041  0.128867  0.013496  0.075276
    48  0.140000  0.038447  0.112371  0.014938  0.069031
    49  0.160000  0.040560  0.098377  0.016262  0.063476
    50  0.180000  0.042410  0.086172  0.017480  0.058440
    51  0.200000  0.044025  0.074972  0.018602  0.053808
    52  0.220000  0.045428  0.064651  0.019635  0.049495
    53  0.240000  0.046628  0.054858  0.020584  0.045439
    54  0.260000  0.047653  0.046884  0.021454  0.041591
    55  0.280000  0.048495  0.037329  0.022249  0.037915
    56  0.300000  0.049154  0.027882  0.022971  0.034378
    57  0.320000  0.049611  0.018038  0.023625  0.030957
    58  0.340000  0.049891  0.008888  0.024210  0.027628
    59  0.360000  0.049992  0.000910  0.024730  0.024374
    60  0.380000  0.049925 -0.007128  0.025186  0.021178
    61  0.400000  0.049683 -0.015815  0.025578  0.018025
    62  0.420000  0.049273 -0.025130  0.025907  0.014900
    63  0.440000  0.048700 -0.032898  0.026174  0.011791
    64  0.460000  0.047975 -0.039730  0.026378  0.008685
    65  0.480000  0.047111 -0.047109  0.026521  0.005569
    66  0.500000  0.046109 -0.053302  0.026601  0.002430
    67  0.520000  0.044982 -0.059111  0.026618 -0.000746
    68  0.540000  0.043741 -0.065285  0.026571 -0.003974
    69  0.560000  0.042384 -0.070244  0.026459 -0.007271
    70  0.580000  0.040925 -0.075703  0.026279 -0.010655
    71  0.600000  0.039371 -0.080533  0.026032 -0.014148
    72  0.620000  0.037729 -0.084392  0.025713 -0.017776
    73  0.640000  0.036000 -0.087416  0.025319 -0.021572
    74  0.660000  0.034199 -0.091814  0.024848 -0.025575
    75  0.680000  0.032330 -0.095403  0.024295 -0.029839
    76  0.700000  0.030403 -0.097007  0.023653 -0.034437
    77  0.720000  0.028432 -0.099504  0.022914 -0.039473
    78  0.740000  0.026433 -0.100538  0.022070 -0.045109
    79  0.760000  0.024418 -0.100768  0.021104 -0.051631
    80  0.780000  0.022403 -0.100492  0.019995 -0.059652
    81  0.800000  0.020387 -0.100559  0.018694 -0.072138
    82  0.820000  0.018367 -0.101097  0.017112 -0.084255
    83  0.840000  0.016353 -0.100666  0.015353 -0.091163
    84  0.860000  0.014342 -0.100033  0.013480 -0.095805
    85  0.880000  0.012338 -0.100758  0.011770 -0.098084
    86  0.900000  0.010302 -0.103252  0.009808 -0.098084
    87  0.920000  0.008215 -0.104415  0.007847 -0.098084
    88  0.940000  0.006182 -0.097693  0.005885 -0.098084
    89  0.950000  0.005233 -0.091570  0.004904 -0.098084
    90  0.960000  0.004355 -0.084372  0.003923 -0.098084
    91  0.970000  0.003535 -0.080205  0.002943 -0.098084
    92  0.975000  0.003138 -0.079401  0.002452 -0.098084
    93  0.980000  0.002738 -0.081132  0.001962 -0.098084
    94  0.985000  0.002323 -0.085324  0.001471 -0.098084
    95  0.990000  0.001868 -0.097361  0.000981 -0.098084
    96  0.995000  0.001311 -0.132540  0.000490 -0.098084
    97  0.999000  0.000587 -0.290481  0.000098 -0.098084
    98  1.000000 -0.000000 -6.108714 -0.000000 -0.098084

COORDINATES OF NACA AIRFOILS           23:01 29Apr2025
 NACA 63A410                                                                     
 COMBINED THICKNESS AND CAMBER
         xupper    yupper    xlower    ylower
     1  0.000000  0.000000  0.000000  0.000000
     2 -0.000233  0.000828  0.000333 -0.000790
     3 -0.000276  0.001190  0.000476 -0.001117
     4 -0.000296  0.001710  0.000696 -0.001575
     5 -0.000281  0.002115  0.000881 -0.001921
     6 -0.000249  0.002460  0.001049 -0.002210
     7 -0.000206  0.002766  0.001206 -0.002461
     8 -0.000156  0.003044  0.001356 -0.002686
     9 -0.000040  0.003542  0.001640 -0.003080
    10  0.000089  0.003983  0.001911 -0.003421
    11  0.000228  0.004384  0.002172 -0.003725
    12  0.000374  0.004753  0.002426 -0.004000
    13  0.000526  0.005099  0.002674 -0.004253
    14  0.000682  0.005424  0.002918 -0.004487
    15  0.000841  0.005732  0.003159 -0.004705
    16  0.001253  0.006441  0.003747 -0.005196
    17  0.001678  0.007084  0.004322 -0.005628
    18  0.002114  0.007673  0.004886 -0.006012
    19  0.002557  0.008223  0.005443 -0.006361
    20  0.003006  0.008738  0.005994 -0.006681
    21  0.003460  0.009224  0.006540 -0.006975
    22  0.004380  0.010126  0.007620 -0.007504
    23  0.005311  0.010959  0.008689 -0.007974
    24  0.006250  0.011741  0.009750 -0.008404
    25  0.007195  0.012483  0.010805 -0.008803
    26  0.008144  0.013191  0.011856 -0.009175
    27  0.009098  0.013867  0.012902 -0.009523
    28  0.010056  0.014518  0.013944 -0.009852
    29  0.011016  0.015147  0.014984 -0.010164
    30  0.011980  0.015754  0.016020 -0.010460
    31  0.012946  0.016342  0.017054 -0.010743
    32  0.013913  0.016914  0.018087 -0.011013
    33  0.015855  0.018013  0.020145 -0.011523
    34  0.017802  0.019059  0.022198 -0.011996
    35  0.022692  0.021491  0.027308 -0.013053
    36  0.027605  0.023714  0.032395 -0.013974
    37  0.032534  0.025774  0.037466 -0.014791
    38  0.037476  0.027705  0.042524 -0.015531
    39  0.042429  0.029525  0.047571 -0.016206
    40  0.047389  0.031254  0.052611 -0.016830
    41  0.052356  0.032901  0.057644 -0.017409
    42  0.057330  0.034477  0.062670 -0.017950
    43  0.067292  0.037433  0.072708 -0.018928
    44  0.077270  0.040171  0.082730 -0.019795
    45  0.087261  0.042716  0.092739 -0.020565
    46  0.097264  0.045098  0.102736 -0.021257
    47  0.117295  0.049436  0.122705 -0.022443
    48  0.137352  0.053294  0.142648 -0.023418
    49  0.157431  0.056741  0.162569 -0.024216
    50  0.177526  0.059818  0.182474 -0.024857
    51  0.197635  0.062563  0.202365 -0.025359
    52  0.217754  0.065008  0.222246 -0.025738
    53  0.237883  0.067164  0.242117 -0.025996
    54  0.258020  0.069065  0.261980 -0.026158
    55  0.278163  0.070709  0.281837 -0.026212
    56  0.298311  0.072096  0.301689 -0.026153
    57  0.318465  0.073212  0.321535 -0.025963
    58  0.338622  0.074082  0.341378 -0.025661
    59  0.358782  0.074708  0.361218 -0.025247
    60  0.378943  0.075099  0.381057 -0.024728
    61  0.399105  0.075252  0.400895 -0.024097
    62  0.419266  0.075174  0.420734 -0.023360
    63  0.439426  0.074870  0.440574 -0.022523
    64  0.459583  0.074351  0.460417 -0.021595
    65  0.479738  0.073631  0.480262 -0.020589
    66  0.499888  0.072710  0.500112 -0.019508
    67  0.520034  0.071600  0.519966 -0.018364
    68  0.540174  0.070311  0.539826 -0.017169
    69  0.560308  0.068841  0.559692 -0.015924
    70  0.580436  0.067202  0.579564 -0.014644
    71  0.600557  0.065399  0.599443 -0.013335
    72  0.620671  0.063435  0.619329 -0.012010
    73  0.640776  0.061311  0.639224 -0.010672
    74  0.660874  0.059036  0.659126 -0.009339
    75  0.680964  0.056611  0.679036 -0.008021
    76  0.701046  0.054037  0.698954 -0.006732
    77  0.721121  0.051325  0.718879 -0.005496
    78  0.741191  0.048476  0.738809 -0.004336
    79  0.761259  0.045489  0.758741 -0.003281
    80  0.781334  0.042358  0.778666 -0.002369
    81  0.801467  0.039027  0.798533 -0.001640
    82  0.821542  0.035413  0.818458 -0.001190
    83  0.841485  0.031638  0.838515 -0.000932
    84  0.861368  0.027757  0.858632 -0.000797
    85  0.881204  0.024049  0.878796 -0.000509
    86  0.901006  0.020061  0.898994 -0.000444
    87  0.920802  0.016023  0.919198 -0.000330
    88  0.940603  0.012037  0.939397 -0.000267
    89  0.950511  0.010112  0.949489 -0.000303
    90  0.960425  0.008257  0.959575 -0.000410
    91  0.970345  0.006461  0.969655 -0.000576
    92  0.975306  0.005575  0.974694 -0.000670
    93  0.980267  0.004686  0.979733 -0.000763
    94  0.985227  0.003783  0.984773 -0.000840
    95  0.990182  0.002840  0.989818 -0.000878
    96  0.995128  0.001795  0.994872 -0.000814
    97  0.999057  0.000682  0.998943 -0.000486
    98  1.000000 -0.000000  1.000000  0.000000

COORDINATES OF NACA AIRFOILS           23:01 29Apr2025
 NACA 63A410                                                                     
 INTERPOLATED COORDINATES
            x      yupper   ylower
     1  0.000000  0.000000  0.000000
     2  0.000050  0.003858 -0.000129
     3  0.000100  0.004017 -0.000251
     4  0.000200  0.004308 -0.000485
     5  0.000300  0.004572 -0.000714
     6  0.000400  0.004815 -0.000945
     7  0.000500  0.005043 -0.001171
     8  0.000600  0.005257 -0.001383
     9  0.000800  0.005654 -0.001774
    10  0.001000  0.006018 -0.002128
    11  0.001200  0.006356 -0.002452
    12  0.001400  0.006672 -0.002750
    13  0.001600  0.006971 -0.003026
    14  0.001800  0.007254 -0.003285
    15  0.002000  0.007524 -0.003528
    16  0.002500  0.008155 -0.004077
    17  0.003000  0.008732 -0.004562
    18  0.003500  0.009266 -0.004997
    19  0.004000  0.009766 -0.005392
    20  0.004500  0.010237 -0.005753
    21  0.005000  0.010688 -0.006086
    22  0.006000  0.011537 -0.006684
    23  0.007000  0.012333 -0.007208
    24  0.008000  0.013086 -0.007676
    25  0.009000  0.013798 -0.008103
    26  0.010000  0.014481 -0.008500
    27  0.011000  0.015137 -0.008873
    28  0.012000  0.015767 -0.009224
    29  0.013000  0.016375 -0.009554
    30  0.014000  0.016964 -0.009869
    31  0.015000  0.017536 -0.010169
    32  0.016000  0.018093 -0.010455
    33  0.018000  0.019163 -0.010991
    34  0.020000  0.020184 -0.011488
    35  0.025000  0.022559 -0.012595
    36  0.030000  0.024734 -0.013554
    37  0.035000  0.026753 -0.014405
    38  0.040000  0.028645 -0.015171
    39  0.045000  0.030433 -0.015869
    40  0.050000  0.032130 -0.016513
    41  0.055000  0.033747 -0.017110
    42  0.060000  0.035294 -0.017667
    43  0.070000  0.038197 -0.018676
    44  0.080000  0.040885 -0.019569
    45  0.090000  0.043384 -0.020363
    46  0.100000  0.045723 -0.021074
    47  0.120000  0.049983 -0.022296
    48  0.140000  0.053771 -0.023299
    49  0.160000  0.057154 -0.024123
    50  0.180000  0.060173 -0.024785
    51  0.200000  0.062866 -0.025306
    52  0.220000  0.065262 -0.025701
    53  0.240000  0.067376 -0.025974
    54  0.260000  0.069238 -0.026146
    55  0.280000  0.070846 -0.026211
    56  0.300000  0.072200 -0.026164
    57  0.320000  0.073287 -0.025982
    58  0.340000  0.074132 -0.025686
    59  0.360000  0.074738 -0.025276
    60  0.380000  0.075113 -0.024758
    61  0.400000  0.075254 -0.024128
    62  0.420000  0.075167 -0.023390
    63  0.440000  0.074858 -0.022549
    64  0.460000  0.074339 -0.021615
    65  0.480000  0.073620 -0.020603
    66  0.500000  0.072704 -0.019514
    67  0.520000  0.071602 -0.018362
    68  0.540000  0.070323 -0.017159
    69  0.560000  0.068865 -0.015905
    70  0.580000  0.067240 -0.014615
    71  0.600000  0.065451 -0.013298
    72  0.620000  0.063503 -0.011965
    73  0.640000  0.061396 -0.010620
    74  0.660000  0.059138 -0.009281
    75  0.680000  0.056731 -0.007958
    76  0.700000  0.054175 -0.006666
    77  0.720000  0.051480 -0.005428
    78  0.740000  0.048649 -0.004270
    79  0.760000  0.045681 -0.003219
    80  0.780000  0.042571 -0.002313
    81  0.800000  0.039280 -0.001598
    82  0.820000  0.035699 -0.001164
    83  0.840000  0.031926 -0.000922
    84  0.860000  0.028017 -0.000780
    85  0.880000  0.024280 -0.000498
    86  0.900000  0.020267 -0.000441
    87  0.920000  0.016186 -0.000325
    88  0.940000  0.012157 -0.000268
    89  0.950000  0.010209 -0.000307
    90  0.960000  0.008335 -0.000416
    91  0.970000  0.006522 -0.000582
    92  0.975000  0.005629 -0.000676
    93  0.980000  0.004735 -0.000767
    94  0.985000  0.003824 -0.000844
    95  0.990000  0.002878 -0.000876
    96  0.995000  0.001819 -0.000816
    97  0.999000  0.000714 -0.000467
    98  1.000000 -0.000000  0.000000
 End of output for cambered airfoil
