 COORDINATES OF NACA AIRFOILS
 Created by naca456, version 1.1 (7 November 2010) on 23:01 29Apr2025
 Ralph L. Carmichael, Public Domain Aeronautical Software
  
 NACA 63A412                                                                     
Six-series profile, family= 63A   t/c= 0.1200
  
                       THICKNESS          MEAN LINE
            x         y      dy/dx         y      dy/dx
     1  0.000000  0.000000**********  0.000000  0.000000
     2  0.000050  0.001003 10.086572  0.000019  0.349882
     3  0.000100  0.001421  7.145228  0.000036  0.325868
     4  0.000200  0.002013  5.034343  0.000067  0.301852
     5  0.000300  0.002464  4.092798  0.000097  0.287802
     6  0.000400  0.002844  3.535284  0.000125  0.277832
     7  0.000500  0.003177  3.157338  0.000152  0.270098
     8  0.000600  0.003478  2.878123  0.000179  0.263778
     9  0.000800  0.004012  2.480880  0.000231  0.253805
    10  0.001000  0.004479  2.206306  0.000281  0.246067
    11  0.001200  0.004898  2.004354  0.000329  0.239743
    12  0.001400  0.005283  1.847488  0.000377  0.234395
    13  0.001600  0.005640  1.721079  0.000423  0.229762
    14  0.001800  0.005973  1.615755  0.000469  0.225674
    15  0.002000  0.006287  1.525526  0.000513  0.222016
    16  0.002500  0.007003  1.347823  0.000622  0.214266
    17  0.003000  0.007642  1.215720  0.000728  0.207931
    18  0.003500  0.008224  1.113345  0.000830  0.202572
    19  0.004000  0.008759  1.031411  0.000931  0.197926
    20  0.004500  0.009257  0.961945  0.001028  0.193827
    21  0.005000  0.009723  0.902242  0.001124  0.190157
    22  0.006000  0.010577  0.812263  0.001311  0.183802
    23  0.007000  0.011356  0.749930  0.001492  0.178423
    24  0.008000  0.012082  0.704957  0.001668  0.173759
    25  0.009000  0.012769  0.669006  0.001840  0.169639
    26  0.010000  0.013420  0.633444  0.002008  0.165950
    27  0.011000  0.014038  0.603977  0.002172  0.162610
    28  0.012000  0.014631  0.580983  0.002333  0.159556
    29  0.013000  0.015200  0.557405  0.002491  0.156744
    30  0.014000  0.015746  0.535188  0.002647  0.154138
    31  0.015000  0.016272  0.517515  0.002800  0.151708
    32  0.016000  0.016782  0.501682  0.002950  0.149433
    33  0.018000  0.017754  0.471753  0.003245  0.145274
    34  0.020000  0.018673  0.447722  0.003532  0.141545
    35  0.025000  0.020782  0.399073  0.004219  0.133617
    36  0.030000  0.022682  0.362474  0.004870  0.127102
    37  0.035000  0.024421  0.333739  0.005491  0.121561
    38  0.040000  0.026033  0.311745  0.006087  0.116733
    39  0.045000  0.027537  0.291312  0.006660  0.112450
    40  0.050000  0.028957  0.276040  0.007212  0.108596
    41  0.055000  0.030298  0.261146  0.007746  0.105089
    42  0.060000  0.031574  0.248792  0.008263  0.101868
    43  0.070000  0.033942  0.226423  0.009253  0.096111
    44  0.080000  0.036112  0.207850  0.010188  0.091064
    45  0.090000  0.038106  0.192397  0.011076  0.086556
    46  0.100000  0.039953  0.178557  0.011921  0.082474
    47  0.120000  0.043272  0.155605  0.013496  0.075276
    48  0.140000  0.046172  0.135899  0.014938  0.069031
    49  0.160000  0.048717  0.118331  0.016262  0.063476
    50  0.180000  0.050944  0.103781  0.017480  0.058440
    51  0.200000  0.052887  0.090314  0.018602  0.053808
    52  0.220000  0.054575  0.077600  0.019635  0.049495
    53  0.240000  0.056016  0.066710  0.020584  0.045439
    54  0.260000  0.057245  0.055388  0.021454  0.041591
    55  0.280000  0.058251  0.043986  0.022249  0.037915
    56  0.300000  0.059032  0.032248  0.022971  0.034378
    57  0.320000  0.059569  0.020947  0.023625  0.030957
    58  0.340000  0.059889  0.010140  0.024210  0.027628
    59  0.360000  0.059998  0.000208  0.024730  0.024374
    60  0.380000  0.059899 -0.009937  0.025186  0.021178
    61  0.400000  0.059588 -0.020370  0.025578  0.018025
    62  0.420000  0.059069 -0.030799  0.025907  0.014900
    63  0.440000  0.058358 -0.040313  0.026174  0.011791
    64  0.460000  0.057466 -0.048853  0.026378  0.008685
    65  0.480000  0.056404 -0.057340  0.026521  0.005569
    66  0.500000  0.055183 -0.064456  0.026601  0.002430
    67  0.520000  0.053809 -0.072307  0.026618 -0.000746
    68  0.540000  0.052297 -0.079615  0.026571 -0.003974
    69  0.560000  0.050652 -0.085520  0.026459 -0.007271
    70  0.580000  0.048885 -0.090861  0.026279 -0.010655
    71  0.600000  0.047004 -0.096808  0.026032 -0.014148
    72  0.620000  0.045022 -0.101612  0.025713 -0.017776
    73  0.640000  0.042941 -0.106172  0.025319 -0.021572
    74  0.660000  0.040768 -0.110477  0.024848 -0.025575
    75  0.680000  0.038522 -0.113927  0.024295 -0.029839
    76  0.700000  0.036212 -0.116742  0.023653 -0.034437
    77  0.720000  0.033849 -0.119327  0.022914 -0.039473
    78  0.740000  0.031459 -0.120609  0.022070 -0.045109
    79  0.760000  0.029056 -0.120307  0.021104 -0.051631
    80  0.780000  0.026659 -0.119435  0.019995 -0.059652
    81  0.800000  0.024255 -0.119996  0.018694 -0.072138
    82  0.820000  0.021848 -0.120052  0.017112 -0.084255
    83  0.840000  0.019451 -0.119840  0.015353 -0.091163
    84  0.860000  0.017060 -0.118678  0.013480 -0.095805
    85  0.880000  0.014671 -0.119857  0.011770 -0.098084
    86  0.900000  0.012240 -0.123519  0.009808 -0.098084
    87  0.920000  0.009759 -0.123502  0.007847 -0.098084
    88  0.940000  0.007356 -0.115158  0.005885 -0.098084
    89  0.950000  0.006238 -0.107699  0.004904 -0.098084
    90  0.960000  0.005204 -0.099692  0.003923 -0.098084
    91  0.970000  0.004234 -0.095113  0.002943 -0.098084
    92  0.975000  0.003763 -0.094620  0.002452 -0.098084
    93  0.980000  0.003286 -0.096981  0.001962 -0.098084
    94  0.985000  0.002791 -0.102151  0.001471 -0.098084
    95  0.990000  0.002246 -0.116751  0.000981 -0.098084
    96  0.995000  0.001577 -0.159354  0.000490 -0.098084
    97  0.999000  0.000706 -0.350567  0.000098 -0.098084
    98  1.000000 -0.000000 -9.486685 -0.000000 -0.098084

COORDINATES OF NACA AIRFOILS           23:01 29Apr2025
 NACA 63A412                                                                     
 COMBINED THICKNESS AND CAMBER
         xupper    yupper    xlower    ylower
     1  0.000000  0.000000  0.000000  0.000000
     2 -0.000281  0.000966  0.000381 -0.000927
     3 -0.000340  0.001387  0.000540 -0.001315
     4 -0.000382  0.001994  0.000782 -0.001860
     5 -0.000381  0.002464  0.000981 -0.002271
     6 -0.000361  0.002865  0.001161 -0.002615
     7 -0.000328  0.003219  0.001328 -0.002915
     8 -0.000287  0.003542  0.001487 -0.003183
     9 -0.000187  0.004119  0.001787 -0.003657
    10 -0.000070  0.004630  0.002070 -0.004068
    11  0.000058  0.005092  0.002342 -0.004434
    12  0.000194  0.005520  0.002606 -0.004767
    13  0.000337  0.005920  0.002863 -0.005074
    14  0.000485  0.006295  0.003115 -0.005358
    15  0.000637  0.006651  0.003363 -0.005624
    16  0.001033  0.007470  0.003967 -0.006225
    17  0.001444  0.008210  0.004556 -0.006754
    18  0.001867  0.008891  0.005133 -0.007230
    19  0.002299  0.009523  0.005701 -0.007662
    20  0.002739  0.010116  0.006261 -0.008059
    21  0.003184  0.010676  0.006816 -0.008427
    22  0.004088  0.011714  0.007912 -0.009091
    23  0.005005  0.012672  0.008995 -0.009687
    24  0.005932  0.013572  0.010068 -0.010236
    25  0.006864  0.014430  0.011136 -0.010749
    26  0.007803  0.015247  0.012197 -0.011231
    27  0.008747  0.016028  0.013253 -0.011684
    28  0.009695  0.016781  0.014305 -0.012115
    29  0.010646  0.017508  0.015354 -0.012526
    30  0.011601  0.018209  0.016399 -0.012915
    31  0.012559  0.018888  0.017441 -0.013288
    32  0.013520  0.019548  0.018480 -0.013647
    33  0.015448  0.020815  0.020552 -0.014325
    34  0.017383  0.022020  0.022617 -0.014957
    35  0.022248  0.024818  0.027752 -0.016380
    36  0.027140  0.027371  0.032860 -0.017631
    37  0.032053  0.029734  0.037947 -0.018751
    38  0.036982  0.031944  0.043018 -0.019770
    39  0.041923  0.034025  0.048077 -0.020705
    40  0.046874  0.036000  0.053126 -0.021576
    41  0.051833  0.037879  0.058167 -0.022386
    42  0.056800  0.039675  0.063200 -0.023148
    43  0.066753  0.043039  0.073247 -0.024534
    44  0.076725  0.046151  0.083275 -0.025775
    45  0.086714  0.049040  0.093286 -0.026888
    46  0.096716  0.051738  0.103284 -0.027897
    47  0.116752  0.056646  0.123248 -0.029653
    48  0.136820  0.061000  0.143180 -0.031124
    49  0.156914  0.064881  0.163086 -0.032357
    50  0.177028  0.068338  0.182972 -0.033377
    51  0.197158  0.071413  0.202842 -0.034209
    52  0.217302  0.074143  0.222698 -0.034873
    53  0.237457  0.076542  0.242543 -0.035374
    54  0.257621  0.078650  0.262379 -0.035742
    55  0.277793  0.080458  0.282207 -0.035961
    56  0.297972  0.081969  0.302028 -0.036026
    57  0.318157  0.083165  0.321843 -0.035916
    58  0.338346  0.084077  0.341654 -0.035656
    59  0.358538  0.084710  0.361462 -0.035250
    60  0.378732  0.085071  0.381268 -0.034700
    61  0.398926  0.085155  0.401074 -0.034000
    62  0.419120  0.084969  0.420880 -0.033156
    63  0.439312  0.084528  0.440688 -0.032181
    64  0.459501  0.083843  0.460499 -0.031086
    65  0.479686  0.082924  0.480314 -0.029882
    66  0.499866  0.081784  0.500134 -0.028582
    67  0.520040  0.080427  0.519960 -0.027191
    68  0.540208  0.078867  0.539792 -0.025725
    69  0.560368  0.077109  0.559632 -0.024192
    70  0.580521  0.075162  0.579479 -0.022603
    71  0.600665  0.073031  0.599335 -0.020967
    72  0.620800  0.070728  0.619200 -0.019302
    73  0.640926  0.068251  0.639074 -0.017612
    74  0.661042  0.065603  0.658958 -0.015906
    75  0.681149  0.062799  0.678851 -0.014210
    76  0.701246  0.059843  0.698754 -0.012538
    77  0.721335  0.056737  0.718665 -0.010908
    78  0.741418  0.053497  0.738582 -0.009357
    79  0.761498  0.050122  0.758502 -0.007914
    80  0.781587  0.046607  0.778413 -0.006617
    81  0.801745  0.042886  0.798255 -0.005499
    82  0.821834  0.038882  0.818166 -0.004659
    83  0.841766  0.034724  0.838234 -0.004018
    84  0.861627  0.030462  0.858373 -0.003502
    85  0.881432  0.026371  0.878568 -0.002831
    86  0.901195  0.021990  0.898805 -0.002373
    87  0.920953  0.017559  0.919047 -0.001866
    88  0.940718  0.013206  0.939282 -0.001436
    89  0.950609  0.011113  0.949391 -0.001304
    90  0.960508  0.009102  0.959492 -0.001256
    91  0.970413  0.007157  0.969587 -0.001271
    92  0.975367  0.006197  0.974633 -0.001292
    93  0.980321  0.005232  0.979679 -0.001309
    94  0.985272  0.004249  0.984728 -0.001306
    95  0.990219  0.003216  0.989781 -0.001255
    96  0.995154  0.002059  0.994846 -0.001079
    97  0.999069  0.000801  0.998931 -0.000604
    98  1.000000 -0.000000  1.000000  0.000000

COORDINATES OF NACA AIRFOILS           23:01 29Apr2025
 NACA 63A412                                                                     
 INTERPOLATED COORDINATES
            x      yupper   ylower
     1  0.000000 -0.000000  0.000000
     2  0.000050  0.005065 -0.000129
     3  0.000100  0.005230 -0.000254
     4  0.000200  0.005537 -0.000496
     5  0.000300  0.005820 -0.000733
     6  0.000400  0.006083 -0.000973
     7  0.000500  0.006331 -0.001218
     8  0.000600  0.006566 -0.001455
     9  0.000800  0.007004 -0.001898
    10  0.001000  0.007407 -0.002307
    11  0.001200  0.007782 -0.002687
    12  0.001400  0.008134 -0.003038
    13  0.001600  0.008469 -0.003367
    14  0.001800  0.008787 -0.003677
    15  0.002000  0.009092 -0.003970
    16  0.002500  0.009800 -0.004636
    17  0.003000  0.010449 -0.005230
    18  0.003500  0.011053 -0.005767
    19  0.004000  0.011618 -0.006256
    20  0.004500  0.012154 -0.006706
    21  0.005000  0.012666 -0.007124
    22  0.006000  0.013637 -0.007878
    23  0.007000  0.014550 -0.008544
    24  0.008000  0.015413 -0.009141
    25  0.009000  0.016232 -0.009690
    26  0.010000  0.017018 -0.010202
    27  0.011000  0.017771 -0.010685
    28  0.012000  0.018494 -0.011144
    29  0.013000  0.019193 -0.011578
    30  0.014000  0.019870 -0.011992
    31  0.015000  0.020527 -0.012389
    32  0.016000  0.021165 -0.012769
    33  0.018000  0.022393 -0.013483
    34  0.020000  0.023562 -0.014149
    35  0.025000  0.026282 -0.015642
    36  0.030000  0.028768 -0.016949
    37  0.035000  0.031073 -0.018115
    38  0.040000  0.033229 -0.019174
    39  0.045000  0.035264 -0.020145
    40  0.050000  0.037195 -0.021044
    41  0.055000  0.039033 -0.021883
    42  0.060000  0.040788 -0.022669
    43  0.070000  0.044079 -0.024103
    44  0.080000  0.047122 -0.025384
    45  0.090000  0.049946 -0.026535
    46  0.100000  0.052586 -0.027576
    47  0.120000  0.057386 -0.029389
    48  0.140000  0.061644 -0.030906
    49  0.160000  0.065438 -0.032180
    50  0.180000  0.068815 -0.033237
    51  0.200000  0.071819 -0.034100
    52  0.220000  0.074482 -0.034793
    53  0.240000  0.076823 -0.035318
    54  0.260000  0.078879 -0.035705
    55  0.280000  0.080638 -0.035944
    56  0.300000  0.082103 -0.036028
    57  0.320000  0.083260 -0.035933
    58  0.340000  0.084139 -0.035684
    59  0.360000  0.084745 -0.035284
    60  0.380000  0.085085 -0.034740
    61  0.400000  0.085152 -0.034042
    62  0.420000  0.084955 -0.033196
    63  0.440000  0.084509 -0.032217
    64  0.460000  0.083823 -0.031115
    65  0.480000  0.082908 -0.029902
    66  0.500000  0.081775 -0.028591
    67  0.520000  0.080430 -0.027188
    68  0.540000  0.078884 -0.025710
    69  0.560000  0.077143 -0.024163
    70  0.580000  0.075214 -0.022560
    71  0.600000  0.073104 -0.020912
    72  0.620000  0.070822 -0.019235
    73  0.640000  0.068369 -0.017533
    74  0.660000  0.065744 -0.015817
    75  0.680000  0.062964 -0.014113
    76  0.700000  0.060031 -0.012434
    77  0.720000  0.056948 -0.010802
    78  0.740000  0.053730 -0.009251
    79  0.760000  0.050378 -0.007811
    80  0.780000  0.046890 -0.006520
    81  0.800000  0.043220 -0.005414
    82  0.820000  0.039257 -0.004593
    83  0.840000  0.035101 -0.003972
    84  0.860000  0.030804 -0.003452
    85  0.880000  0.026674 -0.002791
    86  0.900000  0.022260 -0.002346
    87  0.920000  0.017772 -0.001842
    88  0.940000  0.013361 -0.001425
    89  0.950000  0.011239 -0.001299
    90  0.960000  0.009204 -0.001255
    91  0.970000  0.007237 -0.001273
    92  0.975000  0.006268 -0.001294
    93  0.980000  0.005295 -0.001309
    94  0.985000  0.004303 -0.001306
    95  0.990000  0.003267 -0.001248
    96  0.995000  0.002092 -0.001077
    97  0.999000  0.000844 -0.000576
    98  1.000000 -0.000000  0.000000
 End of output for cambered airfoil
