 COORDINATES OF NACA AIRFOILS
 Created by naca456, version 1.1 (7 November 2010) on 23:02 29Apr2025
 Ralph L. Carmichael, Public Domain Aeronautical Software
  
 NACA 63A417                                                                     
Six-series profile, family= 63A   t/c= 0.1700
  
                       THICKNESS          MEAN LINE
            x         y      dy/dx         y      dy/dx
     1  0.000000  0.000000  0.000000  0.000000  0.000000
     2  0.000050  0.001307 13.229043  0.000019  0.349882
     3  0.000100  0.001858  9.413215  0.000036  0.325868
     4  0.000200  0.002636  6.639523  0.000067  0.301852
     5  0.000300  0.003232  5.388662  0.000097  0.287802
     6  0.000400  0.003731  4.657197  0.000125  0.277832
     7  0.000500  0.004171  4.165815  0.000152  0.270098
     8  0.000600  0.004569  3.805803  0.000179  0.263778
     9  0.000800  0.005276  3.291862  0.000231  0.253805
    10  0.001000  0.005896  2.933102  0.000281  0.246067
    11  0.001200  0.006454  2.666723  0.000329  0.239743
    12  0.001400  0.006967  2.462601  0.000377  0.234395
    13  0.001600  0.007442  2.299754  0.000423  0.229762
    14  0.001800  0.007888  2.164085  0.000469  0.225674
    15  0.002000  0.008309  2.047743  0.000513  0.222016
    16  0.002500  0.009272  1.815918  0.000622  0.214266
    17  0.003000  0.010135  1.643276  0.000728  0.207931
    18  0.003500  0.010922  1.509473  0.000830  0.202572
    19  0.004000  0.011649  1.403373  0.000931  0.197926
    20  0.004500  0.012328  1.313975  0.001028  0.193827
    21  0.005000  0.012965  1.235402  0.001124  0.190157
    22  0.006000  0.014137  1.116387  0.001311  0.183802
    23  0.007000  0.015211  1.038807  0.001492  0.178423
    24  0.008000  0.016223  0.987386  0.001668  0.173759
    25  0.009000  0.017190  0.948124  0.001840  0.169639
    26  0.010000  0.018118  0.906309  0.002008  0.165950
    27  0.011000  0.019003  0.865260  0.002172  0.162610
    28  0.012000  0.019852  0.835494  0.002333  0.159556
    29  0.013000  0.020673  0.805928  0.002491  0.156744
    30  0.014000  0.021463  0.773919  0.002647  0.154138
    31  0.015000  0.022224  0.747885  0.002800  0.151708
    32  0.016000  0.022961  0.726716  0.002950  0.149433
    33  0.018000  0.024371  0.684519  0.003245  0.145274
    34  0.020000  0.025705  0.650306  0.003532  0.141545
    35  0.025000  0.028770  0.580178  0.004219  0.133617
    36  0.030000  0.031533  0.526784  0.004870  0.127102
    37  0.035000  0.034058  0.484610  0.005491  0.121561
    38  0.040000  0.036398  0.452403  0.006087  0.116733
    39  0.045000  0.038581  0.422155  0.006660  0.112450
    40  0.050000  0.040638  0.399843  0.007212  0.108596
    41  0.055000  0.042580  0.377948  0.007746  0.105089
    42  0.060000  0.044424  0.359794  0.008263  0.101868
    43  0.070000  0.047848  0.327075  0.009253  0.096111
    44  0.080000  0.050978  0.299634  0.010188  0.091064
    45  0.090000  0.053854  0.276535  0.011076  0.086556
    46  0.100000  0.056514  0.256565  0.011921  0.082474
    47  0.120000  0.061290  0.223920  0.013496  0.075276
    48  0.140000  0.065457  0.195817  0.014938  0.069031
    49  0.160000  0.069104  0.169472  0.016262  0.063476
    50  0.180000  0.072297  0.149032  0.017480  0.058440
    51  0.200000  0.075076  0.129710  0.018602  0.053808
    52  0.220000  0.077482  0.110952  0.019635  0.049495
    53  0.240000  0.079541  0.095694  0.020584  0.045439
    54  0.260000  0.081278  0.078231  0.021454  0.041591
    55  0.280000  0.082691  0.062304  0.022249  0.037915
    56  0.300000  0.083767  0.044302  0.022971  0.034378
    57  0.320000  0.084493  0.028850  0.023625  0.030957
    58  0.340000  0.084905  0.013086  0.024210  0.027628
    59  0.360000  0.085000 -0.003288  0.024730  0.024374
    60  0.380000  0.084796 -0.019170  0.025186  0.021178
    61  0.400000  0.084286 -0.033239  0.025578  0.018025
    62  0.420000  0.083478 -0.047468  0.025907  0.014900
    63  0.440000  0.082385 -0.060911  0.026174  0.011791
    64  0.460000  0.081047 -0.072806  0.026378  0.008685
    65  0.480000  0.079466 -0.085376  0.026521  0.005569
    66  0.500000  0.077656 -0.096169  0.026601  0.002430
    67  0.520000  0.075645 -0.104833  0.026618 -0.000746
    68  0.540000  0.073433 -0.114665  0.026571 -0.003974
    69  0.560000  0.071046 -0.123719  0.026459 -0.007271
    70  0.580000  0.068491 -0.132800  0.026279 -0.010655
    71  0.600000  0.065778 -0.139111  0.026032 -0.014148
    72  0.620000  0.062917 -0.146296  0.025713 -0.017776
    73  0.640000  0.059938 -0.151706  0.025319 -0.021572
    74  0.660000  0.056850 -0.157864  0.024848 -0.025575
    75  0.680000  0.053650 -0.161928  0.024295 -0.029839
    76  0.700000  0.050386 -0.165051  0.023653 -0.034437
    77  0.720000  0.047061 -0.165718  0.022914 -0.039473
    78  0.740000  0.043713 -0.166961  0.022070 -0.045109
    79  0.760000  0.040369 -0.167438  0.021104 -0.051631
    80  0.780000  0.037020 -0.168009  0.019995 -0.059652
    81  0.800000  0.033673 -0.167694  0.018694 -0.072138
    82  0.820000  0.030331 -0.166851  0.017112 -0.084255
    83  0.840000  0.026994 -0.166535  0.015353 -0.091163
    84  0.860000  0.023675 -0.166069  0.013480 -0.095805
    85  0.880000  0.020338 -0.169170  0.011770 -0.098084
    86  0.900000  0.016938 -0.172013  0.009808 -0.098084
    87  0.920000  0.013507 -0.169955  0.007847 -0.098084
    88  0.940000  0.010229 -0.156655  0.005885 -0.098084
    89  0.950000  0.008716 -0.145712  0.004904 -0.098084
    90  0.960000  0.007311 -0.136204  0.003923 -0.098084
    91  0.970000  0.005980 -0.130587  0.002943 -0.098084
    92  0.975000  0.005327 -0.131383  0.002452 -0.098084
    93  0.980000  0.004663 -0.135726  0.001962 -0.098084
    94  0.985000  0.003969 -0.144403  0.001471 -0.098084
    95  0.990000  0.003200 -0.165669  0.000981 -0.098084
    96  0.995000  0.002248 -0.226890  0.000490 -0.098084
    97  0.999000  0.001007 -0.500930  0.000098 -0.098084
    98  1.000000 -0.000000-31.907995 -0.000000 -0.098084

COORDINATES OF NACA AIRFOILS           23:02 29Apr2025
 NACA 63A417                                                                     
 COMBINED THICKNESS AND CAMBER
         xupper    yupper    xlower    ylower
     1  0.000000  0.000000  0.000000  0.000000
     2 -0.000382  0.001253  0.000482 -0.001215
     3 -0.000476  0.001803  0.000676 -0.001730
     4 -0.000562  0.002591  0.000962 -0.002457
     5 -0.000594  0.003202  0.001194 -0.003009
     6 -0.000599  0.003720  0.001399 -0.003470
     7 -0.000588  0.004179  0.001588 -0.003874
     8 -0.000565  0.004596  0.001765 -0.004238
     9 -0.000498  0.005344  0.002098 -0.004883
    10 -0.000409  0.006006  0.002409 -0.005444
    11 -0.000305  0.006606  0.002705 -0.005947
    12 -0.000190  0.007159  0.002990 -0.006406
    13 -0.000067  0.007677  0.003267 -0.006830
    14  0.000063  0.008164  0.003537 -0.007226
    15  0.000199  0.008625  0.003801 -0.007598
    16  0.000557  0.009689  0.004443 -0.008444
    17  0.000937  0.010651  0.005063 -0.009195
    18  0.001332  0.011535  0.005668 -0.009874
    19  0.001738  0.012358  0.006262 -0.010497
    20  0.002154  0.013131  0.006846 -0.011074
    21  0.002578  0.013861  0.007422 -0.011612
    22  0.003444  0.015215  0.008556 -0.012592
    23  0.004328  0.016467  0.009672 -0.013482
    24  0.005223  0.017652  0.010777 -0.014315
    25  0.006125  0.018788  0.011875 -0.015108
    26  0.007034  0.019881  0.012966 -0.015866
    27  0.007950  0.020928  0.014050 -0.016584
    28  0.008872  0.021937  0.015128 -0.017271
    29  0.009799  0.022915  0.016201 -0.017933
    30  0.010730  0.023860  0.017270 -0.018566
    31  0.011667  0.024772  0.018333 -0.019173
    32  0.012607  0.025659  0.019393 -0.019758
    33  0.014496  0.027363  0.021504 -0.020873
    34  0.016397  0.028983  0.023603 -0.021920
    35  0.021190  0.032736  0.028810 -0.024298
    36  0.026024  0.036151  0.033976 -0.026411
    37  0.030890  0.039301  0.039110 -0.028318
    38  0.035780  0.042240  0.044220 -0.030066
    39  0.040689  0.044999  0.049311 -0.031679
    40  0.045613  0.047612  0.054387 -0.033188
    41  0.050550  0.050093  0.059450 -0.034600
    42  0.055498  0.052459  0.064502 -0.035932
    43  0.065422  0.056881  0.074578 -0.038376
    44  0.075377  0.060956  0.084623 -0.040580
    45  0.085356  0.064729  0.094644 -0.042577
    46  0.095355  0.068243  0.104645 -0.044402
    47  0.115399  0.074614  0.124601 -0.047621
    48  0.135492  0.080239  0.144508 -0.050363
    49  0.155622  0.085227  0.164378 -0.052703
    50  0.175782  0.089654  0.184218 -0.054693
    51  0.195966  0.093570  0.204034 -0.056365
    52  0.216170  0.097022  0.223830 -0.057752
    53  0.236390  0.100042  0.243610 -0.058875
    54  0.256622  0.102661  0.263378 -0.059754
    55  0.276867  0.104881  0.283133 -0.060384
    56  0.297122  0.106689  0.302878 -0.060746
    57  0.317386  0.108077  0.322614 -0.060828
    58  0.337655  0.109083  0.342345 -0.060662
    59  0.357929  0.109704  0.362071 -0.060244
    60  0.378205  0.109963  0.381795 -0.059592
    61  0.398481  0.109850  0.401519 -0.058695
    62  0.418756  0.109376  0.421244 -0.057562
    63  0.439029  0.108553  0.440971 -0.056206
    64  0.459296  0.107423  0.460704 -0.054666
    65  0.479557  0.105985  0.480443 -0.052943
    66  0.499811  0.104256  0.500189 -0.051054
    67  0.520056  0.102263  0.519944 -0.049027
    68  0.540292  0.100003  0.539708 -0.046862
    69  0.560517  0.097503  0.559483 -0.044586
    70  0.580730  0.094767  0.579270 -0.042208
    71  0.600931  0.091803  0.599069 -0.039739
    72  0.621118  0.088620  0.618882 -0.037195
    73  0.641293  0.085244  0.638707 -0.034605
    74  0.661453  0.081680  0.658547 -0.031983
    75  0.681600  0.077921  0.678400 -0.029331
    76  0.701734  0.074008  0.698266 -0.026703
    77  0.721856  0.069939  0.718144 -0.024110
    78  0.741970  0.065738  0.738030 -0.021598
    79  0.762082  0.061420  0.757918 -0.019211
    80  0.782204  0.056949  0.777796 -0.016959
    81  0.802423  0.052279  0.797577 -0.014892
    82  0.822547  0.047336  0.817453 -0.013113
    83  0.842451  0.042236  0.837549 -0.011530
    84  0.862258  0.037047  0.857742 -0.010087
    85  0.881985  0.032011  0.878015 -0.008471
    86  0.901653  0.026666  0.898347 -0.007049
    87  0.921318  0.021289  0.918682 -0.005595
    88  0.940999  0.016066  0.939001 -0.004296
    89  0.950851  0.013578  0.949149 -0.003770
    90  0.960714  0.011199  0.959286 -0.003352
    91  0.970584  0.008894  0.969416 -0.003009
    92  0.975520  0.007754  0.974480 -0.002850
    93  0.980455  0.006603  0.979545 -0.002679
    94  0.985388  0.005422  0.984613 -0.002479
    95  0.990312  0.004166  0.989688 -0.002204
    96  0.995219  0.002728  0.994781 -0.001747
    97  0.999098  0.001100  0.998902 -0.000904
    98  1.000000 -0.000000  1.000000  0.000000

COORDINATES OF NACA AIRFOILS           23:02 29Apr2025
 NACA 63A417                                                                     
 INTERPOLATED COORDINATES
            x      yupper   ylower
     1  0.000000  0.000000  0.000000
     2  0.000050  0.008115 -0.000130
     3  0.000100  0.008292 -0.000259
     4  0.000200  0.008625 -0.000509
     5  0.000300  0.008944 -0.000756
     6  0.000400  0.009244 -0.001006
     7  0.000500  0.009530 -0.001263
     8  0.000600  0.009803 -0.001529
     9  0.000800  0.010319 -0.002053
    10  0.001000  0.010799 -0.002550
    11  0.001200  0.011251 -0.003023
    12  0.001400  0.011679 -0.003473
    13  0.001600  0.012086 -0.003900
    14  0.001800  0.012477 -0.004308
    15  0.002000  0.012852 -0.004699
    16  0.002500  0.013730 -0.005602
    17  0.003000  0.014540 -0.006422
    18  0.003500  0.015297 -0.007174
    19  0.004000  0.016014 -0.007869
    20  0.004500  0.016700 -0.008516
    21  0.005000  0.017363 -0.009121
    22  0.006000  0.018634 -0.010227
    23  0.007000  0.019841 -0.011221
    24  0.008000  0.020984 -0.012123
    25  0.009000  0.022075 -0.012954
    26  0.010000  0.023123 -0.013734
    27  0.011000  0.024126 -0.014479
    28  0.012000  0.025090 -0.015196
    29  0.013000  0.026022 -0.015888
    30  0.014000  0.026925 -0.016552
    31  0.015000  0.027801 -0.017191
    32  0.016000  0.028652 -0.017811
    33  0.018000  0.030286 -0.018985
    34  0.020000  0.031843 -0.020086
    35  0.025000  0.035454 -0.022587
    36  0.030000  0.038743 -0.024804
    37  0.035000  0.041785 -0.026805
    38  0.040000  0.044621 -0.028633
    39  0.045000  0.047295 -0.030321
    40  0.050000  0.049823 -0.031889
    41  0.055000  0.052226 -0.033364
    42  0.060000  0.054515 -0.034749
    43  0.070000  0.058796 -0.037298
    44  0.080000  0.062740 -0.039592
    45  0.090000  0.066392 -0.041675
    46  0.100000  0.069796 -0.043574
    47  0.120000  0.075964 -0.046924
    48  0.140000  0.081409 -0.049779
    49  0.160000  0.086235 -0.052219
    50  0.180000  0.090513 -0.054298
    51  0.200000  0.094295 -0.056049
    52  0.220000  0.097626 -0.057505
    53  0.240000  0.100539 -0.058688
    54  0.260000  0.103060 -0.059621
    55  0.280000  0.105188 -0.060301
    56  0.300000  0.106911 -0.060711
    57  0.320000  0.108228 -0.060832
    58  0.340000  0.109174 -0.060695
    59  0.360000  0.109747 -0.060299
    60  0.380000  0.109968 -0.059661
    61  0.400000  0.109827 -0.058773
    62  0.420000  0.109335 -0.057641
    63  0.440000  0.108506 -0.056277
    64  0.460000  0.107378 -0.054724
    65  0.480000  0.105951 -0.052984
    66  0.500000  0.104239 -0.051073
    67  0.520000  0.102269 -0.049021
    68  0.540000  0.100038 -0.046829
    69  0.560000  0.097570 -0.044525
    70  0.580000  0.094869 -0.042118
    71  0.600000  0.091944 -0.039621
    72  0.620000  0.088801 -0.037049
    73  0.640000  0.085466 -0.034435
    74  0.660000  0.081944 -0.031790
    75  0.680000  0.078225 -0.029118
    76  0.700000  0.074351 -0.026475
    77  0.720000  0.070321 -0.023872
    78  0.740000  0.066154 -0.021356
    79  0.760000  0.061873 -0.018969
    80  0.780000  0.057445 -0.016718
    81  0.800000  0.052853 -0.014660
    82  0.820000  0.047975 -0.012901
    83  0.840000  0.042875 -0.011354
    84  0.860000  0.037630 -0.009913
    85  0.880000  0.032529 -0.008323
    86  0.900000  0.027122 -0.006933
    87  0.920000  0.021646 -0.005504
    88  0.940000  0.016324 -0.004239
    89  0.950000  0.013789 -0.003731
    90  0.960000  0.011368 -0.003326
    91  0.970000  0.009029 -0.002991
    92  0.975000  0.007874 -0.002833
    93  0.980000  0.006710 -0.002662
    94  0.985000  0.005515 -0.002463
    95  0.990000  0.004253 -0.002179
    96  0.995000  0.002789 -0.001731
    97  0.999000  0.001182 -0.000847
    98  1.000000 -0.000000  0.000000
 End of output for cambered airfoil
