 COORDINATES OF NACA AIRFOILS
 Created by naca456, version 1.1 (7 November 2010) on 22:59 29Apr2025
 Ralph L. Carmichael, Public Domain Aeronautical Software
  
 NACA 65A415                                                                     
Six-series profile, family= 65A   t/c= 0.1500
  
                       THICKNESS          MEAN LINE
            x         y      dy/dx         y      dy/dx
     1  0.000000  0.000000**********  0.000000  0.000000
     2  0.000050  0.001114 11.089844  0.000019  0.349882
     3  0.000100  0.001572  7.812906  0.000036  0.325868
     4  0.000200  0.002221  5.547131  0.000067  0.301852
     5  0.000300  0.002721  4.550789  0.000097  0.287802
     6  0.000400  0.003143  3.948391  0.000125  0.277832
     7  0.000500  0.003516  3.530386  0.000152  0.270098
     8  0.000600  0.003853  3.218311  0.000179  0.263778
     9  0.000800  0.004449  2.779964  0.000231  0.253805
    10  0.001000  0.004974  2.481028  0.000281  0.246067
    11  0.001200  0.005447  2.259022  0.000329  0.239743
    12  0.001400  0.005881  2.085260  0.000377  0.234395
    13  0.001600  0.006283  1.943865  0.000423  0.229762
    14  0.001800  0.006660  1.826710  0.000469  0.225674
    15  0.002000  0.007015  1.728533  0.000513  0.222016
    16  0.002500  0.007830  1.538327  0.000622  0.214266
    17  0.003000  0.008562  1.398977  0.000728  0.207931
    18  0.003500  0.009233  1.288957  0.000830  0.202572
    19  0.004000  0.009854  1.196389  0.000931  0.197926
    20  0.004500  0.010432  1.122130  0.001028  0.193827
    21  0.005000  0.010978  1.063686  0.001124  0.190157
    22  0.006000  0.011994  0.970545  0.001311  0.183802
    23  0.007000  0.012929  0.904274  0.001492  0.178423
    24  0.008000  0.013809  0.856886  0.001668  0.173759
    25  0.009000  0.014644  0.813714  0.001840  0.169639
    26  0.010000  0.015437  0.773910  0.002008  0.165950
    27  0.011000  0.016192  0.736175  0.002172  0.162610
    28  0.012000  0.016911  0.699869  0.002333  0.159556
    29  0.013000  0.017593  0.665652  0.002491  0.156744
    30  0.014000  0.018242  0.634169  0.002647  0.154138
    31  0.015000  0.018862  0.606322  0.002800  0.151708
    32  0.016000  0.019456  0.581527  0.002950  0.149433
    33  0.018000  0.020575  0.538312  0.003245  0.145274
    34  0.020000  0.021611  0.499409  0.003532  0.141545
    35  0.025000  0.023921  0.426819  0.004219  0.133617
    36  0.030000  0.025918  0.376361  0.004870  0.127102
    37  0.035000  0.027700  0.339603  0.005491  0.121561
    38  0.040000  0.029346  0.318253  0.006087  0.116733
    39  0.045000  0.030895  0.303997  0.006660  0.112450
    40  0.050000  0.032399  0.297978  0.007212  0.108596
    41  0.055000  0.033880  0.294721  0.007746  0.105089
    42  0.060000  0.035341  0.288588  0.008263  0.101868
    43  0.070000  0.038159  0.273408  0.009253  0.096111
    44  0.080000  0.040781  0.251530  0.010188  0.091064
    45  0.090000  0.043197  0.233075  0.011076  0.086556
    46  0.100000  0.045444  0.217666  0.011921  0.082474
    47  0.120000  0.049524  0.193235  0.013496  0.075276
    48  0.140000  0.053159  0.171860  0.014938  0.069031
    49  0.160000  0.056406  0.153283  0.016262  0.063476
    50  0.180000  0.059313  0.137934  0.017480  0.058440
    51  0.200000  0.061922  0.123207  0.018602  0.053808
    52  0.220000  0.064256  0.110131  0.019635  0.049495
    53  0.240000  0.066342  0.097942  0.020584  0.045439
    54  0.260000  0.068182  0.085533  0.021454  0.041591
    55  0.280000  0.069791  0.074045  0.022249  0.037915
    56  0.300000  0.071185  0.063922  0.022971  0.034378
    57  0.320000  0.072359  0.053453  0.023625  0.030957
    58  0.340000  0.073330  0.043615  0.024210  0.027628
    59  0.360000  0.074085  0.032323  0.024730  0.024374
    60  0.380000  0.074622  0.021717  0.025186  0.021178
    61  0.400000  0.074938  0.009933  0.025578  0.018025
    62  0.420000  0.075013 -0.000967  0.025907  0.014900
    63  0.440000  0.074839 -0.014509  0.026174  0.011791
    64  0.460000  0.074397 -0.028846  0.026378  0.008685
    65  0.480000  0.073677 -0.042767  0.026521  0.005569
    66  0.500000  0.072686 -0.055997  0.026601  0.002430
    67  0.520000  0.071415 -0.070645  0.026618 -0.000746
    68  0.540000  0.069874 -0.083731  0.026571 -0.003974
    69  0.560000  0.068094 -0.094597  0.026459 -0.007271
    70  0.580000  0.066091 -0.105560  0.026279 -0.010655
    71  0.600000  0.063898 -0.114100  0.026032 -0.014148
    72  0.620000  0.061546 -0.122124  0.025713 -0.017776
    73  0.640000  0.059023 -0.129812  0.025319 -0.021572
    74  0.660000  0.056362 -0.137262  0.024848 -0.025575
    75  0.680000  0.053564 -0.143534  0.024295 -0.029839
    76  0.700000  0.050631 -0.148882  0.023653 -0.034437
    77  0.720000  0.047581 -0.155559  0.022914 -0.039473
    78  0.740000  0.044422 -0.159858  0.022070 -0.045109
    79  0.760000  0.041178 -0.164251  0.021104 -0.051631
    80  0.780000  0.037861 -0.166915  0.019995 -0.059652
    81  0.800000  0.034477 -0.171006  0.018694 -0.072138
    82  0.820000  0.031056 -0.171875  0.017112 -0.084255
    83  0.840000  0.027626 -0.170745  0.015353 -0.091163
    84  0.860000  0.024218 -0.169674  0.013480 -0.095805
    85  0.880000  0.020810 -0.171453  0.011770 -0.098084
    86  0.900000  0.017352 -0.174206  0.009808 -0.098084
    87  0.920000  0.013852 -0.174257  0.007847 -0.098084
    88  0.940000  0.010455 -0.164458  0.005885 -0.098084
    89  0.950000  0.008854 -0.155930  0.004904 -0.098084
    90  0.960000  0.007342 -0.148062  0.003923 -0.098084
    91  0.970000  0.005897 -0.141669  0.002943 -0.098084
    92  0.975000  0.005190 -0.142333  0.002452 -0.098084
    93  0.980000  0.004479 -0.143844  0.001962 -0.098084
    94  0.985000  0.003747 -0.149819  0.001471 -0.098084
    95  0.990000  0.002960 -0.167586  0.000981 -0.098084
    96  0.995000  0.002032 -0.214647  0.000490 -0.098084
    97  0.999000  0.000890 -0.447509  0.000098 -0.098084
    98  1.000000 -0.000000-19.034052 -0.000000 -0.098084

COORDINATES OF NACA AIRFOILS           22:59 29Apr2025
 NACA 65A415                                                                     
 COMBINED THICKNESS AND CAMBER
         xupper    yupper    xlower    ylower
     1  0.000000  0.000000  0.000000  0.000000
     2 -0.000318  0.001071  0.000418 -0.001032
     3 -0.000387  0.001531  0.000587 -0.001459
     4 -0.000442  0.002193  0.000842 -0.002059
     5 -0.000452  0.002711  0.001052 -0.002518
     6 -0.000441  0.003153  0.001241 -0.002903
     7 -0.000417  0.003547  0.001417 -0.003242
     8 -0.000383  0.003905  0.001583 -0.003547
     9 -0.000295  0.004543  0.001895 -0.004082
    10 -0.000188  0.005110  0.002188 -0.004549
    11 -0.000070  0.005626  0.002470 -0.004968
    12  0.000058  0.006102  0.002742 -0.005349
    13  0.000193  0.006547  0.003007 -0.005700
    14  0.000334  0.006966  0.003266 -0.006028
    15  0.000480  0.007362  0.003520 -0.006335
    16  0.000860  0.008278  0.004140 -0.007033
    17  0.001257  0.009111  0.004743 -0.007655
    18  0.001667  0.009880  0.005333 -0.008219
    19  0.002087  0.010597  0.005913 -0.008736
    20  0.002515  0.011270  0.006485 -0.009213
    21  0.002949  0.011909  0.007051 -0.009661
    22  0.003832  0.013108  0.008168 -0.010485
    23  0.004729  0.014220  0.009271 -0.011236
    24  0.005636  0.015274  0.010364 -0.011937
    25  0.006551  0.016278  0.011449 -0.012597
    26  0.007473  0.017237  0.012527 -0.013221
    27  0.008401  0.018155  0.013599 -0.013810
    28  0.009336  0.019032  0.014664 -0.014366
    29  0.010276  0.019872  0.015724 -0.014890
    30  0.011221  0.020676  0.016779 -0.015383
    31  0.012171  0.021449  0.017829 -0.015849
    32  0.013125  0.022193  0.018875 -0.016292
    33  0.015042  0.023606  0.020958 -0.017116
    34  0.016971  0.024930  0.023029 -0.017866
    35  0.021832  0.027929  0.028168 -0.019491
    36  0.026732  0.030581  0.033268 -0.020841
    37  0.031657  0.032989  0.038343 -0.022006
    38  0.036597  0.035235  0.043403 -0.023061
    39  0.041548  0.037361  0.048452 -0.024042
    40  0.046502  0.039422  0.053498 -0.024998
    41  0.051459  0.041441  0.058541 -0.025949
    42  0.056418  0.043422  0.063582 -0.026895
    43  0.066349  0.047236  0.073651 -0.028731
    44  0.076302  0.050801  0.083698 -0.030425
    45  0.086275  0.054112  0.093725 -0.031961
    46  0.096265  0.057211  0.103735 -0.033370
    47  0.116283  0.062881  0.123717 -0.035888
    48  0.136339  0.067971  0.143661 -0.038095
    49  0.156427  0.072555  0.163573 -0.040031
    50  0.176540  0.076693  0.183460 -0.041732
    51  0.196673  0.080435  0.203327 -0.043231
    52  0.216824  0.083813  0.223176 -0.044543
    53  0.236989  0.086858  0.243011 -0.045690
    54  0.257167  0.089577  0.262833 -0.046670
    55  0.277356  0.091989  0.282644 -0.047492
    56  0.297554  0.094114  0.302446 -0.048171
    57  0.317761  0.095949  0.322239 -0.048700
    58  0.337975  0.097512  0.342025 -0.049092
    59  0.358195  0.098793  0.361805 -0.049333
    60  0.378420  0.099791  0.381580 -0.049420
    61  0.398649  0.100504  0.401351 -0.049349
    62  0.418882  0.100912  0.421118 -0.049098
    63  0.439118  0.101008  0.440882 -0.048661
    64  0.459354  0.100773  0.460646 -0.048016
    65  0.479590  0.100197  0.480410 -0.047155
    66  0.499823  0.099287  0.500177 -0.046085
    67  0.520053  0.098033  0.519947 -0.044797
    68  0.540278  0.096444  0.539722 -0.043303
    69  0.560495  0.094550  0.559505 -0.041633
    70  0.580704  0.092367  0.579296 -0.039808
    71  0.600904  0.089923  0.599096 -0.037860
    72  0.621094  0.087249  0.618906 -0.035824
    73  0.641273  0.084329  0.638727 -0.033690
    74  0.661441  0.081192  0.658559 -0.031495
    75  0.681598  0.077834  0.678402 -0.029245
    76  0.701743  0.074253  0.698257 -0.026948
    77  0.721877  0.070458  0.718123 -0.024630
    78  0.742002  0.066447  0.737998 -0.022307
    79  0.762123  0.062227  0.757877 -0.020019
    80  0.782254  0.057789  0.777745 -0.017799
    81  0.802481  0.053081  0.797519 -0.015694
    82  0.822607  0.048058  0.817393 -0.013834
    83  0.842508  0.042864  0.837492 -0.012159
    84  0.862310  0.037588  0.857690 -0.010628
    85  0.882031  0.032480  0.877969 -0.008940
    86  0.901694  0.027077  0.898306 -0.007460
    87  0.921352  0.021633  0.918648 -0.005939
    88  0.941021  0.016290  0.938979 -0.004520
    89  0.950864  0.013716  0.949136 -0.003908
    90  0.960717  0.011231  0.959283 -0.003384
    91  0.970576  0.008812  0.969424 -0.002926
    92  0.975507  0.007618  0.974493 -0.002713
    93  0.980437  0.006419  0.979563 -0.002496
    94  0.985366  0.005200  0.984634 -0.002257
    95  0.990289  0.003926  0.989711 -0.001965
    96  0.995198  0.002513  0.994802 -0.001532
    97  0.999087  0.000984  0.998913 -0.000788
    98  1.000000 -0.000000  1.000000  0.000000

COORDINATES OF NACA AIRFOILS           22:59 29Apr2025
 NACA 65A415                                                                     
 INTERPOLATED COORDINATES
            x      yupper   ylower
     1  0.000000  0.000000  0.000000
     2  0.000050  0.006074 -0.000130
     3  0.000100  0.006246 -0.000257
     4  0.000200  0.006569 -0.000501
     5  0.000300  0.006868 -0.000743
     6  0.000400  0.007149 -0.000988
     7  0.000500  0.007415 -0.001240
     8  0.000600  0.007668 -0.001491
     9  0.000800  0.008144 -0.001965
    10  0.001000  0.008585 -0.002406
    11  0.001200  0.008997 -0.002821
    12  0.001400  0.009389 -0.003211
    13  0.001600  0.009760 -0.003577
    14  0.001800  0.010114 -0.003924
    15  0.002000  0.010454 -0.004254
    16  0.002500  0.011248 -0.005011
    17  0.003000  0.011982 -0.005692
    18  0.003500  0.012672 -0.006311
    19  0.004000  0.013323 -0.006881
    20  0.004500  0.013944 -0.007410
    21  0.005000  0.014542 -0.007906
    22  0.006000  0.015680 -0.008810
    23  0.007000  0.016751 -0.009621
    24  0.008000  0.017764 -0.010366
    25  0.009000  0.018722 -0.011055
    26  0.010000  0.019630 -0.011707
    27  0.011000  0.020491 -0.012328
    28  0.012000  0.021312 -0.012920
    29  0.013000  0.022097 -0.013485
    30  0.014000  0.022851 -0.014023
    31  0.015000  0.023576 -0.014535
    32  0.016000  0.024275 -0.015021
    33  0.018000  0.025601 -0.015923
    34  0.020000  0.026848 -0.016746
    35  0.025000  0.029678 -0.018527
    36  0.030000  0.032201 -0.020002
    37  0.035000  0.034524 -0.021254
    38  0.040000  0.036706 -0.022361
    39  0.045000  0.038802 -0.023377
    40  0.050000  0.040850 -0.024336
    41  0.055000  0.042860 -0.025281
    42  0.060000  0.044824 -0.026223
    43  0.070000  0.048575 -0.028078
    44  0.080000  0.052057 -0.029820
    45  0.090000  0.055291 -0.031407
    46  0.100000  0.058320 -0.032857
    47  0.120000  0.063866 -0.035445
    48  0.140000  0.068843 -0.037711
    49  0.160000  0.073321 -0.039702
    50  0.180000  0.077363 -0.041451
    51  0.200000  0.081017 -0.042993
    52  0.220000  0.084314 -0.044344
    53  0.240000  0.087284 -0.045527
    54  0.260000  0.089934 -0.046540
    55  0.280000  0.092284 -0.047391
    56  0.300000  0.094351 -0.048096
    57  0.320000  0.096136 -0.048647
    58  0.340000  0.097654 -0.049059
    59  0.360000  0.098893 -0.049317
    60  0.380000  0.099857 -0.049419
    61  0.400000  0.100541 -0.049359
    62  0.420000  0.100925 -0.049117
    63  0.440000  0.101005 -0.048684
    64  0.460000  0.100760 -0.048041
    65  0.480000  0.100182 -0.047175
    66  0.500000  0.099278 -0.046095
    67  0.520000  0.098036 -0.044793
    68  0.540000  0.096468 -0.043280
    69  0.560000  0.094600 -0.041589
    70  0.580000  0.092447 -0.039740
    71  0.600000  0.090037 -0.037769
    72  0.620000  0.087400 -0.035708
    73  0.640000  0.084520 -0.033550
    74  0.660000  0.081423 -0.031334
    75  0.680000  0.078109 -0.029062
    76  0.700000  0.074572 -0.026745
    77  0.720000  0.070821 -0.024410
    78  0.740000  0.066855 -0.022075
    79  0.760000  0.062682 -0.019778
    80  0.780000  0.058296 -0.017551
    81  0.800000  0.053677 -0.015448
    82  0.820000  0.048724 -0.013605
    83  0.840000  0.043530 -0.011967
    84  0.860000  0.038194 -0.010440
    85  0.880000  0.033017 -0.008782
    86  0.900000  0.027549 -0.007337
    87  0.920000  0.022005 -0.005839
    88  0.940000  0.016562 -0.004455
    89  0.950000  0.013938 -0.003860
    90  0.960000  0.011409 -0.003350
    91  0.970000  0.008951 -0.002902
    92  0.975000  0.007740 -0.002692
    93  0.980000  0.006527 -0.002476
    94  0.985000  0.005291 -0.002240
    95  0.990000  0.004007 -0.001941
    96  0.995000  0.002565 -0.001519
    97  0.999000  0.001050 -0.000743
    98  1.000000 -0.000000  0.000000
 End of output for cambered airfoil
