 COORDINATES OF NACA AIRFOILS
 Created by naca456, version 1.1 (7 November 2010) on 23:12 29Apr2025
 Ralph L. Carmichael, Public Domain Aeronautical Software
  
 NACA 63A815                                                                     
Six-series profile, family= 63A   t/c= 0.1500
  
                       THICKNESS          MEAN LINE
            x         y      dy/dx         y      dy/dx
     1  0.000000  0.000000  0.000000  0.000000  0.000000
     2  0.000050  0.001198 12.073545  0.000038  0.699763
     3  0.000100  0.001699  8.573265  0.000072  0.651735
     4  0.000200  0.002408  6.045415  0.000135  0.603704
     5  0.000300  0.002951  4.910480  0.000193  0.575604
     6  0.000400  0.003405  4.246103  0.000250  0.555664
     7  0.000500  0.003806  3.795495  0.000305  0.540196
     8  0.000600  0.004169  3.463073  0.000358  0.527556
     9  0.000800  0.004811  2.991214  0.000462  0.507609
    10  0.001000  0.005374  2.662965  0.000561  0.492133
    11  0.001200  0.005882  2.420130  0.000659  0.479486
    12  0.001400  0.006346  2.233540  0.000753  0.468790
    13  0.001600  0.006778  2.083853  0.000846  0.459523
    14  0.001800  0.007182  1.958567  0.000937  0.451347
    15  0.002000  0.007563  1.851391  0.001027  0.444032
    16  0.002500  0.008432  1.639119  0.001245  0.428533
    17  0.003000  0.009211  1.480937  0.001456  0.415862
    18  0.003500  0.009919  1.358897  0.001661  0.405143
    19  0.004000  0.010573  1.261654  0.001861  0.395853
    20  0.004500  0.011183  1.178934  0.002057  0.387653
    21  0.005000  0.011754  1.107008  0.002249  0.380315
    22  0.006000  0.012803  0.999375  0.002623  0.367605
    23  0.007000  0.013765  0.927278  0.002985  0.356847
    24  0.008000  0.014665  0.877162  0.003337  0.347517
    25  0.009000  0.015523  0.837790  0.003680  0.339279
    26  0.010000  0.016340  0.796756  0.004016  0.331901
    27  0.011000  0.017118  0.760351  0.004344  0.325219
    28  0.012000  0.017864  0.733144  0.004666  0.319112
    29  0.013000  0.018583  0.705133  0.004983  0.313488
    30  0.014000  0.019274  0.676921  0.005293  0.308275
    31  0.015000  0.019939  0.654506  0.005599  0.303417
    32  0.016000  0.020584  0.635314  0.005900  0.298867
    33  0.018000  0.021817  0.597863  0.006490  0.290548
    34  0.020000  0.022982  0.567700  0.007063  0.283091
    35  0.025000  0.025657  0.506250  0.008438  0.267234
    36  0.030000  0.028066  0.459715  0.009740  0.254203
    37  0.035000  0.030271  0.423068  0.010983  0.243122
    38  0.040000  0.032314  0.395039  0.012174  0.233467
    39  0.045000  0.034220  0.368905  0.013319  0.224900
    40  0.050000  0.036018  0.349410  0.014424  0.217192
    41  0.055000  0.037715  0.330434  0.015492  0.210178
    42  0.060000  0.039328  0.314637  0.016527  0.203737
    43  0.070000  0.042323  0.286179  0.018505  0.192223
    44  0.080000  0.045063  0.262385  0.020376  0.182127
    45  0.090000  0.047581  0.242440  0.022152  0.173112
    46  0.100000  0.049911  0.224929  0.023841  0.164947
    47  0.120000  0.054097  0.196315  0.026992  0.150552
    48  0.140000  0.057751  0.171656  0.029876  0.138062
    49  0.160000  0.060953  0.148753  0.032524  0.126951
    50  0.180000  0.063756  0.130688  0.034961  0.116880
    51  0.200000  0.066197  0.113787  0.037205  0.107616
    52  0.220000  0.068313  0.097377  0.039270  0.098990
    53  0.240000  0.070123  0.084373  0.041168  0.090877
    54  0.260000  0.071657  0.068658  0.042908  0.083183
    55  0.280000  0.072907  0.054530  0.044497  0.075830
    56  0.300000  0.073867  0.039081  0.045943  0.068757
    57  0.320000  0.074518  0.025503  0.047249  0.061914
    58  0.340000  0.074896  0.012467  0.048420  0.055257
    59  0.360000  0.075001 -0.002045  0.049460  0.048749
    60  0.380000  0.074845 -0.015443  0.050371  0.042356
    61  0.400000  0.074417 -0.027899  0.051155  0.036049
    62  0.420000  0.073730 -0.039554  0.051813  0.029800
    63  0.440000  0.072795 -0.052462  0.052347  0.023583
    64  0.460000  0.071639 -0.062914  0.052757  0.017371
    65  0.480000  0.070272 -0.072993  0.053042  0.011139
    66  0.500000  0.068703 -0.083792  0.053202  0.004860
    67  0.520000  0.066947 -0.091770  0.053236 -0.001492
    68  0.540000  0.065020 -0.100455  0.053142 -0.007948
    69  0.560000  0.062934 -0.107898  0.052917 -0.014542
    70  0.580000  0.060701 -0.115027  0.052559 -0.021310
    71  0.600000  0.058320 -0.121421  0.052063 -0.028296
    72  0.620000  0.055815 -0.129219  0.051425 -0.035552
    73  0.640000  0.053194 -0.134444  0.050639 -0.043144
    74  0.660000  0.050475 -0.137890  0.049697 -0.051150
    75  0.680000  0.047657 -0.143421  0.048589 -0.059679
    76  0.700000  0.044772 -0.146039  0.047305 -0.068874
    77  0.720000  0.041827 -0.147890  0.045829 -0.078945
    78  0.740000  0.038859 -0.148866  0.044139 -0.090218
    79  0.760000  0.035890 -0.147956  0.042208 -0.103262
    80  0.780000  0.032921 -0.149668  0.039989 -0.119305
    81  0.800000  0.029946 -0.149102  0.037387 -0.144276
    82  0.820000  0.026974 -0.147691  0.034223 -0.168510
    83  0.840000  0.024009 -0.148057  0.030706 -0.182326
    84  0.860000  0.021059 -0.147210  0.026960 -0.191610
    85  0.880000  0.018099 -0.149176  0.023540 -0.196168
    86  0.900000  0.015083 -0.153104  0.019617 -0.196168
    87  0.920000  0.012025 -0.151525  0.015693 -0.196168
    88  0.940000  0.009090 -0.140492  0.011770 -0.196168
    89  0.950000  0.007730 -0.130874  0.009808 -0.196168
    90  0.960000  0.006470 -0.121888  0.007847 -0.196168
    91  0.970000  0.005282 -0.116718  0.005885 -0.196168
    92  0.975000  0.004701 -0.116915  0.004904 -0.196168
    93  0.980000  0.004111 -0.120398  0.003923 -0.196168
    94  0.985000  0.003496 -0.127447  0.002943 -0.196168
    95  0.990000  0.002817 -0.146013  0.001962 -0.196168
    96  0.995000  0.001978 -0.199855  0.000981 -0.196168
    97  0.999000  0.000886 -0.440848  0.000196 -0.196168
    98  1.000000 -0.000000-19.222134 -0.000000 -0.196168

COORDINATES OF NACA AIRFOILS           23:12 29Apr2025
 NACA 63A815                                                                     
 COMBINED THICKNESS AND CAMBER
         xupper    yupper    xlower    ylower
     1  0.000000  0.000000  0.000000  0.000000
     2 -0.000637  0.001020  0.000737 -0.000943
     3 -0.000828  0.001496  0.001028 -0.001351
     4 -0.001045  0.002196  0.001445 -0.001927
     5 -0.001172  0.002751  0.001772 -0.002364
     6 -0.001254  0.003227  0.002054 -0.002727
     7 -0.001309  0.003653  0.002309 -0.003044
     8 -0.001345  0.004046  0.002545 -0.003329
     9 -0.001378  0.004752  0.002978 -0.003829
    10 -0.001373  0.005383  0.003373 -0.004261
    11 -0.001343  0.005962  0.003743 -0.004645
    12 -0.001294  0.006500  0.004094 -0.004993
    13 -0.001230  0.007005  0.004430 -0.005312
    14 -0.001155  0.007483  0.004755 -0.005609
    15 -0.001069  0.007939  0.005069 -0.005885
    16 -0.000821  0.008995  0.005821 -0.006505
    17 -0.000537  0.009961  0.006537 -0.007049
    18 -0.000225  0.010854  0.007225 -0.007532
    19  0.000108  0.011692  0.007892 -0.007970
    20  0.000458  0.012484  0.008542 -0.008370
    21  0.000822  0.013235  0.009178 -0.008737
    22  0.001582  0.014640  0.010418 -0.009394
    23  0.002374  0.015949  0.011626 -0.009979
    24  0.003186  0.017190  0.012814 -0.010516
    25  0.004013  0.018380  0.013987 -0.011020
    26  0.004853  0.019524  0.015147 -0.011493
    27  0.005706  0.020623  0.016294 -0.011934
    28  0.006569  0.021685  0.017431 -0.012352
    29  0.007441  0.022715  0.018559 -0.012750
    30  0.008322  0.023712  0.019678 -0.013125
    31  0.009211  0.024680  0.020789 -0.013481
    32  0.010106  0.025623  0.021894 -0.013822
    33  0.011913  0.027440  0.024087 -0.014461
    34  0.013740  0.029176  0.026260 -0.015049
    35  0.018376  0.033224  0.031624 -0.016349
    36  0.023085  0.036941  0.036915 -0.017461
    37  0.027849  0.040397  0.042151 -0.018431
    38  0.032653  0.043642  0.047347 -0.019294
    39  0.037491  0.046705  0.052509 -0.020067
    40  0.042355  0.049621  0.057645 -0.020773
    41  0.047243  0.052401  0.062757 -0.021416
    42  0.052149  0.055063  0.067851 -0.022010
    43  0.062011  0.060067  0.077989 -0.023057
    44  0.071926  0.064710  0.088074 -0.023958
    45  0.081884  0.069035  0.098116 -0.024732
    46  0.091877  0.073087  0.108123 -0.025405
    47  0.111946  0.080487  0.128054 -0.026502
    48  0.132102  0.087084  0.147898 -0.027332
    49  0.152324  0.092992  0.167676 -0.027944
    50  0.172599  0.098285  0.187401 -0.028364
    51  0.192917  0.103022  0.207083 -0.028613
    52  0.213271  0.107251  0.226729 -0.028712
    53  0.233654  0.111003  0.246346 -0.028668
    54  0.254060  0.114318  0.265940 -0.028503
    55  0.274487  0.117195  0.285513 -0.028201
    56  0.294933  0.119636  0.305067 -0.027750
    57  0.315395  0.121625  0.324605 -0.027127
    58  0.335868  0.123202  0.344132 -0.026362
    59  0.356348  0.124372  0.363652 -0.025452
    60  0.376833  0.125149  0.383167 -0.024406
    61  0.397319  0.125524  0.402681 -0.023214
    62  0.417804  0.125510  0.422196 -0.021883
    63  0.438284  0.125122  0.441716 -0.020427
    64  0.458756  0.124385  0.461244 -0.018872
    65  0.479217  0.123309  0.480783 -0.017225
    66  0.499666  0.121904  0.500334 -0.015500
    67  0.520100  0.120183  0.519900 -0.013711
    68  0.540517  0.118159  0.539483 -0.011876
    69  0.560915  0.115844  0.559085 -0.010010
    70  0.581293  0.113246  0.578707 -0.008128
    71  0.601650  0.110360  0.598350 -0.006233
    72  0.621983  0.107205  0.618017 -0.004355
    73  0.642293  0.103784  0.637707 -0.002506
    74  0.662578  0.100106  0.657422 -0.000712
    75  0.682839  0.096161  0.677161  0.001017
    76  0.703076  0.091971  0.696924  0.002639
    77  0.723292  0.087526  0.716708  0.004132
    78  0.743492  0.082842  0.736508  0.005437
    79  0.763686  0.077909  0.756314  0.006508
    80  0.783900  0.072678  0.776100  0.007300
    81  0.804276  0.067027  0.795724  0.007747
    82  0.824482  0.060822  0.815518  0.007624
    83  0.844306  0.054325  0.835693  0.007086
    84  0.863963  0.047642  0.856037  0.006278
    85  0.883484  0.041301  0.876516  0.005779
    86  0.902903  0.034417  0.897097  0.004816
    87  0.922315  0.027494  0.917685  0.003893
    88  0.941750  0.020690  0.938250  0.002850
    89  0.951488  0.017394  0.948512  0.002223
    90  0.961245  0.014196  0.958754  0.001498
    91  0.971017  0.011068  0.968983  0.000702
    92  0.975905  0.009517  0.974095  0.000291
    93  0.980791  0.007958  0.979209 -0.000111
    94  0.985673  0.006373  0.984327 -0.000488
    95  0.990542  0.004726  0.989458 -0.000803
    96  0.995381  0.002922  0.994619 -0.000960
    97  0.999171  0.001065  0.998829 -0.000673
    98  1.000000 -0.000000  1.000000  0.000000

COORDINATES OF NACA AIRFOILS           23:12 29Apr2025
 NACA 63A815                                                                     
 INTERPOLATED COORDINATES
            x      yupper   ylower
     1  0.000000  0.000000  0.000000
     2  0.000050  0.011551 -0.000065
     3  0.000100  0.011672 -0.000130
     4  0.000200  0.011908 -0.000258
     5  0.000300  0.012136 -0.000383
     6  0.000400  0.012358 -0.000508
     7  0.000500  0.012575 -0.000634
     8  0.000600  0.012786 -0.000762
     9  0.000800  0.013192 -0.001030
    10  0.001000  0.013581 -0.001312
    11  0.001200  0.013957 -0.001592
    12  0.001400  0.014319 -0.001867
    13  0.001600  0.014671 -0.002136
    14  0.001800  0.015012 -0.002400
    15  0.002000  0.015346 -0.002658
    16  0.002500  0.016147 -0.003275
    17  0.003000  0.016913 -0.003853
    18  0.003500  0.017650 -0.004395
    19  0.004000  0.018363 -0.004901
    20  0.004500  0.019052 -0.005377
    21  0.005000  0.019718 -0.005825
    22  0.006000  0.020990 -0.006646
    23  0.007000  0.022199 -0.007378
    24  0.008000  0.023353 -0.008038
    25  0.009000  0.024454 -0.008637
    26  0.010000  0.025513 -0.009181
    27  0.011000  0.026536 -0.009682
    28  0.012000  0.027525 -0.010151
    29  0.013000  0.028484 -0.010598
    30  0.014000  0.029415 -0.011025
    31  0.015000  0.030322 -0.011434
    32  0.016000  0.031206 -0.011823
    33  0.018000  0.032912 -0.012555
    34  0.020000  0.034545 -0.013230
    35  0.025000  0.038363 -0.014713
    36  0.030000  0.041877 -0.015976
    37  0.035000  0.045150 -0.017076
    38  0.040000  0.048229 -0.018046
    39  0.045000  0.051143 -0.018916
    40  0.050000  0.053912 -0.019700
    41  0.055000  0.056555 -0.020417
    42  0.060000  0.059081 -0.021076
    43  0.070000  0.063836 -0.022246
    44  0.080000  0.068240 -0.023247
    45  0.090000  0.072346 -0.024115
    46  0.100000  0.076193 -0.024865
    47  0.120000  0.083215 -0.026094
    48  0.140000  0.089471 -0.027030
    49  0.160000  0.095066 -0.027730
    50  0.180000  0.100073 -0.028227
    51  0.200000  0.104550 -0.028541
    52  0.220000  0.108541 -0.028694
    53  0.240000  0.112080 -0.028696
    54  0.260000  0.115200 -0.028566
    55  0.280000  0.117898 -0.028300
    56  0.300000  0.120169 -0.027883
    57  0.320000  0.122015 -0.027288
    58  0.340000  0.123471 -0.026535
    59  0.360000  0.124540 -0.025632
    60  0.380000  0.125233 -0.024586
    61  0.400000  0.125544 -0.023386
    62  0.420000  0.125486 -0.022040
    63  0.440000  0.125073 -0.020560
    64  0.460000  0.124329 -0.018974
    65  0.480000  0.123261 -0.017293
    66  0.500000  0.121879 -0.015530
    67  0.520000  0.120192 -0.013702
    68  0.540000  0.118214 -0.011827
    69  0.560000  0.115954 -0.009923
    70  0.580000  0.113419 -0.008003
    71  0.600000  0.110604 -0.006075
    72  0.620000  0.107525 -0.004167
    73  0.640000  0.104183 -0.002294
    74  0.660000  0.100588 -0.000482
    75  0.680000  0.096729  0.001258
    76  0.700000  0.092625  0.002881
    77  0.720000  0.088267  0.004363
    78  0.740000  0.083668  0.005644
    79  0.760000  0.078830  0.006677
    80  0.780000  0.073711  0.007424
    81  0.800000  0.068260  0.007768
    82  0.820000  0.062241  0.007539
    83  0.840000  0.055773  0.006913
    84  0.860000  0.048964  0.006172
    85  0.880000  0.042459  0.005649
    86  0.900000  0.035466  0.004677
    87  0.920000  0.028314  0.003787
    88  0.940000  0.021292  0.002750
    89  0.950000  0.017891  0.002124
    90  0.960000  0.014599  0.001404
    91  0.970000  0.011391  0.000621
    92  0.975000  0.009804  0.000219
    93  0.980000  0.008212 -0.000171
    94  0.985000  0.006593 -0.000537
    95  0.990000  0.004921 -0.000821
    96  0.995000  0.003057 -0.000980
    97  0.999000  0.001216 -0.000604
    98  1.000000 -0.000000  0.000000
 End of output for cambered airfoil
