 COORDINATES OF NACA AIRFOILS
 Created by naca456, version 1.1 (7 November 2010) on 23:02 29Apr2025
 Ralph L. Carmichael, Public Domain Aeronautical Software
  
 NACA 63A418                                                                     
Six-series profile, family= 63A   t/c= 0.1800
  
                       THICKNESS          MEAN LINE
            x         y      dy/dx         y      dy/dx
     1  0.000000  0.000000  0.000000  0.000000  0.000000
     2  0.000050  0.001356 13.750130  0.000019  0.349882
     3  0.000100  0.001928  9.792412  0.000036  0.325868
     4  0.000200  0.002739  6.906629  0.000067  0.301852
     5  0.000300  0.003359  5.606050  0.000097  0.287802
     6  0.000400  0.003879  4.844867  0.000125  0.277832
     7  0.000500  0.004336  4.334678  0.000152  0.270098
     8  0.000600  0.004750  3.961579  0.000179  0.263778
     9  0.000800  0.005486  3.429651  0.000231  0.253805
    10  0.001000  0.006132  3.057202  0.000281  0.246067
    11  0.001200  0.006714  2.779698  0.000329  0.239743
    12  0.001400  0.007248  2.567732  0.000377  0.234395
    13  0.001600  0.007744  2.399026  0.000423  0.229762
    14  0.001800  0.008210  2.259071  0.000469  0.225674
    15  0.002000  0.008649  2.138608  0.000513  0.222016
    16  0.002500  0.009655  1.898337  0.000622  0.214266
    17  0.003000  0.010558  1.719082  0.000728  0.207931
    18  0.003500  0.011381  1.580049  0.000830  0.202572
    19  0.004000  0.012143  1.470141  0.000931  0.197926
    20  0.004500  0.012854  1.378152  0.001028  0.193827
    21  0.005000  0.013523  1.296705  0.001124  0.190157
    22  0.006000  0.014752  1.171991  0.001311  0.183802
    23  0.007000  0.015881  1.091917  0.001492  0.178423
    24  0.008000  0.016946  1.040262  0.001668  0.173759
    25  0.009000  0.017966  1.001807  0.001840  0.169639
    26  0.010000  0.018948  0.960840  0.002008  0.165950
    27  0.011000  0.019886  0.917786  0.002172  0.162610
    28  0.012000  0.020788  0.886536  0.002333  0.159556
    29  0.013000  0.021660  0.856880  0.002491  0.156744
    30  0.014000  0.022500  0.823281  0.002647  0.154138
    31  0.015000  0.023309  0.795197  0.002800  0.151708
    32  0.016000  0.024093  0.773057  0.002950  0.149433
    33  0.018000  0.025594  0.728729  0.003245  0.145274
    34  0.020000  0.027014  0.692421  0.003532  0.141545
    35  0.025000  0.030278  0.617979  0.004219  0.133617
    36  0.030000  0.033221  0.561109  0.004870  0.127102
    37  0.035000  0.035911  0.516096  0.005491  0.121561
    38  0.040000  0.038403  0.481722  0.006087  0.116733
    39  0.045000  0.040726  0.449313  0.006660  0.112450
    40  0.050000  0.042916  0.425579  0.007212  0.108596
    41  0.055000  0.044983  0.402171  0.007746  0.105089
    42  0.060000  0.046945  0.382809  0.008263  0.101868
    43  0.070000  0.050587  0.347867  0.009253  0.096111
    44  0.080000  0.053916  0.318580  0.010188  0.091064
    45  0.090000  0.056973  0.293868  0.011076  0.086556
    46  0.100000  0.059801  0.272618  0.011921  0.082474
    47  0.120000  0.064877  0.237892  0.013496  0.075276
    48  0.140000  0.069303  0.208002  0.014938  0.069031
    49  0.160000  0.073176  0.179984  0.016262  0.063476
    50  0.180000  0.076566  0.158342  0.017480  0.058440
    51  0.200000  0.079516  0.137745  0.018602  0.053808
    52  0.220000  0.082068  0.117889  0.019635  0.049495
    53  0.240000  0.084252  0.101173  0.020584  0.045439
    54  0.260000  0.086092  0.083282  0.021454  0.041591
    55  0.280000  0.087588  0.066370  0.022249  0.037915
    56  0.300000  0.088721  0.047079  0.022971  0.034378
    57  0.320000  0.089484  0.030597  0.023625  0.030957
    58  0.340000  0.089910  0.013044  0.024210  0.027628
    59  0.360000  0.089998 -0.003686  0.024730  0.024374
    60  0.380000  0.089769 -0.020796  0.025186  0.021178
    61  0.400000  0.089215 -0.036123  0.025578  0.018025
    62  0.420000  0.088344 -0.051723  0.025907  0.014900
    63  0.440000  0.087171 -0.065176  0.026174  0.011791
    64  0.460000  0.085739 -0.078146  0.026378  0.008685
    65  0.480000  0.084047 -0.091457  0.026521  0.005569
    66  0.500000  0.082117 -0.101929  0.026601  0.002430
    67  0.520000  0.079976 -0.111985  0.026618 -0.000746
    68  0.540000  0.077620 -0.122012  0.026571 -0.003974
    69  0.560000  0.075079 -0.132110  0.026459 -0.007271
    70  0.580000  0.072361 -0.141285  0.026279 -0.010655
    71  0.600000  0.069481 -0.147969  0.026032 -0.014148
    72  0.620000  0.066445 -0.153926  0.025713 -0.017776
    73  0.640000  0.063285 -0.160815  0.025319 -0.021572
    74  0.660000  0.060009 -0.167656  0.024848 -0.025575
    75  0.680000  0.056622 -0.170559  0.024295 -0.029839
    76  0.700000  0.053167 -0.174594  0.023653 -0.034437
    77  0.720000  0.049655 -0.175248  0.022914 -0.039473
    78  0.740000  0.046117 -0.176163  0.022070 -0.045109
    79  0.760000  0.042586 -0.177062  0.021104 -0.051631
    80  0.780000  0.039050 -0.176714  0.019995 -0.059652
    81  0.800000  0.035518 -0.176819  0.018694 -0.072138
    82  0.820000  0.031993 -0.176372  0.017112 -0.084255
    83  0.840000  0.028472 -0.175745  0.015353 -0.091163
    84  0.860000  0.024970 -0.175340  0.013480 -0.095805
    85  0.880000  0.021445 -0.178686  0.011770 -0.098084
    86  0.900000  0.017856 -0.181333  0.009808 -0.098084
    87  0.920000  0.014239 -0.178903  0.007847 -0.098084
    88  0.940000  0.010795 -0.164521  0.005885 -0.098084
    89  0.950000  0.009206 -0.152957  0.004904 -0.098084
    90  0.960000  0.007730 -0.143231  0.003923 -0.098084
    91  0.970000  0.006330 -0.137429  0.002943 -0.098084
    92  0.975000  0.005641 -0.138508  0.002452 -0.098084
    93  0.980000  0.004940 -0.143298  0.001962 -0.098084
    94  0.985000  0.004207 -0.152904  0.001471 -0.098084
    95  0.990000  0.003393 -0.175549  0.000981 -0.098084
    96  0.995000  0.002384 -0.240514  0.000490 -0.098084
    97  0.999000  0.001068 -0.531260  0.000098 -0.098084
    98  1.000000 -0.000000-40.329796 -0.000000 -0.098084

COORDINATES OF NACA AIRFOILS           23:02 29Apr2025
 NACA 63A418                                                                     
 COMBINED THICKNESS AND CAMBER
         xupper    yupper    xlower    ylower
     1  0.000000  0.000000  0.000000  0.000000
     2 -0.000398  0.001299  0.000498 -0.001261
     3 -0.000497  0.001870  0.000697 -0.001797
     4 -0.000592  0.002690  0.000992 -0.002555
     5 -0.000629  0.003324  0.001229 -0.003131
     6 -0.000638  0.003862  0.001438 -0.003612
     7 -0.000631  0.004338  0.001631 -0.004034
     8 -0.000611  0.004772  0.001811 -0.004414
     9 -0.000549  0.005548  0.002149 -0.005086
    10 -0.000465  0.006235  0.002465 -0.005673
    11 -0.000365  0.006858  0.002765 -0.006200
    12 -0.000254  0.007433  0.003054 -0.006680
    13 -0.000134  0.007971  0.003334 -0.007125
    14 -0.000007  0.008477  0.003607 -0.007540
    15  0.000125  0.008957  0.003875 -0.007930
    16  0.000477  0.010064  0.004523 -0.008819
    17  0.000851  0.011065  0.005149 -0.009609
    18  0.001240  0.011985  0.005760 -0.010324
    19  0.001642  0.012843  0.006358 -0.010981
    20  0.002054  0.013648  0.006946 -0.011591
    21  0.002474  0.014409  0.007526 -0.012160
    22  0.003333  0.015821  0.008667 -0.013198
    23  0.004210  0.017127  0.009790 -0.014142
    24  0.005099  0.018364  0.010901 -0.015027
    25  0.005995  0.019553  0.012005 -0.015873
    26  0.006898  0.020701  0.013102 -0.016685
    27  0.007808  0.021801  0.014192 -0.017456
    28  0.008725  0.022861  0.015275 -0.018195
    29  0.009646  0.023890  0.016354 -0.018907
    30  0.010572  0.024884  0.017428 -0.019591
    31  0.011504  0.025845  0.018496 -0.020246
    32  0.012439  0.026778  0.019561 -0.020878
    33  0.014320  0.028573  0.021680 -0.022083
    34  0.016214  0.030279  0.023786 -0.023215
    35  0.020990  0.034230  0.029010 -0.025793
    36  0.025811  0.037826  0.034189 -0.028086
    37  0.030667  0.041140  0.039333 -0.030157
    38  0.035547  0.044231  0.044453 -0.032057
    39  0.040449  0.047131  0.049551 -0.033812
    40  0.045367  0.049877  0.054633 -0.035453
    41  0.050299  0.052483  0.059701 -0.036990
    42  0.055242  0.054967  0.064758 -0.038440
    43  0.065160  0.059607  0.074840 -0.041102
    44  0.075110  0.063882  0.084890 -0.043506
    45  0.085087  0.067836  0.094913 -0.045685
    46  0.095085  0.071519  0.104915 -0.047678
    47  0.115130  0.078190  0.124870 -0.051197
    48  0.135227  0.084076  0.144773 -0.054200
    49  0.155364  0.089291  0.164636 -0.056767
    50  0.175533  0.093916  0.184467 -0.058955
    51  0.195728  0.098003  0.204272 -0.060799
    52  0.215943  0.101603  0.224057 -0.062333
    53  0.236176  0.104749  0.243824 -0.063581
    54  0.256422  0.107471  0.263578 -0.064564
    55  0.276682  0.109774  0.283318 -0.065276
    56  0.296952  0.111640  0.303048 -0.065697
    57  0.317231  0.113065  0.322769 -0.065816
    58  0.337517  0.114086  0.342483 -0.065666
    59  0.357807  0.114702  0.362193 -0.065242
    60  0.378099  0.114934  0.381901 -0.064563
    61  0.398392  0.114778  0.401608 -0.063623
    62  0.418684  0.114241  0.421316 -0.062427
    63  0.438972  0.113338  0.441028 -0.060991
    64  0.459255  0.112114  0.460745 -0.059357
    65  0.479532  0.110566  0.480468 -0.057524
    66  0.499800  0.108717  0.500200 -0.055515
    67  0.520060  0.106594  0.519940 -0.053358
    68  0.540308  0.104191  0.539692 -0.051049
    69  0.560546  0.101536  0.559454 -0.048619
    70  0.580771  0.098636  0.579229 -0.046077
    71  0.600983  0.095506  0.599017 -0.043442
    72  0.621181  0.092147  0.618819 -0.040722
    73  0.641365  0.088590  0.638635 -0.037951
    74  0.661534  0.084838  0.658466 -0.035141
    75  0.681689  0.080891  0.678311 -0.032302
    76  0.701830  0.076788  0.698170 -0.029483
    77  0.721959  0.072531  0.718042 -0.026702
    78  0.742078  0.068140  0.737922 -0.024001
    79  0.762196  0.063633  0.757804 -0.021425
    80  0.782325  0.058976  0.777675 -0.018986
    81  0.802556  0.054120  0.797444 -0.016733
    82  0.822686  0.048992  0.817314 -0.014768
    83  0.842585  0.043707  0.837415 -0.013002
    84  0.862381  0.038336  0.857619 -0.011376
    85  0.882093  0.033113  0.877907 -0.009573
    86  0.901743  0.027579  0.898257 -0.007962
    87  0.921390  0.022018  0.918610 -0.006325
    88  0.941054  0.016629  0.938946 -0.004859
    89  0.950899  0.014067  0.949101 -0.004258
    90  0.960755  0.011617  0.959245 -0.003770
    91  0.970618  0.009242  0.969382 -0.003357
    92  0.975551  0.008067  0.974449 -0.003162
    93  0.980482  0.006878  0.979518 -0.002955
    94  0.985411  0.005658  0.984589 -0.002715
    95  0.990331  0.004357  0.989669 -0.002396
    96  0.995233  0.002863  0.994767 -0.001882
    97  0.999104  0.001161  0.998896 -0.000965
    98  1.000000 -0.000000  1.000000  0.000000

COORDINATES OF NACA AIRFOILS           23:02 29Apr2025
 NACA 63A418                                                                     
 INTERPOLATED COORDINATES
            x      yupper   ylower
     1  0.000000  0.000000  0.000000
     2  0.000050  0.008689 -0.000131
     3  0.000100  0.008868 -0.000259
     4  0.000200  0.009209 -0.000510
     5  0.000300  0.009532 -0.000759
     6  0.000400  0.009837 -0.001009
     7  0.000500  0.010129 -0.001266
     8  0.000600  0.010409 -0.001534
     9  0.000800  0.010937 -0.002068
    10  0.001000  0.011430 -0.002577
    11  0.001200  0.011894 -0.003062
    12  0.001400  0.012335 -0.003526
    13  0.001600  0.012756 -0.003968
    14  0.001800  0.013158 -0.004390
    15  0.002000  0.013545 -0.004794
    16  0.002500  0.014455 -0.005737
    17  0.003000  0.015293 -0.006592
    18  0.003500  0.016078 -0.007379
    19  0.004000  0.016822 -0.008109
    20  0.004500  0.017538 -0.008789
    21  0.005000  0.018230 -0.009426
    22  0.006000  0.019560 -0.010593
    23  0.007000  0.020826 -0.011645
    24  0.008000  0.022026 -0.012603
    25  0.009000  0.023173 -0.013485
    26  0.010000  0.024275 -0.014312
    27  0.011000  0.025329 -0.015104
    28  0.012000  0.026343 -0.015870
    29  0.013000  0.027325 -0.016610
    30  0.014000  0.028274 -0.017323
    31  0.015000  0.029196 -0.018010
    32  0.016000  0.030090 -0.018676
    33  0.018000  0.031810 -0.019944
    34  0.020000  0.033447 -0.021134
    35  0.025000  0.037244 -0.023842
    36  0.030000  0.040701 -0.026249
    37  0.035000  0.043895 -0.028424
    38  0.040000  0.046872 -0.030413
    39  0.045000  0.049677 -0.032251
    40  0.050000  0.052328 -0.033961
    41  0.055000  0.054848 -0.035567
    42  0.060000  0.057246 -0.037078
    43  0.070000  0.061731 -0.039860
    44  0.080000  0.065859 -0.042365
    45  0.090000  0.069678 -0.044642
    46  0.100000  0.073238 -0.046719
    47  0.120000  0.079684 -0.050390
    48  0.140000  0.085370 -0.053522
    49  0.160000  0.090405 -0.056203
    50  0.180000  0.094865 -0.058493
    51  0.200000  0.098804 -0.060428
    52  0.220000  0.102269 -0.062042
    53  0.240000  0.105295 -0.063361
    54  0.260000  0.107909 -0.064405
    55  0.280000  0.110110 -0.065176
    56  0.300000  0.111881 -0.065652
    57  0.320000  0.113228 -0.065816
    58  0.340000  0.114183 -0.065700
    59  0.360000  0.114745 -0.065301
    60  0.380000  0.114936 -0.064640
    61  0.400000  0.114750 -0.063710
    62  0.420000  0.114193 -0.062515
    63  0.440000  0.113284 -0.061071
    64  0.460000  0.112063 -0.059423
    65  0.480000  0.110527 -0.057570
    66  0.500000  0.108698 -0.055536
    67  0.520000  0.106601 -0.053352
    68  0.540000  0.104229 -0.051012
    69  0.560000  0.101611 -0.048550
    70  0.580000  0.098751 -0.045976
    71  0.600000  0.095663 -0.043309
    72  0.620000  0.092349 -0.040558
    73  0.640000  0.088837 -0.037759
    74  0.660000  0.085131 -0.034922
    75  0.680000  0.081228 -0.032061
    76  0.700000  0.077167 -0.029225
    77  0.720000  0.072952 -0.026432
    78  0.740000  0.068599 -0.023725
    79  0.760000  0.064132 -0.021149
    80  0.780000  0.059521 -0.018710
    81  0.800000  0.054749 -0.016464
    82  0.820000  0.049690 -0.014520
    83  0.840000  0.044405 -0.012793
    84  0.860000  0.038974 -0.011170
    85  0.880000  0.033679 -0.009397
    86  0.900000  0.028077 -0.007824
    87  0.920000  0.022408 -0.006216
    88  0.940000  0.016909 -0.004791
    89  0.950000  0.014296 -0.004211
    90  0.960000  0.011801 -0.003737
    91  0.970000  0.009390 -0.003334
    92  0.975000  0.008198 -0.003141
    93  0.980000  0.006996 -0.002933
    94  0.985000  0.005761 -0.002695
    95  0.990000  0.004453 -0.002366
    96  0.995000  0.002931 -0.001861
    97  0.999000  0.001251 -0.000901
    98  1.000000 -0.000000  0.000000
 End of output for cambered airfoil
