 COORDINATES OF NACA AIRFOILS
 Created by naca456, version 1.1 (7 November 2010) on 23:06 29Apr2025
 Ralph L. Carmichael, Public Domain Aeronautical Software
  
 NACA 63A618                                                                     
Six-series profile, family= 63A   t/c= 0.1800
  
                       THICKNESS          MEAN LINE
            x         y      dy/dx         y      dy/dx
     1  0.000000  0.000000  0.000000  0.000000  0.000000
     2  0.000050  0.001356 13.750130  0.000029  0.524822
     3  0.000100  0.001928  9.792412  0.000054  0.488802
     4  0.000200  0.002739  6.906629  0.000101  0.452778
     5  0.000300  0.003359  5.606050  0.000145  0.431703
     6  0.000400  0.003879  4.844867  0.000187  0.416748
     7  0.000500  0.004336  4.334678  0.000229  0.405147
     8  0.000600  0.004750  3.961579  0.000269  0.395667
     9  0.000800  0.005486  3.429651  0.000346  0.380707
    10  0.001000  0.006132  3.057202  0.000421  0.369100
    11  0.001200  0.006714  2.779698  0.000494  0.359614
    12  0.001400  0.007248  2.567732  0.000565  0.351593
    13  0.001600  0.007744  2.399026  0.000635  0.344642
    14  0.001800  0.008210  2.259071  0.000703  0.338510
    15  0.002000  0.008649  2.138608  0.000770  0.333024
    16  0.002500  0.009655  1.898337  0.000934  0.321400
    17  0.003000  0.010558  1.719082  0.001092  0.311897
    18  0.003500  0.011381  1.580049  0.001246  0.303857
    19  0.004000  0.012143  1.470141  0.001396  0.296890
    20  0.004500  0.012854  1.378152  0.001543  0.290740
    21  0.005000  0.013523  1.296705  0.001687  0.285236
    22  0.006000  0.014752  1.171991  0.001967  0.275704
    23  0.007000  0.015881  1.091917  0.002239  0.267635
    24  0.008000  0.016946  1.040262  0.002503  0.260638
    25  0.009000  0.017966  1.001807  0.002760  0.254459
    26  0.010000  0.018948  0.960840  0.003012  0.248926
    27  0.011000  0.019886  0.917786  0.003258  0.243914
    28  0.012000  0.020788  0.886536  0.003500  0.239334
    29  0.013000  0.021660  0.856880  0.003737  0.235116
    30  0.014000  0.022500  0.823281  0.003970  0.231207
    31  0.015000  0.023309  0.795197  0.004199  0.227562
    32  0.016000  0.024093  0.773057  0.004425  0.224150
    33  0.018000  0.025594  0.728729  0.004867  0.217911
    34  0.020000  0.027014  0.692421  0.005297  0.212318
    35  0.025000  0.030278  0.617979  0.006328  0.200425
    36  0.030000  0.033221  0.561109  0.007305  0.190652
    37  0.035000  0.035911  0.516096  0.008237  0.182341
    38  0.040000  0.038403  0.481722  0.009130  0.175100
    39  0.045000  0.040726  0.449313  0.009989  0.168675
    40  0.050000  0.042916  0.425579  0.010818  0.162894
    41  0.055000  0.044983  0.402171  0.011619  0.157634
    42  0.060000  0.046945  0.382809  0.012395  0.152802
    43  0.070000  0.050587  0.347867  0.013879  0.144167
    44  0.080000  0.053916  0.318580  0.015282  0.136595
    45  0.090000  0.056973  0.293868  0.016614  0.129834
    46  0.100000  0.059801  0.272618  0.017881  0.123710
    47  0.120000  0.064877  0.237892  0.020244  0.112914
    48  0.140000  0.069303  0.208002  0.022407  0.103546
    49  0.160000  0.073176  0.179984  0.024393  0.095213
    50  0.180000  0.076566  0.158342  0.026221  0.087660
    51  0.200000  0.079516  0.137745  0.027903  0.080712
    52  0.220000  0.082068  0.117889  0.029452  0.074242
    53  0.240000  0.084252  0.101173  0.030876  0.068158
    54  0.260000  0.086092  0.083282  0.032181  0.062387
    55  0.280000  0.087588  0.066370  0.033373  0.056872
    56  0.300000  0.088721  0.047079  0.034457  0.051568
    57  0.320000  0.089484  0.030597  0.035437  0.046435
    58  0.340000  0.089910  0.013044  0.036315  0.041443
    59  0.360000  0.089998 -0.003686  0.037095  0.036561
    60  0.380000  0.089769 -0.020796  0.037778  0.031767
    61  0.400000  0.089215 -0.036123  0.038366  0.027037
    62  0.420000  0.088344 -0.051723  0.038860  0.022350
    63  0.440000  0.087171 -0.065176  0.039260  0.017687
    64  0.460000  0.085739 -0.078146  0.039568  0.013028
    65  0.480000  0.084047 -0.091457  0.039781  0.008354
    66  0.500000  0.082117 -0.101929  0.039902  0.003645
    67  0.520000  0.079976 -0.111985  0.039927 -0.001119
    68  0.540000  0.077620 -0.122012  0.039856 -0.005961
    69  0.560000  0.075079 -0.132110  0.039688 -0.010906
    70  0.580000  0.072361 -0.141285  0.039419 -0.015982
    71  0.600000  0.069481 -0.147969  0.039047 -0.021222
    72  0.620000  0.066445 -0.153926  0.038569 -0.026664
    73  0.640000  0.063285 -0.160815  0.037979 -0.032358
    74  0.660000  0.060009 -0.167656  0.037273 -0.038363
    75  0.680000  0.056622 -0.170559  0.036442 -0.044759
    76  0.700000  0.053167 -0.174594  0.035479 -0.051655
    77  0.720000  0.049655 -0.175248  0.034371 -0.059209
    78  0.740000  0.046117 -0.176163  0.033105 -0.067664
    79  0.760000  0.042586 -0.177062  0.031656 -0.077446
    80  0.780000  0.039050 -0.176714  0.029992 -0.089478
    81  0.800000  0.035518 -0.176819  0.028040 -0.108207
    82  0.820000  0.031993 -0.176372  0.025667 -0.126382
    83  0.840000  0.028472 -0.175745  0.023029 -0.136744
    84  0.860000  0.024970 -0.175340  0.020220 -0.143707
    85  0.880000  0.021445 -0.178686  0.017655 -0.147126
    86  0.900000  0.017856 -0.181333  0.014713 -0.147126
    87  0.920000  0.014239 -0.178903  0.011770 -0.147126
    88  0.940000  0.010795 -0.164521  0.008828 -0.147126
    89  0.950000  0.009206 -0.152957  0.007356 -0.147126
    90  0.960000  0.007730 -0.143231  0.005885 -0.147126
    91  0.970000  0.006330 -0.137429  0.004414 -0.147126
    92  0.975000  0.005641 -0.138508  0.003678 -0.147126
    93  0.980000  0.004940 -0.143298  0.002943 -0.147126
    94  0.985000  0.004207 -0.152904  0.002207 -0.147126
    95  0.990000  0.003393 -0.175549  0.001471 -0.147126
    96  0.995000  0.002384 -0.240514  0.000736 -0.147126
    97  0.999000  0.001068 -0.531260  0.000147 -0.147126
    98  1.000000 -0.000000-40.329796 -0.000000 -0.147126

COORDINATES OF NACA AIRFOILS           23:06 29Apr2025
 NACA 63A618                                                                     
 COMBINED THICKNESS AND CAMBER
         xupper    yupper    xlower    ylower
     1  0.000000  0.000000  0.000000  0.000000
     2 -0.000580  0.001230  0.000680 -0.001172
     3 -0.000747  0.001787  0.000947 -0.001678
     4 -0.000930  0.002596  0.001330 -0.002395
     5 -0.001031  0.003229  0.001631 -0.002938
     6 -0.001092  0.003768  0.001892 -0.003393
     7 -0.001128  0.004247  0.002128 -0.003790
     8 -0.001148  0.004685  0.002348 -0.004148
     9 -0.001152  0.005473  0.002752 -0.004781
    10 -0.001123  0.006173  0.003123 -0.005331
    11 -0.001072  0.006812  0.003472 -0.005824
    12 -0.001004  0.007403  0.003804 -0.006273
    13 -0.000923  0.007956  0.004123 -0.006687
    14 -0.000832  0.008479  0.004432 -0.007073
    15 -0.000733  0.008976  0.004733 -0.007436
    16 -0.000454  0.010126  0.005454 -0.008259
    17 -0.000144  0.011171  0.006144 -0.008987
    18  0.000191  0.012135  0.006809 -0.009644
    19  0.000544  0.013037  0.007456 -0.010245
    20  0.000911  0.013886  0.008089 -0.010800
    21  0.001291  0.014691  0.008709 -0.011317
    22  0.002079  0.016189  0.009921 -0.012255
    23  0.002894  0.017580  0.011106 -0.013103
    24  0.003726  0.018900  0.012274 -0.013895
    25  0.004570  0.020171  0.013430 -0.014651
    26  0.005423  0.021399  0.014577 -0.015375
    27  0.006288  0.022578  0.015712 -0.016062
    28  0.007161  0.023717  0.016839 -0.016717
    29  0.008043  0.024822  0.017957 -0.017348
    30  0.008932  0.025892  0.019068 -0.017952
    31  0.009828  0.026927  0.020172 -0.018528
    32  0.010730  0.027935  0.021270 -0.019084
    33  0.012551  0.029874  0.023449 -0.020140
    34  0.014390  0.031722  0.025610 -0.021127
    35  0.019050  0.036016  0.030950 -0.023360
    36  0.023778  0.039938  0.036222 -0.025328
    37  0.028558  0.043566  0.041442 -0.027092
    38  0.033376  0.046958  0.046624 -0.028697
    39  0.038226  0.050148  0.051774 -0.030169
    40  0.043100  0.053176  0.056900 -0.031539
    41  0.047996  0.056053  0.062004 -0.032815
    42  0.052909  0.058802  0.067091 -0.034012
    43  0.062782  0.063948  0.077218 -0.036190
    44  0.072703  0.068702  0.087297 -0.038138
    45  0.082665  0.073112  0.097335 -0.039885
    46  0.092658  0.077229  0.107342 -0.041468
    47  0.112721  0.084711  0.127279 -0.044223
    48  0.132862  0.091341  0.147138 -0.046527
    49  0.153064  0.097240  0.166936 -0.048453
    50  0.173314  0.102494  0.186686 -0.050053
    51  0.193603  0.107162  0.206397 -0.051355
    52  0.213924  0.111295  0.226076 -0.052390
    53  0.234271  0.114933  0.245729 -0.053181
    54  0.254639  0.118106  0.265361 -0.053744
    55  0.275027  0.120819  0.284973 -0.054074
    56  0.295431  0.123060  0.304569 -0.054146
    57  0.315849  0.124824  0.324151 -0.053951
    58  0.336277  0.126148  0.343723 -0.053518
    59  0.356712  0.127033  0.363288 -0.052843
    60  0.377150  0.127502  0.382850 -0.051945
    61  0.397589  0.127549  0.402411 -0.050816
    62  0.418026  0.127182  0.421974 -0.049462
    63  0.438458  0.126418  0.441542 -0.047897
    64  0.458883  0.125299  0.461117 -0.046164
    65  0.479298  0.123825  0.480702 -0.044262
    66  0.499701  0.122018  0.500299 -0.042215
    67  0.520089  0.119903  0.519911 -0.040049
    68  0.540463  0.117475  0.539537 -0.037763
    69  0.560819  0.114763  0.559181 -0.035387
    70  0.581156  0.111771  0.578844 -0.032933
    71  0.601474  0.108513  0.598526 -0.030418
    72  0.621771  0.104990  0.618229 -0.027852
    73  0.642047  0.101231  0.637953 -0.025273
    74  0.662300  0.097238  0.657700 -0.022693
    75  0.682532  0.093007  0.677468 -0.020123
    76  0.702743  0.088575  0.697257 -0.017617
    77  0.722935  0.083940  0.717065 -0.015197
    78  0.743113  0.079116  0.736887 -0.012907
    79  0.763288  0.074115  0.756712 -0.010803
    80  0.783480  0.068887  0.776520 -0.008903
    81  0.803821  0.063353  0.796179 -0.007272
    82  0.824011  0.057408  0.815989 -0.006073
    83  0.843857  0.051239  0.836142 -0.005180
    84  0.863552  0.044936  0.856448 -0.004496
    85  0.883122  0.038872  0.876878 -0.003562
    86  0.902599  0.032378  0.897401 -0.002953
    87  0.922073  0.025858  0.917927 -0.002318
    88  0.941571  0.019508  0.938429 -0.001853
    89  0.951340  0.016465  0.948660 -0.001752
    90  0.961125  0.013533  0.958875 -0.001763
    91  0.970921  0.010676  0.969079 -0.001849
    92  0.975821  0.009259  0.974179 -0.001903
    93  0.980719  0.007830  0.979281 -0.001945
    94  0.985612  0.006369  0.984388 -0.001955
    95  0.990494  0.004828  0.989506 -0.001885
    96  0.995347  0.003094  0.994653 -0.001623
    97  0.999155  0.001204  0.998845 -0.000909
    98  1.000000 -0.000000  1.000000  0.000000

COORDINATES OF NACA AIRFOILS           23:06 29Apr2025
 NACA 63A618                                                                     
 INTERPOLATED COORDINATES
            x      yupper   ylower
     1  0.000000  0.000000  0.000000
     2  0.000050  0.011744 -0.000088
     3  0.000100  0.011885 -0.000173
     4  0.000200  0.012159 -0.000344
     5  0.000300  0.012425 -0.000513
     6  0.000400  0.012681 -0.000682
     7  0.000500  0.012929 -0.000853
     8  0.000600  0.013171 -0.001027
     9  0.000800  0.013636 -0.001397
    10  0.001000  0.014079 -0.001780
    11  0.001200  0.014504 -0.002155
    12  0.001400  0.014911 -0.002522
    13  0.001600  0.015302 -0.002883
    14  0.001800  0.015681 -0.003234
    15  0.002000  0.016047 -0.003576
    16  0.002500  0.016922 -0.004391
    17  0.003000  0.017753 -0.005151
    18  0.003500  0.018549 -0.005863
    19  0.004000  0.019319 -0.006529
    20  0.004500  0.020069 -0.007156
    21  0.005000  0.020798 -0.007749
    22  0.006000  0.022192 -0.008840
    23  0.007000  0.023510 -0.009825
    24  0.008000  0.024769 -0.010724
    25  0.009000  0.025972 -0.011550
    26  0.010000  0.027121 -0.012313
    27  0.011000  0.028230 -0.013029
    28  0.012000  0.029300 -0.013712
    29  0.013000  0.030336 -0.014372
    30  0.014000  0.031339 -0.015014
    31  0.015000  0.032314 -0.015635
    32  0.016000  0.033263 -0.016231
    33  0.018000  0.035091 -0.017371
    34  0.020000  0.036835 -0.018440
    35  0.025000  0.040894 -0.020854
    36  0.030000  0.044606 -0.022981
    37  0.035000  0.048048 -0.024890
    38  0.040000  0.051270 -0.026620
    39  0.045000  0.054310 -0.028208
    40  0.050000  0.057191 -0.029674
    41  0.055000  0.059932 -0.031042
    42  0.060000  0.062544 -0.032324
    43  0.070000  0.067445 -0.034664
    44  0.080000  0.071965 -0.036748
    45  0.090000  0.076162 -0.038626
    46  0.100000  0.080081 -0.040321
    47  0.120000  0.087201 -0.043273
    48  0.140000  0.093506 -0.045745
    49  0.160000  0.099110 -0.047817
    50  0.180000  0.104096 -0.049546
    51  0.200000  0.108519 -0.050963
    52  0.220000  0.112432 -0.052098
    53  0.240000  0.115872 -0.052975
    54  0.260000  0.118864 -0.053613
    55  0.280000  0.121410 -0.054013
    56  0.300000  0.123495 -0.054154
    57  0.320000  0.125128 -0.054013
    58  0.340000  0.126342 -0.053619
    59  0.360000  0.127137 -0.052972
    60  0.380000  0.127534 -0.052090
    61  0.400000  0.127527 -0.050968
    62  0.420000  0.127125 -0.049608
    63  0.440000  0.126345 -0.048026
    64  0.460000  0.125228 -0.046267
    65  0.480000  0.123768 -0.044333
    66  0.500000  0.121989 -0.042247
    67  0.520000  0.119913 -0.040039
    68  0.540000  0.117534 -0.037708
    69  0.560000  0.114877 -0.035286
    70  0.580000  0.111948 -0.032786
    71  0.600000  0.108758 -0.030227
    72  0.620000  0.105308 -0.027621
    73  0.640000  0.101622 -0.025006
    74  0.660000  0.097704 -0.022392
    75  0.680000  0.093548 -0.019798
    76  0.700000  0.089188 -0.017276
    77  0.720000  0.084626 -0.014848
    78  0.740000  0.079872 -0.012564
    79  0.760000  0.074944 -0.010473
    80  0.780000  0.069803 -0.008590
    81  0.800000  0.064424 -0.007007
    82  0.820000  0.058620 -0.005870
    83  0.840000  0.052463 -0.005050
    84  0.860000  0.046056 -0.004342
    85  0.880000  0.039860 -0.003447
    86  0.900000  0.033258 -0.002877
    87  0.920000  0.026546 -0.002258
    88  0.940000  0.020008 -0.001830
    89  0.950000  0.016875 -0.001747
    90  0.960000  0.013865 -0.001770
    91  0.970000  0.010943 -0.001859
    92  0.975000  0.009497 -0.001911
    93  0.980000  0.008042 -0.001948
    94  0.985000  0.006553 -0.001954
    95  0.990000  0.004995 -0.001864
    96  0.995000  0.003214 -0.001610
    97  0.999000  0.001348 -0.000824
    98  1.000000 -0.000000  0.000000
 End of output for cambered airfoil
