 COORDINATES OF NACA AIRFOILS
 Created by naca456, version 1.1 (7 November 2010) on 23:12 29Apr2025
 Ralph L. Carmichael, Public Domain Aeronautical Software
  
 NACA 63A818                                                                     
Six-series profile, family= 63A   t/c= 0.1800
  
                       THICKNESS          MEAN LINE
            x         y      dy/dx         y      dy/dx
     1  0.000000  0.000000  0.000000  0.000000  0.000000
     2  0.000050  0.001356 13.750130  0.000038  0.699763
     3  0.000100  0.001928  9.792412  0.000072  0.651735
     4  0.000200  0.002739  6.906629  0.000135  0.603704
     5  0.000300  0.003359  5.606050  0.000193  0.575604
     6  0.000400  0.003879  4.844867  0.000250  0.555664
     7  0.000500  0.004336  4.334678  0.000305  0.540196
     8  0.000600  0.004750  3.961579  0.000358  0.527556
     9  0.000800  0.005486  3.429651  0.000462  0.507609
    10  0.001000  0.006132  3.057202  0.000561  0.492133
    11  0.001200  0.006714  2.779698  0.000659  0.479486
    12  0.001400  0.007248  2.567732  0.000753  0.468790
    13  0.001600  0.007744  2.399026  0.000846  0.459523
    14  0.001800  0.008210  2.259071  0.000937  0.451347
    15  0.002000  0.008649  2.138608  0.001027  0.444032
    16  0.002500  0.009655  1.898337  0.001245  0.428533
    17  0.003000  0.010558  1.719082  0.001456  0.415862
    18  0.003500  0.011381  1.580049  0.001661  0.405143
    19  0.004000  0.012143  1.470141  0.001861  0.395853
    20  0.004500  0.012854  1.378152  0.002057  0.387653
    21  0.005000  0.013523  1.296705  0.002249  0.380315
    22  0.006000  0.014752  1.171991  0.002623  0.367605
    23  0.007000  0.015881  1.091917  0.002985  0.356847
    24  0.008000  0.016946  1.040262  0.003337  0.347517
    25  0.009000  0.017966  1.001807  0.003680  0.339279
    26  0.010000  0.018948  0.960840  0.004016  0.331901
    27  0.011000  0.019886  0.917786  0.004344  0.325219
    28  0.012000  0.020788  0.886536  0.004666  0.319112
    29  0.013000  0.021660  0.856880  0.004983  0.313488
    30  0.014000  0.022500  0.823281  0.005293  0.308275
    31  0.015000  0.023309  0.795197  0.005599  0.303417
    32  0.016000  0.024093  0.773057  0.005900  0.298867
    33  0.018000  0.025594  0.728729  0.006490  0.290548
    34  0.020000  0.027014  0.692421  0.007063  0.283091
    35  0.025000  0.030278  0.617979  0.008438  0.267234
    36  0.030000  0.033221  0.561109  0.009740  0.254203
    37  0.035000  0.035911  0.516096  0.010983  0.243122
    38  0.040000  0.038403  0.481722  0.012174  0.233467
    39  0.045000  0.040726  0.449313  0.013319  0.224900
    40  0.050000  0.042916  0.425579  0.014424  0.217192
    41  0.055000  0.044983  0.402171  0.015492  0.210178
    42  0.060000  0.046945  0.382809  0.016527  0.203737
    43  0.070000  0.050587  0.347867  0.018505  0.192223
    44  0.080000  0.053916  0.318580  0.020376  0.182127
    45  0.090000  0.056973  0.293868  0.022152  0.173112
    46  0.100000  0.059801  0.272618  0.023841  0.164947
    47  0.120000  0.064877  0.237892  0.026992  0.150552
    48  0.140000  0.069303  0.208002  0.029876  0.138062
    49  0.160000  0.073176  0.179984  0.032524  0.126951
    50  0.180000  0.076566  0.158342  0.034961  0.116880
    51  0.200000  0.079516  0.137745  0.037205  0.107616
    52  0.220000  0.082068  0.117889  0.039270  0.098990
    53  0.240000  0.084252  0.101173  0.041168  0.090877
    54  0.260000  0.086092  0.083282  0.042908  0.083183
    55  0.280000  0.087588  0.066370  0.044497  0.075830
    56  0.300000  0.088721  0.047079  0.045943  0.068757
    57  0.320000  0.089484  0.030597  0.047249  0.061914
    58  0.340000  0.089910  0.013044  0.048420  0.055257
    59  0.360000  0.089998 -0.003686  0.049460  0.048749
    60  0.380000  0.089769 -0.020796  0.050371  0.042356
    61  0.400000  0.089215 -0.036123  0.051155  0.036049
    62  0.420000  0.088344 -0.051723  0.051813  0.029800
    63  0.440000  0.087171 -0.065176  0.052347  0.023583
    64  0.460000  0.085739 -0.078146  0.052757  0.017371
    65  0.480000  0.084047 -0.091457  0.053042  0.011139
    66  0.500000  0.082117 -0.101929  0.053202  0.004860
    67  0.520000  0.079976 -0.111985  0.053236 -0.001492
    68  0.540000  0.077620 -0.122012  0.053142 -0.007948
    69  0.560000  0.075079 -0.132110  0.052917 -0.014542
    70  0.580000  0.072361 -0.141285  0.052559 -0.021310
    71  0.600000  0.069481 -0.147969  0.052063 -0.028296
    72  0.620000  0.066445 -0.153926  0.051425 -0.035552
    73  0.640000  0.063285 -0.160815  0.050639 -0.043144
    74  0.660000  0.060009 -0.167656  0.049697 -0.051150
    75  0.680000  0.056622 -0.170559  0.048589 -0.059679
    76  0.700000  0.053167 -0.174594  0.047305 -0.068874
    77  0.720000  0.049655 -0.175248  0.045829 -0.078945
    78  0.740000  0.046117 -0.176163  0.044139 -0.090218
    79  0.760000  0.042586 -0.177062  0.042208 -0.103262
    80  0.780000  0.039050 -0.176714  0.039989 -0.119305
    81  0.800000  0.035518 -0.176819  0.037387 -0.144276
    82  0.820000  0.031993 -0.176372  0.034223 -0.168510
    83  0.840000  0.028472 -0.175745  0.030706 -0.182326
    84  0.860000  0.024970 -0.175340  0.026960 -0.191610
    85  0.880000  0.021445 -0.178686  0.023540 -0.196168
    86  0.900000  0.017856 -0.181333  0.019617 -0.196168
    87  0.920000  0.014239 -0.178903  0.015693 -0.196168
    88  0.940000  0.010795 -0.164521  0.011770 -0.196168
    89  0.950000  0.009206 -0.152957  0.009808 -0.196168
    90  0.960000  0.007730 -0.143231  0.007847 -0.196168
    91  0.970000  0.006330 -0.137429  0.005885 -0.196168
    92  0.975000  0.005641 -0.138508  0.004904 -0.196168
    93  0.980000  0.004940 -0.143298  0.003923 -0.196168
    94  0.985000  0.004207 -0.152904  0.002943 -0.196168
    95  0.990000  0.003393 -0.175549  0.001962 -0.196168
    96  0.995000  0.002384 -0.240514  0.000981 -0.196168
    97  0.999000  0.001068 -0.531260  0.000196 -0.196168
    98  1.000000 -0.000000-40.329796 -0.000000 -0.196168

COORDINATES OF NACA AIRFOILS           23:12 29Apr2025
 NACA 63A818                                                                     
 COMBINED THICKNESS AND CAMBER
         xupper    yupper    xlower    ylower
     1  0.000000  0.000000  0.000000  0.000000
     2 -0.000728  0.001150  0.000828 -0.001073
     3 -0.000953  0.001688  0.001153 -0.001543
     4 -0.001216  0.002480  0.001616 -0.002211
     5 -0.001375  0.003104  0.001975 -0.002717
     6 -0.001484  0.003640  0.002284 -0.003140
     7 -0.001561  0.004120  0.002561 -0.003510
     8 -0.001616  0.004559  0.002816 -0.003843
     9 -0.001683  0.005353  0.003283 -0.004430
    10 -0.001708  0.006063  0.003708 -0.004940
    11 -0.001703  0.006713  0.004103 -0.005395
    12 -0.001676  0.007316  0.004476 -0.005809
    13 -0.001634  0.007883  0.004834 -0.006191
    14 -0.001577  0.008420  0.005177 -0.006545
    15 -0.001510  0.008932  0.005510 -0.006878
    16 -0.001303  0.010120  0.006303 -0.007630
    17 -0.001054  0.011204  0.007054 -0.008293
    18 -0.000774  0.012210  0.007774 -0.008888
    19 -0.000469  0.013152  0.008469 -0.009429
    20 -0.000146  0.014042  0.009146 -0.009928
    21  0.000193  0.014888  0.009807 -0.010391
    22  0.000910  0.016469  0.011090 -0.011224
    23  0.001663  0.017942  0.012337 -0.011972
    24  0.002437  0.019344  0.013563 -0.012670
    25  0.003228  0.020694  0.014772 -0.013333
    26  0.004031  0.021999  0.015969 -0.013968
    27  0.004850  0.023256  0.017150 -0.014567
    28  0.005680  0.024470  0.018320 -0.015138
    29  0.006521  0.025651  0.019479 -0.015685
    30  0.007372  0.026795  0.020628 -0.016208
    31  0.008232  0.027904  0.021768 -0.016706
    32  0.009101  0.028984  0.022899 -0.017183
    33  0.010859  0.031067  0.025141 -0.018088
    34  0.012642  0.033055  0.027358 -0.018929
    35  0.017183  0.037689  0.032817 -0.020814
    36  0.021815  0.041937  0.038185 -0.022457
    37  0.026516  0.045878  0.043484 -0.023912
    38  0.031269  0.049571  0.048731 -0.025223
    39  0.036064  0.053053  0.053936 -0.026414
    40  0.040891  0.056362  0.059109 -0.027514
    41  0.045748  0.059513  0.064252 -0.028529
    42  0.050628  0.062527  0.069372 -0.029474
    43  0.060451  0.068183  0.079549 -0.031172
    44  0.070339  0.073420  0.089661 -0.032668
    45  0.080282  0.078289  0.099718 -0.033986
    46  0.090268  0.082845  0.109732 -0.035162
    47  0.110342  0.091146  0.129658 -0.037161
    48  0.130522  0.098528  0.149478 -0.038776
    49  0.150784  0.105117  0.169216 -0.040069
    50  0.171111  0.111009  0.188889 -0.041088
    51  0.191492  0.116264  0.208508 -0.041855
    52  0.211916  0.120939  0.228084 -0.042399
    53  0.232375  0.125074  0.247625 -0.042739
    54  0.252863  0.128703  0.267137 -0.042888
    55  0.273377  0.131834  0.286623 -0.042840
    56  0.293914  0.134454  0.306086 -0.042569
    57  0.314470  0.136562  0.325530 -0.042064
    58  0.335039  0.138194  0.344961 -0.041353
    59  0.355618  0.139352  0.364382 -0.040431
    60  0.376201  0.140060  0.383799 -0.039317
    61  0.396786  0.140313  0.403214 -0.038002
    62  0.417369  0.140118  0.422631 -0.036491
    63  0.437945  0.139494  0.442055 -0.034799
    64  0.458511  0.138483  0.461489 -0.032969
    65  0.479064  0.137083  0.480936 -0.031000
    66  0.499601  0.135318  0.500399 -0.028914
    67  0.520119  0.133212  0.519881 -0.026740
    68  0.540617  0.130760  0.539383 -0.024476
    69  0.561092  0.127988  0.558908 -0.022154
    70  0.581542  0.124903  0.578458 -0.019786
    71  0.601965  0.121516  0.598035 -0.017390
    72  0.622361  0.117828  0.617639 -0.014978
    73  0.642728  0.113865  0.637272 -0.012588
    74  0.663065  0.109628  0.656935 -0.010234
    75  0.683373  0.105110  0.676627 -0.007932
    76  0.703653  0.100346  0.696347 -0.005736
    77  0.723908  0.095330  0.716092 -0.003673
    78  0.744144  0.090070  0.735856 -0.001791
    79  0.764374  0.084569  0.755626 -0.000152
    80  0.784626  0.078765  0.775374  0.001214
    81  0.805072  0.072541  0.794928  0.002233
    82  0.825316  0.065771  0.814684  0.002675
    83  0.845107  0.058716  0.834893  0.002695
    84  0.864699  0.051484  0.855301  0.002436
    85  0.884128  0.044584  0.875872  0.002496
    86  0.903437  0.037138  0.896563  0.002095
    87  0.922741  0.029666  0.917259  0.001720
    88  0.942078  0.022363  0.937922  0.001177
    89  0.951772  0.018843  0.948228  0.000774
    90  0.961488  0.015433  0.958512  0.000261
    91  0.971219  0.012097  0.968781 -0.000327
    92  0.976086  0.010440  0.973914 -0.000632
    93  0.980951  0.008771  0.979049 -0.000924
    94  0.985810  0.007070  0.984190 -0.001185
    95  0.990653  0.005291  0.989347 -0.001367
    96  0.995459  0.003320  0.994541 -0.001358
    97  0.999206  0.001244  0.998794 -0.000852
    98  1.000000 -0.000000  1.000000  0.000000

COORDINATES OF NACA AIRFOILS           23:12 29Apr2025
 NACA 63A818                                                                     
 INTERPOLATED COORDINATES
            x      yupper   ylower
     1  0.000000  0.000000  0.000000
     2  0.000050  0.014541 -0.000065
     3  0.000100  0.014664 -0.000131
     4  0.000200  0.014906 -0.000259
     5  0.000300  0.015140 -0.000386
     6  0.000400  0.015370 -0.000513
     7  0.000500  0.015594 -0.000639
     8  0.000600  0.015814 -0.000768
     9  0.000800  0.016241 -0.001034
    10  0.001000  0.016653 -0.001319
    11  0.001200  0.017054 -0.001612
    12  0.001400  0.017444 -0.001902
    13  0.001600  0.017824 -0.002188
    14  0.001800  0.018198 -0.002471
    15  0.002000  0.018564 -0.002751
    16  0.002500  0.019453 -0.003430
    17  0.003000  0.020312 -0.004077
    18  0.003500  0.021145 -0.004693
    19  0.004000  0.021950 -0.005279
    20  0.004500  0.022727 -0.005835
    21  0.005000  0.023480 -0.006364
    22  0.006000  0.024925 -0.007349
    23  0.007000  0.026301 -0.008246
    24  0.008000  0.027609 -0.009067
    25  0.009000  0.028861 -0.009823
    26  0.010000  0.030066 -0.010521
    27  0.011000  0.031228 -0.011168
    28  0.012000  0.032353 -0.011775
    29  0.013000  0.033442 -0.012353
    30  0.014000  0.034500 -0.012912
    31  0.015000  0.035529 -0.013456
    32  0.016000  0.036533 -0.013984
    33  0.018000  0.038469 -0.014984
    34  0.020000  0.040321 -0.015925
    35  0.025000  0.044641 -0.018033
    36  0.030000  0.048610 -0.019871
    37  0.035000  0.052298 -0.021505
    38  0.040000  0.055765 -0.022972
    39  0.045000  0.059038 -0.024303
    40  0.050000  0.062148 -0.025523
    41  0.055000  0.065107 -0.026647
    42  0.060000  0.067934 -0.027695
    43  0.070000  0.073247 -0.029585
    44  0.080000  0.078156 -0.031242
    45  0.090000  0.082727 -0.032715
    46  0.100000  0.087002 -0.034021
    47  0.120000  0.094789 -0.036245
    48  0.140000  0.101705 -0.038046
    49  0.160000  0.107873 -0.039501
    50  0.180000  0.113377 -0.040660
    51  0.200000  0.118280 -0.041551
    52  0.220000  0.122636 -0.042200
    53  0.240000  0.126483 -0.042629
    54  0.260000  0.129850 -0.042855
    55  0.280000  0.132736 -0.042880
    56  0.300000  0.135130 -0.042679
    57  0.320000  0.137047 -0.042229
    58  0.340000  0.138516 -0.041554
    59  0.360000  0.139540 -0.040657
    60  0.380000  0.140140 -0.039551
    61  0.400000  0.140311 -0.038234
    62  0.420000  0.140061 -0.036707
    63  0.440000  0.139410 -0.034985
    64  0.460000  0.138394 -0.033114
    65  0.480000  0.137011 -0.031097
    66  0.500000  0.135280 -0.028957
    67  0.520000  0.133225 -0.026727
    68  0.540000  0.130838 -0.024403
    69  0.560000  0.128144 -0.022023
    70  0.580000  0.125147 -0.019598
    71  0.600000  0.121856 -0.017148
    72  0.620000  0.118270 -0.014688
    73  0.640000  0.114412 -0.012259
    74  0.660000  0.110285 -0.009871
    75  0.680000  0.105879 -0.007547
    76  0.700000  0.101223 -0.005343
    77  0.720000  0.096318 -0.003284
    78  0.740000  0.091166 -0.001426
    79  0.760000  0.085782  0.000173
    80  0.780000  0.080116  0.001495
    81  0.800000  0.074137  0.002400
    82  0.820000  0.067600  0.002721
    83  0.840000  0.060578  0.002627
    84  0.860000  0.053193  0.002440
    85  0.880000  0.046080  0.002453
    86  0.900000  0.038487  0.002025
    87  0.920000  0.030718  0.001665
    88  0.940000  0.023133  0.001104
    89  0.950000  0.019477  0.000693
    90  0.960000  0.015948  0.000179
    91  0.970000  0.012512 -0.000399
    92  0.975000  0.010810 -0.000695
    93  0.980000  0.009100 -0.000975
    94  0.985000  0.007356 -0.001224
    95  0.990000  0.005546 -0.001371
    96  0.995000  0.003503 -0.001364
    97  0.999000  0.001450 -0.000750
    98  1.000000 -0.000000  0.000000
 End of output for cambered airfoil
